LogName=Security
EventCode=4688
EventType=0
ComputerName=DESKTOP-57BANIQ
SourceName=Microsoft Windows security auditing.
Type=Information
RecordNumber=922
Keywords=Audit Success
TaskCategory=Process Creation
OpCode=Info
Message=A new process has been created.

Creator Subject:
	Security ID:		S-1-5-18
	Account Name:		-
	Account Domain:		-
	Logon ID:		0x3E7

Target Subject:
	Security ID:		S-1-0-0
	Account Name:		-
	Account Domain:		-
	Logon ID:		0x0

Process Information:
	New Process ID:		0x6c
	New Process Name:	Registry
	Token Elevation Type:	%%1936
	Mandatory Label:		S-1-16-16384
	Creator Process ID:	0x4
	Creator Process Name:	
	Process Command Line:	

Token Elevation Type indicates the type of token that was assigned to the new process in accordance with User Account Control policy.

Type 1 is a full token with no privileges removed or groups disabled.  A full token is only used if User Account Control is disabled or if the user is the built-in Administrator account or a service account.

Type 2 is an elevated token with no privileges removed or groups disabled.  An elevated token is used when User Account Control is enabled and the user chooses to start the program using Run as administrator.  An elevated token is also used when an application is configured to always require administrative privilege or to always require maximum privilege, and the user is a member of the Administrators group.

Type 3 is a limited token with administrative privileges removed and administrative groups disabled.  The limited token is used when User Account Control is enabled, the application does not require administrative privilege, and the user does not choose to start the program using Run as administrator.","2024-12-21T01:21:58.000+0200",1,21,21,december,58,saturday,2024,local,,"DESKTOP-57BANIQ",main,41,"//_::_====-=___.===_=_==_____.\r\r_:\rt_:tt---\rt_:tt-","WinEventLog:Security","WinEventLog:Security","DESKTOP-57BANIQ",,23,0
,,,,,,,,,,,,,,,,,,,"DESKTOP-57BANIQ",,,,,,,32,4,,,,,,,,,,,,,,,,,,,,,Classic,,,,System,,,,,,,,"Intel(R) 82574L Gigabit Network Connection
 Network link has been established at 1Gbps full duplex.",,,,,,,,,,,,,,,,,,,,,,,None,,,,,,,,,,,,,,,,,,,,,,,,,,,,,,,,,397,,,,,,,,,,,,,,,,,,,,,e1i65x64,,,,,,,,,,,None,,,,Information,,,,,,,,,"12/21/2024 01:21:58 AM
LogName=System
EventCode=32
EventType=4
ComputerName=DESKTOP-57BANIQ
SourceName=e1i65x64
Type=Information
RecordNumber=397
Keywords=Classic
TaskCategory=None
OpCode=None
Message=Intel(R) 82574L Gigabit Network Connection
 Network link has been established at 1Gbps full duplex.","2024-12-21T01:21:58.000+0200",1,21,21,december,58,saturday,2024,local,,"DESKTOP-57BANIQ",main,13,"//_::_====-=======()____\r_________.","WinEventLog:System","WinEventLog:System","DESKTOP-57BANIQ",,23,0
,,,,,,,,,,,,,,,,,,,"DESKTOP-57BANIQ",,,,,,,55,4,,,,,,,,,,,,,,"ACPI Idle (C) States (1 state(s))",,,,,,,None,,,,System,,,,,,,100,"Processor 3 in group 0 exposes the following power management capabilities:

Idle state type: ACPI Idle (C) States (1 state(s))

Performance state type: None
Nominal Frequency (MHz): 2895
Maximum performance percentage: 100
Minimum performance percentage: 100
Minimum throttle percentage: 100",,,100,100,,,,,,,,,,,2895,,,,,,,,Info,,,,,,,,,,,,,,,None,,,,,,,,,,,,,,,,,,396,,,,,,,,,,,,,,,,,,,"S-1-5-18",0,"Microsoft-Windows-Kernel-Processor-Power",,,,,,,,,,,47,,,,Information,"NOT_TRANSLATED",,,,,,,,"12/21/2024 01:21:58 AM
LogName=System
EventCode=55
EventType=4
ComputerName=DESKTOP-57BANIQ
User=NOT_TRANSLATED
Sid=S-1-5-18
SidType=0
SourceName=Microsoft-Windows-Kernel-Processor-Power
Type=Information
RecordNumber=396
Keywords=None
TaskCategory=47
OpCode=Info
Message=Processor 3 in group 0 exposes the following power management capabilities:

Idle state type: ACPI Idle (C) States (1 state(s))

Performance state type: None
Nominal Frequency (MHz): 2895
Maximum performance percentage: 100
Minimum performance percentage: 100
Minimum throttle percentage: 100","2024-12-21T01:21:58.000+0200",1,21,21,december,58,saturday,2024,local,,"DESKTOP-57BANIQ",main,23,"//_::_====-==---==----======__________:\r\r__:___()_","WinEventLog:System","WinEventLog:System","DESKTOP-57BANIQ",,23,0
,,,,,,,,,,,,,,,,,,,"DESKTOP-57BANIQ",,,,,,,55,4,,,,,,,,,,,,,,"ACPI Idle (C) States (1 state(s))",,,,,,,None,,,,System,,,,,,,100,"Processor 2 in group 0 exposes the following power management capabilities:

Idle state type: ACPI Idle (C) States (1 state(s))

Performance state type: None
Nominal Frequency (MHz): 2895
Maximum performance percentage: 100
Minimum performance percentage: 100
Minimum throttle percentage: 100",,,100,100,,,,,,,,,,,2895,,,,,,,,Info,,,,,,,,,,,,,,,None,,,,,,,,,,,,,,,,,,395,,,,,,,,,,,,,,,,,,,"S-1-5-18",0,"Microsoft-Windows-Kernel-Processor-Power",,,,,,,,,,,47,,,,Information,"NOT_TRANSLATED",,,,,,,,"12/21/2024 01:21:58 AM
LogName=System
EventCode=55
EventType=4
ComputerName=DESKTOP-57BANIQ
User=NOT_TRANSLATED
Sid=S-1-5-18
SidType=0
SourceName=Microsoft-Windows-Kernel-Processor-Power
Type=Information
RecordNumber=395
Keywords=None
TaskCategory=47
OpCode=Info
Message=Processor 2 in group 0 exposes the following power management capabilities:

Idle state type: ACPI Idle (C) States (1 state(s))

Performance state type: None
Nominal Frequency (MHz): 2895
Maximum performance percentage: 100
Minimum performance percentage: 100
Minimum throttle percentage: 100","2024-12-21T01:21:58.000+0200",1,21,21,december,58,saturday,2024,local,,"DESKTOP-57BANIQ",main,23,"//_::_====-==---==----======__________:\r\r__:___()_","WinEventLog:System","WinEventLog:System","DESKTOP-57BANIQ",,23,0
,,,,,,,,,,,,,,,,,,,"DESKTOP-57BANIQ",,,,,,,55,4,,,,,,,,,,,,,,"ACPI Idle (C) States (1 state(s))",,,,,,,None,,,,System,,,,,,,100,"Processor 1 in group 0 exposes the following power management capabilities:

Idle state type: ACPI Idle (C) States (1 state(s))

Performance state type: None
Nominal Frequency (MHz): 2895
Maximum performance percentage: 100
Minimum performance percentage: 100
Minimum throttle percentage: 100",,,100,100,,,,,,,,,,,2895,,,,,,,,Info,,,,,,,,,,,,,,,None,,,,,,,,,,,,,,,,,,394,,,,,,,,,,,,,,,,,,,"S-1-5-18",0,"Microsoft-Windows-Kernel-Processor-Power",,,,,,,,,,,47,,,,Information,"NOT_TRANSLATED",,,,,,,,"12/21/2024 01:21:58 AM
LogName=System
EventCode=55
EventType=4
ComputerName=DESKTOP-57BANIQ
User=NOT_TRANSLATED
Sid=S-1-5-18
SidType=0
SourceName=Microsoft-Windows-Kernel-Processor-Power
Type=Information
RecordNumber=394
Keywords=None
TaskCategory=47
OpCode=Info
Message=Processor 1 in group 0 exposes the following power management capabilities:

Idle state type: ACPI Idle (C) States (1 state(s))

Performance state type: None
Nominal Frequency (MHz): 2895
Maximum performance percentage: 100
Minimum performance percentage: 100
Minimum throttle percentage: 100","2024-12-21T01:21:58.000+0200",1,21,21,december,58,saturday,2024,local,,"DESKTOP-57BANIQ",main,23,"//_::_====-==---==----======__________:\r\r__:___()_","WinEventLog:System","WinEventLog:System","DESKTOP-57BANIQ",,23,0
,,,,,,,,,,,,,,,,,,,"DESKTOP-57BANIQ",,,,,,,55,4,,,,,,,,,,,,,,"ACPI Idle (C) States (1 state(s))",,,,,,,None,,,,System,,,,,,,100,"Processor 0 in group 0 exposes the following power management capabilities:

Idle state type: ACPI Idle (C) States (1 state(s))

Performance state type: None
Nominal Frequency (MHz): 2895
Maximum performance percentage: 100
Minimum performance percentage: 100
Minimum throttle percentage: 100",,,100,100,,,,,,,,,,,2895,,,,,,,,Info,,,,,,,,,,,,,,,None,,,,,,,,,,,,,,,,,,393,,,,,,,,,,,,,,,,,,,"S-1-5-18",0,"Microsoft-Windows-Kernel-Processor-Power",,,,,,,,,,,47,,,,Information,"NOT_TRANSLATED",,,,,,,,"12/21/2024 01:21:58 AM
LogName=System
EventCode=55
EventType=4
ComputerName=DESKTOP-57BANIQ
User=NOT_TRANSLATED
Sid=S-1-5-18
SidType=0
SourceName=Microsoft-Windows-Kernel-Processor-Power
Type=Information
RecordNumber=393
Keywords=None
TaskCategory=47
OpCode=Info
Message=Processor 0 in group 0 exposes the following power management capabilities:

Idle state type: ACPI Idle (C) States (1 state(s))

Performance state type: None
Nominal Frequency (MHz): 2895
Maximum performance percentage: 100
Minimum performance percentage: 100
Minimum throttle percentage: 100","2024-12-21T01:21:58.000+0200",1,21,21,december,58,saturday,2024,local,,"DESKTOP-57BANIQ",main,23,"//_::_====-==---==----======__________:\r\r__:___()_","WinEventLog:System","WinEventLog:System","DESKTOP-57BANIQ",,23,0
,,,,,,,,,,,,,,,,,,,"DESKTOP-57BANIQ",,,,,,,98,4,,,,,,,,,,,,,,,,,,,,,None,,,,System,,,,,,,,"Volume \\?\Volume{1c9b566d-0000-0000-0000-c0dd0e000000} (\Device\HarddiskVolume3) is healthy.  No action is needed.",,,,,,,,,,,,,,,,,,,,,,,Info,,,,,,,,,,,,,,,,,,,,,,,,,,,,,,,,,392,,,,,,,,,,,,,,,,,,,"S-1-5-18",0,"Microsoft-Windows-Ntfs",,,,,,,,,,,None,,,,Information,"NOT_TRANSLATED",,,,,,,,"12/21/2024 01:21:58 AM
LogName=System
EventCode=98
EventType=4
ComputerName=DESKTOP-57BANIQ
User=NOT_TRANSLATED
Sid=S-1-5-18
SidType=0
SourceName=Microsoft-Windows-Ntfs
Type=Information
RecordNumber=392
Keywords=None
TaskCategory=None
OpCode=Info
Message=Volume \\?\Volume{1c9b566d-0000-0000-0000-c0dd0e000000} (\Device\HarddiskVolume3) is healthy.  No action is needed.","2024-12-21T01:21:58.000+0200",1,21,21,december,58,saturday,2024,local,,"DESKTOP-57BANIQ",main,15,"//_::_====-==---==--======_\\?\{----}_(\\)__._____","WinEventLog:System","WinEventLog:System","DESKTOP-57BANIQ",,23,0
,,,,,,,,,,,,,,,,,,,"DESKTOP-57BANIQ",,,,,,,172,4,,,,,,,,,,,,,,,,,,,,,None,,,,System,,,,,,,,"Connectivity state in standby: Disconnected, Reason: NIC compliance",,,,,,,,,,,,,,,,,,,,,,,Info,,,,,,,,,,,,,,,,,,,,,,,,,,,,,,,,,391,,,,,,,,,,,,,,,,,,,"S-1-5-18",0,"Microsoft-Windows-Kernel-Power",,,,,,,,,,,203,,,,Information,"NOT_TRANSLATED",,,,,,,,"12/21/2024 01:21:58 AM
LogName=System
EventCode=172
EventType=4
ComputerName=DESKTOP-57BANIQ
User=NOT_TRANSLATED
Sid=S-1-5-18
SidType=0
SourceName=Microsoft-Windows-Kernel-Power
Type=Information
RecordNumber=391
Keywords=None
TaskCategory=203
OpCode=Info
Message=Connectivity state in standby: Disconnected, Reason: NIC compliance","2024-12-21T01:21:58.000+0200",1,21,21,december,58,saturday,2024,local,,"DESKTOP-57BANIQ",main,15,"//_::_====-==---==---======___:_,_:__","WinEventLog:System","WinEventLog:System","DESKTOP-57BANIQ",,23,0
,,,,,,,,,,,,,,,,,,,"DESKTOP-57BANIQ",,,,,,,98,4,,,,,,,,,,,,,,,,,,,,,None,,,,System,,,,,,,,"Volume \\?\Volume{1c9b566d-0000-0000-0000-100000000000} (\Device\HarddiskVolume1) is healthy.  No action is needed.",,,,,,,,,,,,,,,,,,,,,,,Info,,,,,,,,,,,,,,,,,,,,,,,,,,,,,,,,,390,,,,,,,,,,,,,,,,,,,"S-1-5-18",0,"Microsoft-Windows-Ntfs",,,,,,,,,,,None,,,,Information,"NOT_TRANSLATED",,,,,,,,"12/21/2024 01:21:58 AM
LogName=System
EventCode=98
EventType=4
ComputerName=DESKTOP-57BANIQ
User=NOT_TRANSLATED
Sid=S-1-5-18
SidType=0
SourceName=Microsoft-Windows-Ntfs
Type=Information
RecordNumber=390
Keywords=None
TaskCategory=None
OpCode=Info
Message=Volume \\?\Volume{1c9b566d-0000-0000-0000-100000000000} (\Device\HarddiskVolume1) is healthy.  No action is needed.","2024-12-21T01:21:58.000+0200",1,21,21,december,58,saturday,2024,local,,"DESKTOP-57BANIQ",main,15,"//_::_====-==---==--======_\\?\{----}_(\\)__._____","WinEventLog:System","WinEventLog:System","DESKTOP-57BANIQ",,23,0
,,,,,,,,,,,,,,,,,,,"DESKTOP-57BANIQ",,,,,,,6,4,,,,,,,,,,,,,,,,,,,,,None,,,,System,,,,,,,,"File System Filter 'npsvctrig' (10.0, 2025-01-06T04:41:12.000000000Z) has successfully loaded and registered with Filter Manager.",,,,,,,,,,,,,,,,,,,,,,,Info,,,,,,,,,,,,,,,,,,,,,,,,,,,,,,,,,389,,,,,,,,,,,,,,,,,,,"S-1-5-18",0,"Microsoft-Windows-FilterManager",,,,,,,,,,,None,,,,Information,"NOT_TRANSLATED",,,,,,,,"12/21/2024 01:21:58 AM
LogName=System
EventCode=6
EventType=4
ComputerName=DESKTOP-57BANIQ
User=NOT_TRANSLATED
Sid=S-1-5-18
SidType=0
SourceName=Microsoft-Windows-FilterManager
Type=Information
RecordNumber=389
Keywords=None
TaskCategory=None
OpCode=Info
Message=File System Filter 'npsvctrig' (10.0, 2025-01-06T04:41:12.000000000Z) has successfully loaded and registered with Filter Manager.","2024-12-21T01:21:58.000+0200",1,21,21,december,58,saturday,2024,local,,"DESKTOP-57BANIQ",main,15,"//_::_====-==---==--======___''_(.,_--::.)________","WinEventLog:System","WinEventLog:System","DESKTOP-57BANIQ",,23,0
,,,,,,,,,,,,,,,,,,,"DESKTOP-57BANIQ",,,,,,,6,4,,,,,,,,,,,,,,,,,,,,,None,,,,System,,,,,,,,"File System Filter 'FileCrypt' (10.0, 2002-03-01T13:12:42.000000000Z) has successfully loaded and registered with Filter Manager.",,,,,,,,,,,,,,,,,,,,,,,Info,,,,,,,,,,,,,,,,,,,,,,,,,,,,,,,,,388,,,,,,,,,,,,,,,,,,,"S-1-5-18",0,"Microsoft-Windows-FilterManager",,,,,,,,,,,None,,,,Information,"NOT_TRANSLATED",,,,,,,,"12/21/2024 01:21:58 AM
LogName=System
EventCode=6
EventType=4
ComputerName=DESKTOP-57BANIQ
User=NOT_TRANSLATED
Sid=S-1-5-18
SidType=0
SourceName=Microsoft-Windows-FilterManager
Type=Information
RecordNumber=388
Keywords=None
TaskCategory=None
OpCode=Info
Message=File System Filter 'FileCrypt' (10.0, 2002-03-01T13:12:42.000000000Z) has successfully loaded and registered with Filter Manager.","2024-12-21T01:21:58.000+0200",1,21,21,december,58,saturday,2024,local,,"DESKTOP-57BANIQ",main,15,"//_::_====-==---==--======___''_(.,_--::.)________","WinEventLog:System","WinEventLog:System","DESKTOP-57BANIQ",,23,0
,,,,,,,,,,,,,,,,,,,"DESKTOP-57BANIQ",,,,,,,98,4,,,,,,,,,,,,,,,,,,,,,None,,,,System,,,,,,,,"Volume C: (\Device\HarddiskVolume2) is healthy.  No action is needed.",,,,,,,,,,,,,,,,,,,,,,,Info,,,,,,,,,,,,,,,,,,,,,,,,,,,,,,,,,387,,,,,,,,,,,,,,,,,,,"S-1-5-18",0,"Microsoft-Windows-Ntfs",,,,,,,,,,,None,,,,Information,"NOT_TRANSLATED",,,,,,,,"12/21/2024 01:21:58 AM
LogName=System
EventCode=98
EventType=4
ComputerName=DESKTOP-57BANIQ
User=NOT_TRANSLATED
Sid=S-1-5-18
SidType=0
SourceName=Microsoft-Windows-Ntfs
Type=Information
RecordNumber=387
Keywords=None
TaskCategory=None
OpCode=Info
Message=Volume C: (\Device\HarddiskVolume2) is healthy.  No action is needed.","2024-12-21T01:21:58.000+0200",1,21,21,december,58,saturday,2024,local,,"DESKTOP-57BANIQ",main,15,"//_::_====-==---==--======_:_(\\)__._____.","WinEventLog:System","WinEventLog:System","DESKTOP-57BANIQ",,23,0
,,,,,,,,,,,,,,,,,,,"DESKTOP-57BANIQ",,,,,,,6,4,,,,,,,,,,,,,,,,,,,,,None,,,,System,,,,,,,,"File System Filter 'WdFilter' (10.0, 2066-04-09T06:52:09.000000000Z) has successfully loaded and registered with Filter Manager.",,,,,,,,,,,,,,,,,,,,,,,Info,,,,,,,,,,,,,,,,,,,,,,,,,,,,,,,,,386,,,,,,,,,,,,,,,,,,,"S-1-5-18",0,"Microsoft-Windows-FilterManager",,,,,,,,,,,None,,,,Information,"NOT_TRANSLATED",,,,,,,,"12/21/2024 01:21:58 AM
LogName=System
EventCode=6
EventType=4
ComputerName=DESKTOP-57BANIQ
User=NOT_TRANSLATED
Sid=S-1-5-18
SidType=0
SourceName=Microsoft-Windows-FilterManager
Type=Information
RecordNumber=386
Keywords=None
TaskCategory=None
OpCode=Info
Message=File System Filter 'WdFilter' (10.0, 2066-04-09T06:52:09.000000000Z) has successfully loaded and registered with Filter Manager.","2024-12-21T01:21:58.000+0200",1,21,21,december,58,saturday,2024,local,,"DESKTOP-57BANIQ",main,15,"//_::_====-==---==--======___''_(.,_--::.)________","WinEventLog:System","WinEventLog:System","DESKTOP-57BANIQ",,23,0
,,,,,,,,,,,,,,,,,,,"DESKTOP-57BANIQ",,,,,,,6,4,,,,,,,,,,,,,,,,,,,,,None,,,,System,,,,,,,,"File System Filter 'Wof' (10.0, 2090-03-16T20:56:17.000000000Z) has successfully loaded and registered with Filter Manager.",,,,,,,,,,,,,,,,,,,,,,,Info,,,,,,,,,,,,,,,,,,,,,,,,,,,,,,,,,385,,,,,,,,,,,,,,,,,,,"S-1-5-18",0,"Microsoft-Windows-FilterManager",,,,,,,,,,,None,,,,Information,"NOT_TRANSLATED",,,,,,,,"12/21/2024 01:21:58 AM
LogName=System
EventCode=6
EventType=4
ComputerName=DESKTOP-57BANIQ
User=NOT_TRANSLATED
Sid=S-1-5-18
SidType=0
SourceName=Microsoft-Windows-FilterManager
Type=Information
RecordNumber=385
Keywords=None
TaskCategory=None
OpCode=Info
Message=File System Filter 'Wof' (10.0, 2090-03-16T20:56:17.000000000Z) has successfully loaded and registered with Filter Manager.","2024-12-21T01:21:58.000+0200",1,21,21,december,58,saturday,2024,local,,"DESKTOP-57BANIQ",main,15,"//_::_====-==---==--======___''_(.,_--::.)________","WinEventLog:System","WinEventLog:System","DESKTOP-57BANIQ",,23,0
,,,,,,,,,,,,,,,,,,,"DESKTOP-57BANIQ",,,,,,,6,4,,,,,,,,,,,,,,,,,,,,,None,,,,System,,,,,,,,"File System Filter 'FileInfo' (10.0, 2062-12-23T07:21:06.000000000Z) has successfully loaded and registered with Filter Manager.",,,,,,,,,,,,,,,,,,,,,,,Info,,,,,,,,,,,,,,,,,,,,,,,,,,,,,,,,,384,,,,,,,,,,,,,,,,,,,"S-1-5-18",0,"Microsoft-Windows-FilterManager",,,,,,,,,,,None,,,,Information,"NOT_TRANSLATED",,,,,,,,"12/21/2024 01:21:58 AM
LogName=System
EventCode=6
EventType=4
ComputerName=DESKTOP-57BANIQ
User=NOT_TRANSLATED
Sid=S-1-5-18
SidType=0
SourceName=Microsoft-Windows-FilterManager
Type=Information
RecordNumber=384
Keywords=None
TaskCategory=None
OpCode=Info
Message=File System Filter 'FileInfo' (10.0, 2062-12-23T07:21:06.000000000Z) has successfully loaded and registered with Filter Manager.","2024-12-21T01:21:58.000+0200",1,21,21,december,58,saturday,2024,local,,"DESKTOP-57BANIQ",main,15,"//_::_====-==---==--======___''_(.,_--::.)________","WinEventLog:System","WinEventLog:System","DESKTOP-57BANIQ",,23,0
,,,,,,,,,,,,,,,,,,,"DESKTOP-57BANIQ",,,,,,,3,4,,,,,,,,,,,,,,,,,,,,,Classic,,,,System,,,,,,,,"VMCI: Using capabilities (0x1c).",,,,,,,,,,,,,,,,,,,,,,,None,,,,,,,,,,,,,,,,,,,,,,,,,,,,,,,,,383,,,,,,,,,,,,,,,,,,,,,vmci,,,,,,,,,,,None,,,,Information,,,,,,,,,"12/21/2024 01:21:55 AM
LogName=System
EventCode=3
EventType=4
ComputerName=DESKTOP-57BANIQ
SourceName=vmci
Type=Information
RecordNumber=383
Keywords=Classic
TaskCategory=None
OpCode=None
Message=VMCI: Using capabilities (0x1c).","2024-12-21T01:21:55.000+0200",1,21,21,december,55,saturday,2024,local,,"DESKTOP-57BANIQ",main,12,"//_::_====-=======:___().","WinEventLog:System","WinEventLog:System","DESKTOP-57BANIQ",,23,0
,,,,,,,,,,,,,,,,,,,"DESKTOP-57BANIQ",,,,,,,16,4,,,,,,,,,,,,,,,,,,,,,None,,,,System,,,,,,,,"The iommu fault reporting has been initialized.",,,,,,,,,,,,,,,,,,,,,,,Info,,,,,,,,,,,,,,,,,,,,,,,,,,,,,,,,,382,,,,,,,,,,,,,,,,,,,"S-1-5-18",0,"Microsoft-Windows-HAL",,,,,,,,,,,None,,,,Information,"NOT_TRANSLATED",,,,,,,,"12/21/2024 01:21:53 AM
LogName=System
EventCode=16
EventType=4
ComputerName=DESKTOP-57BANIQ
User=NOT_TRANSLATED
Sid=S-1-5-18
SidType=0
SourceName=Microsoft-Windows-HAL
Type=Information
RecordNumber=382
Keywords=None
TaskCategory=None
OpCode=Info
Message=The iommu fault reporting has been initialized.","2024-12-21T01:21:53.000+0200",1,21,21,december,53,saturday,2024,local,,"DESKTOP-57BANIQ",main,15,"//_::_====-==---==--======______.","WinEventLog:System","WinEventLog:System","DESKTOP-57BANIQ",,23,0
,,,,,,,,,,,,,,,,,,,"DESKTOP-57BANIQ",,,,,,,20,4,,,,,,,,,,,,,,,,,,,,,Time,true,,,System,,,,,,,,"The leap second configuration has been updated.
Reason: Leap second data initialized from registry during boot
Leap seconds enabled: true
New leap second count: 0
Old leap second count: 0",,,,,,,,,,,,,,0,,,,,,,,0,Info,,,,,,,,,,,,,,,,,,,,,,,,,,,,,,"Leap second data initialized from registry during boot",,,381,,,,,,,,,,,,,,,,,,,"S-1-5-18",0,"Microsoft-Windows-Kernel-General",,,,,,,,,,,6,,,,Information,"NOT_TRANSLATED",,,,,,,,"12/21/2024 01:21:53 AM
LogName=System
EventCode=20
EventType=4
ComputerName=DESKTOP-57BANIQ
User=NOT_TRANSLATED
Sid=S-1-5-18
SidType=0
SourceName=Microsoft-Windows-Kernel-General
Type=Information
RecordNumber=381
Keywords=Time
TaskCategory=6
OpCode=Info
Message=The leap second configuration has been updated.
Reason: Leap second data initialized from registry during boot
Leap seconds enabled: true
New leap second count: 0
Old leap second count: 0","2024-12-21T01:21:53.000+0200",1,21,21,december,53,saturday,2024,local,,"DESKTOP-57BANIQ",main,19,"//_::_====-==---==---======______.\r:________\r__:_\r","WinEventLog:System","WinEventLog:System","DESKTOP-57BANIQ",,23,0
,,,,,,,,,,,,,,,,,,,"DESKTOP-57BANIQ",,,,,,,32,4,,,,,,,,,,,,,,,,,,,,,None,,,,System,,,,,,,,"The bootmgr spent 0 ms waiting for user input.",,,,,,,,,,,,,,,,,,,,,,,Info,,,,,,,,,,,,,,,,,,,,,,,,,,,,,,,,,380,,,,,,,,,,,,,,,,,,,"S-1-5-18",0,"Microsoft-Windows-Kernel-Boot",,,,,,,,,,,58,,,,Information,"NOT_TRANSLATED",,,,,,,,"12/21/2024 01:21:53 AM
LogName=System
EventCode=32
EventType=4
ComputerName=DESKTOP-57BANIQ
User=NOT_TRANSLATED
Sid=S-1-5-18
SidType=0
SourceName=Microsoft-Windows-Kernel-Boot
Type=Information
RecordNumber=380
Keywords=None
TaskCategory=58
OpCode=Info
Message=The bootmgr spent 0 ms waiting for user input.","2024-12-21T01:21:53.000+0200",1,21,21,december,53,saturday,2024,local,,"DESKTOP-57BANIQ",main,15,"//_::_====-==---==---======________.","WinEventLog:System","WinEventLog:System","DESKTOP-57BANIQ",,23,0
,,,,,,,,,,,,,,,,,,,"DESKTOP-57BANIQ",,,,,,,18,4,,,,,,,,,,,,,,,,,,,,,None,,,,System,,,,,,,,"There are 0x1 boot options on this system.",,,,,,,,,,,,,,,,,,,,,,,Info,,,,,,,,,,,,,,,,,,,,,,,,,,,,,,,,,379,,,,,,,,,,,,,,,,,,,"S-1-5-18",0,"Microsoft-Windows-Kernel-Boot",,,,,,,,,,,57,,,,Information,"NOT_TRANSLATED",,,,,,,,"12/21/2024 01:21:53 AM
LogName=System
EventCode=18
EventType=4
ComputerName=DESKTOP-57BANIQ
User=NOT_TRANSLATED
Sid=S-1-5-18
SidType=0
SourceName=Microsoft-Windows-Kernel-Boot
Type=Information
RecordNumber=379
Keywords=None
TaskCategory=57
OpCode=Info
Message=There are 0x1 boot options on this system.","2024-12-21T01:21:53.000+0200",1,21,21,december,53,saturday,2024,local,,"DESKTOP-57BANIQ",main,15,"//_::_====-==---==---======_______.","WinEventLog:System","WinEventLog:System","DESKTOP-57BANIQ",,23,0
,,,,,,,,,,,,,,,,,,,"DESKTOP-57BANIQ",,,,,,,27,4,,,,,,,,,,,,,,,,,,,,,None,,,,System,,,,,,,,"The boot type was 0x0.",,,,,,,,,,,,,,,,,,,,,,,Info,,,,,,,,,,,,,,,,,,,,,,,,,,,,,,,,,378,,,,,,,,,,,,,,,,,,,"S-1-5-18",0,"Microsoft-Windows-Kernel-Boot",,,,,,,,,,,33,,,,Information,"NOT_TRANSLATED",,,,,,,,"12/21/2024 01:21:53 AM
LogName=System
EventCode=27
EventType=4
ComputerName=DESKTOP-57BANIQ
User=NOT_TRANSLATED
Sid=S-1-5-18
SidType=0
SourceName=Microsoft-Windows-Kernel-Boot
Type=Information
RecordNumber=378
Keywords=None
TaskCategory=33
OpCode=Info
Message=The boot type was 0x0.","2024-12-21T01:21:53.000+0200",1,21,21,december,53,saturday,2024,local,,"DESKTOP-57BANIQ",main,15,"//_::_====-==---==---======____.","WinEventLog:System","WinEventLog:System","DESKTOP-57BANIQ",,23,0
,,,,,,,,,,,,,,,,,,,"DESKTOP-57BANIQ",,,,,,,25,4,,,,,,,,,,,,,,,,,,,,,None,,,,System,,,,,,,,"The boot menu policy was 0x1.",,,,,,,,,,,,,,,,,,,,,,,Info,,,,,,,,,,,,,,,,,,,,,,,,,,,,,,,,,377,,,,,,,,,,,,,,,,,,,"S-1-5-18",0,"Microsoft-Windows-Kernel-Boot",,,,,,,,,,,32,,,,Information,"NOT_TRANSLATED",,,,,,,,"12/21/2024 01:21:53 AM
LogName=System
EventCode=25
EventType=4
ComputerName=DESKTOP-57BANIQ
User=NOT_TRANSLATED
Sid=S-1-5-18
SidType=0
SourceName=Microsoft-Windows-Kernel-Boot
Type=Information
RecordNumber=377
Keywords=None
TaskCategory=32
OpCode=Info
Message=The boot menu policy was 0x1.","2024-12-21T01:21:53.000+0200",1,21,21,december,53,saturday,2024,local,,"DESKTOP-57BANIQ",main,15,"//_::_====-==---==---======_____.","WinEventLog:System","WinEventLog:System","DESKTOP-57BANIQ",,23,0
,,,,,,,,,,,,,,,,,,,"DESKTOP-57BANIQ",,,,,,,20,4,,,,,,,,,,,,,,,,,,,,,None,,,,System,,,,,,,,"The last shutdown's success status was true. The last boot's success status was true.",,,,,,,,,,,,,,,,,,,,,,,Info,,,,,,,,,,,,,,,,,,,,,,,,,,,,,,,,,376,,,,,,,,,,,,,,,,,,,"S-1-5-18",0,"Microsoft-Windows-Kernel-Boot",,,,,,,,,,,31,,,,Information,"NOT_TRANSLATED",,,,,,,,"12/21/2024 01:21:53 AM
LogName=System
EventCode=20
EventType=4
ComputerName=DESKTOP-57BANIQ
User=NOT_TRANSLATED
Sid=S-1-5-18
SidType=0
SourceName=Microsoft-Windows-Kernel-Boot
Type=Information
RecordNumber=376
Keywords=None
TaskCategory=31
OpCode=Info
Message=The last shutdown's success status was true. The last boot's success status was true.","2024-12-21T01:21:53.000+0200",1,21,21,december,53,saturday,2024,local,,"DESKTOP-57BANIQ",main,15,"//_::_====-==---==---======__'____.___'____.","WinEventLog:System","WinEventLog:System","DESKTOP-57BANIQ",,23,0
,,,,,,,,,,,,,,,,,,,"DESKTOP-57BANIQ",,,,,,,153,4,,,,,,,,,,,,,,,,,,,,,None,,,,System,,,,,,,,"Virtualization-based security (policies: 0) is disabled.",,,,,,,,,,,,,,,,,,,,,,,Info,,,,,,,,,,,,,,,,,,,,,,,,,,,,,,,,,375,,,,,,,,,,,,,,,,,,,"S-1-5-18",0,"Microsoft-Windows-Kernel-Boot",,,,,,,,,,,62,,,,Information,"NOT_TRANSLATED",,,,,,,,"12/21/2024 01:21:53 AM
LogName=System
EventCode=153
EventType=4
ComputerName=DESKTOP-57BANIQ
User=NOT_TRANSLATED
Sid=S-1-5-18
SidType=0
SourceName=Microsoft-Windows-Kernel-Boot
Type=Information
RecordNumber=375
Keywords=None
TaskCategory=62
OpCode=Info
Message=Virtualization-based security (policies: 0) is disabled.","2024-12-21T01:21:53.000+0200",1,21,21,december,53,saturday,2024,local,,"DESKTOP-57BANIQ",main,15,"//_::_====-==---==---======-__(:_)__.","WinEventLog:System","WinEventLog:System","DESKTOP-57BANIQ",,23,0
,,,,,,,,,,,,,,,,,,,"DESKTOP-57BANIQ",,,,,,,12,4,,,,,,,,,,,,,,,,,,,,,None,,,,System,,,,,,,,"The operating system started at system time 2024-12-20T23:21:52.500000000Z.",,,,,,,,,,,,,,,,,,,,,,,Info,,,,,,,,,,,,,,,,,,,,,,,,,,,,,,,,,374,,,,,,,,,,,,,,,,,,,"S-1-5-18",0,"Microsoft-Windows-Kernel-General",,,,,,,,,,,1,,,,Information,"NOT_TRANSLATED",,,,,,,,"12/21/2024 01:21:53 AM
LogName=System
EventCode=12
EventType=4
ComputerName=DESKTOP-57BANIQ
User=NOT_TRANSLATED
Sid=S-1-5-18
SidType=0
SourceName=Microsoft-Windows-Kernel-General
Type=Information
RecordNumber=374
Keywords=None
TaskCategory=1
OpCode=Info
Message=The operating system started at system time 2024-12-20T23:21:52.500000000Z.","2024-12-21T01:21:53.000+0200",1,21,21,december,53,saturday,2024,local,,"DESKTOP-57BANIQ",main,15,"//_::_====-==---==---======_______--::..","WinEventLog:System","WinEventLog:System","DESKTOP-57BANIQ",,23,0
,,,,,,,,,,,,,,,,,,,"DESKTOP-57BANIQ",,,,,,,13,4,,,,,,,,,,,,,,,,,,,,,None,,,,System,,,,,,,,"The operating system is shutting down at system time 2024-12-20T23:21:48.836482000Z.",,,,,,,,,,,,,,,,,,,,,,,Info,,,,,,,,,,,,,,,,,,,,,,,,,,,,,,,,,373,,,,,,,,,,,,,,,,,,,,,"Microsoft-Windows-Kernel-General",,,,,,,,,,,2,,,,Information,,,,,,,,,"12/21/2024 01:21:48 AM
LogName=System
EventCode=13
EventType=4
ComputerName=DESKTOP-57BANIQ
SourceName=Microsoft-Windows-Kernel-General
Type=Information
RecordNumber=373
Keywords=None
TaskCategory=2
OpCode=Info
Message=The operating system is shutting down at system time 2024-12-20T23:21:48.836482000Z.","2024-12-21T01:21:48.000+0200",1,21,21,december,48,saturday,2024,local,,"DESKTOP-57BANIQ",main,12,"//_::_====-=---======_________--::..","WinEventLog:System","WinEventLog:System","DESKTOP-57BANIQ",,23,0
,,,,,,,,,,,,,,,,,,,"DESKTOP-57BANIQ",,,,,,,109,4,,,,,,,,,,,,,,,,,,,,,None,,,,System,,,,,,,,"The kernel power manager has initiated a shutdown transition.

Shutdown Reason: Kernel API",,,,,,,,,,,,,,,,,,,,,,,Info,,,,,,,,,,,,,,,,,,,,,,,,,,,,,,,,,372,,,,,,,,,,,,,,,,,"Kernel API",,,,"Microsoft-Windows-Kernel-Power",,,,,,,,,,,103,,,,Information,,,,,,,,,"12/21/2024 01:21:48 AM
LogName=System
EventCode=109
EventType=4
ComputerName=DESKTOP-57BANIQ
SourceName=Microsoft-Windows-Kernel-Power
Type=Information
RecordNumber=372
Keywords=None
TaskCategory=103
OpCode=Info
Message=The kernel power manager has initiated a shutdown transition.

Shutdown Reason: Kernel API","2024-12-21T01:21:48.000+0200",1,21,21,december,48,saturday,2024,local,,"DESKTOP-57BANIQ",main,14,"//_::_====-=---======________.\r\r_:__","WinEventLog:System","WinEventLog:System","DESKTOP-57BANIQ",,23,0
,,,,,,,,,,,,,,,,,,,"DESKTOP-57BANIQ",,,,,,,1100,4,,,,,,,,,,,,,,,,,,,,,"Audit Success",,,,Security,,,,,,,,"The event logging service has shut down.",,,,,,,,,,,,,,,,,,,,,,,Info,,,,,,,,,,,,,,,,,,,,,,,,,,,,,,,,,921,,,,,,,,,,,,,,,,,,,,,"Microsoft-Windows-Eventlog",,,,,,,,,,,"Service shutdown",,,,Information,,,,,,,,,"12/21/2024 01:21:47 AM
LogName=Security
EventCode=1100
EventType=4
ComputerName=DESKTOP-57BANIQ
SourceName=Microsoft-Windows-Eventlog
Type=Information
RecordNumber=921
Keywords=Audit Success
TaskCategory=Service shutdown
OpCode=Info
Message=The event logging service has shut down.","2024-12-21T01:21:47.000+0200",1,21,21,december,47,saturday,2024,local,,"DESKTOP-57BANIQ",main,12,"//_::_====-=--===_=_==______.","WinEventLog:Security","WinEventLog:Security","DESKTOP-57BANIQ",,23,0
,,,,,,,,,,,,,,,,,,,"DESKTOP-57BANIQ",,,,,,,1532,4,,,,,,,,,,,,,,,,,,,,,None,,,,Application,,,,,,,,"The User Profile Service has stopped.",,,,,,,,,,,,,,,,,,,,,,,Info,,,,,,,,,,,,,,,,,,,,,,,,,,,,,,,,,421,,,,,,,,,,,,,,,,,,,"S-1-5-18",0,"Microsoft-Windows-User Profile Service",,,,,,,,,,,None,,,,Information,"NOT_TRANSLATED",,,,,,,,"12/21/2024 01:21:47 AM
LogName=Application
EventCode=1532
EventType=4
ComputerName=DESKTOP-57BANIQ
User=NOT_TRANSLATED
Sid=S-1-5-18
SidType=0
SourceName=Microsoft-Windows-User Profile Service
Type=Information
RecordNumber=421
Keywords=None
TaskCategory=None
OpCode=Info
Message=The User Profile Service has stopped.","2024-12-21T01:21:47.000+0200",1,21,21,december,47,saturday,2024,local,,"DESKTOP-57BANIQ",main,15,"//_::_====-==---==--__======_____.","WinEventLog:Application","WinEventLog:Application","DESKTOP-57BANIQ",,23,0
,,,,,,,,,,,,,,,,,,,"DESKTOP-57BANIQ",,,,,,,4111,4,,,,,,,,,,,,,,,,,,,,,Classic,,,,Application,,,,,,,,"The MS DTC service is stopping.",,,,,,,,,,,,,,,,,,,,,,,None,,,,,,,,,,,,,,,,,,,,,,,,,,,,,,,,,420,,,,,,,,,,,,,,,,,,,,,"Microsoft-Windows-MSDTC",,,,,,,,,,,SVC,,,,Information,,,,,,,,,"12/21/2024 01:21:47 AM
LogName=Application
EventCode=4111
EventType=4
ComputerName=DESKTOP-57BANIQ
SourceName=Microsoft-Windows-MSDTC
Type=Information
RecordNumber=420
Keywords=Classic
TaskCategory=SVC
OpCode=None
Message=The MS DTC service is stopping.","2024-12-21T01:21:47.000+0200",1,21,21,december,47,saturday,2024,local,,"DESKTOP-57BANIQ",main,12,"//_::_====-=--======_____.","WinEventLog:Application","WinEventLog:Application","DESKTOP-57BANIQ",,23,0
,,,,,,,,,,,,,,,,,,,"DESKTOP-57BANIQ",,,,,,,50037,4,,,,,,,,,,,,,,,,,,,,,None,,,,System,,,,,,,,"DHCPv4 client service is stopped. ShutDown Flag value is 1",,,,,,,,,,,,,,,,,,,,,,,ServiceStop,,,,,,,,,,,,,,,,,,,,,,,,,,,,,,,,,371,,,,,,,,,,,,,,,,,,,"S-1-5-19",0,"Microsoft-Windows-Dhcp-Client",,,,,,,,,,,"Service State Event",,,,Information,"NOT_TRANSLATED",,,,,,,,"12/21/2024 01:21:47 AM
LogName=System
EventCode=50037
EventType=4
ComputerName=DESKTOP-57BANIQ
User=NOT_TRANSLATED
Sid=S-1-5-19
SidType=0
SourceName=Microsoft-Windows-Dhcp-Client
Type=Information
RecordNumber=371
Keywords=None
TaskCategory=Service State Event
OpCode=ServiceStop
Message=DHCPv4 client service is stopped. ShutDown Flag value is 1","2024-12-21T01:21:47.000+0200",1,21,21,december,47,saturday,2024,local,,"DESKTOP-57BANIQ",main,15,"//_::_====-==---==---====__==____._____","WinEventLog:System","WinEventLog:System","DESKTOP-57BANIQ",,23,0
,,,,,,,,,,,,,,,,,,,"DESKTOP-57BANIQ",,,,,,,50106,4,,,,,,,,,,,,,,,,,,,,,None,,,,System,,,,,,,,"DHCPv4 is waiting on DHCPv6 service to stop",,,,,,,,,,,,,,,,,,,,,,,ServiceShutdown,,,,,,,,,,,,,,,,,,,,,,,,,,,,,,,,,370,,,,,,,,,,,,,,,,,,,"S-1-5-19",0,"Microsoft-Windows-Dhcp-Client",,,,,,,,,,,"Service State Event",,,,Information,"NOT_TRANSLATED",,,,,,,,"12/21/2024 01:21:47 AM
LogName=System
EventCode=50106
EventType=4
ComputerName=DESKTOP-57BANIQ
User=NOT_TRANSLATED
Sid=S-1-5-19
SidType=0
SourceName=Microsoft-Windows-Dhcp-Client
Type=Information
RecordNumber=370
Keywords=None
TaskCategory=Service State Event
OpCode=ServiceShutdown
Message=DHCPv4 is waiting on DHCPv6 service to stop","2024-12-21T01:21:47.000+0200",1,21,21,december,47,saturday,2024,local,,"DESKTOP-57BANIQ",main,15,"//_::_====-==---==---====__==_______","WinEventLog:System","WinEventLog:System","DESKTOP-57BANIQ",,23,0
,,,,,,,,,,,,,,,,,,,"DESKTOP-57BANIQ",,,,,,,51057,4,,,,,,,,,,,,,,,,,,,,,None,,,,System,,,,,,,,"DHCPv6 client service stop is almost done.DHCP Context Ref count is 1",,,,,,,,,,,,,,,,,,,,,,,ServiceStopWithRefCount,,,,,,,,,,,,,,,,,,,,,,,,,,,,,,,,,366,,,,,,,,,,,,,,,,,,,"S-1-5-19",0,"Microsoft-Windows-DHCPv6-Client",,,,,,,,,,,"Service State Event",,,,Information,"NOT_TRANSLATED",,,,,,,,"12/21/2024 01:21:47 AM
LogName=System
EventCode=51057
EventType=4
ComputerName=DESKTOP-57BANIQ
User=NOT_TRANSLATED
Sid=S-1-5-19
SidType=0
SourceName=Microsoft-Windows-DHCPv6-Client
Type=Information
RecordNumber=366
Keywords=None
TaskCategory=Service State Event
OpCode=ServiceStopWithRefCount
Message=DHCPv6 client service stop is almost done.DHCP Context Ref count is 1","2024-12-21T01:21:47.000+0200",1,21,21,december,47,saturday,2024,local,,"DESKTOP-57BANIQ",main,15,"//_::_====-==---==---====__==______._____","WinEventLog:System","WinEventLog:System","DESKTOP-57BANIQ",,23,0
,,,,,,,,,,,,,,,,,,,"DESKTOP-57BANIQ",,,,,,,51047,4,,,,,,,,,,,,,,,,,,,,,None,,,,System,,,,,,,,"DHCPv6 client service is stopped. ShutDown Flag value is 1",,,,,,,,,,,,,,,,,,,,,,,ServiceStop,,,,,,,,,,,,,,,,,,,,,,,,,,,,,,,,,365,,,,,,,,,,,,,,,,,,,"S-1-5-19",0,"Microsoft-Windows-DHCPv6-Client",,,,,,,,,,,"Service State Event",,,,Information,"NOT_TRANSLATED",,,,,,,,"12/21/2024 01:21:47 AM
LogName=System
EventCode=51047
EventType=4
ComputerName=DESKTOP-57BANIQ
User=NOT_TRANSLATED
Sid=S-1-5-19
SidType=0
SourceName=Microsoft-Windows-DHCPv6-Client
Type=Information
RecordNumber=365
Keywords=None
TaskCategory=Service State Event
OpCode=ServiceStop
Message=DHCPv6 client service is stopped. ShutDown Flag value is 1","2024-12-21T01:21:47.000+0200",1,21,21,december,47,saturday,2024,local,,"DESKTOP-57BANIQ",main,15,"//_::_====-==---==---====__==____._____","WinEventLog:System","WinEventLog:System","DESKTOP-57BANIQ",,23,0
,,,,,,,,,,,,,,,,,,,"DESKTOP-57BANIQ",,,,,,,50105,4,,,,,,,,,,,,,,,,,,,,,None,,,,System,,,,,,,,"DHCPv4 client ProcessDHCPRequestForever received TERMINATE_EVENT",,,,,,,,,,,,,,,,,,,,,,,ServiceShutdown,,,,,,,,,,,,,,,,,,,,,,,,,,,,,,,,,364,,,,,,,,,,,,,,,,,,,"S-1-5-19",0,"Microsoft-Windows-Dhcp-Client",,,,,,,,,,,"Service State Event",,,,Information,"NOT_TRANSLATED",,,,,,,,"12/21/2024 01:21:47 AM
LogName=System
EventCode=50105
EventType=4
ComputerName=DESKTOP-57BANIQ
User=NOT_TRANSLATED
Sid=S-1-5-19
SidType=0
SourceName=Microsoft-Windows-Dhcp-Client
Type=Information
RecordNumber=364
Keywords=None
TaskCategory=Service State Event
OpCode=ServiceShutdown
Message=DHCPv4 client ProcessDHCPRequestForever received TERMINATE_EVENT","2024-12-21T01:21:47.000+0200",1,21,21,december,47,saturday,2024,local,,"DESKTOP-57BANIQ",main,15,"//_::_====-==---==---====__==____","WinEventLog:System","WinEventLog:System","DESKTOP-57BANIQ",,23,0
,,,,,,,,,,,,,,,,,,,"DESKTOP-57BANIQ",,,,,,,50104,4,,,,,,,,,,,,,,,,,,,,,None,,,,System,,,,,,,,"DHCPv4 client received shutdown notification",,,,,,,,,,,,,,,,,,,,,,,ServiceShutdown,,,,,,,,,,,,,,,,,,,,,,,,,,,,,,,,,363,,,,,,,,,,,,,,,,,,,"S-1-5-19",0,"Microsoft-Windows-Dhcp-Client",,,,,,,,,,,"Service State Event",,,,Information,"NOT_TRANSLATED",,,,,,,,"12/21/2024 01:21:47 AM
LogName=System
EventCode=50104
EventType=4
ComputerName=DESKTOP-57BANIQ
User=NOT_TRANSLATED
Sid=S-1-5-19
SidType=0
SourceName=Microsoft-Windows-Dhcp-Client
Type=Information
RecordNumber=363
Keywords=None
TaskCategory=Service State Event
OpCode=ServiceShutdown
Message=DHCPv4 client received shutdown notification","2024-12-21T01:21:47.000+0200",1,21,21,december,47,saturday,2024,local,,"DESKTOP-57BANIQ",main,15,"//_::_====-==---==---====__==____","WinEventLog:System","WinEventLog:System","DESKTOP-57BANIQ",,23,0
,,,,,,,,,,,,,,,,,,,"DESKTOP-57BANIQ",,,,,,,6006,4,,,,,,,,,,,,,,,,,,,,,Classic,,,,System,,,,,,,,"The Event log service was stopped.",,,,,,,,,,,,,,,,,,,,,,,None,,,,,,,,,,,,,,,,,,,,,,,,,,,,,,,,,362,,,,,,,,,,,,,,,,,,,,,EventLog,,,,,,,,,,,None,,,,Information,,,,,,,,,"12/21/2024 01:21:47 AM
LogName=System
EventCode=6006
EventType=4
ComputerName=DESKTOP-57BANIQ
SourceName=EventLog
Type=Information
RecordNumber=362
Keywords=Classic
TaskCategory=None
OpCode=None
Message=The Event log service was stopped.","2024-12-21T01:21:47.000+0200",1,21,21,december,47,saturday,2024,local,,"DESKTOP-57BANIQ",main,12,"//_::_====-=======_____.","WinEventLog:System","WinEventLog:System","DESKTOP-57BANIQ",,23,0
"WORKGROUP
DESKTOP-57BANIQ",,"DESKTOP-57BANIQ$
yms_26",,,,,,,,,,,,,,,,,"DESKTOP-57BANIQ",,,,,,,4798,0,,,,,,,,,,,,,,,,,,,,,"Audit Success",,,,Security,,,0x3E7,,,,,"A user's local group membership was enumerated.

Subject:
	Security ID:		S-1-5-18
	Account Name:		DESKTOP-57BANIQ$
	Account Domain:		WORKGROUP
	Logon ID:		0x3E7

User:
	Security ID:		S-1-5-21-443749481-124601364-2758766465-1001
	Account Name:		yms_26
	Account Domain:		DESKTOP-57BANIQ

Process Information:
	Process ID:		0x60c
	Process Name:		C:\Windows\System32\svchost.exe",,,,,,,,,,,,,,,,,,,,,,,Info,,,,,,,,,,,,,,,,,,,,,,,,0x60c,"C:\Windows\System32\svchost.exe",,,,,,,,920,,,,,,,,,,,"S-1-5-18
S-1-5-21-443749481-124601364-2758766465-1001",,,,,,,,,,"Microsoft Windows security auditing.",,,,,,,,,,,"User Account Management",,,,Information,,,,,,,,,"12/21/2024 01:21:46 AM
LogName=Security
EventCode=4798
EventType=0
ComputerName=DESKTOP-57BANIQ
SourceName=Microsoft Windows security auditing.
Type=Information
RecordNumber=920
Keywords=Audit Success
TaskCategory=User Account Management
OpCode=Info
Message=A user's local group membership was enumerated.

Subject:
	Security ID:		S-1-5-18
	Account Name:		DESKTOP-57BANIQ$
	Account Domain:		WORKGROUP
	Logon ID:		0x3E7

User:
	Security ID:		S-1-5-21-443749481-124601364-2758766465-1001
	Account Name:		yms_26
	Account Domain:		DESKTOP-57BANIQ

Process Information:
	Process ID:		0x60c
	Process Name:		C:\Windows\System32\svchost.exe","2024-12-21T01:21:46.000+0200",1,21,21,december,46,saturday,2024,local,,"DESKTOP-57BANIQ",main,27,"//_::_====-=___.===_=__==_'_____.\r\r:\rt_:tt---\rt_:t","WinEventLog:Security","WinEventLog:Security","DESKTOP-57BANIQ",,23,0
"WORKGROUP
DESKTOP-57BANIQ",,"DESKTOP-57BANIQ$
WDAGUtilityAccount",,,,,,,,,,,,,,,,,"DESKTOP-57BANIQ",,,,,,,4798,0,,,,,,,,,,,,,,,,,,,,,"Audit Success",,,,Security,,,0x3E7,,,,,"A user's local group membership was enumerated.

Subject:
	Security ID:		S-1-5-18
	Account Name:		DESKTOP-57BANIQ$
	Account Domain:		WORKGROUP
	Logon ID:		0x3E7

User:
	Security ID:		S-1-5-21-443749481-124601364-2758766465-504
	Account Name:		WDAGUtilityAccount
	Account Domain:		DESKTOP-57BANIQ

Process Information:
	Process ID:		0x60c
	Process Name:		C:\Windows\System32\svchost.exe",,,,,,,,,,,,,,,,,,,,,,,Info,,,,,,,,,,,,,,,,,,,,,,,,0x60c,"C:\Windows\System32\svchost.exe",,,,,,,,919,,,,,,,,,,,"S-1-5-18
S-1-5-21-443749481-124601364-2758766465-504",,,,,,,,,,"Microsoft Windows security auditing.",,,,,,,,,,,"User Account Management",,,,Information,,,,,,,,,"12/21/2024 01:21:46 AM
LogName=Security
EventCode=4798
EventType=0
ComputerName=DESKTOP-57BANIQ
SourceName=Microsoft Windows security auditing.
Type=Information
RecordNumber=919
Keywords=Audit Success
TaskCategory=User Account Management
OpCode=Info
Message=A user's local group membership was enumerated.

Subject:
	Security ID:		S-1-5-18
	Account Name:		DESKTOP-57BANIQ$
	Account Domain:		WORKGROUP
	Logon ID:		0x3E7

User:
	Security ID:		S-1-5-21-443749481-124601364-2758766465-504
	Account Name:		WDAGUtilityAccount
	Account Domain:		DESKTOP-57BANIQ

Process Information:
	Process ID:		0x60c
	Process Name:		C:\Windows\System32\svchost.exe","2024-12-21T01:21:46.000+0200",1,21,21,december,46,saturday,2024,local,,"DESKTOP-57BANIQ",main,27,"//_::_====-=___.===_=__==_'_____.\r\r:\rt_:tt---\rt_:t","WinEventLog:Security","WinEventLog:Security","DESKTOP-57BANIQ",,23,0
"WORKGROUP
DESKTOP-57BANIQ",,"DESKTOP-57BANIQ$
Guest",,,,,,,,,,,,,,,,,"DESKTOP-57BANIQ",,,,,,,4798,0,,,,,,,,,,,,,,,,,,,,,"Audit Success",,,,Security,,,0x3E7,,,,,"A user's local group membership was enumerated.

Subject:
	Security ID:		S-1-5-18
	Account Name:		DESKTOP-57BANIQ$
	Account Domain:		WORKGROUP
	Logon ID:		0x3E7

User:
	Security ID:		S-1-5-21-443749481-124601364-2758766465-501
	Account Name:		Guest
	Account Domain:		DESKTOP-57BANIQ

Process Information:
	Process ID:		0x60c
	Process Name:		C:\Windows\System32\svchost.exe",,,,,,,,,,,,,,,,,,,,,,,Info,,,,,,,,,,,,,,,,,,,,,,,,0x60c,"C:\Windows\System32\svchost.exe",,,,,,,,918,,,,,,,,,,,"S-1-5-18
S-1-5-21-443749481-124601364-2758766465-501",,,,,,,,,,"Microsoft Windows security auditing.",,,,,,,,,,,"User Account Management",,,,Information,,,,,,,,,"12/21/2024 01:21:46 AM
LogName=Security
EventCode=4798
EventType=0
ComputerName=DESKTOP-57BANIQ
SourceName=Microsoft Windows security auditing.
Type=Information
RecordNumber=918
Keywords=Audit Success
TaskCategory=User Account Management
OpCode=Info
Message=A user's local group membership was enumerated.

Subject:
	Security ID:		S-1-5-18
	Account Name:		DESKTOP-57BANIQ$
	Account Domain:		WORKGROUP
	Logon ID:		0x3E7

User:
	Security ID:		S-1-5-21-443749481-124601364-2758766465-501
	Account Name:		Guest
	Account Domain:		DESKTOP-57BANIQ

Process Information:
	Process ID:		0x60c
	Process Name:		C:\Windows\System32\svchost.exe","2024-12-21T01:21:46.000+0200",1,21,21,december,46,saturday,2024,local,,"DESKTOP-57BANIQ",main,27,"//_::_====-=___.===_=__==_'_____.\r\r:\rt_:tt---\rt_:t","WinEventLog:Security","WinEventLog:Security","DESKTOP-57BANIQ",,23,0
"WORKGROUP
DESKTOP-57BANIQ",,"DESKTOP-57BANIQ$
DefaultAccount",,,,,,,,,,,,,,,,,"DESKTOP-57BANIQ",,,,,,,4798,0,,,,,,,,,,,,,,,,,,,,,"Audit Success",,,,Security,,,0x3E7,,,,,"A user's local group membership was enumerated.

Subject:
	Security ID:		S-1-5-18
	Account Name:		DESKTOP-57BANIQ$
	Account Domain:		WORKGROUP
	Logon ID:		0x3E7

User:
	Security ID:		S-1-5-21-443749481-124601364-2758766465-503
	Account Name:		DefaultAccount
	Account Domain:		DESKTOP-57BANIQ

Process Information:
	Process ID:		0x60c
	Process Name:		C:\Windows\System32\svchost.exe",,,,,,,,,,,,,,,,,,,,,,,Info,,,,,,,,,,,,,,,,,,,,,,,,0x60c,"C:\Windows\System32\svchost.exe",,,,,,,,917,,,,,,,,,,,"S-1-5-18
S-1-5-21-443749481-124601364-2758766465-503",,,,,,,,,,"Microsoft Windows security auditing.",,,,,,,,,,,"User Account Management",,,,Information,,,,,,,,,"12/21/2024 01:21:46 AM
LogName=Security
EventCode=4798
EventType=0
ComputerName=DESKTOP-57BANIQ
SourceName=Microsoft Windows security auditing.
Type=Information
RecordNumber=917
Keywords=Audit Success
TaskCategory=User Account Management
OpCode=Info
Message=A user's local group membership was enumerated.

Subject:
	Security ID:		S-1-5-18
	Account Name:		DESKTOP-57BANIQ$
	Account Domain:		WORKGROUP
	Logon ID:		0x3E7

User:
	Security ID:		S-1-5-21-443749481-124601364-2758766465-503
	Account Name:		DefaultAccount
	Account Domain:		DESKTOP-57BANIQ

Process Information:
	Process ID:		0x60c
	Process Name:		C:\Windows\System32\svchost.exe","2024-12-21T01:21:46.000+0200",1,21,21,december,46,saturday,2024,local,,"DESKTOP-57BANIQ",main,27,"//_::_====-=___.===_=__==_'_____.\r\r:\rt_:tt---\rt_:t","WinEventLog:Security","WinEventLog:Security","DESKTOP-57BANIQ",,23,0
"WORKGROUP
DESKTOP-57BANIQ",,"DESKTOP-57BANIQ$
Administrator",,,,,,,,,,,,,,,,,"DESKTOP-57BANIQ",,,,,,,4798,0,,,,,,,,,,,,,,,,,,,,,"Audit Success",,,,Security,,,0x3E7,,,,,"A user's local group membership was enumerated.

Subject:
	Security ID:		S-1-5-18
	Account Name:		DESKTOP-57BANIQ$
	Account Domain:		WORKGROUP
	Logon ID:		0x3E7

User:
	Security ID:		S-1-5-21-443749481-124601364-2758766465-500
	Account Name:		Administrator
	Account Domain:		DESKTOP-57BANIQ

Process Information:
	Process ID:		0x60c
	Process Name:		C:\Windows\System32\svchost.exe",,,,,,,,,,,,,,,,,,,,,,,Info,,,,,,,,,,,,,,,,,,,,,,,,0x60c,"C:\Windows\System32\svchost.exe",,,,,,,,916,,,,,,,,,,,"S-1-5-18
S-1-5-21-443749481-124601364-2758766465-500",,,,,,,,,,"Microsoft Windows security auditing.",,,,,,,,,,,"User Account Management",,,,Information,,,,,,,,,"12/21/2024 01:21:46 AM
LogName=Security
EventCode=4798
EventType=0
ComputerName=DESKTOP-57BANIQ
SourceName=Microsoft Windows security auditing.
Type=Information
RecordNumber=916
Keywords=Audit Success
TaskCategory=User Account Management
OpCode=Info
Message=A user's local group membership was enumerated.

Subject:
	Security ID:		S-1-5-18
	Account Name:		DESKTOP-57BANIQ$
	Account Domain:		WORKGROUP
	Logon ID:		0x3E7

User:
	Security ID:		S-1-5-21-443749481-124601364-2758766465-500
	Account Name:		Administrator
	Account Domain:		DESKTOP-57BANIQ

Process Information:
	Process ID:		0x60c
	Process Name:		C:\Windows\System32\svchost.exe","2024-12-21T01:21:46.000+0200",1,21,21,december,46,saturday,2024,local,,"DESKTOP-57BANIQ",main,27,"//_::_====-=___.===_=__==_'_____.\r\r:\rt_:tt---\rt_:t","WinEventLog:Security","WinEventLog:Security","DESKTOP-57BANIQ",,23,0
"DESKTOP-57BANIQ",,"yms_26",,,,,,,,,,,,,,,,,"DESKTOP-57BANIQ",,,,,,,4647,0,,,,,,,,,,,,,,,,,,,,,"Audit Success",,,,Security,,,0x4D1A2,,,,,"User initiated logoff:

Subject:
	Security ID:		S-1-5-21-443749481-124601364-2758766465-1001
	Account Name:		yms_26
	Account Domain:		DESKTOP-57BANIQ
	Logon ID:		0x4D1A2

This event is generated when a logoff is initiated. No further user-initiated activity can occur. This event can be interpreted as a logoff event.",,,,,,,,,,,,,,,,,,,,,,,Info,,,,,,,,,,,,,,,,,,,,,,,,,,,,,,,,,915,,,,,,,,,,,"S-1-5-21-443749481-124601364-2758766465-1001",,,,,,,,,,"Microsoft Windows security auditing.",,,,,,,,,,,Logoff,,,,Information,,,,,,,,,"12/21/2024 01:21:46 AM
LogName=Security
EventCode=4647
EventType=0
ComputerName=DESKTOP-57BANIQ
SourceName=Microsoft Windows security auditing.
Type=Information
RecordNumber=915
Keywords=Audit Success
TaskCategory=Logoff
OpCode=Info
Message=User initiated logoff:

Subject:
	Security ID:		S-1-5-21-443749481-124601364-2758766465-1001
	Account Name:		yms_26
	Account Domain:		DESKTOP-57BANIQ
	Logon ID:		0x4D1A2

This event is generated when a logoff is initiated. No further user-initiated activity can occur. This event can be interpreted as a logoff event.","2024-12-21T01:21:46.000+0200",1,21,21,december,46,saturday,2024,local,,"DESKTOP-57BANIQ",main,20,"//_::_====-=___.===_===__:\r\r:\rt_:tt-------\rt_:tt\rt","WinEventLog:Security","WinEventLog:Security","DESKTOP-57BANIQ",,23,0
,,,,,,,,,,,,,,,,,,,"DESKTOP-57BANIQ",,,,,,,108,4,,,,,,,,,,,,,,,,,,,,,Classic,,,,Application,,,,,,,,"The service was stopped.",,,,,,,,,,,,,,,,,,,,,,,Info,,,,,,,,,,,,,,,,,,,,,,,,,,,,,,,,,419,,,,,,,,,,,,,,,,,,,,,VMTools,,,,,,,,,,,None,,,,Information,,,,,,,,,"12/21/2024 01:21:46 AM
LogName=Application
EventCode=108
EventType=4
ComputerName=DESKTOP-57BANIQ
SourceName=VMTools
Type=Information
RecordNumber=419
Keywords=Classic
TaskCategory=None
OpCode=Info
Message=The service was stopped.","2024-12-21T01:21:46.000+0200",1,21,21,december,46,saturday,2024,local,,"DESKTOP-57BANIQ",main,12,"//_::_====-=======___.","WinEventLog:Application","WinEventLog:Application","DESKTOP-57BANIQ",,23,0
,,,,,,,,,,,,,,,,,,,"DESKTOP-57BANIQ",,,,,,,272,4,,,,,,,,,,,,,,,,,,,,,Classic,,,,Application,,,,,,,,"Saved network configuration.",,,,,,,,,,,,,,,,,,,,,,,Info,,,,,,,,,,,,,,,,,,,,,,,,,,,,,,,,,418,,,,,,,,,,,,,,,,,,,,,VMUpgradeHelper,,,,,,,,,,,None,,,,Information,,,,,,,,,"12/21/2024 01:21:46 AM
LogName=Application
EventCode=272
EventType=4
ComputerName=DESKTOP-57BANIQ
SourceName=VMUpgradeHelper
Type=Information
RecordNumber=418
Keywords=Classic
TaskCategory=None
OpCode=Info
Message=Saved network configuration.","2024-12-21T01:21:46.000+0200",1,21,21,december,46,saturday,2024,local,,"DESKTOP-57BANIQ",main,12,"//_::_====-=======__.","WinEventLog:Application","WinEventLog:Application","DESKTOP-57BANIQ",,23,0
,,,,,,,,,,,,,,,,,,,"DESKTOP-57BANIQ",,,,,,,260,4,,,,,,,,,,,,,,,,,,,,,Classic,,,,Application,,,,,,,,"Saving network configuration.",,,,,,,,,,,,,,,,,,,,,,,Info,,,,,,,,,,,,,,,,,,,,,,,,,,,,,,,,,417,,,,,,,,,,,,,,,,,,,,,VMUpgradeHelper,,,,,,,,,,,None,,,,Information,,,,,,,,,"12/21/2024 01:21:46 AM
LogName=Application
EventCode=260
EventType=4
ComputerName=DESKTOP-57BANIQ
SourceName=VMUpgradeHelper
Type=Information
RecordNumber=417
Keywords=Classic
TaskCategory=None
OpCode=Info
Message=Saving network configuration.","2024-12-21T01:21:46.000+0200",1,21,21,december,46,saturday,2024,local,,"DESKTOP-57BANIQ",main,12,"//_::_====-=======__.","WinEventLog:Application","WinEventLog:Application","DESKTOP-57BANIQ",,23,0
,,,,,,,,,,,,,,,,,,,"DESKTOP-57BANIQ",,,,,,,6000,4,,,,,,,,,,,,,,,,,,,,,Classic,,,,Application,,,,,,,,"The winlogon notification subscriber <SessionEnv> was unavailable to handle a notification event.",,,,,,,,,,,,,,,,,,,,,,,None,,,,,,,,,,,,,,,,,,,,,,,,,,,,,,,,,416,,,,,,,,,,,,,,,,,,,,,"Microsoft-Windows-Winlogon",,,,,,,,,,,None,,,,Information,,,,,,,,,"12/21/2024 01:21:46 AM
LogName=Application
EventCode=6000
EventType=4
ComputerName=DESKTOP-57BANIQ
SourceName=Microsoft-Windows-Winlogon
Type=Information
RecordNumber=416
Keywords=Classic
TaskCategory=None
OpCode=None
Message=The winlogon notification subscriber <SessionEnv> was unavailable to handle a notification event.","2024-12-21T01:21:46.000+0200",1,21,21,december,46,saturday,2024,local,,"DESKTOP-57BANIQ",main,12,"//_::_====-=--======____<>_______.","WinEventLog:Application","WinEventLog:Application","DESKTOP-57BANIQ",,23,0
,,,,,,,,,,,,,,,,,,,"DESKTOP-57BANIQ",,,,,,,6000,4,,,,,,,,,,,,,,,,,,,,,Classic,,,,Application,,,,,,,,"The winlogon notification subscriber <WSearch> was unavailable to handle a notification event.",,,,,,,,,,,,,,,,,,,,,,,None,,,,,,,,,,,,,,,,,,,,,,,,,,,,,,,,,415,,,,,,,,,,,,,,,,,,,,,"Microsoft-Windows-Winlogon",,,,,,,,,,,None,,,,Information,,,,,,,,,"12/21/2024 01:21:46 AM
