LogName=System
EventCode=7045
EventType=4
ComputerName=DESKTOP-57BANIQ
User=NOT_TRANSLATED
Sid=S-1-5-18
SidType=0
SourceName=Microsoft-Windows-Service Control Manager
Type=Information
RecordNumber=448
Keywords=Classic
TaskCategory=None
OpCode=The operation completed successfully.
Message=A service was installed in the system.

Service Name:  SplunkMonitorNoHandle
Service File Name:  system32\DRIVERS\SplunkMonitorNoHandleDrv.sys
Service Type:  kernel mode driver
Service Start Type:  demand start
Service Account:","2024-12-21T01:51:49.000+0200",1,21,51,december,49,saturday,2024,local,,"DESKTOP-57BANIQ",main,21,"//_::_====-==---==--__=====___.=______.\r\r_:__\r__:_","WinEventLog:System","WinEventLog:System","DESKTOP-57BANIQ",,23,0
,,,,,,,,,,,,,,,,,,,"DESKTOP-57BANIQ",,,,,,,7045,4,,,,,,,,,,,,,,,,,,,,,Classic,,,,System,,,,,,,,"A service was installed in the system.

Service Name:  splknetdrv
Service File Name:  \SystemRoot\system32\DRIVERS\splknetdrv.sys
Service Type:  kernel mode driver
Service Start Type:  demand start
Service Account:",,,,,,,,,,,,,,,,,,,,,,,"The operation completed successfully.",,,,,,,,,,,,,,,,,,,,,,,,,,,,,,,,,447,,,,,,,,,,,,,"\SystemRoot\system32\DRIVERS\splknetdrv.sys",splknetdrv,"demand start","kernel mode driver",,,"S-1-5-18",0,"Microsoft-Windows-Service Control Manager",,,,,,,,,,,None,,,,Information,"NOT_TRANSLATED",,,,,,,,"12/21/2024 01:51:48 AM
LogName=System
EventCode=7045
EventType=4
ComputerName=DESKTOP-57BANIQ
User=NOT_TRANSLATED
Sid=S-1-5-18
SidType=0
SourceName=Microsoft-Windows-Service Control Manager
Type=Information
RecordNumber=447
Keywords=Classic
TaskCategory=None
OpCode=The operation completed successfully.
Message=A service was installed in the system.

Service Name:  splknetdrv
Service File Name:  \SystemRoot\system32\DRIVERS\splknetdrv.sys
Service Type:  kernel mode driver
Service Start Type:  demand start
Service Account:","2024-12-21T01:51:48.000+0200",1,21,51,december,48,saturday,2024,local,,"DESKTOP-57BANIQ",main,21,"//_::_====-==---==--__=====___.=______.\r\r_:__\r__:_","WinEventLog:System","WinEventLog:System","DESKTOP-57BANIQ",,23,0
,,,,,,,,,,,,,,,,,,,"DESKTOP-57BANIQ",,,,,,,7045,4,,,,,,,,,,,,,,,,,,,,,Classic,,,,System,,,,,,,,"A service was installed in the system.

Service Name:  Splunk Trace Kernel Mode Driver
Service File Name:  \SystemRoot\system32\DRIVERS\splunkdrv.sys
Service Type:  kernel mode driver
Service Start Type:  demand start
Service Account:",,,,,,,,,,,,,,,,,,,,,,,"The operation completed successfully.",,,,,,,,,,,,,,,,,,,,,,,,,,,,,,,,,446,,,,,,,,,,,,,"\SystemRoot\system32\DRIVERS\splunkdrv.sys","Splunk Trace Kernel Mode Driver","demand start","kernel mode driver",,,"S-1-5-18",0,"Microsoft-Windows-Service Control Manager",,,,,,,,,,,None,,,,Information,"NOT_TRANSLATED",,,,,,,,"12/21/2024 01:51:47 AM
LogName=System
EventCode=7045
EventType=4
ComputerName=DESKTOP-57BANIQ
User=NOT_TRANSLATED
Sid=S-1-5-18
SidType=0
SourceName=Microsoft-Windows-Service Control Manager
Type=Information
RecordNumber=446
Keywords=Classic
TaskCategory=None
OpCode=The operation completed successfully.
Message=A service was installed in the system.

Service Name:  Splunk Trace Kernel Mode Driver
Service File Name:  \SystemRoot\system32\DRIVERS\splunkdrv.sys
Service Type:  kernel mode driver
Service Start Type:  demand start
Service Account:","2024-12-21T01:51:47.000+0200",1,21,51,december,47,saturday,2024,local,,"DESKTOP-57BANIQ",main,21,"//_::_====-==---==--__=====___.=______.\r\r_:______\r","WinEventLog:System","WinEventLog:System","DESKTOP-57BANIQ",,23,0
"NT AUTHORITY",,SYSTEM,,,,,,,,,,,,,,,,,"DESKTOP-57BANIQ",,,,,,,4672,0,,,,,,,,,,,,,,,,,,,,,"Audit Success",,,,Security,,,0x3E7,,,,,"Special privileges assigned to new logon.

Subject:
	Security ID:		S-1-5-18
	Account Name:		SYSTEM
	Account Domain:		NT AUTHORITY
	Logon ID:		0x3E7

Privileges:		SeAssignPrimaryTokenPrivilege
			SeTcbPrivilege
			SeSecurityPrivilege
			SeTakeOwnershipPrivilege
			SeLoadDriverPrivilege
			SeBackupPrivilege
			SeRestorePrivilege
			SeDebugPrivilege
			SeAuditPrivilege
			SeSystemEnvironmentPrivilege
			SeImpersonatePrivilege
			SeDelegateSessionUserImpersonatePrivilege",,,,,,,,,,,,,,,,,,,,,,,Info,,,,,,,,,,,,,,,,,,,,SeAssignPrimaryTokenPrivilege,,,,,,,,,,,,,1191,,,,,,,,,,,"S-1-5-18",,,,,,,,,,"Microsoft Windows security auditing.",,,,,,,,,,,"Special Logon",,,,Information,,,,,,,,,"12/21/2024 01:50:15 AM
LogName=Security
EventCode=4672
EventType=0
ComputerName=DESKTOP-57BANIQ
SourceName=Microsoft Windows security auditing.
Type=Information
RecordNumber=1191
Keywords=Audit Success
TaskCategory=Special Logon
OpCode=Info
Message=Special privileges assigned to new logon.

Subject:
	Security ID:		S-1-5-18
	Account Name:		SYSTEM
	Account Domain:		NT AUTHORITY
	Logon ID:		0x3E7

Privileges:		SeAssignPrimaryTokenPrivilege
			SeTcbPrivilege
			SeSecurityPrivilege
			SeTakeOwnershipPrivilege
			SeLoadDriverPrivilege
			SeBackupPrivilege
			SeRestorePrivilege
			SeDebugPrivilege
			SeAuditPrivilege
			SeSystemEnvironmentPrivilege
			SeImpersonatePrivilege
			SeDelegateSessionUserImpersonatePrivilege","2024-12-21T01:50:15.000+0200",1,21,50,december,15,saturday,2024,local,,"DESKTOP-57BANIQ",main,31,"//_::_====-=___.===_=_==_____.\r\r:\rt_:tt---\rt_:tt\rt","WinEventLog:Security","WinEventLog:Security","DESKTOP-57BANIQ",,23,0
"WORKGROUP
NT AUTHORITY",,"DESKTOP-57BANIQ$
SYSTEM",,,,,,,,Negotiate,,,,,,,,,"DESKTOP-57BANIQ",,,,,,Yes,4624,0,,,,,,,,,,,,,,,Impersonation,,,0,,,"Audit Success",,0x0,,Security,"{00000000-0000-0000-0000-000000000000}",,"0x3E7
0x3E7",Advapi,5,,,"An account was successfully logged on.

Subject:
	Security ID:		S-1-5-18
	Account Name:		DESKTOP-57BANIQ$
	Account Domain:		WORKGROUP
	Logon ID:		0x3E7

Logon Information:
	Logon Type:		5
	Restricted Admin Mode:	-
	Virtual Account:		No
	Elevated Token:		Yes

Impersonation Level:		Impersonation

New Logon:
	Security ID:		S-1-5-18
	Account Name:		SYSTEM
	Account Domain:		NT AUTHORITY
	Logon ID:		0x3E7
	Linked Logon ID:		0x0
	Network Account Name:	-
	Network Account Domain:	-
	Logon GUID:		{00000000-0000-0000-0000-000000000000}

Process Information:
	Process ID:		0x2b4
	Process Name:		C:\Windows\System32\services.exe

Network Information:
	Workstation Name:	-
	Source Network Address:	-
	Source Port:		-

Detailed Authentication Information:
	Logon Process:		Advapi  
	Authentication Package:	Negotiate
	Transited Services:	-
	Package Name (NTLM only):	-
	Key Length:		0

This event is generated when a logon session is created. It is generated on the computer that was accessed.

The subject fields indicate the account on the local system which requested the logon. This is most commonly a service such as the Server service, or a local process such as Winlogon.exe or Services.exe.

The logon type field indicates the kind of logon that occurred. The most common types are 2 (interactive) and 3 (network).

The New Logon fields indicate the account for whom the new logon was created, i.e. the account that was logged on.

The network fields indicate where a remote logon request originated. Workstation name is not always available and may be left blank in some cases.

The impersonation level field indicates the extent to which a process in the logon session can impersonate.

The authentication information fields provide detailed information about this specific logon request.
	- Logon GUID is a unique identifier that can be used to correlate this event with a KDC event.
	- Transited services indicate which intermediate services have participated in this logon request.
	- Package name indicates which sub-protocol was used among the NTLM protocols.
	- Key length indicates the length of the generated session key. This will be 0 if no session key was requested.",,,,,,"-","-",,,,,,,,,,,,,,,,Info,,,,,,,,,,,,,"-",,,,,,,,,,,0x2b4,"C:\Windows\System32\services.exe",,,,,,,,1190,,,,,"-",,,,,,"S-1-5-18
S-1-5-18",,,,,,,,,,"Microsoft Windows security auditing.","-","-",,,,,,,,,Logon,,,"-",Information,,,,,,,No,"-","12/21/2024 01:50:15 AM
LogName=Security
EventCode=4624
EventType=0
ComputerName=DESKTOP-57BANIQ
SourceName=Microsoft Windows security auditing.
Type=Information
RecordNumber=1190
Keywords=Audit Success
TaskCategory=Logon
OpCode=Info
Message=An account was successfully logged on.

Subject:
	Security ID:		S-1-5-18
	Account Name:		DESKTOP-57BANIQ$
	Account Domain:		WORKGROUP
	Logon ID:		0x3E7

Logon Information:
	Logon Type:		5
	Restricted Admin Mode:	-
	Virtual Account:		No
	Elevated Token:		Yes

Impersonation Level:		Impersonation

New Logon:
	Security ID:		S-1-5-18
	Account Name:		SYSTEM
	Account Domain:		NT AUTHORITY
	Logon ID:		0x3E7
	Linked Logon ID:		0x0
	Network Account Name:	-
	Network Account Domain:	-
	Logon GUID:		{00000000-0000-0000-0000-000000000000}

Process Information:
	Process ID:		0x2b4
	Process Name:		C:\Windows\System32\services.exe

Network Information:
	Workstation Name:	-
	Source Network Address:	-
	Source Port:		-

Detailed Authentication Information:
	Logon Process:		Advapi  
	Authentication Package:	Negotiate
	Transited Services:	-
	Package Name (NTLM only):	-
	Key Length:		0

This event is generated when a logon session is created. It is generated on the computer that was accessed.

The subject fields indicate the account on the local system which requested the logon. This is most commonly a service such as the Server service, or a local process such as Winlogon.exe or Services.exe.

The logon type field indicates the kind of logon that occurred. The most common types are 2 (interactive) and 3 (network).

The New Logon fields indicate the account for whom the new logon was created, i.e. the account that was logged on.

The network fields indicate where a remote logon request originated. Workstation name is not always available and may be left blank in some cases.

The impersonation level field indicates the extent to which a process in the logon session can impersonate.

The authentication information fields provide detailed information about this specific logon request.
	- Logon GUID is a unique identifier that can be used to correlate this event with a KDC event.
	- Transited services indicate which intermediate services have participated in this logon request.
	- Package name indicates which sub-protocol was used among the NTLM protocols.
	- Key length indicates the length of the generated session key. This will be 0 if no session key was requested.","2024-12-21T01:50:15.000+0200",1,21,50,december,15,saturday,2024,local,,"DESKTOP-57BANIQ",main,70,"//_::_====-=___.===_===_____.\r\r:\rt_:tt---\rt_:tt-$\r","WinEventLog:Security","WinEventLog:Security","DESKTOP-57BANIQ",,23,0
,,,,,,,,,,,,,,,,,,,"DESKTOP-57BANIQ",,,,,,,16384,4,,,,,,,,,,,,,,,,,,,,,Classic,,,,Application,,,,,,,,"Successfully scheduled Software Protection service for re-start at 2024-12-21T23:46:12Z. Reason: RulesEngine.",,,,,,,,,,,,,,,,,,,,,,,None,,,,,,,,,,,,,,,,,,,,,,,,,,,,,,,,,494,,,,,,,,,,,,,,,,,,,,,"Microsoft-Windows-Security-SPP",,,,,,,,,,,None,,,,Information,,,,,,,,,"12/21/2024 01:50:12 AM
LogName=Application
EventCode=16384
EventType=4
ComputerName=DESKTOP-57BANIQ
SourceName=Microsoft-Windows-Security-SPP
Type=Information
RecordNumber=494
Keywords=Classic
TaskCategory=None
OpCode=None
Message=Successfully scheduled Software Protection service for re-start at 2024-12-21T23:46:12Z. Reason: RulesEngine.","2024-12-21T01:50:12.000+0200",1,21,50,december,12,saturday,2024,local,,"DESKTOP-57BANIQ",main,12,"//_::_====-=---======______-__--::._:_.","WinEventLog:Application","WinEventLog:Application","DESKTOP-57BANIQ",,23,0
"NT AUTHORITY",,SYSTEM,,,,,,,,,,,,,,,,,"DESKTOP-57BANIQ",,,,,,,4672,0,,,,,,,,,,,,,,,,,,,,,"Audit Success",,,,Security,,,0x3E7,,,,,"Special privileges assigned to new logon.

Subject:
	Security ID:		S-1-5-18
	Account Name:		SYSTEM
	Account Domain:		NT AUTHORITY
	Logon ID:		0x3E7

Privileges:		SeAssignPrimaryTokenPrivilege
			SeTcbPrivilege
			SeSecurityPrivilege
			SeTakeOwnershipPrivilege
			SeLoadDriverPrivilege
			SeBackupPrivilege
			SeRestorePrivilege
			SeDebugPrivilege
			SeAuditPrivilege
			SeSystemEnvironmentPrivilege
			SeImpersonatePrivilege
			SeDelegateSessionUserImpersonatePrivilege",,,,,,,,,,,,,,,,,,,,,,,Info,,,,,,,,,,,,,,,,,,,,SeAssignPrimaryTokenPrivilege,,,,,,,,,,,,,1189,,,,,,,,,,,"S-1-5-18",,,,,,,,,,"Microsoft Windows security auditing.",,,,,,,,,,,"Special Logon",,,,Information,,,,,,,,,"12/21/2024 01:49:42 AM
LogName=Security
EventCode=4672
EventType=0
ComputerName=DESKTOP-57BANIQ
SourceName=Microsoft Windows security auditing.
Type=Information
RecordNumber=1189
Keywords=Audit Success
TaskCategory=Special Logon
OpCode=Info
Message=Special privileges assigned to new logon.

Subject:
	Security ID:		S-1-5-18
	Account Name:		SYSTEM
	Account Domain:		NT AUTHORITY
	Logon ID:		0x3E7

Privileges:		SeAssignPrimaryTokenPrivilege
			SeTcbPrivilege
			SeSecurityPrivilege
			SeTakeOwnershipPrivilege
			SeLoadDriverPrivilege
			SeBackupPrivilege
			SeRestorePrivilege
			SeDebugPrivilege
			SeAuditPrivilege
			SeSystemEnvironmentPrivilege
			SeImpersonatePrivilege
			SeDelegateSessionUserImpersonatePrivilege","2024-12-21T01:49:42.000+0200",1,21,49,december,42,saturday,2024,local,,"DESKTOP-57BANIQ",main,31,"//_::_====-=___.===_=_==_____.\r\r:\rt_:tt---\rt_:tt\rt","WinEventLog:Security","WinEventLog:Security","DESKTOP-57BANIQ",,23,0
"WORKGROUP
NT AUTHORITY",,"DESKTOP-57BANIQ$
SYSTEM",,,,,,,,Negotiate,,,,,,,,,"DESKTOP-57BANIQ",,,,,,Yes,4624,0,,,,,,,,,,,,,,,Impersonation,,,0,,,"Audit Success",,0x0,,Security,"{00000000-0000-0000-0000-000000000000}",,"0x3E7
0x3E7",Advapi,5,,,"An account was successfully logged on.

Subject:
	Security ID:		S-1-5-18
	Account Name:		DESKTOP-57BANIQ$
	Account Domain:		WORKGROUP
	Logon ID:		0x3E7

Logon Information:
	Logon Type:		5
	Restricted Admin Mode:	-
	Virtual Account:		No
	Elevated Token:		Yes

Impersonation Level:		Impersonation

New Logon:
	Security ID:		S-1-5-18
	Account Name:		SYSTEM
	Account Domain:		NT AUTHORITY
	Logon ID:		0x3E7
	Linked Logon ID:		0x0
	Network Account Name:	-
	Network Account Domain:	-
	Logon GUID:		{00000000-0000-0000-0000-000000000000}

Process Information:
	Process ID:		0x2b4
	Process Name:		C:\Windows\System32\services.exe

Network Information:
	Workstation Name:	-
	Source Network Address:	-
	Source Port:		-

Detailed Authentication Information:
	Logon Process:		Advapi  
	Authentication Package:	Negotiate
	Transited Services:	-
	Package Name (NTLM only):	-
	Key Length:		0

This event is generated when a logon session is created. It is generated on the computer that was accessed.

The subject fields indicate the account on the local system which requested the logon. This is most commonly a service such as the Server service, or a local process such as Winlogon.exe or Services.exe.

The logon type field indicates the kind of logon that occurred. The most common types are 2 (interactive) and 3 (network).

The New Logon fields indicate the account for whom the new logon was created, i.e. the account that was logged on.

The network fields indicate where a remote logon request originated. Workstation name is not always available and may be left blank in some cases.

The impersonation level field indicates the extent to which a process in the logon session can impersonate.

The authentication information fields provide detailed information about this specific logon request.
	- Logon GUID is a unique identifier that can be used to correlate this event with a KDC event.
	- Transited services indicate which intermediate services have participated in this logon request.
	- Package name indicates which sub-protocol was used among the NTLM protocols.
	- Key length indicates the length of the generated session key. This will be 0 if no session key was requested.",,,,,,"-","-",,,,,,,,,,,,,,,,Info,,,,,,,,,,,,,"-",,,,,,,,,,,0x2b4,"C:\Windows\System32\services.exe",,,,,,,,1188,,,,,"-",,,,,,"S-1-5-18
S-1-5-18",,,,,,,,,,"Microsoft Windows security auditing.","-","-",,,,,,,,,Logon,,,"-",Information,,,,,,,No,"-","12/21/2024 01:49:42 AM
LogName=Security
EventCode=4624
EventType=0
ComputerName=DESKTOP-57BANIQ
SourceName=Microsoft Windows security auditing.
Type=Information
RecordNumber=1188
Keywords=Audit Success
TaskCategory=Logon
OpCode=Info
Message=An account was successfully logged on.

Subject:
	Security ID:		S-1-5-18
	Account Name:		DESKTOP-57BANIQ$
	Account Domain:		WORKGROUP
	Logon ID:		0x3E7

Logon Information:
	Logon Type:		5
	Restricted Admin Mode:	-
	Virtual Account:		No
	Elevated Token:		Yes

Impersonation Level:		Impersonation

New Logon:
	Security ID:		S-1-5-18
	Account Name:		SYSTEM
	Account Domain:		NT AUTHORITY
	Logon ID:		0x3E7
	Linked Logon ID:		0x0
	Network Account Name:	-
	Network Account Domain:	-
	Logon GUID:		{00000000-0000-0000-0000-000000000000}

Process Information:
	Process ID:		0x2b4
	Process Name:		C:\Windows\System32\services.exe

Network Information:
	Workstation Name:	-
	Source Network Address:	-
	Source Port:		-

Detailed Authentication Information:
	Logon Process:		Advapi  
	Authentication Package:	Negotiate
	Transited Services:	-
	Package Name (NTLM only):	-
	Key Length:		0

This event is generated when a logon session is created. It is generated on the computer that was accessed.

The subject fields indicate the account on the local system which requested the logon. This is most commonly a service such as the Server service, or a local process such as Winlogon.exe or Services.exe.

The logon type field indicates the kind of logon that occurred. The most common types are 2 (interactive) and 3 (network).

The New Logon fields indicate the account for whom the new logon was created, i.e. the account that was logged on.

The network fields indicate where a remote logon request originated. Workstation name is not always available and may be left blank in some cases.

The impersonation level field indicates the extent to which a process in the logon session can impersonate.

The authentication information fields provide detailed information about this specific logon request.
	- Logon GUID is a unique identifier that can be used to correlate this event with a KDC event.
	- Transited services indicate which intermediate services have participated in this logon request.
	- Package name indicates which sub-protocol was used among the NTLM protocols.
	- Key length indicates the length of the generated session key. This will be 0 if no session key was requested.","2024-12-21T01:49:42.000+0200",1,21,49,december,42,saturday,2024,local,,"DESKTOP-57BANIQ",main,70,"//_::_====-=___.===_===_____.\r\r:\rt_:tt---\rt_:tt-$\r","WinEventLog:Security","WinEventLog:Security","DESKTOP-57BANIQ",,23,0
,,,,,,,,,,,,,,,,,,,"DESKTOP-57BANIQ",,,,,,,16394,4,,,,,,,,,,,,,,,,,,,,,Classic,,,,Application,,,,,,,,"Offline downlevel migration succeeded.",,,,,,,,,,,,,,,,,,,,,,,None,,,,,,,,,,,,,,,,,,,,,,,,,,,,,,,,,493,,,,,,,,,,,,,,,,,,,,,"Microsoft-Windows-Security-SPP",,,,,,,,,,,None,,,,Information,,,,,,,,,"12/21/2024 01:49:41 AM
LogName=Application
EventCode=16394
EventType=4
ComputerName=DESKTOP-57BANIQ
SourceName=Microsoft-Windows-Security-SPP
Type=Information
RecordNumber=493
Keywords=Classic
TaskCategory=None
OpCode=None
Message=Offline downlevel migration succeeded.","2024-12-21T01:49:41.000+0200",1,21,49,december,41,saturday,2024,local,,"DESKTOP-57BANIQ",main,12,"//_::_====-=---======___.","WinEventLog:Application","WinEventLog:Application","DESKTOP-57BANIQ",,23,0
,,,,,,,,,,,,,,,,,,,"DESKTOP-57BANIQ",,,,,,,1040,4,,,,,,,,,,,,,,,,,,,,,Classic,,,,Application,,,,,,,,"Beginning a Windows Installer transaction: C:\Users\yms_26\Downloads\splunk-9.3.2-d8bb32809498-x64-release.msi. Client Process Id: 3800.",,,,,,,,,,,,,,,,,,,,,,,Info,,,,,,,,,,,,,,,,,,,,,,,,,,,,,,,,,492,,,,,,,,,,,,,,,,,,,"S-1-5-21-443749481-124601364-2758766465-1001",0,MsiInstaller,,,,,,,,,,,None,,,,Information,"NOT_TRANSLATED",,,,,,,,"12/21/2024 01:49:02 AM
LogName=Application
EventCode=1040
EventType=4
ComputerName=DESKTOP-57BANIQ
User=NOT_TRANSLATED
Sid=S-1-5-21-443749481-124601364-2758766465-1001
SidType=0
SourceName=MsiInstaller
Type=Information
RecordNumber=492
Keywords=Classic
TaskCategory=None
OpCode=Info
Message=Beginning a Windows Installer transaction: C:\Users\yms_26\Downloads\splunk-9.3.2-d8bb32809498-x64-release.msi. Client Process Id: 3800.","2024-12-21T01:49:02.000+0200",1,21,49,december,2,saturday,2024,local,,"DESKTOP-57BANIQ",main,15,"//_::_====-==-------========____:_:\\\\-..---..___","WinEventLog:Application","WinEventLog:Application","DESKTOP-57BANIQ",,23,0
"NT AUTHORITY",,SYSTEM,,,,,,,,,,,,,,,,,"DESKTOP-57BANIQ",,,,,,,4672,0,,,,,,,,,,,,,,,,,,,,,"Audit Success",,,,Security,,,0x3E7,,,,,"Special privileges assigned to new logon.

Subject:
	Security ID:		S-1-5-18
	Account Name:		SYSTEM
	Account Domain:		NT AUTHORITY
	Logon ID:		0x3E7

Privileges:		SeAssignPrimaryTokenPrivilege
			SeTcbPrivilege
			SeSecurityPrivilege
			SeTakeOwnershipPrivilege
			SeLoadDriverPrivilege
			SeBackupPrivilege
			SeRestorePrivilege
			SeDebugPrivilege
			SeAuditPrivilege
			SeSystemEnvironmentPrivilege
			SeImpersonatePrivilege
			SeDelegateSessionUserImpersonatePrivilege",,,,,,,,,,,,,,,,,,,,,,,Info,,,,,,,,,,,,,,,,,,,,SeAssignPrimaryTokenPrivilege,,,,,,,,,,,,,1187,,,,,,,,,,,"S-1-5-18",,,,,,,,,,"Microsoft Windows security auditing.",,,,,,,,,,,"Special Logon",,,,Information,,,,,,,,,"12/21/2024 01:48:01 AM
LogName=Security
EventCode=4672
EventType=0
ComputerName=DESKTOP-57BANIQ
SourceName=Microsoft Windows security auditing.
Type=Information
RecordNumber=1187
Keywords=Audit Success
TaskCategory=Special Logon
OpCode=Info
Message=Special privileges assigned to new logon.

Subject:
	Security ID:		S-1-5-18
	Account Name:		SYSTEM
	Account Domain:		NT AUTHORITY
	Logon ID:		0x3E7

Privileges:		SeAssignPrimaryTokenPrivilege
			SeTcbPrivilege
			SeSecurityPrivilege
			SeTakeOwnershipPrivilege
			SeLoadDriverPrivilege
			SeBackupPrivilege
			SeRestorePrivilege
			SeDebugPrivilege
			SeAuditPrivilege
			SeSystemEnvironmentPrivilege
			SeImpersonatePrivilege
			SeDelegateSessionUserImpersonatePrivilege","2024-12-21T01:48:01.000+0200",1,21,48,december,1,saturday,2024,local,,"DESKTOP-57BANIQ",main,31,"//_::_====-=___.===_=_==_____.\r\r:\rt_:tt---\rt_:tt\rt","WinEventLog:Security","WinEventLog:Security","DESKTOP-57BANIQ",,23,0
"WORKGROUP
NT AUTHORITY",,"DESKTOP-57BANIQ$
SYSTEM",,,,,,,,Negotiate,,,,,,,,,"DESKTOP-57BANIQ",,,,,,Yes,4624,0,,,,,,,,,,,,,,,Impersonation,,,0,,,"Audit Success",,0x0,,Security,"{00000000-0000-0000-0000-000000000000}",,"0x3E7
0x3E7",Advapi,5,,,"An account was successfully logged on.

Subject:
	Security ID:		S-1-5-18
	Account Name:		DESKTOP-57BANIQ$
	Account Domain:		WORKGROUP
	Logon ID:		0x3E7

Logon Information:
	Logon Type:		5
	Restricted Admin Mode:	-
	Virtual Account:		No
	Elevated Token:		Yes

Impersonation Level:		Impersonation

New Logon:
	Security ID:		S-1-5-18
	Account Name:		SYSTEM
	Account Domain:		NT AUTHORITY
	Logon ID:		0x3E7
	Linked Logon ID:		0x0
	Network Account Name:	-
	Network Account Domain:	-
	Logon GUID:		{00000000-0000-0000-0000-000000000000}

Process Information:
	Process ID:		0x2b4
	Process Name:		C:\Windows\System32\services.exe

Network Information:
	Workstation Name:	-
	Source Network Address:	-
	Source Port:		-

Detailed Authentication Information:
	Logon Process:		Advapi  
	Authentication Package:	Negotiate
	Transited Services:	-
	Package Name (NTLM only):	-
	Key Length:		0

This event is generated when a logon session is created. It is generated on the computer that was accessed.

The subject fields indicate the account on the local system which requested the logon. This is most commonly a service such as the Server service, or a local process such as Winlogon.exe or Services.exe.

The logon type field indicates the kind of logon that occurred. The most common types are 2 (interactive) and 3 (network).

The New Logon fields indicate the account for whom the new logon was created, i.e. the account that was logged on.

The network fields indicate where a remote logon request originated. Workstation name is not always available and may be left blank in some cases.

The impersonation level field indicates the extent to which a process in the logon session can impersonate.

The authentication information fields provide detailed information about this specific logon request.
	- Logon GUID is a unique identifier that can be used to correlate this event with a KDC event.
	- Transited services indicate which intermediate services have participated in this logon request.
	- Package name indicates which sub-protocol was used among the NTLM protocols.
	- Key length indicates the length of the generated session key. This will be 0 if no session key was requested.",,,,,,"-","-",,,,,,,,,,,,,,,,Info,,,,,,,,,,,,,"-",,,,,,,,,,,0x2b4,"C:\Windows\System32\services.exe",,,,,,,,1186,,,,,"-",,,,,,"S-1-5-18
S-1-5-18",,,,,,,,,,"Microsoft Windows security auditing.","-","-",,,,,,,,,Logon,,,"-",Information,,,,,,,No,"-","12/21/2024 01:48:01 AM
LogName=Security
EventCode=4624
EventType=0
ComputerName=DESKTOP-57BANIQ
SourceName=Microsoft Windows security auditing.
Type=Information
RecordNumber=1186
Keywords=Audit Success
TaskCategory=Logon
OpCode=Info
Message=An account was successfully logged on.

Subject:
	Security ID:		S-1-5-18
	Account Name:		DESKTOP-57BANIQ$
	Account Domain:		WORKGROUP
	Logon ID:		0x3E7

Logon Information:
	Logon Type:		5
	Restricted Admin Mode:	-
	Virtual Account:		No
	Elevated Token:		Yes

Impersonation Level:		Impersonation

New Logon:
	Security ID:		S-1-5-18
	Account Name:		SYSTEM
	Account Domain:		NT AUTHORITY
	Logon ID:		0x3E7
	Linked Logon ID:		0x0
	Network Account Name:	-
	Network Account Domain:	-
	Logon GUID:		{00000000-0000-0000-0000-000000000000}

Process Information:
	Process ID:		0x2b4
	Process Name:		C:\Windows\System32\services.exe

Network Information:
	Workstation Name:	-
	Source Network Address:	-
	Source Port:		-

Detailed Authentication Information:
	Logon Process:		Advapi  
	Authentication Package:	Negotiate
	Transited Services:	-
	Package Name (NTLM only):	-
	Key Length:		0

This event is generated when a logon session is created. It is generated on the computer that was accessed.

The subject fields indicate the account on the local system which requested the logon. This is most commonly a service such as the Server service, or a local process such as Winlogon.exe or Services.exe.

The logon type field indicates the kind of logon that occurred. The most common types are 2 (interactive) and 3 (network).

The New Logon fields indicate the account for whom the new logon was created, i.e. the account that was logged on.

The network fields indicate where a remote logon request originated. Workstation name is not always available and may be left blank in some cases.

The impersonation level field indicates the extent to which a process in the logon session can impersonate.

The authentication information fields provide detailed information about this specific logon request.
	- Logon GUID is a unique identifier that can be used to correlate this event with a KDC event.
	- Transited services indicate which intermediate services have participated in this logon request.
	- Package name indicates which sub-protocol was used among the NTLM protocols.
	- Key length indicates the length of the generated session key. This will be 0 if no session key was requested.","2024-12-21T01:48:01.000+0200",1,21,48,december,1,saturday,2024,local,,"DESKTOP-57BANIQ",main,70,"//_::_====-=___.===_===_____.\r\r:\rt_:tt---\rt_:tt-$\r","WinEventLog:Security","WinEventLog:Security","DESKTOP-57BANIQ",,23,0
,,,,,,,,,,,,,,,,,,,"DESKTOP-57BANIQ",,,,,,,4097,4,,,,,,,,,,,,,,,,,,,,,Classic,,,,Application,,,,,,,,"Successful auto update of third-party root certificate:: Subject: <CN=DigiCert Trusted Root G4, OU=www.digicert.com, O=DigiCert Inc, C=US> Sha1 thumbprint: <DDFB16CD4931C973A2037D3FC83A4D7D775D05E4>.",,,,,,,,,,,,,,,,,,,,,,,Info,,,,,,,,,,,,,,,,,,,,,,,,,,,,,,,,,491,,,,,,,,,,,,,,,,,,,,,"Microsoft-Windows-CAPI2",,,,,,,,,,,None,,,,Information,,,,,,,,,"12/21/2024 01:48:01 AM
LogName=Application
EventCode=4097
EventType=4
ComputerName=DESKTOP-57BANIQ
SourceName=Microsoft-Windows-CAPI2
Type=Information
RecordNumber=491
Keywords=Classic
TaskCategory=None
OpCode=Info
Message=Successful auto update of third-party root certificate:: Subject: <CN=DigiCert Trusted Root G4, OU=www.digicert.com, O=DigiCert Inc, C=US> Sha1 thumbprint: <DDFB16CD4931C973A2037D3FC83A4D7D775D05E4>.","2024-12-21T01:48:01.000+0200",1,21,48,december,1,saturday,2024,local,,"DESKTOP-57BANIQ",main,12,"//_::_====-=--======____-__::_:_<=___,_=..,_=_,_=>","WinEventLog:Application","WinEventLog:Application","DESKTOP-57BANIQ",,23,0
,,,,,,,,,,,,,,,,,,,"DESKTOP-57BANIQ",,,,,,,16384,4,,,,,,,,,,,,,,,,,,,,,Classic,,,,Application,,,,,,,,"Successfully scheduled Software Protection service for re-start at 2024-12-21T23:46:52Z. Reason: RulesEngine.",,,,,,,,,,,,,,,,,,,,,,,None,,,,,,,,,,,,,,,,,,,,,,,,,,,,,,,,,490,,,,,,,,,,,,,,,,,,,,,"Microsoft-Windows-Security-SPP",,,,,,,,,,,None,,,,Information,,,,,,,,,"12/21/2024 01:47:52 AM
LogName=Application
EventCode=16384
EventType=4
ComputerName=DESKTOP-57BANIQ
SourceName=Microsoft-Windows-Security-SPP
Type=Information
RecordNumber=490
Keywords=Classic
TaskCategory=None
OpCode=None
Message=Successfully scheduled Software Protection service for re-start at 2024-12-21T23:46:52Z. Reason: RulesEngine.","2024-12-21T01:47:52.000+0200",1,21,47,december,52,saturday,2024,local,,"DESKTOP-57BANIQ",main,12,"//_::_====-=---======______-__--::._:_.","WinEventLog:Application","WinEventLog:Application","DESKTOP-57BANIQ",,23,0
"DESKTOP-57BANIQ",,"yms_26",,,,,,,,,,,,,,"DESKTOP-57BANIQ",,,"DESKTOP-57BANIQ",,,,,,,4797,0,,,,,,,,,,,,,,,,,,,,,"Audit Success",,,,Security,,,0x5945B,,,,,"An attempt was made to query the existence of a blank password for an account.

Subject:
	Security ID:		S-1-5-21-443749481-124601364-2758766465-1001
	Account Name:		yms_26
	Account Domain:		DESKTOP-57BANIQ
	Logon ID:		0x5945B

Additional Information:
	Caller Workstation:	DESKTOP-57BANIQ
	Target Account Name:	WDAGUtilityAccount
	Target Account Domain:	DESKTOP-57BANIQ",,,,,,,,,,,,,,,,,,,,,,,Info,,,,,,,,,,,,,,,,,,,,,,,,,,,,,,,,,1185,,,,,,,,,,,"S-1-5-21-443749481-124601364-2758766465-1001",,,,,,,,,,"Microsoft Windows security auditing.",,,,,,"DESKTOP-57BANIQ",WDAGUtilityAccount,,,,"User Account Management",,,,Information,,,,,,,,,"12/21/2024 01:47:42 AM
LogName=Security
EventCode=4797
EventType=0
ComputerName=DESKTOP-57BANIQ
SourceName=Microsoft Windows security auditing.
Type=Information
RecordNumber=1185
Keywords=Audit Success
TaskCategory=User Account Management
OpCode=Info
Message=An attempt was made to query the existence of a blank password for an account.

Subject:
	Security ID:		S-1-5-21-443749481-124601364-2758766465-1001
	Account Name:		yms_26
	Account Domain:		DESKTOP-57BANIQ
	Logon ID:		0x5945B

Additional Information:
	Caller Workstation:	DESKTOP-57BANIQ
	Target Account Name:	WDAGUtilityAccount
	Target Account Domain:	DESKTOP-57BANIQ","2024-12-21T01:47:42.000+0200",1,21,47,december,42,saturday,2024,local,,"DESKTOP-57BANIQ",main,23,"//_::_====-=___.===_=__==______________.\r\r:\rt_:tt-","WinEventLog:Security","WinEventLog:Security","DESKTOP-57BANIQ",,23,0
"DESKTOP-57BANIQ",,"yms_26",,,,,,,,,,,,,,"DESKTOP-57BANIQ",,,"DESKTOP-57BANIQ",,,,,,,4797,0,,,,,,,,,,,,,,,,,,,,,"Audit Success",,,,Security,,,0x5945B,,,,,"An attempt was made to query the existence of a blank password for an account.

Subject:
	Security ID:		S-1-5-21-443749481-124601364-2758766465-1001
	Account Name:		yms_26
	Account Domain:		DESKTOP-57BANIQ
	Logon ID:		0x5945B

Additional Information:
	Caller Workstation:	DESKTOP-57BANIQ
	Target Account Name:	Guest
	Target Account Domain:	DESKTOP-57BANIQ",,,,,,,,,,,,,,,,,,,,,,,Info,,,,,,,,,,,,,,,,,,,,,,,,,,,,,,,,,1184,,,,,,,,,,,"S-1-5-21-443749481-124601364-2758766465-1001",,,,,,,,,,"Microsoft Windows security auditing.",,,,,,"DESKTOP-57BANIQ",Guest,,,,"User Account Management",,,,Information,,,,,,,,,"12/21/2024 01:47:42 AM
LogName=Security
EventCode=4797
EventType=0
ComputerName=DESKTOP-57BANIQ
SourceName=Microsoft Windows security auditing.
Type=Information
RecordNumber=1184
Keywords=Audit Success
TaskCategory=User Account Management
OpCode=Info
Message=An attempt was made to query the existence of a blank password for an account.

Subject:
	Security ID:		S-1-5-21-443749481-124601364-2758766465-1001
	Account Name:		yms_26
	Account Domain:		DESKTOP-57BANIQ
	Logon ID:		0x5945B

Additional Information:
	Caller Workstation:	DESKTOP-57BANIQ
	Target Account Name:	Guest
	Target Account Domain:	DESKTOP-57BANIQ","2024-12-21T01:47:42.000+0200",1,21,47,december,42,saturday,2024,local,,"DESKTOP-57BANIQ",main,23,"//_::_====-=___.===_=__==______________.\r\r:\rt_:tt-","WinEventLog:Security","WinEventLog:Security","DESKTOP-57BANIQ",,23,0
"DESKTOP-57BANIQ",,"yms_26",,,,,,,,,,,,,,"DESKTOP-57BANIQ",,,"DESKTOP-57BANIQ",,,,,,,4797,0,,,,,,,,,,,,,,,,,,,,,"Audit Success",,,,Security,,,0x5945B,,,,,"An attempt was made to query the existence of a blank password for an account.

Subject:
	Security ID:		S-1-5-21-443749481-124601364-2758766465-1001
	Account Name:		yms_26
	Account Domain:		DESKTOP-57BANIQ
	Logon ID:		0x5945B

Additional Information:
	Caller Workstation:	DESKTOP-57BANIQ
	Target Account Name:	DefaultAccount
	Target Account Domain:	DESKTOP-57BANIQ",,,,,,,,,,,,,,,,,,,,,,,Info,,,,,,,,,,,,,,,,,,,,,,,,,,,,,,,,,1183,,,,,,,,,,,"S-1-5-21-443749481-124601364-2758766465-1001",,,,,,,,,,"Microsoft Windows security auditing.",,,,,,"DESKTOP-57BANIQ",DefaultAccount,,,,"User Account Management",,,,Information,,,,,,,,,"12/21/2024 01:47:42 AM
LogName=Security
EventCode=4797
EventType=0
ComputerName=DESKTOP-57BANIQ
SourceName=Microsoft Windows security auditing.
Type=Information
RecordNumber=1183
Keywords=Audit Success
TaskCategory=User Account Management
OpCode=Info
Message=An attempt was made to query the existence of a blank password for an account.

Subject:
	Security ID:		S-1-5-21-443749481-124601364-2758766465-1001
	Account Name:		yms_26
	Account Domain:		DESKTOP-57BANIQ
	Logon ID:		0x5945B

Additional Information:
	Caller Workstation:	DESKTOP-57BANIQ
	Target Account Name:	DefaultAccount
	Target Account Domain:	DESKTOP-57BANIQ","2024-12-21T01:47:42.000+0200",1,21,47,december,42,saturday,2024,local,,"DESKTOP-57BANIQ",main,23,"//_::_====-=___.===_=__==______________.\r\r:\rt_:tt-","WinEventLog:Security","WinEventLog:Security","DESKTOP-57BANIQ",,23,0
"DESKTOP-57BANIQ",,"yms_26",,,,,,,,,,,,,,"DESKTOP-57BANIQ",,,"DESKTOP-57BANIQ",,,,,,,4797,0,,,,,,,,,,,,,,,,,,,,,"Audit Success",,,,Security,,,0x5945B,,,,,"An attempt was made to query the existence of a blank password for an account.

Subject:
	Security ID:		S-1-5-21-443749481-124601364-2758766465-1001
	Account Name:		yms_26
	Account Domain:		DESKTOP-57BANIQ
	Logon ID:		0x5945B

Additional Information:
	Caller Workstation:	DESKTOP-57BANIQ
	Target Account Name:	Administrator
	Target Account Domain:	DESKTOP-57BANIQ",,,,,,,,,,,,,,,,,,,,,,,Info,,,,,,,,,,,,,,,,,,,,,,,,,,,,,,,,,1182,,,,,,,,,,,"S-1-5-21-443749481-124601364-2758766465-1001",,,,,,,,,,"Microsoft Windows security auditing.",,,,,,"DESKTOP-57BANIQ",Administrator,,,,"User Account Management",,,,Information,,,,,,,,,"12/21/2024 01:47:42 AM
LogName=Security
EventCode=4797
EventType=0
ComputerName=DESKTOP-57BANIQ
SourceName=Microsoft Windows security auditing.
Type=Information
RecordNumber=1182
Keywords=Audit Success
TaskCategory=User Account Management
OpCode=Info
Message=An attempt was made to query the existence of a blank password for an account.

Subject:
	Security ID:		S-1-5-21-443749481-124601364-2758766465-1001
	Account Name:		yms_26
	Account Domain:		DESKTOP-57BANIQ
	Logon ID:		0x5945B

Additional Information:
	Caller Workstation:	DESKTOP-57BANIQ
	Target Account Name:	Administrator
	Target Account Domain:	DESKTOP-57BANIQ","2024-12-21T01:47:42.000+0200",1,21,47,december,42,saturday,2024,local,,"DESKTOP-57BANIQ",main,23,"//_::_====-=___.===_=__==______________.\r\r:\rt_:tt-","WinEventLog:Security","WinEventLog:Security","DESKTOP-57BANIQ",,23,0
,,,,,,,,,,,,0,"85648489-b6bd-4701-9d1e-6eb7460a3255",,,,,,"DESKTOP-57BANIQ",,,,,,,1001,4,LiveKernelEvent,,,,,,,,,,,,,,,,,,,,Classic,,,,Application,,,,,,,,"Fault bucket LKD_0x193_DxgkrnlLiveDump:810__ETW_PROFILER_DxgkWaitForVerticalBlankEvent_dxgkrnl!DxgCreateLiveDumpWithWdLogs, type 0
Event Name: LiveKernelEvent
Response: Not available
Cab Id: 85648489-b6bd-4701-9d1e-6eb7460a3255

Problem signature:
P1: 193
P2: 810
P3: ffff9f0f832e7000
P4: ffff9f0f84f75080
P5: 125
P6: 10_0_19045
P7: 0_0
P8: 256_1
P9: 
P10: 

Attached files:
\\?\C:\Windows\LiveKernelReports\WATCHDOG\WATCHDOG-20241221-0147.dmp
\\?\C:\Windows\TEMP\WER-1515343-0.sysdata.xml
\\?\C:\Windows\LiveKernelReports\WATCHDOG-20241221-0147.dmp
\\?\C:\ProgramData\Microsoft\Windows\WER\Temp\WER319F.tmp.WERInternalMetadata.xml
\\?\C:\ProgramData\Microsoft\Windows\WER\Temp\WER31DE.tmp.xml
\\?\C:\ProgramData\Microsoft\Windows\WER\Temp\WER31DD.tmp.csv
\\?\C:\ProgramData\Microsoft\Windows\WER\Temp\WER31FE.tmp.txt

These files may be available here:
\\?\C:\ProgramData\Microsoft\Windows\WER\ReportArchive\Kernel_193_17ab358a219c95f6a4bb190752936b446a341e1_00000000_cab_c7e604dd-3329-4ca2-a446-da04f36cedc1

Analysis symbol: 
Rechecking for solution: 0
Report Id: c7e604dd-3329-4ca2-a446-da04f36cedc1
Report Status: 268435456
Hashed bucket: 
Cab Guid: 0",,,,,,,,,,,,,,,,,,,,,,,Info,,,193,,810,ffff9f0f832e7000,ffff9f0f84f75080,125,"10_0_19045","0_0","256_1",,,,,,,,,,,,,,,,,,,,,0,489,,"c7e604dd-3329-4ca2-a446-da04f36cedc1",268435456,"Not available",,,,,,,,,,,,,,,,,"Windows Error Reporting",,,,,,,,,,,None,,,,Information,,,,,,,,,"12/21/2024 01:47:31 AM
LogName=Application
EventCode=1001
EventType=4
ComputerName=DESKTOP-57BANIQ
SourceName=Windows Error Reporting
Type=Information
RecordNumber=489
Keywords=Classic
TaskCategory=None
OpCode=Info
Message=Fault bucket LKD_0x193_DxgkrnlLiveDump:810__ETW_PROFILER_DxgkWaitForVerticalBlankEvent_dxgkrnl!DxgCreateLiveDumpWithWdLogs, type 0
Event Name: LiveKernelEvent
Response: Not available
Cab Id: 85648489-b6bd-4701-9d1e-6eb7460a3255

Problem signature:
P1: 193
P2: 810
P3: ffff9f0f832e7000
P4: ffff9f0f84f75080
P5: 125
P6: 10_0_19045
P7: 0_0
P8: 256_1
P9: 
P10: 

Attached files:
\\?\C:\Windows\LiveKernelReports\WATCHDOG\WATCHDOG-20241221-0147.dmp
\\?\C:\Windows\TEMP\WER-1515343-0.sysdata.xml
\\?\C:\Windows\LiveKernelReports\WATCHDOG-20241221-0147.dmp
\\?\C:\ProgramData\Microsoft\Windows\WER\Temp\WER319F.tmp.WERInternalMetadata.xml
\\?\C:\ProgramData\Microsoft\Windows\WER\Temp\WER31DE.tmp.xml
\\?\C:\ProgramData\Microsoft\Windows\WER\Temp\WER31DD.tmp.csv
\\?\C:\ProgramData\Microsoft\Windows\WER\Temp\WER31FE.tmp.txt

These files may be available here:
\\?\C:\ProgramData\Microsoft\Windows\WER\ReportArchive\Kernel_193_17ab358a219c95f6a4bb190752936b446a341e1_00000000_cab_c7e604dd-3329-4ca2-a446-da04f36cedc1

Analysis symbol: 
Rechecking for solution: 0
Report Id: c7e604dd-3329-4ca2-a446-da04f36cedc1
Report Status: 268435456
Hashed bucket: 
Cab Guid: 0","2024-12-21T01:47:31.000+0200",1,21,47,december,31,saturday,2024,local,,"DESKTOP-57BANIQ",main,46,"//_::_====-=__======__:!,__\r_:_\r:__\r_:_----\r\r_:\r:_","WinEventLog:Application","WinEventLog:Application","DESKTOP-57BANIQ",,23,0
,,,,,,,,,,,,,,,,,,,"DESKTOP-57BANIQ",,,,,,,1014,3,,,,,,,,,,,,,,,,,,,,,None,,,,System,,,,,,,,"Name resolution for the name wpad timed out after none of the configured DNS servers responded.",,,,,,,,,,,,,,,,,,,,,,,Info,,,,,,,,,,,,,,,,,,,,,,,,,,,,,,,,,445,,,,,,,,,,,,,,,,,,,"S-1-5-20",0,"Microsoft-Windows-DNS Client Events",,,,,,,,,,,1014,,,,Warning,"NOT_TRANSLATED",,,,,,,,"12/21/2024 01:47:13 AM
LogName=System
EventCode=1014
EventType=3
ComputerName=DESKTOP-57BANIQ
User=NOT_TRANSLATED
Sid=S-1-5-20
SidType=0
SourceName=Microsoft-Windows-DNS Client Events
Type=Warning
RecordNumber=445
Keywords=None
TaskCategory=1014
OpCode=Info
Message=Name resolution for the name wpad timed out after none of the configured DNS servers responded.","2024-12-21T01:47:13.000+0200",1,21,47,december,13,saturday,2024,local,,"DESKTOP-57BANIQ",main,15,"//_::_====-==---==--__======_______________.","WinEventLog:System","WinEventLog:System","DESKTOP-57BANIQ",,23,0
,,,,,,,,,,,,0,0,,,,,,"DESKTOP-57BANIQ",,,,,,,1001,4,LiveKernelEvent,,,,,,,,,,,,,,,,,,,,Classic,,,,Application,,,,,,,,"Fault bucket , type 0
Event Name: LiveKernelEvent
Response: Not available
Cab Id: 0

Problem signature:
P1: 193
P2: 810
P3: ffff9f0f832e7000
P4: ffff9f0f84f75080
P5: 125
P6: 10_0_19045
P7: 0_0
P8: 256_1
P9: 
P10: 

Attached files:
\\?\C:\Windows\LiveKernelReports\WATCHDOG\WATCHDOG-20241221-0147.dmp
\\?\C:\Windows\TEMP\WER-1515343-0.sysdata.xml
\\?\C:\Windows\LiveKernelReports\WATCHDOG-20241221-0147.dmp
\\?\C:\ProgramData\Microsoft\Windows\WER\Temp\WER319F.tmp.WERInternalMetadata.xml
\\?\C:\ProgramData\Microsoft\Windows\WER\Temp\WER31DE.tmp.xml
\\?\C:\ProgramData\Microsoft\Windows\WER\Temp\WER31DD.tmp.csv
\\?\C:\ProgramData\Microsoft\Windows\WER\Temp\WER31FE.tmp.txt

These files may be available here:
\\?\C:\ProgramData\Microsoft\Windows\WER\ReportQueue\Kernel_193_17ab358a219c95f6a4bb190752936b446a341e1_00000000_cab_c7e604dd-3329-4ca2-a446-da04f36cedc1

Analysis symbol: 
Rechecking for solution: 0
Report Id: c7e604dd-3329-4ca2-a446-da04f36cedc1
Report Status: 4
Hashed bucket: 
Cab Guid: 0",,,,,,,,,,,,,,,,,,,,,,,Info,,,193,,810,ffff9f0f832e7000,ffff9f0f84f75080,125,"10_0_19045","0_0","256_1",,,,,,,,,,,,,,,,,,,,,0,488,,"c7e604dd-3329-4ca2-a446-da04f36cedc1",4,"Not available",,,,,,,,,,,,,,,,,"Windows Error Reporting",,,,,,,,,,,None,,,,Information,,,,,,,,,"12/21/2024 01:47:12 AM
LogName=Application
EventCode=1001
EventType=4
ComputerName=DESKTOP-57BANIQ
SourceName=Windows Error Reporting
Type=Information
RecordNumber=488
Keywords=Classic
TaskCategory=None
OpCode=Info
Message=Fault bucket , type 0
Event Name: LiveKernelEvent
Response: Not available
Cab Id: 0

Problem signature:
P1: 193
P2: 810
P3: ffff9f0f832e7000
P4: ffff9f0f84f75080
P5: 125
P6: 10_0_19045
P7: 0_0
P8: 256_1
P9: 
P10: 

Attached files:
\\?\C:\Windows\LiveKernelReports\WATCHDOG\WATCHDOG-20241221-0147.dmp
\\?\C:\Windows\TEMP\WER-1515343-0.sysdata.xml
\\?\C:\Windows\LiveKernelReports\WATCHDOG-20241221-0147.dmp
\\?\C:\ProgramData\Microsoft\Windows\WER\Temp\WER319F.tmp.WERInternalMetadata.xml
\\?\C:\ProgramData\Microsoft\Windows\WER\Temp\WER31DE.tmp.xml
\\?\C:\ProgramData\Microsoft\Windows\WER\Temp\WER31DD.tmp.csv
\\?\C:\ProgramData\Microsoft\Windows\WER\Temp\WER31FE.tmp.txt

These files may be available here:
\\?\C:\ProgramData\Microsoft\Windows\WER\ReportQueue\Kernel_193_17ab358a219c95f6a4bb190752936b446a341e1_00000000_cab_c7e604dd-3329-4ca2-a446-da04f36cedc1

Analysis symbol: 
Rechecking for solution: 0
Report Id: c7e604dd-3329-4ca2-a446-da04f36cedc1
Report Status: 4
Hashed bucket: 
Cab Guid: 0","2024-12-21T01:47:12.000+0200",1,21,47,december,12,saturday,2024,local,,"DESKTOP-57BANIQ",main,46,"//_::_====-=__======__,__\r_:_\r:__\r_:_\r\r_:\r:_\r:_\r:_","WinEventLog:Application","WinEventLog:Application","DESKTOP-57BANIQ",,23,0
,,,,,,,,,,,,,,,,,,,"DESKTOP-57BANIQ",,,,,,,8198,2,,,,,,,,,,,,,,,,,,,,,Classic,,,,Application,,,,,,,,"License Activation (slui.exe) failed with the following error code:
hr=0x803F7001
Command-line arguments:
RuleId=31e71c49-8da7-4a2f-ad92-45d98a1c79ba;Action=AutoActivate;AppId=55c92734-d682-4d71-983e-d6ec3f16059f;SkuId=4de7cb65-cdf1-4de9-8ae8-e3cce27b9f2c;NotificationInterval=1440;Trigger=NetworkAvailable",,,,,,,,,,,,,,,,,,,,,,,None,,,,,,,,,,,,,,,,,,,,,,,,,,,,,,,,,487,,,,,,,,,,,,,,,,,,,,,"Microsoft-Windows-Security-SPP",,,,,,,,,,,None,,,,Error,,,,,,,,,"12/21/2024 01:47:09 AM
