LogName=Security
EventCode=5058
EventType=0
ComputerName=DESKTOP-57BANIQ
SourceName=Microsoft Windows security auditing.
Type=Information
RecordNumber=1214
Keywords=Audit Success
TaskCategory=Other System Events
OpCode=Info
Message=Key file operation.

Subject:
	Security ID:		S-1-5-18
	Account Name:		DESKTOP-57BANIQ$
	Account Domain:		WORKGROUP
	Logon ID:		0x3E7

Process Information:
	Process ID:		3296
	Process Creation Time:	2024-12-20T23:53:33.420618500Z

Cryptographic Parameters:
	Provider Name:	Microsoft Software Key Storage Provider
	Algorithm Name:	UNKNOWN
	Key Name:	C:\Program Files\Splunk\etc\auth\server.pem.pfx
	Key Type:	Machine key.

Key File Operation Information:
	File Path:	C:\ProgramData\Microsoft\Crypto\RSA\MachineKeys\f1930a8d1deb4af47dab806c6fce0de8_98848bf9-0bab-49ae-bdd6-cf497f611ce9
	Operation:	Read persisted key from file.
	Return Code:	0x0","2024-12-21T01:53:50.000+0200",1,21,53,december,50,saturday,2024,local,,"DESKTOP-57BANIQ",main,33,"//_::_====-=___.===_=__==__.\r\r:\rt_:tt---\rt_:tt-$\rt","WinEventLog:Security","WinEventLog:Security","DESKTOP-57BANIQ",,23,0
WORKGROUP,,"DESKTOP-57BANIQ$",,,,RSA,,,,,,,,,,,,,"DESKTOP-57BANIQ",,,,,,,5061,0,,,,,,,,,,,,,,,,,,,"C:\Program Files\Splunk\etc\auth\server.pem.pfx","Machine key.","Audit Success",,,,Security,,,0x3E7,,,,,"Cryptographic operation.

Subject:
	Security ID:		S-1-5-18
	Account Name:		DESKTOP-57BANIQ$
	Account Domain:		WORKGROUP
	Logon ID:		0x3E7

Cryptographic Parameters:
	Provider Name:	Microsoft Software Key Storage Provider
	Algorithm Name:	RSA
	Key Name:	C:\Program Files\Splunk\etc\auth\server.pem.pfx
	Key Type:	Machine key.

Cryptographic Operation:
	Operation:	Open Key.
	Return Code:	0x0",,,,,,,,,,,,,,,,,,,,,,,Info,"Open Key.",,,,,,,,,,,,,,,,,,,,,,,,,,,"Microsoft Software Key Storage Provider",,,,,1213,,,,,,0x0,,,,,"S-1-5-18",,,,,,,,,,"Microsoft Windows security auditing.",,,,,,,,,,,"System Integrity",,,,Information,,,,,,,,,"12/21/2024 01:53:45 AM
LogName=Security
EventCode=5061
EventType=0
ComputerName=DESKTOP-57BANIQ
SourceName=Microsoft Windows security auditing.
Type=Information
RecordNumber=1213
Keywords=Audit Success
TaskCategory=System Integrity
OpCode=Info
Message=Cryptographic operation.

Subject:
	Security ID:		S-1-5-18
	Account Name:		DESKTOP-57BANIQ$
	Account Domain:		WORKGROUP
	Logon ID:		0x3E7

Cryptographic Parameters:
	Provider Name:	Microsoft Software Key Storage Provider
	Algorithm Name:	RSA
	Key Name:	C:\Program Files\Splunk\etc\auth\server.pem.pfx
	Key Type:	Machine key.

Cryptographic Operation:
	Operation:	Open Key.
	Return Code:	0x0","2024-12-21T01:53:45.000+0200",1,21,53,december,45,saturday,2024,local,,"DESKTOP-57BANIQ",main,28,"//_::_====-=___.===_=_==_.\r\r:\rt_:tt---\rt_:tt-$\rt_:","WinEventLog:Security","WinEventLog:Security","DESKTOP-57BANIQ",,23,0
WORKGROUP,,"DESKTOP-57BANIQ$",,,,UNKNOWN,,,,,,,,,,,,,"DESKTOP-57BANIQ",,,,,,,5058,0,,,"C:\ProgramData\Microsoft\Crypto\RSA\MachineKeys\f1930a8d1deb4af47dab806c6fce0de8_98848bf9-0bab-49ae-bdd6-cf497f611ce9",,,,,,,,,,,,,,,,"C:\Program Files\Splunk\etc\auth\server.pem.pfx","Machine key.","Audit Success",,,,Security,,,0x3E7,,,,,"Key file operation.

Subject:
	Security ID:		S-1-5-18
	Account Name:		DESKTOP-57BANIQ$
	Account Domain:		WORKGROUP
	Logon ID:		0x3E7

Process Information:
	Process ID:		3296
	Process Creation Time:	2024-12-20T23:53:33.420618500Z

Cryptographic Parameters:
	Provider Name:	Microsoft Software Key Storage Provider
	Algorithm Name:	UNKNOWN
	Key Name:	C:\Program Files\Splunk\etc\auth\server.pem.pfx
	Key Type:	Machine key.

Key File Operation Information:
	File Path:	C:\ProgramData\Microsoft\Crypto\RSA\MachineKeys\f1930a8d1deb4af47dab806c6fce0de8_98848bf9-0bab-49ae-bdd6-cf497f611ce9
	Operation:	Read persisted key from file.
	Return Code:	0x0",,,,,,,,,,,,,,,,,,,,,,,Info,"Read persisted key from file.",,,,,,,,,,,,,,,,,,,,,,"2024-12-20T23:53:33.420618500Z",3296,,,,"Microsoft Software Key Storage Provider",,,,,1212,,,,,,0x0,,,,,"S-1-5-18",,,,,,,,,,"Microsoft Windows security auditing.",,,,,,,,,,,"Other System Events",,,,Information,,,,,,,,,"12/21/2024 01:53:45 AM
LogName=Security
EventCode=5058
EventType=0
ComputerName=DESKTOP-57BANIQ
SourceName=Microsoft Windows security auditing.
Type=Information
RecordNumber=1212
Keywords=Audit Success
TaskCategory=Other System Events
OpCode=Info
Message=Key file operation.

Subject:
	Security ID:		S-1-5-18
	Account Name:		DESKTOP-57BANIQ$
	Account Domain:		WORKGROUP
	Logon ID:		0x3E7

Process Information:
	Process ID:		3296
	Process Creation Time:	2024-12-20T23:53:33.420618500Z

Cryptographic Parameters:
	Provider Name:	Microsoft Software Key Storage Provider
	Algorithm Name:	UNKNOWN
	Key Name:	C:\Program Files\Splunk\etc\auth\server.pem.pfx
	Key Type:	Machine key.

Key File Operation Information:
	File Path:	C:\ProgramData\Microsoft\Crypto\RSA\MachineKeys\f1930a8d1deb4af47dab806c6fce0de8_98848bf9-0bab-49ae-bdd6-cf497f611ce9
	Operation:	Read persisted key from file.
	Return Code:	0x0","2024-12-21T01:53:45.000+0200",1,21,53,december,45,saturday,2024,local,,"DESKTOP-57BANIQ",main,33,"//_::_====-=___.===_=__==__.\r\r:\rt_:tt---\rt_:tt-$\rt","WinEventLog:Security","WinEventLog:Security","DESKTOP-57BANIQ",,23,0
WORKGROUP,,"DESKTOP-57BANIQ$",,,,RSA,,,,,,,,,,,,,"DESKTOP-57BANIQ",,,,,,,5061,0,,,,,,,,,,,,,,,,,,,"C:\Program Files\Splunk\etc\auth\server.pem.pfx","Machine key.","Audit Success",,,,Security,,,0x3E7,,,,,"Cryptographic operation.

Subject:
	Security ID:		S-1-5-18
	Account Name:		DESKTOP-57BANIQ$
	Account Domain:		WORKGROUP
	Logon ID:		0x3E7

Cryptographic Parameters:
	Provider Name:	Microsoft Software Key Storage Provider
	Algorithm Name:	RSA
	Key Name:	C:\Program Files\Splunk\etc\auth\server.pem.pfx
	Key Type:	Machine key.

Cryptographic Operation:
	Operation:	Open Key.
	Return Code:	0x0",,,,,,,,,,,,,,,,,,,,,,,Info,"Open Key.",,,,,,,,,,,,,,,,,,,,,,,,,,,"Microsoft Software Key Storage Provider",,,,,1211,,,,,,0x0,,,,,"S-1-5-18",,,,,,,,,,"Microsoft Windows security auditing.",,,,,,,,,,,"System Integrity",,,,Information,,,,,,,,,"12/21/2024 01:53:40 AM
LogName=Security
EventCode=5061
EventType=0
ComputerName=DESKTOP-57BANIQ
SourceName=Microsoft Windows security auditing.
Type=Information
RecordNumber=1211
Keywords=Audit Success
TaskCategory=System Integrity
OpCode=Info
Message=Cryptographic operation.

Subject:
	Security ID:		S-1-5-18
	Account Name:		DESKTOP-57BANIQ$
	Account Domain:		WORKGROUP
	Logon ID:		0x3E7

Cryptographic Parameters:
	Provider Name:	Microsoft Software Key Storage Provider
	Algorithm Name:	RSA
	Key Name:	C:\Program Files\Splunk\etc\auth\server.pem.pfx
	Key Type:	Machine key.

Cryptographic Operation:
	Operation:	Open Key.
	Return Code:	0x0","2024-12-21T01:53:40.000+0200",1,21,53,december,40,saturday,2024,local,,"DESKTOP-57BANIQ",main,28,"//_::_====-=___.===_=_==_.\r\r:\rt_:tt---\rt_:tt-$\rt_:","WinEventLog:Security","WinEventLog:Security","DESKTOP-57BANIQ",,23,0
WORKGROUP,,"DESKTOP-57BANIQ$",,,,UNKNOWN,,,,,,,,,,,,,"DESKTOP-57BANIQ",,,,,,,5058,0,,,"C:\ProgramData\Microsoft\Crypto\RSA\MachineKeys\f1930a8d1deb4af47dab806c6fce0de8_98848bf9-0bab-49ae-bdd6-cf497f611ce9",,,,,,,,,,,,,,,,"C:\Program Files\Splunk\etc\auth\server.pem.pfx","Machine key.","Audit Success",,,,Security,,,0x3E7,,,,,"Key file operation.

Subject:
	Security ID:		S-1-5-18
	Account Name:		DESKTOP-57BANIQ$
	Account Domain:		WORKGROUP
	Logon ID:		0x3E7

Process Information:
	Process ID:		3296
	Process Creation Time:	2024-12-20T23:53:33.420618500Z

Cryptographic Parameters:
	Provider Name:	Microsoft Software Key Storage Provider
	Algorithm Name:	UNKNOWN
	Key Name:	C:\Program Files\Splunk\etc\auth\server.pem.pfx
	Key Type:	Machine key.

Key File Operation Information:
	File Path:	C:\ProgramData\Microsoft\Crypto\RSA\MachineKeys\f1930a8d1deb4af47dab806c6fce0de8_98848bf9-0bab-49ae-bdd6-cf497f611ce9
	Operation:	Read persisted key from file.
	Return Code:	0x0",,,,,,,,,,,,,,,,,,,,,,,Info,"Read persisted key from file.",,,,,,,,,,,,,,,,,,,,,,"2024-12-20T23:53:33.420618500Z",3296,,,,"Microsoft Software Key Storage Provider",,,,,1210,,,,,,0x0,,,,,"S-1-5-18",,,,,,,,,,"Microsoft Windows security auditing.",,,,,,,,,,,"Other System Events",,,,Information,,,,,,,,,"12/21/2024 01:53:40 AM
LogName=Security
EventCode=5058
EventType=0
ComputerName=DESKTOP-57BANIQ
SourceName=Microsoft Windows security auditing.
Type=Information
RecordNumber=1210
Keywords=Audit Success
TaskCategory=Other System Events
OpCode=Info
Message=Key file operation.

Subject:
	Security ID:		S-1-5-18
	Account Name:		DESKTOP-57BANIQ$
	Account Domain:		WORKGROUP
	Logon ID:		0x3E7

Process Information:
	Process ID:		3296
	Process Creation Time:	2024-12-20T23:53:33.420618500Z

Cryptographic Parameters:
	Provider Name:	Microsoft Software Key Storage Provider
	Algorithm Name:	UNKNOWN
	Key Name:	C:\Program Files\Splunk\etc\auth\server.pem.pfx
	Key Type:	Machine key.

Key File Operation Information:
	File Path:	C:\ProgramData\Microsoft\Crypto\RSA\MachineKeys\f1930a8d1deb4af47dab806c6fce0de8_98848bf9-0bab-49ae-bdd6-cf497f611ce9
	Operation:	Read persisted key from file.
	Return Code:	0x0","2024-12-21T01:53:40.000+0200",1,21,53,december,40,saturday,2024,local,,"DESKTOP-57BANIQ",main,33,"//_::_====-=___.===_=__==__.\r\r:\rt_:tt---\rt_:tt-$\rt","WinEventLog:Security","WinEventLog:Security","DESKTOP-57BANIQ",,23,0
WORKGROUP,,"DESKTOP-57BANIQ$",,,,RSA,,,,,,,,,,,,,"DESKTOP-57BANIQ",,,,,,,5061,0,,,,,,,,,,,,,,,,,,,"C:\Program Files\Splunk\etc\auth\server.pem.pfx","Machine key.","Audit Success",,,,Security,,,0x3E7,,,,,"Cryptographic operation.

Subject:
	Security ID:		S-1-5-18
	Account Name:		DESKTOP-57BANIQ$
	Account Domain:		WORKGROUP
	Logon ID:		0x3E7

Cryptographic Parameters:
	Provider Name:	Microsoft Software Key Storage Provider
	Algorithm Name:	RSA
	Key Name:	C:\Program Files\Splunk\etc\auth\server.pem.pfx
	Key Type:	Machine key.

Cryptographic Operation:
	Operation:	Open Key.
	Return Code:	0x0",,,,,,,,,,,,,,,,,,,,,,,Info,"Open Key.",,,,,,,,,,,,,,,,,,,,,,,,,,,"Microsoft Software Key Storage Provider",,,,,1209,,,,,,0x0,,,,,"S-1-5-18",,,,,,,,,,"Microsoft Windows security auditing.",,,,,,,,,,,"System Integrity",,,,Information,,,,,,,,,"12/21/2024 01:53:40 AM
LogName=Security
EventCode=5061
EventType=0
ComputerName=DESKTOP-57BANIQ
SourceName=Microsoft Windows security auditing.
Type=Information
RecordNumber=1209
Keywords=Audit Success
TaskCategory=System Integrity
OpCode=Info
Message=Cryptographic operation.

Subject:
	Security ID:		S-1-5-18
	Account Name:		DESKTOP-57BANIQ$
	Account Domain:		WORKGROUP
	Logon ID:		0x3E7

Cryptographic Parameters:
	Provider Name:	Microsoft Software Key Storage Provider
	Algorithm Name:	RSA
	Key Name:	C:\Program Files\Splunk\etc\auth\server.pem.pfx
	Key Type:	Machine key.

Cryptographic Operation:
	Operation:	Open Key.
	Return Code:	0x0","2024-12-21T01:53:40.000+0200",1,21,53,december,40,saturday,2024,local,,"DESKTOP-57BANIQ",main,28,"//_::_====-=___.===_=_==_.\r\r:\rt_:tt---\rt_:tt-$\rt_:","WinEventLog:Security","WinEventLog:Security","DESKTOP-57BANIQ",,23,0
WORKGROUP,,"DESKTOP-57BANIQ$",,,,UNKNOWN,,,,,,,,,,,,,"DESKTOP-57BANIQ",,,,,,,5058,0,,,"C:\ProgramData\Microsoft\Crypto\RSA\MachineKeys\f1930a8d1deb4af47dab806c6fce0de8_98848bf9-0bab-49ae-bdd6-cf497f611ce9",,,,,,,,,,,,,,,,"C:\Program Files\Splunk\etc\auth\server.pem.pfx","Machine key.","Audit Success",,,,Security,,,0x3E7,,,,,"Key file operation.

Subject:
	Security ID:		S-1-5-18
	Account Name:		DESKTOP-57BANIQ$
	Account Domain:		WORKGROUP
	Logon ID:		0x3E7

Process Information:
	Process ID:		3296
	Process Creation Time:	2024-12-20T23:53:33.420618500Z

Cryptographic Parameters:
	Provider Name:	Microsoft Software Key Storage Provider
	Algorithm Name:	UNKNOWN
	Key Name:	C:\Program Files\Splunk\etc\auth\server.pem.pfx
	Key Type:	Machine key.

Key File Operation Information:
	File Path:	C:\ProgramData\Microsoft\Crypto\RSA\MachineKeys\f1930a8d1deb4af47dab806c6fce0de8_98848bf9-0bab-49ae-bdd6-cf497f611ce9
	Operation:	Read persisted key from file.
	Return Code:	0x0",,,,,,,,,,,,,,,,,,,,,,,Info,"Read persisted key from file.",,,,,,,,,,,,,,,,,,,,,,"2024-12-20T23:53:33.420618500Z",3296,,,,"Microsoft Software Key Storage Provider",,,,,1208,,,,,,0x0,,,,,"S-1-5-18",,,,,,,,,,"Microsoft Windows security auditing.",,,,,,,,,,,"Other System Events",,,,Information,,,,,,,,,"12/21/2024 01:53:40 AM
LogName=Security
EventCode=5058
EventType=0
ComputerName=DESKTOP-57BANIQ
SourceName=Microsoft Windows security auditing.
Type=Information
RecordNumber=1208
Keywords=Audit Success
TaskCategory=Other System Events
OpCode=Info
Message=Key file operation.

Subject:
	Security ID:		S-1-5-18
	Account Name:		DESKTOP-57BANIQ$
	Account Domain:		WORKGROUP
	Logon ID:		0x3E7

Process Information:
	Process ID:		3296
	Process Creation Time:	2024-12-20T23:53:33.420618500Z

Cryptographic Parameters:
	Provider Name:	Microsoft Software Key Storage Provider
	Algorithm Name:	UNKNOWN
	Key Name:	C:\Program Files\Splunk\etc\auth\server.pem.pfx
	Key Type:	Machine key.

Key File Operation Information:
	File Path:	C:\ProgramData\Microsoft\Crypto\RSA\MachineKeys\f1930a8d1deb4af47dab806c6fce0de8_98848bf9-0bab-49ae-bdd6-cf497f611ce9
	Operation:	Read persisted key from file.
	Return Code:	0x0","2024-12-21T01:53:40.000+0200",1,21,53,december,40,saturday,2024,local,,"DESKTOP-57BANIQ",main,33,"//_::_====-=___.===_=__==__.\r\r:\rt_:tt---\rt_:tt-$\rt","WinEventLog:Security","WinEventLog:Security","DESKTOP-57BANIQ",,23,0
WORKGROUP,,"DESKTOP-57BANIQ$",,,,RSA,,,,,,,,,,,,,"DESKTOP-57BANIQ",,,,,,,5061,0,,,,,,,,,,,,,,,,,,,"C:\Program Files\Splunk\etc\auth\server.pem.pfx","Machine key.","Audit Success",,,,Security,,,0x3E7,,,,,"Cryptographic operation.

Subject:
	Security ID:		S-1-5-18
	Account Name:		DESKTOP-57BANIQ$
	Account Domain:		WORKGROUP
	Logon ID:		0x3E7

Cryptographic Parameters:
	Provider Name:	Microsoft Software Key Storage Provider
	Algorithm Name:	RSA
	Key Name:	C:\Program Files\Splunk\etc\auth\server.pem.pfx
	Key Type:	Machine key.

Cryptographic Operation:
	Operation:	Open Key.
	Return Code:	0x0",,,,,,,,,,,,,,,,,,,,,,,Info,"Open Key.",,,,,,,,,,,,,,,,,,,,,,,,,,,"Microsoft Software Key Storage Provider",,,,,1207,,,,,,0x0,,,,,"S-1-5-18",,,,,,,,,,"Microsoft Windows security auditing.",,,,,,,,,,,"System Integrity",,,,Information,,,,,,,,,"12/21/2024 01:53:40 AM
LogName=Security
EventCode=5061
EventType=0
ComputerName=DESKTOP-57BANIQ
SourceName=Microsoft Windows security auditing.
Type=Information
RecordNumber=1207
Keywords=Audit Success
TaskCategory=System Integrity
OpCode=Info
Message=Cryptographic operation.

Subject:
	Security ID:		S-1-5-18
	Account Name:		DESKTOP-57BANIQ$
	Account Domain:		WORKGROUP
	Logon ID:		0x3E7

Cryptographic Parameters:
	Provider Name:	Microsoft Software Key Storage Provider
	Algorithm Name:	RSA
	Key Name:	C:\Program Files\Splunk\etc\auth\server.pem.pfx
	Key Type:	Machine key.

Cryptographic Operation:
	Operation:	Open Key.
	Return Code:	0x0","2024-12-21T01:53:40.000+0200",1,21,53,december,40,saturday,2024,local,,"DESKTOP-57BANIQ",main,28,"//_::_====-=___.===_=_==_.\r\r:\rt_:tt---\rt_:tt-$\rt_:","WinEventLog:Security","WinEventLog:Security","DESKTOP-57BANIQ",,23,0
WORKGROUP,,"DESKTOP-57BANIQ$",,,,UNKNOWN,,,,,,,,,,,,,"DESKTOP-57BANIQ",,,,,,,5058,0,,,"C:\ProgramData\Microsoft\Crypto\RSA\MachineKeys\f1930a8d1deb4af47dab806c6fce0de8_98848bf9-0bab-49ae-bdd6-cf497f611ce9",,,,,,,,,,,,,,,,"C:\Program Files\Splunk\etc\auth\server.pem.pfx","Machine key.","Audit Success",,,,Security,,,0x3E7,,,,,"Key file operation.

Subject:
	Security ID:		S-1-5-18
	Account Name:		DESKTOP-57BANIQ$
	Account Domain:		WORKGROUP
	Logon ID:		0x3E7

Process Information:
	Process ID:		3296
	Process Creation Time:	2024-12-20T23:53:33.420618500Z

Cryptographic Parameters:
	Provider Name:	Microsoft Software Key Storage Provider
	Algorithm Name:	UNKNOWN
	Key Name:	C:\Program Files\Splunk\etc\auth\server.pem.pfx
	Key Type:	Machine key.

Key File Operation Information:
	File Path:	C:\ProgramData\Microsoft\Crypto\RSA\MachineKeys\f1930a8d1deb4af47dab806c6fce0de8_98848bf9-0bab-49ae-bdd6-cf497f611ce9
	Operation:	Read persisted key from file.
	Return Code:	0x0",,,,,,,,,,,,,,,,,,,,,,,Info,"Read persisted key from file.",,,,,,,,,,,,,,,,,,,,,,"2024-12-20T23:53:33.420618500Z",3296,,,,"Microsoft Software Key Storage Provider",,,,,1206,,,,,,0x0,,,,,"S-1-5-18",,,,,,,,,,"Microsoft Windows security auditing.",,,,,,,,,,,"Other System Events",,,,Information,,,,,,,,,"12/21/2024 01:53:40 AM
LogName=Security
EventCode=5058
EventType=0
ComputerName=DESKTOP-57BANIQ
SourceName=Microsoft Windows security auditing.
Type=Information
RecordNumber=1206
Keywords=Audit Success
TaskCategory=Other System Events
OpCode=Info
Message=Key file operation.

Subject:
	Security ID:		S-1-5-18
	Account Name:		DESKTOP-57BANIQ$
	Account Domain:		WORKGROUP
	Logon ID:		0x3E7

Process Information:
	Process ID:		3296
	Process Creation Time:	2024-12-20T23:53:33.420618500Z

Cryptographic Parameters:
	Provider Name:	Microsoft Software Key Storage Provider
	Algorithm Name:	UNKNOWN
	Key Name:	C:\Program Files\Splunk\etc\auth\server.pem.pfx
	Key Type:	Machine key.

Key File Operation Information:
	File Path:	C:\ProgramData\Microsoft\Crypto\RSA\MachineKeys\f1930a8d1deb4af47dab806c6fce0de8_98848bf9-0bab-49ae-bdd6-cf497f611ce9
	Operation:	Read persisted key from file.
	Return Code:	0x0","2024-12-21T01:53:40.000+0200",1,21,53,december,40,saturday,2024,local,,"DESKTOP-57BANIQ",main,33,"//_::_====-=___.===_=__==__.\r\r:\rt_:tt---\rt_:tt-$\rt","WinEventLog:Security","WinEventLog:Security","DESKTOP-57BANIQ",,23,0
WORKGROUP,,"DESKTOP-57BANIQ$",,,,RSA,,,,,,,,,,,,,"DESKTOP-57BANIQ",,,,,,,5061,0,,,,,,,,,,,,,,,,,,,"C:\Program Files\Splunk\etc\auth\server.pem.pfx","Machine key.","Audit Success",,,,Security,,,0x3E7,,,,,"Cryptographic operation.

Subject:
	Security ID:		S-1-5-18
	Account Name:		DESKTOP-57BANIQ$
	Account Domain:		WORKGROUP
	Logon ID:		0x3E7

Cryptographic Parameters:
	Provider Name:	Microsoft Software Key Storage Provider
	Algorithm Name:	RSA
	Key Name:	C:\Program Files\Splunk\etc\auth\server.pem.pfx
	Key Type:	Machine key.

Cryptographic Operation:
	Operation:	Open Key.
	Return Code:	0x0",,,,,,,,,,,,,,,,,,,,,,,Info,"Open Key.",,,,,,,,,,,,,,,,,,,,,,,,,,,"Microsoft Software Key Storage Provider",,,,,1205,,,,,,0x0,,,,,"S-1-5-18",,,,,,,,,,"Microsoft Windows security auditing.",,,,,,,,,,,"System Integrity",,,,Information,,,,,,,,,"12/21/2024 01:53:40 AM
LogName=Security
EventCode=5061
EventType=0
ComputerName=DESKTOP-57BANIQ
SourceName=Microsoft Windows security auditing.
Type=Information
RecordNumber=1205
Keywords=Audit Success
TaskCategory=System Integrity
OpCode=Info
Message=Cryptographic operation.

Subject:
	Security ID:		S-1-5-18
	Account Name:		DESKTOP-57BANIQ$
	Account Domain:		WORKGROUP
	Logon ID:		0x3E7

Cryptographic Parameters:
	Provider Name:	Microsoft Software Key Storage Provider
	Algorithm Name:	RSA
	Key Name:	C:\Program Files\Splunk\etc\auth\server.pem.pfx
	Key Type:	Machine key.

Cryptographic Operation:
	Operation:	Open Key.
	Return Code:	0x0","2024-12-21T01:53:40.000+0200",1,21,53,december,40,saturday,2024,local,,"DESKTOP-57BANIQ",main,28,"//_::_====-=___.===_=_==_.\r\r:\rt_:tt---\rt_:tt-$\rt_:","WinEventLog:Security","WinEventLog:Security","DESKTOP-57BANIQ",,23,0
WORKGROUP,,"DESKTOP-57BANIQ$",,,,UNKNOWN,,,,,,,,,,,,,"DESKTOP-57BANIQ",,,,,,,5058,0,,,"C:\ProgramData\Microsoft\Crypto\RSA\MachineKeys\f1930a8d1deb4af47dab806c6fce0de8_98848bf9-0bab-49ae-bdd6-cf497f611ce9",,,,,,,,,,,,,,,,"C:\Program Files\Splunk\etc\auth\server.pem.pfx","Machine key.","Audit Success",,,,Security,,,0x3E7,,,,,"Key file operation.

Subject:
	Security ID:		S-1-5-18
	Account Name:		DESKTOP-57BANIQ$
	Account Domain:		WORKGROUP
	Logon ID:		0x3E7

Process Information:
	Process ID:		3296
	Process Creation Time:	2024-12-20T23:53:33.420618500Z

Cryptographic Parameters:
	Provider Name:	Microsoft Software Key Storage Provider
	Algorithm Name:	UNKNOWN
	Key Name:	C:\Program Files\Splunk\etc\auth\server.pem.pfx
	Key Type:	Machine key.

Key File Operation Information:
	File Path:	C:\ProgramData\Microsoft\Crypto\RSA\MachineKeys\f1930a8d1deb4af47dab806c6fce0de8_98848bf9-0bab-49ae-bdd6-cf497f611ce9
	Operation:	Read persisted key from file.
	Return Code:	0x0",,,,,,,,,,,,,,,,,,,,,,,Info,"Read persisted key from file.",,,,,,,,,,,,,,,,,,,,,,"2024-12-20T23:53:33.420618500Z",3296,,,,"Microsoft Software Key Storage Provider",,,,,1204,,,,,,0x0,,,,,"S-1-5-18",,,,,,,,,,"Microsoft Windows security auditing.",,,,,,,,,,,"Other System Events",,,,Information,,,,,,,,,"12/21/2024 01:53:40 AM
LogName=Security
EventCode=5058
EventType=0
ComputerName=DESKTOP-57BANIQ
SourceName=Microsoft Windows security auditing.
Type=Information
RecordNumber=1204
Keywords=Audit Success
TaskCategory=Other System Events
OpCode=Info
Message=Key file operation.

Subject:
	Security ID:		S-1-5-18
	Account Name:		DESKTOP-57BANIQ$
	Account Domain:		WORKGROUP
	Logon ID:		0x3E7

Process Information:
	Process ID:		3296
	Process Creation Time:	2024-12-20T23:53:33.420618500Z

Cryptographic Parameters:
	Provider Name:	Microsoft Software Key Storage Provider
	Algorithm Name:	UNKNOWN
	Key Name:	C:\Program Files\Splunk\etc\auth\server.pem.pfx
	Key Type:	Machine key.

Key File Operation Information:
	File Path:	C:\ProgramData\Microsoft\Crypto\RSA\MachineKeys\f1930a8d1deb4af47dab806c6fce0de8_98848bf9-0bab-49ae-bdd6-cf497f611ce9
	Operation:	Read persisted key from file.
	Return Code:	0x0","2024-12-21T01:53:40.000+0200",1,21,53,december,40,saturday,2024,local,,"DESKTOP-57BANIQ",main,33,"//_::_====-=___.===_=__==__.\r\r:\rt_:tt---\rt_:tt-$\rt","WinEventLog:Security","WinEventLog:Security","DESKTOP-57BANIQ",,23,0
WORKGROUP,,"DESKTOP-57BANIQ$",,,,RSA,,,,,,,,,,,,,"DESKTOP-57BANIQ",,,,,,,5061,0,,,,,,,,,,,,,,,,,,,"C:\Program Files\Splunk\etc\auth\server.pem.pfx","Machine key.","Audit Success",,,,Security,,,0x3E7,,,,,"Cryptographic operation.

Subject:
	Security ID:		S-1-5-18
	Account Name:		DESKTOP-57BANIQ$
	Account Domain:		WORKGROUP
	Logon ID:		0x3E7

Cryptographic Parameters:
	Provider Name:	Microsoft Software Key Storage Provider
	Algorithm Name:	RSA
	Key Name:	C:\Program Files\Splunk\etc\auth\server.pem.pfx
	Key Type:	Machine key.

Cryptographic Operation:
	Operation:	Open Key.
	Return Code:	0x0",,,,,,,,,,,,,,,,,,,,,,,Info,"Open Key.",,,,,,,,,,,,,,,,,,,,,,,,,,,"Microsoft Software Key Storage Provider",,,,,1203,,,,,,0x0,,,,,"S-1-5-18",,,,,,,,,,"Microsoft Windows security auditing.",,,,,,,,,,,"System Integrity",,,,Information,,,,,,,,,"12/21/2024 01:53:40 AM
LogName=Security
EventCode=5061
EventType=0
ComputerName=DESKTOP-57BANIQ
SourceName=Microsoft Windows security auditing.
Type=Information
RecordNumber=1203
Keywords=Audit Success
TaskCategory=System Integrity
OpCode=Info
Message=Cryptographic operation.

Subject:
	Security ID:		S-1-5-18
	Account Name:		DESKTOP-57BANIQ$
	Account Domain:		WORKGROUP
	Logon ID:		0x3E7

Cryptographic Parameters:
	Provider Name:	Microsoft Software Key Storage Provider
	Algorithm Name:	RSA
	Key Name:	C:\Program Files\Splunk\etc\auth\server.pem.pfx
	Key Type:	Machine key.

Cryptographic Operation:
	Operation:	Open Key.
	Return Code:	0x0","2024-12-21T01:53:40.000+0200",1,21,53,december,40,saturday,2024,local,,"DESKTOP-57BANIQ",main,28,"//_::_====-=___.===_=_==_.\r\r:\rt_:tt---\rt_:tt-$\rt_:","WinEventLog:Security","WinEventLog:Security","DESKTOP-57BANIQ",,23,0
WORKGROUP,,"DESKTOP-57BANIQ$",,,,UNKNOWN,,,,,,,,,,,,,"DESKTOP-57BANIQ",,,,,,,5058,0,,,"C:\ProgramData\Microsoft\Crypto\RSA\MachineKeys\f1930a8d1deb4af47dab806c6fce0de8_98848bf9-0bab-49ae-bdd6-cf497f611ce9",,,,,,,,,,,,,,,,"C:\Program Files\Splunk\etc\auth\server.pem.pfx","Machine key.","Audit Success",,,,Security,,,0x3E7,,,,,"Key file operation.

Subject:
	Security ID:		S-1-5-18
	Account Name:		DESKTOP-57BANIQ$
	Account Domain:		WORKGROUP
	Logon ID:		0x3E7

Process Information:
	Process ID:		3296
	Process Creation Time:	2024-12-20T23:53:33.420618500Z

Cryptographic Parameters:
	Provider Name:	Microsoft Software Key Storage Provider
	Algorithm Name:	UNKNOWN
	Key Name:	C:\Program Files\Splunk\etc\auth\server.pem.pfx
	Key Type:	Machine key.

Key File Operation Information:
	File Path:	C:\ProgramData\Microsoft\Crypto\RSA\MachineKeys\f1930a8d1deb4af47dab806c6fce0de8_98848bf9-0bab-49ae-bdd6-cf497f611ce9
	Operation:	Read persisted key from file.
	Return Code:	0x0",,,,,,,,,,,,,,,,,,,,,,,Info,"Read persisted key from file.",,,,,,,,,,,,,,,,,,,,,,"2024-12-20T23:53:33.420618500Z",3296,,,,"Microsoft Software Key Storage Provider",,,,,1202,,,,,,0x0,,,,,"S-1-5-18",,,,,,,,,,"Microsoft Windows security auditing.",,,,,,,,,,,"Other System Events",,,,Information,,,,,,,,,"12/21/2024 01:53:40 AM
LogName=Security
EventCode=5058
EventType=0
ComputerName=DESKTOP-57BANIQ
SourceName=Microsoft Windows security auditing.
Type=Information
RecordNumber=1202
Keywords=Audit Success
TaskCategory=Other System Events
OpCode=Info
Message=Key file operation.

Subject:
	Security ID:		S-1-5-18
	Account Name:		DESKTOP-57BANIQ$
	Account Domain:		WORKGROUP
	Logon ID:		0x3E7

Process Information:
	Process ID:		3296
	Process Creation Time:	2024-12-20T23:53:33.420618500Z

Cryptographic Parameters:
	Provider Name:	Microsoft Software Key Storage Provider
	Algorithm Name:	UNKNOWN
	Key Name:	C:\Program Files\Splunk\etc\auth\server.pem.pfx
	Key Type:	Machine key.

Key File Operation Information:
	File Path:	C:\ProgramData\Microsoft\Crypto\RSA\MachineKeys\f1930a8d1deb4af47dab806c6fce0de8_98848bf9-0bab-49ae-bdd6-cf497f611ce9
	Operation:	Read persisted key from file.
	Return Code:	0x0","2024-12-21T01:53:40.000+0200",1,21,53,december,40,saturday,2024,local,,"DESKTOP-57BANIQ",main,33,"//_::_====-=___.===_=__==__.\r\r:\rt_:tt---\rt_:tt-$\rt","WinEventLog:Security","WinEventLog:Security","DESKTOP-57BANIQ",,23,0
WORKGROUP,,"DESKTOP-57BANIQ$",,,,RSA,,,,,,,,,,,,,"DESKTOP-57BANIQ",,,,,,,5061,0,,,,,,,,,,,,,,,,,,,"C:\Program Files\Splunk\etc\auth\server.pem.pfx","Machine key.","Audit Success",,,,Security,,,0x3E7,,,,,"Cryptographic operation.

Subject:
	Security ID:		S-1-5-18
	Account Name:		DESKTOP-57BANIQ$
	Account Domain:		WORKGROUP
	Logon ID:		0x3E7

Cryptographic Parameters:
	Provider Name:	Microsoft Software Key Storage Provider
	Algorithm Name:	RSA
	Key Name:	C:\Program Files\Splunk\etc\auth\server.pem.pfx
	Key Type:	Machine key.

Cryptographic Operation:
	Operation:	Open Key.
	Return Code:	0x0",,,,,,,,,,,,,,,,,,,,,,,Info,"Open Key.",,,,,,,,,,,,,,,,,,,,,,,,,,,"Microsoft Software Key Storage Provider",,,,,1201,,,,,,0x0,,,,,"S-1-5-18",,,,,,,,,,"Microsoft Windows security auditing.",,,,,,,,,,,"System Integrity",,,,Information,,,,,,,,,"12/21/2024 01:53:40 AM
LogName=Security
EventCode=5061
EventType=0
ComputerName=DESKTOP-57BANIQ
SourceName=Microsoft Windows security auditing.
Type=Information
RecordNumber=1201
Keywords=Audit Success
TaskCategory=System Integrity
OpCode=Info
Message=Cryptographic operation.

Subject:
	Security ID:		S-1-5-18
	Account Name:		DESKTOP-57BANIQ$
	Account Domain:		WORKGROUP
	Logon ID:		0x3E7

Cryptographic Parameters:
	Provider Name:	Microsoft Software Key Storage Provider
	Algorithm Name:	RSA
	Key Name:	C:\Program Files\Splunk\etc\auth\server.pem.pfx
	Key Type:	Machine key.

Cryptographic Operation:
	Operation:	Open Key.
	Return Code:	0x0","2024-12-21T01:53:40.000+0200",1,21,53,december,40,saturday,2024,local,,"DESKTOP-57BANIQ",main,28,"//_::_====-=___.===_=_==_.\r\r:\rt_:tt---\rt_:tt-$\rt_:","WinEventLog:Security","WinEventLog:Security","DESKTOP-57BANIQ",,23,0
WORKGROUP,,"DESKTOP-57BANIQ$",,,,UNKNOWN,,,,,,,,,,,,,"DESKTOP-57BANIQ",,,,,,,5058,0,,,"C:\ProgramData\Microsoft\Crypto\RSA\MachineKeys\f1930a8d1deb4af47dab806c6fce0de8_98848bf9-0bab-49ae-bdd6-cf497f611ce9",,,,,,,,,,,,,,,,"C:\Program Files\Splunk\etc\auth\server.pem.pfx","Machine key.","Audit Success",,,,Security,,,0x3E7,,,,,"Key file operation.

Subject:
	Security ID:		S-1-5-18
	Account Name:		DESKTOP-57BANIQ$
	Account Domain:		WORKGROUP
	Logon ID:		0x3E7

Process Information:
	Process ID:		3296
	Process Creation Time:	2024-12-20T23:53:33.420618500Z

Cryptographic Parameters:
	Provider Name:	Microsoft Software Key Storage Provider
	Algorithm Name:	UNKNOWN
	Key Name:	C:\Program Files\Splunk\etc\auth\server.pem.pfx
	Key Type:	Machine key.

Key File Operation Information:
	File Path:	C:\ProgramData\Microsoft\Crypto\RSA\MachineKeys\f1930a8d1deb4af47dab806c6fce0de8_98848bf9-0bab-49ae-bdd6-cf497f611ce9
	Operation:	Read persisted key from file.
	Return Code:	0x0",,,,,,,,,,,,,,,,,,,,,,,Info,"Read persisted key from file.",,,,,,,,,,,,,,,,,,,,,,"2024-12-20T23:53:33.420618500Z",3296,,,,"Microsoft Software Key Storage Provider",,,,,1200,,,,,,0x0,,,,,"S-1-5-18",,,,,,,,,,"Microsoft Windows security auditing.",,,,,,,,,,,"Other System Events",,,,Information,,,,,,,,,"12/21/2024 01:53:40 AM
LogName=Security
EventCode=5058
EventType=0
ComputerName=DESKTOP-57BANIQ
SourceName=Microsoft Windows security auditing.
Type=Information
RecordNumber=1200
Keywords=Audit Success
TaskCategory=Other System Events
OpCode=Info
Message=Key file operation.

Subject:
	Security ID:		S-1-5-18
	Account Name:		DESKTOP-57BANIQ$
	Account Domain:		WORKGROUP
	Logon ID:		0x3E7

Process Information:
	Process ID:		3296
	Process Creation Time:	2024-12-20T23:53:33.420618500Z

Cryptographic Parameters:
	Provider Name:	Microsoft Software Key Storage Provider
	Algorithm Name:	UNKNOWN
	Key Name:	C:\Program Files\Splunk\etc\auth\server.pem.pfx
	Key Type:	Machine key.

Key File Operation Information:
	File Path:	C:\ProgramData\Microsoft\Crypto\RSA\MachineKeys\f1930a8d1deb4af47dab806c6fce0de8_98848bf9-0bab-49ae-bdd6-cf497f611ce9
	Operation:	Read persisted key from file.
	Return Code:	0x0","2024-12-21T01:53:40.000+0200",1,21,53,december,40,saturday,2024,local,,"DESKTOP-57BANIQ",main,33,"//_::_====-=___.===_=__==__.\r\r:\rt_:tt---\rt_:tt-$\rt","WinEventLog:Security","WinEventLog:Security","DESKTOP-57BANIQ",,23,0
WORKGROUP,,"DESKTOP-57BANIQ$",,,,RSA,,,,,,,,,,,,,"DESKTOP-57BANIQ",,,,,,,5061,0,,,,,,,,,,,,,,,,,,,"C:\Program Files\Splunk\etc\auth\server.pem.pfx","Machine key.","Audit Success",,,,Security,,,0x3E7,,,,,"Cryptographic operation.

Subject:
	Security ID:		S-1-5-18
	Account Name:		DESKTOP-57BANIQ$
	Account Domain:		WORKGROUP
	Logon ID:		0x3E7

Cryptographic Parameters:
	Provider Name:	Microsoft Software Key Storage Provider
	Algorithm Name:	RSA
	Key Name:	C:\Program Files\Splunk\etc\auth\server.pem.pfx
	Key Type:	Machine key.

Cryptographic Operation:
	Operation:	Open Key.
	Return Code:	0x0",,,,,,,,,,,,,,,,,,,,,,,Info,"Open Key.",,,,,,,,,,,,,,,,,,,,,,,,,,,"Microsoft Software Key Storage Provider",,,,,1199,,,,,,0x0,,,,,"S-1-5-18",,,,,,,,,,"Microsoft Windows security auditing.",,,,,,,,,,,"System Integrity",,,,Information,,,,,,,,,"12/21/2024 01:53:39 AM
LogName=Security
EventCode=5061
EventType=0
ComputerName=DESKTOP-57BANIQ
SourceName=Microsoft Windows security auditing.
Type=Information
RecordNumber=1199
Keywords=Audit Success
TaskCategory=System Integrity
OpCode=Info
Message=Cryptographic operation.

Subject:
	Security ID:		S-1-5-18
	Account Name:		DESKTOP-57BANIQ$
	Account Domain:		WORKGROUP
	Logon ID:		0x3E7

Cryptographic Parameters:
	Provider Name:	Microsoft Software Key Storage Provider
	Algorithm Name:	RSA
	Key Name:	C:\Program Files\Splunk\etc\auth\server.pem.pfx
	Key Type:	Machine key.

Cryptographic Operation:
	Operation:	Open Key.
	Return Code:	0x0","2024-12-21T01:53:39.000+0200",1,21,53,december,39,saturday,2024,local,,"DESKTOP-57BANIQ",main,28,"//_::_====-=___.===_=_==_.\r\r:\rt_:tt---\rt_:tt-$\rt_:","WinEventLog:Security","WinEventLog:Security","DESKTOP-57BANIQ",,23,0
WORKGROUP,,"DESKTOP-57BANIQ$",,,,UNKNOWN,,,,,,,,,,,,,"DESKTOP-57BANIQ",,,,,,,5058,0,,,"C:\ProgramData\Microsoft\Crypto\RSA\MachineKeys\f1930a8d1deb4af47dab806c6fce0de8_98848bf9-0bab-49ae-bdd6-cf497f611ce9",,,,,,,,,,,,,,,,"C:\Program Files\Splunk\etc\auth\server.pem.pfx","Machine key.","Audit Success",,,,Security,,,0x3E7,,,,,"Key file operation.

Subject:
	Security ID:		S-1-5-18
	Account Name:		DESKTOP-57BANIQ$
	Account Domain:		WORKGROUP
	Logon ID:		0x3E7

Process Information:
	Process ID:		3296
	Process Creation Time:	2024-12-20T23:53:33.420618500Z

Cryptographic Parameters:
	Provider Name:	Microsoft Software Key Storage Provider
	Algorithm Name:	UNKNOWN
	Key Name:	C:\Program Files\Splunk\etc\auth\server.pem.pfx
	Key Type:	Machine key.

Key File Operation Information:
	File Path:	C:\ProgramData\Microsoft\Crypto\RSA\MachineKeys\f1930a8d1deb4af47dab806c6fce0de8_98848bf9-0bab-49ae-bdd6-cf497f611ce9
	Operation:	Read persisted key from file.
	Return Code:	0x0",,,,,,,,,,,,,,,,,,,,,,,Info,"Read persisted key from file.",,,,,,,,,,,,,,,,,,,,,,"2024-12-20T23:53:33.420618500Z",3296,,,,"Microsoft Software Key Storage Provider",,,,,1198,,,,,,0x0,,,,,"S-1-5-18",,,,,,,,,,"Microsoft Windows security auditing.",,,,,,,,,,,"Other System Events",,,,Information,,,,,,,,,"12/21/2024 01:53:39 AM
LogName=Security
EventCode=5058
EventType=0
ComputerName=DESKTOP-57BANIQ
SourceName=Microsoft Windows security auditing.
Type=Information
RecordNumber=1198
Keywords=Audit Success
TaskCategory=Other System Events
OpCode=Info
Message=Key file operation.

Subject:
	Security ID:		S-1-5-18
	Account Name:		DESKTOP-57BANIQ$
	Account Domain:		WORKGROUP
	Logon ID:		0x3E7

Process Information:
	Process ID:		3296
	Process Creation Time:	2024-12-20T23:53:33.420618500Z

Cryptographic Parameters:
	Provider Name:	Microsoft Software Key Storage Provider
	Algorithm Name:	UNKNOWN
	Key Name:	C:\Program Files\Splunk\etc\auth\server.pem.pfx
	Key Type:	Machine key.

Key File Operation Information:
	File Path:	C:\ProgramData\Microsoft\Crypto\RSA\MachineKeys\f1930a8d1deb4af47dab806c6fce0de8_98848bf9-0bab-49ae-bdd6-cf497f611ce9
	Operation:	Read persisted key from file.
	Return Code:	0x0","2024-12-21T01:53:39.000+0200",1,21,53,december,39,saturday,2024,local,,"DESKTOP-57BANIQ",main,33,"//_::_====-=___.===_=__==__.\r\r:\rt_:tt---\rt_:tt-$\rt","WinEventLog:Security","WinEventLog:Security","DESKTOP-57BANIQ",,23,0
WORKGROUP,,"DESKTOP-57BANIQ$",,,,RSA,,,,,,,,,,,,,"DESKTOP-57BANIQ",,,,,,,5061,0,,,,,,,,,,,,,,,,,,,"C:\Program Files\Splunk\etc\auth\server.pem.pfx","Machine key.","Audit Success",,,,Security,,,0x3E7,,,,,"Cryptographic operation.

Subject:
	Security ID:		S-1-5-18
	Account Name:		DESKTOP-57BANIQ$
	Account Domain:		WORKGROUP
	Logon ID:		0x3E7

Cryptographic Parameters:
	Provider Name:	Microsoft Software Key Storage Provider
	Algorithm Name:	RSA
	Key Name:	C:\Program Files\Splunk\etc\auth\server.pem.pfx
	Key Type:	Machine key.

Cryptographic Operation:
	Operation:	Open Key.
	Return Code:	0x0",,,,,,,,,,,,,,,,,,,,,,,Info,"Open Key.",,,,,,,,,,,,,,,,,,,,,,,,,,,"Microsoft Software Key Storage Provider",,,,,1197,,,,,,0x0,,,,,"S-1-5-18",,,,,,,,,,"Microsoft Windows security auditing.",,,,,,,,,,,"System Integrity",,,,Information,,,,,,,,,"12/21/2024 01:53:38 AM
LogName=Security
EventCode=5061
EventType=0
ComputerName=DESKTOP-57BANIQ
SourceName=Microsoft Windows security auditing.
Type=Information
RecordNumber=1197
Keywords=Audit Success
TaskCategory=System Integrity
OpCode=Info
Message=Cryptographic operation.

Subject:
	Security ID:		S-1-5-18
	Account Name:		DESKTOP-57BANIQ$
	Account Domain:		WORKGROUP
	Logon ID:		0x3E7

Cryptographic Parameters:
	Provider Name:	Microsoft Software Key Storage Provider
	Algorithm Name:	RSA
	Key Name:	C:\Program Files\Splunk\etc\auth\server.pem.pfx
	Key Type:	Machine key.

Cryptographic Operation:
	Operation:	Open Key.
	Return Code:	0x0","2024-12-21T01:53:38.000+0200",1,21,53,december,38,saturday,2024,local,,"DESKTOP-57BANIQ",main,28,"//_::_====-=___.===_=_==_.\r\r:\rt_:tt---\rt_:tt-$\rt_:","WinEventLog:Security","WinEventLog:Security","DESKTOP-57BANIQ",,23,0
WORKGROUP,,"DESKTOP-57BANIQ$",,,,UNKNOWN,,,,,,,,,,,,,"DESKTOP-57BANIQ",,,,,,,5058,0,,,"C:\ProgramData\Microsoft\Crypto\RSA\MachineKeys\f1930a8d1deb4af47dab806c6fce0de8_98848bf9-0bab-49ae-bdd6-cf497f611ce9",,,,,,,,,,,,,,,,"C:\Program Files\Splunk\etc\auth\server.pem.pfx","Machine key.","Audit Success",,,,Security,,,0x3E7,,,,,"Key file operation.

Subject:
	Security ID:		S-1-5-18
	Account Name:		DESKTOP-57BANIQ$
	Account Domain:		WORKGROUP
	Logon ID:		0x3E7

Process Information:
	Process ID:		3296
	Process Creation Time:	2024-12-20T23:53:33.420618500Z

Cryptographic Parameters:
	Provider Name:	Microsoft Software Key Storage Provider
	Algorithm Name:	UNKNOWN
	Key Name:	C:\Program Files\Splunk\etc\auth\server.pem.pfx
	Key Type:	Machine key.

Key File Operation Information:
	File Path:	C:\ProgramData\Microsoft\Crypto\RSA\MachineKeys\f1930a8d1deb4af47dab806c6fce0de8_98848bf9-0bab-49ae-bdd6-cf497f611ce9
	Operation:	Read persisted key from file.
	Return Code:	0x0",,,,,,,,,,,,,,,,,,,,,,,Info,"Read persisted key from file.",,,,,,,,,,,,,,,,,,,,,,"2024-12-20T23:53:33.420618500Z",3296,,,,"Microsoft Software Key Storage Provider",,,,,1196,,,,,,0x0,,,,,"S-1-5-18",,,,,,,,,,"Microsoft Windows security auditing.",,,,,,,,,,,"Other System Events",,,,Information,,,,,,,,,"12/21/2024 01:53:38 AM
LogName=Security
EventCode=5058
EventType=0
ComputerName=DESKTOP-57BANIQ
SourceName=Microsoft Windows security auditing.
Type=Information
RecordNumber=1196
Keywords=Audit Success
TaskCategory=Other System Events
OpCode=Info
Message=Key file operation.

Subject:
	Security ID:		S-1-5-18
	Account Name:		DESKTOP-57BANIQ$
	Account Domain:		WORKGROUP
	Logon ID:		0x3E7

Process Information:
	Process ID:		3296
	Process Creation Time:	2024-12-20T23:53:33.420618500Z

Cryptographic Parameters:
	Provider Name:	Microsoft Software Key Storage Provider
	Algorithm Name:	UNKNOWN
	Key Name:	C:\Program Files\Splunk\etc\auth\server.pem.pfx
	Key Type:	Machine key.

Key File Operation Information:
	File Path:	C:\ProgramData\Microsoft\Crypto\RSA\MachineKeys\f1930a8d1deb4af47dab806c6fce0de8_98848bf9-0bab-49ae-bdd6-cf497f611ce9
	Operation:	Read persisted key from file.
	Return Code:	0x0","2024-12-21T01:53:38.000+0200",1,21,53,december,38,saturday,2024,local,,"DESKTOP-57BANIQ",main,33,"//_::_====-=___.===_=__==__.\r\r:\rt_:tt---\rt_:tt-$\rt","WinEventLog:Security","WinEventLog:Security","DESKTOP-57BANIQ",,23,0
WORKGROUP,,"DESKTOP-57BANIQ$",,,,RSA,,,,,,,,,,,,,"DESKTOP-57BANIQ",,,,,,,5061,0,,,,,,,,,,,,,,,,,,,"C:\Program Files\Splunk\etc\auth\server.pem.pfx","Machine key.","Audit Success",,,,Security,,,0x3E7,,,,,"Cryptographic operation.

Subject:
	Security ID:		S-1-5-18
	Account Name:		DESKTOP-57BANIQ$
	Account Domain:		WORKGROUP
	Logon ID:		0x3E7

Cryptographic Parameters:
	Provider Name:	Microsoft Software Key Storage Provider
	Algorithm Name:	RSA
	Key Name:	C:\Program Files\Splunk\etc\auth\server.pem.pfx
	Key Type:	Machine key.

Cryptographic Operation:
	Operation:	Open Key.
	Return Code:	0x0",,,,,,,,,,,,,,,,,,,,,,,Info,"Open Key.",,,,,,,,,,,,,,,,,,,,,,,,,,,"Microsoft Software Key Storage Provider",,,,,1195,,,,,,0x0,,,,,"S-1-5-18",,,,,,,,,,"Microsoft Windows security auditing.",,,,,,,,,,,"System Integrity",,,,Information,,,,,,,,,"12/21/2024 01:53:38 AM
LogName=Security
EventCode=5061
EventType=0
ComputerName=DESKTOP-57BANIQ
SourceName=Microsoft Windows security auditing.
Type=Information
RecordNumber=1195
Keywords=Audit Success
TaskCategory=System Integrity
OpCode=Info
Message=Cryptographic operation.

Subject:
	Security ID:		S-1-5-18
	Account Name:		DESKTOP-57BANIQ$
	Account Domain:		WORKGROUP
	Logon ID:		0x3E7

Cryptographic Parameters:
	Provider Name:	Microsoft Software Key Storage Provider
	Algorithm Name:	RSA
	Key Name:	C:\Program Files\Splunk\etc\auth\server.pem.pfx
	Key Type:	Machine key.

Cryptographic Operation:
	Operation:	Open Key.
	Return Code:	0x0","2024-12-21T01:53:38.000+0200",1,21,53,december,38,saturday,2024,local,,"DESKTOP-57BANIQ",main,28,"//_::_====-=___.===_=_==_.\r\r:\rt_:tt---\rt_:tt-$\rt_:","WinEventLog:Security","WinEventLog:Security","DESKTOP-57BANIQ",,23,0
WORKGROUP,,"DESKTOP-57BANIQ$",,,,UNKNOWN,,,,,,,,,,,,,"DESKTOP-57BANIQ",,,,,,,5058,0,,,"C:\ProgramData\Microsoft\Crypto\RSA\MachineKeys\f1930a8d1deb4af47dab806c6fce0de8_98848bf9-0bab-49ae-bdd6-cf497f611ce9",,,,,,,,,,,,,,,,"C:\Program Files\Splunk\etc\auth\server.pem.pfx","Machine key.","Audit Success",,,,Security,,,0x3E7,,,,,"Key file operation.

Subject:
	Security ID:		S-1-5-18
	Account Name:		DESKTOP-57BANIQ$
	Account Domain:		WORKGROUP
	Logon ID:		0x3E7

Process Information:
	Process ID:		3296
	Process Creation Time:	2024-12-20T23:53:33.420618500Z

Cryptographic Parameters:
	Provider Name:	Microsoft Software Key Storage Provider
	Algorithm Name:	UNKNOWN
	Key Name:	C:\Program Files\Splunk\etc\auth\server.pem.pfx
	Key Type:	Machine key.

Key File Operation Information:
	File Path:	C:\ProgramData\Microsoft\Crypto\RSA\MachineKeys\f1930a8d1deb4af47dab806c6fce0de8_98848bf9-0bab-49ae-bdd6-cf497f611ce9
	Operation:	Read persisted key from file.
	Return Code:	0x0",,,,,,,,,,,,,,,,,,,,,,,Info,"Read persisted key from file.",,,,,,,,,,,,,,,,,,,,,,"2024-12-20T23:53:33.420618500Z",3296,,,,"Microsoft Software Key Storage Provider",,,,,1194,,,,,,0x0,,,,,"S-1-5-18",,,,,,,,,,"Microsoft Windows security auditing.",,,,,,,,,,,"Other System Events",,,,Information,,,,,,,,,"12/21/2024 01:53:38 AM
LogName=Security
EventCode=5058
EventType=0
ComputerName=DESKTOP-57BANIQ
SourceName=Microsoft Windows security auditing.
Type=Information
RecordNumber=1194
Keywords=Audit Success
TaskCategory=Other System Events
OpCode=Info
Message=Key file operation.

Subject:
	Security ID:		S-1-5-18
	Account Name:		DESKTOP-57BANIQ$
	Account Domain:		WORKGROUP
	Logon ID:		0x3E7

Process Information:
	Process ID:		3296
	Process Creation Time:	2024-12-20T23:53:33.420618500Z

Cryptographic Parameters:
	Provider Name:	Microsoft Software Key Storage Provider
	Algorithm Name:	UNKNOWN
	Key Name:	C:\Program Files\Splunk\etc\auth\server.pem.pfx
	Key Type:	Machine key.

Key File Operation Information:
	File Path:	C:\ProgramData\Microsoft\Crypto\RSA\MachineKeys\f1930a8d1deb4af47dab806c6fce0de8_98848bf9-0bab-49ae-bdd6-cf497f611ce9
	Operation:	Read persisted key from file.
	Return Code:	0x0","2024-12-21T01:53:38.000+0200",1,21,53,december,38,saturday,2024,local,,"DESKTOP-57BANIQ",main,33,"//_::_====-=___.===_=__==__.\r\r:\rt_:tt---\rt_:tt-$\rt","WinEventLog:Security","WinEventLog:Security","DESKTOP-57BANIQ",,23,0
WORKGROUP,,"DESKTOP-57BANIQ$",,,,RSA,,,,,,,,,,,,,"DESKTOP-57BANIQ",,,,,,,5061,0,,,,,,,,,,,,,,,,,,,"C:\Program Files\Splunk\etc\auth\server.pem.pfx","Machine key.","Audit Success",,,,Security,,,0x3E7,,,,,"Cryptographic operation.

Subject:
	Security ID:		S-1-5-18
	Account Name:		DESKTOP-57BANIQ$
	Account Domain:		WORKGROUP
	Logon ID:		0x3E7

Cryptographic Parameters:
	Provider Name:	Microsoft Software Key Storage Provider
	Algorithm Name:	RSA
	Key Name:	C:\Program Files\Splunk\etc\auth\server.pem.pfx
	Key Type:	Machine key.

Cryptographic Operation:
	Operation:	Open Key.
	Return Code:	0x0",,,,,,,,,,,,,,,,,,,,,,,Info,"Open Key.",,,,,,,,,,,,,,,,,,,,,,,,,,,"Microsoft Software Key Storage Provider",,,,,1193,,,,,,0x0,,,,,"S-1-5-18",,,,,,,,,,"Microsoft Windows security auditing.",,,,,,,,,,,"System Integrity",,,,Information,,,,,,,,,"12/21/2024 01:53:37 AM
LogName=Security
EventCode=5061
EventType=0
ComputerName=DESKTOP-57BANIQ
SourceName=Microsoft Windows security auditing.
Type=Information
RecordNumber=1193
Keywords=Audit Success
TaskCategory=System Integrity
OpCode=Info
Message=Cryptographic operation.

Subject:
	Security ID:		S-1-5-18
	Account Name:		DESKTOP-57BANIQ$
	Account Domain:		WORKGROUP
	Logon ID:		0x3E7

Cryptographic Parameters:
	Provider Name:	Microsoft Software Key Storage Provider
	Algorithm Name:	RSA
	Key Name:	C:\Program Files\Splunk\etc\auth\server.pem.pfx
	Key Type:	Machine key.

Cryptographic Operation:
	Operation:	Open Key.
	Return Code:	0x0","2024-12-21T01:53:37.000+0200",1,21,53,december,37,saturday,2024,local,,"DESKTOP-57BANIQ",main,28,"//_::_====-=___.===_=_==_.\r\r:\rt_:tt---\rt_:tt-$\rt_:","WinEventLog:Security","WinEventLog:Security","DESKTOP-57BANIQ",,23,0
WORKGROUP,,"DESKTOP-57BANIQ$",,,,UNKNOWN,,,,,,,,,,,,,"DESKTOP-57BANIQ",,,,,,,5058,0,,,"C:\ProgramData\Microsoft\Crypto\RSA\MachineKeys\f1930a8d1deb4af47dab806c6fce0de8_98848bf9-0bab-49ae-bdd6-cf497f611ce9",,,,,,,,,,,,,,,,"C:\Program Files\Splunk\etc\auth\server.pem.pfx","Machine key.","Audit Success",,,,Security,,,0x3E7,,,,,"Key file operation.

Subject:
	Security ID:		S-1-5-18
	Account Name:		DESKTOP-57BANIQ$
	Account Domain:		WORKGROUP
	Logon ID:		0x3E7

Process Information:
	Process ID:		3296
	Process Creation Time:	2024-12-20T23:53:33.420618500Z

Cryptographic Parameters:
	Provider Name:	Microsoft Software Key Storage Provider
	Algorithm Name:	UNKNOWN
	Key Name:	C:\Program Files\Splunk\etc\auth\server.pem.pfx
	Key Type:	Machine key.

Key File Operation Information:
	File Path:	C:\ProgramData\Microsoft\Crypto\RSA\MachineKeys\f1930a8d1deb4af47dab806c6fce0de8_98848bf9-0bab-49ae-bdd6-cf497f611ce9
	Operation:	Read persisted key from file.
	Return Code:	0x0",,,,,,,,,,,,,,,,,,,,,,,Info,"Read persisted key from file.",,,,,,,,,,,,,,,,,,,,,,"2024-12-20T23:53:33.420618500Z",3296,,,,"Microsoft Software Key Storage Provider",,,,,1192,,,,,,0x0,,,,,"S-1-5-18",,,,,,,,,,"Microsoft Windows security auditing.",,,,,,,,,,,"Other System Events",,,,Information,,,,,,,,,"12/21/2024 01:53:37 AM
LogName=Security
EventCode=5058
EventType=0
ComputerName=DESKTOP-57BANIQ
SourceName=Microsoft Windows security auditing.
Type=Information
RecordNumber=1192
Keywords=Audit Success
TaskCategory=Other System Events
OpCode=Info
Message=Key file operation.

Subject:
	Security ID:		S-1-5-18
	Account Name:		DESKTOP-57BANIQ$
	Account Domain:		WORKGROUP
	Logon ID:		0x3E7

Process Information:
	Process ID:		3296
	Process Creation Time:	2024-12-20T23:53:33.420618500Z

Cryptographic Parameters:
	Provider Name:	Microsoft Software Key Storage Provider
	Algorithm Name:	UNKNOWN
	Key Name:	C:\Program Files\Splunk\etc\auth\server.pem.pfx
	Key Type:	Machine key.

Key File Operation Information:
	File Path:	C:\ProgramData\Microsoft\Crypto\RSA\MachineKeys\f1930a8d1deb4af47dab806c6fce0de8_98848bf9-0bab-49ae-bdd6-cf497f611ce9
	Operation:	Read persisted key from file.
	Return Code:	0x0","2024-12-21T01:53:37.000+0200",1,21,53,december,37,saturday,2024,local,,"DESKTOP-57BANIQ",main,33,"//_::_====-=___.===_=__==__.\r\r:\rt_:tt---\rt_:tt-$\rt","WinEventLog:Security","WinEventLog:Security","DESKTOP-57BANIQ",,23,0
,,,,,,,,,,,,,,,,,,,"DESKTOP-57BANIQ",,,,,,,7045,4,,,,,,,,,,,,,,,,,,,,,Classic,,,,System,,,,,,,,"A service was installed in the system.

Service Name:  Splunkd Service
Service File Name:  ""C:\Program Files\Splunk\bin\splunkd.exe"" service
Service Type:  user mode service
Service Start Type:  auto start
Service Account:  LocalSystem",,,,,,,,,,,,,,,,,,,,,,,"The operation completed successfully.",,,,,,,,,,,,,,,,,,,,,,,,,,,,,,,,,449,,,,,,,,,,,,LocalSystem,"""C:\Program Files\Splunk\bin\splunkd.exe"" service","Splunkd Service","auto start","user mode service",,,"S-1-5-18",0,"Microsoft-Windows-Service Control Manager",,,,,,,,,,,None,,,,Information,"NOT_TRANSLATED",,,,,,,,"12/21/2024 01:52:03 AM
LogName=System
EventCode=7045
EventType=4
ComputerName=DESKTOP-57BANIQ
User=NOT_TRANSLATED
Sid=S-1-5-18
SidType=0
SourceName=Microsoft-Windows-Service Control Manager
Type=Information
RecordNumber=449
Keywords=Classic
TaskCategory=None
OpCode=The operation completed successfully.
Message=A service was installed in the system.

Service Name:  Splunkd Service
Service File Name:  ""C:\Program Files\Splunk\bin\splunkd.exe"" service
Service Type:  user mode service
Service Start Type:  auto start
Service Account:  LocalSystem","2024-12-21T01:52:03.000+0200",1,21,52,december,3,saturday,2024,local,,"DESKTOP-57BANIQ",main,21,"//_::_====-==---==--__=====___.=______.\r\r_:___\r__:","WinEventLog:System","WinEventLog:System","DESKTOP-57BANIQ",,23,0
,,,,,,,,,,,,,,,,,,,"DESKTOP-57BANIQ",,,,,,,7045,4,,,,,,,,,,,,,,,,,,,,,Classic,,,,System,,,,,,,,"A service was installed in the system.

Service Name:  SplunkMonitorNoHandle
Service File Name:  system32\DRIVERS\SplunkMonitorNoHandleDrv.sys
Service Type:  kernel mode driver
Service Start Type:  demand start
Service Account:",,,,,,,,,,,,,,,,,,,,,,,"The operation completed successfully.",,,,,,,,,,,,,,,,,,,,,,,,,,,,,,,,,448,,,,,,,,,,,,,"system32\DRIVERS\SplunkMonitorNoHandleDrv.sys",SplunkMonitorNoHandle,"demand start","kernel mode driver",,,"S-1-5-18",0,"Microsoft-Windows-Service Control Manager",,,,,,,,,,,None,,,,Information,"NOT_TRANSLATED",,,,,,,,"12/21/2024 01:51:49 AM
