LogName=Security
EventCode=4672
EventType=0
ComputerName=DESKTOP-57BANIQ
SourceName=Microsoft Windows security auditing.
Type=Information
RecordNumber=1062
Keywords=Audit Success
TaskCategory=Special Logon
OpCode=Info
Message=Special privileges assigned to new logon.

Subject:
	Security ID:		S-1-5-18
	Account Name:		SYSTEM
	Account Domain:		NT AUTHORITY
	Logon ID:		0x3E7

Privileges:		SeAssignPrimaryTokenPrivilege
			SeTcbPrivilege
			SeSecurityPrivilege
			SeTakeOwnershipPrivilege
			SeLoadDriverPrivilege
			SeBackupPrivilege
			SeRestorePrivilege
			SeDebugPrivilege
			SeAuditPrivilege
			SeSystemEnvironmentPrivilege
			SeImpersonatePrivilege
			SeDelegateSessionUserImpersonatePrivilege","2024-12-21T01:22:49.000+0200",1,21,22,december,49,saturday,2024,local,,"DESKTOP-57BANIQ",main,31,"//_::_====-=___.===_=_==_____.\r\r:\rt_:tt---\rt_:tt\rt","WinEventLog:Security","WinEventLog:Security","DESKTOP-57BANIQ",,23,0
"WORKGROUP
NT AUTHORITY",,"DESKTOP-57BANIQ$
SYSTEM",,,,,,,,Negotiate,,,,,,,,,"DESKTOP-57BANIQ",,,,,,Yes,4624,0,,,,,,,,,,,,,,,Impersonation,,,0,,,"Audit Success",,0x0,,Security,"{00000000-0000-0000-0000-000000000000}",,"0x3E7
0x3E7",Advapi,5,,,"An account was successfully logged on.

Subject:
	Security ID:		S-1-5-18
	Account Name:		DESKTOP-57BANIQ$
	Account Domain:		WORKGROUP
	Logon ID:		0x3E7

Logon Information:
	Logon Type:		5
	Restricted Admin Mode:	-
	Virtual Account:		No
	Elevated Token:		Yes

Impersonation Level:		Impersonation

New Logon:
	Security ID:		S-1-5-18
	Account Name:		SYSTEM
	Account Domain:		NT AUTHORITY
	Logon ID:		0x3E7
	Linked Logon ID:		0x0
	Network Account Name:	-
	Network Account Domain:	-
	Logon GUID:		{00000000-0000-0000-0000-000000000000}

Process Information:
	Process ID:		0x2b4
	Process Name:		C:\Windows\System32\services.exe

Network Information:
	Workstation Name:	-
	Source Network Address:	-
	Source Port:		-

Detailed Authentication Information:
	Logon Process:		Advapi  
	Authentication Package:	Negotiate
	Transited Services:	-
	Package Name (NTLM only):	-
	Key Length:		0

This event is generated when a logon session is created. It is generated on the computer that was accessed.

The subject fields indicate the account on the local system which requested the logon. This is most commonly a service such as the Server service, or a local process such as Winlogon.exe or Services.exe.

The logon type field indicates the kind of logon that occurred. The most common types are 2 (interactive) and 3 (network).

The New Logon fields indicate the account for whom the new logon was created, i.e. the account that was logged on.

The network fields indicate where a remote logon request originated. Workstation name is not always available and may be left blank in some cases.

The impersonation level field indicates the extent to which a process in the logon session can impersonate.

The authentication information fields provide detailed information about this specific logon request.
	- Logon GUID is a unique identifier that can be used to correlate this event with a KDC event.
	- Transited services indicate which intermediate services have participated in this logon request.
	- Package name indicates which sub-protocol was used among the NTLM protocols.
	- Key length indicates the length of the generated session key. This will be 0 if no session key was requested.",,,,,,"-","-",,,,,,,,,,,,,,,,Info,,,,,,,,,,,,,"-",,,,,,,,,,,0x2b4,"C:\Windows\System32\services.exe",,,,,,,,1061,,,,,"-",,,,,,"S-1-5-18
S-1-5-18",,,,,,,,,,"Microsoft Windows security auditing.","-","-",,,,,,,,,Logon,,,"-",Information,,,,,,,No,"-","12/21/2024 01:22:49 AM
LogName=Security
EventCode=4624
EventType=0
ComputerName=DESKTOP-57BANIQ
SourceName=Microsoft Windows security auditing.
Type=Information
RecordNumber=1061
Keywords=Audit Success
TaskCategory=Logon
OpCode=Info
Message=An account was successfully logged on.

Subject:
	Security ID:		S-1-5-18
	Account Name:		DESKTOP-57BANIQ$
	Account Domain:		WORKGROUP
	Logon ID:		0x3E7

Logon Information:
	Logon Type:		5
	Restricted Admin Mode:	-
	Virtual Account:		No
	Elevated Token:		Yes

Impersonation Level:		Impersonation

New Logon:
	Security ID:		S-1-5-18
	Account Name:		SYSTEM
	Account Domain:		NT AUTHORITY
	Logon ID:		0x3E7
	Linked Logon ID:		0x0
	Network Account Name:	-
	Network Account Domain:	-
	Logon GUID:		{00000000-0000-0000-0000-000000000000}

Process Information:
	Process ID:		0x2b4
	Process Name:		C:\Windows\System32\services.exe

Network Information:
	Workstation Name:	-
	Source Network Address:	-
	Source Port:		-

Detailed Authentication Information:
	Logon Process:		Advapi  
	Authentication Package:	Negotiate
	Transited Services:	-
	Package Name (NTLM only):	-
	Key Length:		0

This event is generated when a logon session is created. It is generated on the computer that was accessed.

The subject fields indicate the account on the local system which requested the logon. This is most commonly a service such as the Server service, or a local process such as Winlogon.exe or Services.exe.

The logon type field indicates the kind of logon that occurred. The most common types are 2 (interactive) and 3 (network).

The New Logon fields indicate the account for whom the new logon was created, i.e. the account that was logged on.

The network fields indicate where a remote logon request originated. Workstation name is not always available and may be left blank in some cases.

The impersonation level field indicates the extent to which a process in the logon session can impersonate.

The authentication information fields provide detailed information about this specific logon request.
	- Logon GUID is a unique identifier that can be used to correlate this event with a KDC event.
	- Transited services indicate which intermediate services have participated in this logon request.
	- Package name indicates which sub-protocol was used among the NTLM protocols.
	- Key length indicates the length of the generated session key. This will be 0 if no session key was requested.","2024-12-21T01:22:49.000+0200",1,21,22,december,49,saturday,2024,local,,"DESKTOP-57BANIQ",main,70,"//_::_====-=___.===_===_____.\r\r:\rt_:tt---\rt_:tt-$\r","WinEventLog:Security","WinEventLog:Security","DESKTOP-57BANIQ",,23,0
"DESKTOP-57BANIQ",,"yms_26",,,,,,,,,,,,,,,,,"DESKTOP-57BANIQ",,,,,,,5379,0,,,,,,,,,,,,,,,,,,,,,"Audit Success",,,,Security,,,0x5945B,,,,,"Credential Manager credentials were read.

Subject:
	Security ID:		S-1-5-21-443749481-124601364-2758766465-1001
	Account Name:		yms_26
	Account Domain:		DESKTOP-57BANIQ
	Logon ID:		0x5945B
	Read Operation:		Enumerate Credentials

This event occurs when a user performs a read operation on stored credentials in Credential Manager.",,,,,,,,,,,,,,,,,,,,,,,Info,,,,,,,,,,,,,,,,,,,,,,,,,,,,,"Enumerate Credentials",,,,1060,,,,,,,,,,,"S-1-5-21-443749481-124601364-2758766465-1001",,,,,,,,,,"Microsoft Windows security auditing.",,,,,,,,,,,"User Account Management",,,,Information,,,,,,,,,"12/21/2024 01:22:40 AM
LogName=Security
EventCode=5379
EventType=0
ComputerName=DESKTOP-57BANIQ
SourceName=Microsoft Windows security auditing.
Type=Information
RecordNumber=1060
Keywords=Audit Success
TaskCategory=User Account Management
OpCode=Info
Message=Credential Manager credentials were read.

Subject:
	Security ID:		S-1-5-21-443749481-124601364-2758766465-1001
	Account Name:		yms_26
	Account Domain:		DESKTOP-57BANIQ
	Logon ID:		0x5945B
	Read Operation:		Enumerate Credentials

This event occurs when a user performs a read operation on stored credentials in Credential Manager.","2024-12-21T01:22:40.000+0200",1,21,22,december,40,saturday,2024,local,,"DESKTOP-57BANIQ",main,21,"//_::_====-=___.===_=__==____.\r\r:\rt_:tt-------\rt_:","WinEventLog:Security","WinEventLog:Security","DESKTOP-57BANIQ",,23,0
"DESKTOP-57BANIQ",,"yms_26",,,,,,,,,,,,,,,,,"DESKTOP-57BANIQ",,,,,,,5379,0,,,,,,,,,,,,,,,,,,,,,"Audit Success",,,,Security,,,0x5945B,,,,,"Credential Manager credentials were read.

Subject:
	Security ID:		S-1-5-21-443749481-124601364-2758766465-1001
	Account Name:		yms_26
	Account Domain:		DESKTOP-57BANIQ
	Logon ID:		0x5945B
	Read Operation:		Enumerate Credentials

This event occurs when a user performs a read operation on stored credentials in Credential Manager.",,,,,,,,,,,,,,,,,,,,,,,Info,,,,,,,,,,,,,,,,,,,,,,,,,,,,,"Enumerate Credentials",,,,1059,,,,,,,,,,,"S-1-5-21-443749481-124601364-2758766465-1001",,,,,,,,,,"Microsoft Windows security auditing.",,,,,,,,,,,"User Account Management",,,,Information,,,,,,,,,"12/21/2024 01:22:40 AM
LogName=Security
EventCode=5379
EventType=0
ComputerName=DESKTOP-57BANIQ
SourceName=Microsoft Windows security auditing.
Type=Information
RecordNumber=1059
Keywords=Audit Success
TaskCategory=User Account Management
OpCode=Info
Message=Credential Manager credentials were read.

Subject:
	Security ID:		S-1-5-21-443749481-124601364-2758766465-1001
	Account Name:		yms_26
	Account Domain:		DESKTOP-57BANIQ
	Logon ID:		0x5945B
	Read Operation:		Enumerate Credentials

This event occurs when a user performs a read operation on stored credentials in Credential Manager.","2024-12-21T01:22:40.000+0200",1,21,22,december,40,saturday,2024,local,,"DESKTOP-57BANIQ",main,21,"//_::_====-=___.===_=__==____.\r\r:\rt_:tt-------\rt_:","WinEventLog:Security","WinEventLog:Security","DESKTOP-57BANIQ",,23,0
"DESKTOP-57BANIQ",,"yms_26",,,,,,,,,,,,,,,,,"DESKTOP-57BANIQ",,,,,,,5379,0,,,,,,,,,,,,,,,,,,,,,"Audit Success",,,,Security,,,0x5945B,,,,,"Credential Manager credentials were read.

Subject:
	Security ID:		S-1-5-21-443749481-124601364-2758766465-1001
	Account Name:		yms_26
	Account Domain:		DESKTOP-57BANIQ
	Logon ID:		0x5945B
	Read Operation:		Enumerate Credentials

This event occurs when a user performs a read operation on stored credentials in Credential Manager.",,,,,,,,,,,,,,,,,,,,,,,Info,,,,,,,,,,,,,,,,,,,,,,,,,,,,,"Enumerate Credentials",,,,1058,,,,,,,,,,,"S-1-5-21-443749481-124601364-2758766465-1001",,,,,,,,,,"Microsoft Windows security auditing.",,,,,,,,,,,"User Account Management",,,,Information,,,,,,,,,"12/21/2024 01:22:39 AM
LogName=Security
EventCode=5379
EventType=0
ComputerName=DESKTOP-57BANIQ
SourceName=Microsoft Windows security auditing.
Type=Information
RecordNumber=1058
Keywords=Audit Success
TaskCategory=User Account Management
OpCode=Info
Message=Credential Manager credentials were read.

Subject:
	Security ID:		S-1-5-21-443749481-124601364-2758766465-1001
	Account Name:		yms_26
	Account Domain:		DESKTOP-57BANIQ
	Logon ID:		0x5945B
	Read Operation:		Enumerate Credentials

This event occurs when a user performs a read operation on stored credentials in Credential Manager.","2024-12-21T01:22:39.000+0200",1,21,22,december,39,saturday,2024,local,,"DESKTOP-57BANIQ",main,21,"//_::_====-=___.===_=__==____.\r\r:\rt_:tt-------\rt_:","WinEventLog:Security","WinEventLog:Security","DESKTOP-57BANIQ",,23,0
"DESKTOP-57BANIQ",,"yms_26",,,,,,,,,,,,,,,,,"DESKTOP-57BANIQ",,,,,,,5379,0,,,,,,,,,,,,,,,,,,,,,"Audit Success",,,,Security,,,0x5945B,,,,,"Credential Manager credentials were read.

Subject:
	Security ID:		S-1-5-21-443749481-124601364-2758766465-1001
	Account Name:		yms_26
	Account Domain:		DESKTOP-57BANIQ
	Logon ID:		0x5945B
	Read Operation:		Enumerate Credentials

This event occurs when a user performs a read operation on stored credentials in Credential Manager.",,,,,,,,,,,,,,,,,,,,,,,Info,,,,,,,,,,,,,,,,,,,,,,,,,,,,,"Enumerate Credentials",,,,1057,,,,,,,,,,,"S-1-5-21-443749481-124601364-2758766465-1001",,,,,,,,,,"Microsoft Windows security auditing.",,,,,,,,,,,"User Account Management",,,,Information,,,,,,,,,"12/21/2024 01:22:39 AM
LogName=Security
EventCode=5379
EventType=0
ComputerName=DESKTOP-57BANIQ
SourceName=Microsoft Windows security auditing.
Type=Information
RecordNumber=1057
Keywords=Audit Success
TaskCategory=User Account Management
OpCode=Info
Message=Credential Manager credentials were read.

Subject:
	Security ID:		S-1-5-21-443749481-124601364-2758766465-1001
	Account Name:		yms_26
	Account Domain:		DESKTOP-57BANIQ
	Logon ID:		0x5945B
	Read Operation:		Enumerate Credentials

This event occurs when a user performs a read operation on stored credentials in Credential Manager.","2024-12-21T01:22:39.000+0200",1,21,22,december,39,saturday,2024,local,,"DESKTOP-57BANIQ",main,21,"//_::_====-=___.===_=__==____.\r\r:\rt_:tt-------\rt_:","WinEventLog:Security","WinEventLog:Security","DESKTOP-57BANIQ",,23,0
"DESKTOP-57BANIQ",,"yms_26",,,,,,,,,,,,,,,,,"DESKTOP-57BANIQ",,,,,,,5379,0,,,,,,,,,,,,,,,,,,,,,"Audit Success",,,,Security,,,0x5945B,,,,,"Credential Manager credentials were read.

Subject:
	Security ID:		S-1-5-21-443749481-124601364-2758766465-1001
	Account Name:		yms_26
	Account Domain:		DESKTOP-57BANIQ
	Logon ID:		0x5945B
	Read Operation:		Enumerate Credentials

This event occurs when a user performs a read operation on stored credentials in Credential Manager.",,,,,,,,,,,,,,,,,,,,,,,Info,,,,,,,,,,,,,,,,,,,,,,,,,,,,,"Enumerate Credentials",,,,1056,,,,,,,,,,,"S-1-5-21-443749481-124601364-2758766465-1001",,,,,,,,,,"Microsoft Windows security auditing.",,,,,,,,,,,"User Account Management",,,,Information,,,,,,,,,"12/21/2024 01:22:39 AM
LogName=Security
EventCode=5379
EventType=0
ComputerName=DESKTOP-57BANIQ
SourceName=Microsoft Windows security auditing.
Type=Information
RecordNumber=1056
Keywords=Audit Success
TaskCategory=User Account Management
OpCode=Info
Message=Credential Manager credentials were read.

Subject:
	Security ID:		S-1-5-21-443749481-124601364-2758766465-1001
	Account Name:		yms_26
	Account Domain:		DESKTOP-57BANIQ
	Logon ID:		0x5945B
	Read Operation:		Enumerate Credentials

This event occurs when a user performs a read operation on stored credentials in Credential Manager.","2024-12-21T01:22:39.000+0200",1,21,22,december,39,saturday,2024,local,,"DESKTOP-57BANIQ",main,21,"//_::_====-=___.===_=__==____.\r\r:\rt_:tt-------\rt_:","WinEventLog:Security","WinEventLog:Security","DESKTOP-57BANIQ",,23,0
WORKGROUP,,"DESKTOP-57BANIQ$",,,,,,,,,,,,,,,,,"DESKTOP-57BANIQ",,,,,,,5379,0,,,,,,,,,,,,,,,,,,,,,"Audit Success",,,,Security,,,0x3E7,,,,,"Credential Manager credentials were read.

Subject:
	Security ID:		S-1-5-18
	Account Name:		DESKTOP-57BANIQ$
	Account Domain:		WORKGROUP
	Logon ID:		0x3E7
	Read Operation:		Enumerate Credentials

This event occurs when a user performs a read operation on stored credentials in Credential Manager.",,,,,,,,,,,,,,,,,,,,,,,Info,,,,,,,,,,,,,,,,,,,,,,,,,,,,,"Enumerate Credentials",,,,1055,,,,,,,,,,,"S-1-5-18",,,,,,,,,,"Microsoft Windows security auditing.",,,,,,,,,,,"User Account Management",,,,Information,,,,,,,,,"12/21/2024 01:22:39 AM
LogName=Security
EventCode=5379
EventType=0
ComputerName=DESKTOP-57BANIQ
SourceName=Microsoft Windows security auditing.
Type=Information
RecordNumber=1055
Keywords=Audit Success
TaskCategory=User Account Management
OpCode=Info
Message=Credential Manager credentials were read.

Subject:
	Security ID:		S-1-5-18
	Account Name:		DESKTOP-57BANIQ$
	Account Domain:		WORKGROUP
	Logon ID:		0x3E7
	Read Operation:		Enumerate Credentials

This event occurs when a user performs a read operation on stored credentials in Credential Manager.","2024-12-21T01:22:39.000+0200",1,21,22,december,39,saturday,2024,local,,"DESKTOP-57BANIQ",main,21,"//_::_====-=___.===_=__==____.\r\r:\rt_:tt---\rt_:tt-$","WinEventLog:Security","WinEventLog:Security","DESKTOP-57BANIQ",,23,0
WORKGROUP,,"DESKTOP-57BANIQ$",,,,,,,,,,,,,,,,,"DESKTOP-57BANIQ",,,,,,,5379,0,,,,,,,,,,,,,,,,,,,,,"Audit Success",,,,Security,,,0x3E7,,,,,"Credential Manager credentials were read.

Subject:
	Security ID:		S-1-5-18
	Account Name:		DESKTOP-57BANIQ$
	Account Domain:		WORKGROUP
	Logon ID:		0x3E7
	Read Operation:		Enumerate Credentials

This event occurs when a user performs a read operation on stored credentials in Credential Manager.",,,,,,,,,,,,,,,,,,,,,,,Info,,,,,,,,,,,,,,,,,,,,,,,,,,,,,"Enumerate Credentials",,,,1054,,,,,,,,,,,"S-1-5-18",,,,,,,,,,"Microsoft Windows security auditing.",,,,,,,,,,,"User Account Management",,,,Information,,,,,,,,,"12/21/2024 01:22:39 AM
LogName=Security
EventCode=5379
EventType=0
ComputerName=DESKTOP-57BANIQ
SourceName=Microsoft Windows security auditing.
Type=Information
RecordNumber=1054
Keywords=Audit Success
TaskCategory=User Account Management
OpCode=Info
Message=Credential Manager credentials were read.

Subject:
	Security ID:		S-1-5-18
	Account Name:		DESKTOP-57BANIQ$
	Account Domain:		WORKGROUP
	Logon ID:		0x3E7
	Read Operation:		Enumerate Credentials

This event occurs when a user performs a read operation on stored credentials in Credential Manager.","2024-12-21T01:22:39.000+0200",1,21,22,december,39,saturday,2024,local,,"DESKTOP-57BANIQ",main,21,"//_::_====-=___.===_=__==____.\r\r:\rt_:tt---\rt_:tt-$","WinEventLog:Security","WinEventLog:Security","DESKTOP-57BANIQ",,23,0
WORKGROUP,,"DESKTOP-57BANIQ$",,,,,,,,,,,,,,,,,"DESKTOP-57BANIQ",,,,,,,5379,0,,,,,,,,,,,,,,,,,,,,,"Audit Success",,,,Security,,,0x3E7,,,,,"Credential Manager credentials were read.

Subject:
	Security ID:		S-1-5-18
	Account Name:		DESKTOP-57BANIQ$
	Account Domain:		WORKGROUP
	Logon ID:		0x3E7
	Read Operation:		Enumerate Credentials

This event occurs when a user performs a read operation on stored credentials in Credential Manager.",,,,,,,,,,,,,,,,,,,,,,,Info,,,,,,,,,,,,,,,,,,,,,,,,,,,,,"Enumerate Credentials",,,,1053,,,,,,,,,,,"S-1-5-18",,,,,,,,,,"Microsoft Windows security auditing.",,,,,,,,,,,"User Account Management",,,,Information,,,,,,,,,"12/21/2024 01:22:39 AM
LogName=Security
EventCode=5379
EventType=0
ComputerName=DESKTOP-57BANIQ
SourceName=Microsoft Windows security auditing.
Type=Information
RecordNumber=1053
Keywords=Audit Success
TaskCategory=User Account Management
OpCode=Info
Message=Credential Manager credentials were read.

Subject:
	Security ID:		S-1-5-18
	Account Name:		DESKTOP-57BANIQ$
	Account Domain:		WORKGROUP
	Logon ID:		0x3E7
	Read Operation:		Enumerate Credentials

This event occurs when a user performs a read operation on stored credentials in Credential Manager.","2024-12-21T01:22:39.000+0200",1,21,22,december,39,saturday,2024,local,,"DESKTOP-57BANIQ",main,21,"//_::_====-=___.===_=__==____.\r\r:\rt_:tt---\rt_:tt-$","WinEventLog:Security","WinEventLog:Security","DESKTOP-57BANIQ",,23,0
"NT AUTHORITY",,SYSTEM,,,,,,,,,,,,,,,,,"DESKTOP-57BANIQ",,,,,,,4672,0,,,,,,,,,,,,,,,,,,,,,"Audit Success",,,,Security,,,0x3E7,,,,,"Special privileges assigned to new logon.

Subject:
	Security ID:		S-1-5-18
	Account Name:		SYSTEM
	Account Domain:		NT AUTHORITY
	Logon ID:		0x3E7

Privileges:		SeAssignPrimaryTokenPrivilege
			SeTcbPrivilege
			SeSecurityPrivilege
			SeTakeOwnershipPrivilege
			SeLoadDriverPrivilege
			SeBackupPrivilege
			SeRestorePrivilege
			SeDebugPrivilege
			SeAuditPrivilege
			SeSystemEnvironmentPrivilege
			SeImpersonatePrivilege
			SeDelegateSessionUserImpersonatePrivilege",,,,,,,,,,,,,,,,,,,,,,,Info,,,,,,,,,,,,,,,,,,,,SeAssignPrimaryTokenPrivilege,,,,,,,,,,,,,1052,,,,,,,,,,,"S-1-5-18",,,,,,,,,,"Microsoft Windows security auditing.",,,,,,,,,,,"Special Logon",,,,Information,,,,,,,,,"12/21/2024 01:22:39 AM
LogName=Security
EventCode=4672
EventType=0
ComputerName=DESKTOP-57BANIQ
SourceName=Microsoft Windows security auditing.
Type=Information
RecordNumber=1052
Keywords=Audit Success
TaskCategory=Special Logon
OpCode=Info
Message=Special privileges assigned to new logon.

Subject:
	Security ID:		S-1-5-18
	Account Name:		SYSTEM
	Account Domain:		NT AUTHORITY
	Logon ID:		0x3E7

Privileges:		SeAssignPrimaryTokenPrivilege
			SeTcbPrivilege
			SeSecurityPrivilege
			SeTakeOwnershipPrivilege
			SeLoadDriverPrivilege
			SeBackupPrivilege
			SeRestorePrivilege
			SeDebugPrivilege
			SeAuditPrivilege
			SeSystemEnvironmentPrivilege
			SeImpersonatePrivilege
			SeDelegateSessionUserImpersonatePrivilege","2024-12-21T01:22:39.000+0200",1,21,22,december,39,saturday,2024,local,,"DESKTOP-57BANIQ",main,31,"//_::_====-=___.===_=_==_____.\r\r:\rt_:tt---\rt_:tt\rt","WinEventLog:Security","WinEventLog:Security","DESKTOP-57BANIQ",,23,0
"WORKGROUP
NT AUTHORITY",,"DESKTOP-57BANIQ$
SYSTEM",,,,,,,,Negotiate,,,,,,,,,"DESKTOP-57BANIQ",,,,,,Yes,4624,0,,,,,,,,,,,,,,,Impersonation,,,0,,,"Audit Success",,0x0,,Security,"{00000000-0000-0000-0000-000000000000}",,"0x3E7
0x3E7",Advapi,5,,,"An account was successfully logged on.

Subject:
	Security ID:		S-1-5-18
	Account Name:		DESKTOP-57BANIQ$
	Account Domain:		WORKGROUP
	Logon ID:		0x3E7

Logon Information:
	Logon Type:		5
	Restricted Admin Mode:	-
	Virtual Account:		No
	Elevated Token:		Yes

Impersonation Level:		Impersonation

New Logon:
	Security ID:		S-1-5-18
	Account Name:		SYSTEM
	Account Domain:		NT AUTHORITY
	Logon ID:		0x3E7
	Linked Logon ID:		0x0
	Network Account Name:	-
	Network Account Domain:	-
	Logon GUID:		{00000000-0000-0000-0000-000000000000}

Process Information:
	Process ID:		0x2b4
	Process Name:		C:\Windows\System32\services.exe

Network Information:
	Workstation Name:	-
	Source Network Address:	-
	Source Port:		-

Detailed Authentication Information:
	Logon Process:		Advapi  
	Authentication Package:	Negotiate
	Transited Services:	-
	Package Name (NTLM only):	-
	Key Length:		0

This event is generated when a logon session is created. It is generated on the computer that was accessed.

The subject fields indicate the account on the local system which requested the logon. This is most commonly a service such as the Server service, or a local process such as Winlogon.exe or Services.exe.

The logon type field indicates the kind of logon that occurred. The most common types are 2 (interactive) and 3 (network).

The New Logon fields indicate the account for whom the new logon was created, i.e. the account that was logged on.

The network fields indicate where a remote logon request originated. Workstation name is not always available and may be left blank in some cases.

The impersonation level field indicates the extent to which a process in the logon session can impersonate.

The authentication information fields provide detailed information about this specific logon request.
	- Logon GUID is a unique identifier that can be used to correlate this event with a KDC event.
	- Transited services indicate which intermediate services have participated in this logon request.
	- Package name indicates which sub-protocol was used among the NTLM protocols.
	- Key length indicates the length of the generated session key. This will be 0 if no session key was requested.",,,,,,"-","-",,,,,,,,,,,,,,,,Info,,,,,,,,,,,,,"-",,,,,,,,,,,0x2b4,"C:\Windows\System32\services.exe",,,,,,,,1051,,,,,"-",,,,,,"S-1-5-18
S-1-5-18",,,,,,,,,,"Microsoft Windows security auditing.","-","-",,,,,,,,,Logon,,,"-",Information,,,,,,,No,"-","12/21/2024 01:22:39 AM
LogName=Security
EventCode=4624
EventType=0
ComputerName=DESKTOP-57BANIQ
SourceName=Microsoft Windows security auditing.
Type=Information
RecordNumber=1051
Keywords=Audit Success
TaskCategory=Logon
OpCode=Info
Message=An account was successfully logged on.

Subject:
	Security ID:		S-1-5-18
	Account Name:		DESKTOP-57BANIQ$
	Account Domain:		WORKGROUP
	Logon ID:		0x3E7

Logon Information:
	Logon Type:		5
	Restricted Admin Mode:	-
	Virtual Account:		No
	Elevated Token:		Yes

Impersonation Level:		Impersonation

New Logon:
	Security ID:		S-1-5-18
	Account Name:		SYSTEM
	Account Domain:		NT AUTHORITY
	Logon ID:		0x3E7
	Linked Logon ID:		0x0
	Network Account Name:	-
	Network Account Domain:	-
	Logon GUID:		{00000000-0000-0000-0000-000000000000}

Process Information:
	Process ID:		0x2b4
	Process Name:		C:\Windows\System32\services.exe

Network Information:
	Workstation Name:	-
	Source Network Address:	-
	Source Port:		-

Detailed Authentication Information:
	Logon Process:		Advapi  
	Authentication Package:	Negotiate
	Transited Services:	-
	Package Name (NTLM only):	-
	Key Length:		0

This event is generated when a logon session is created. It is generated on the computer that was accessed.

The subject fields indicate the account on the local system which requested the logon. This is most commonly a service such as the Server service, or a local process such as Winlogon.exe or Services.exe.

The logon type field indicates the kind of logon that occurred. The most common types are 2 (interactive) and 3 (network).

The New Logon fields indicate the account for whom the new logon was created, i.e. the account that was logged on.

The network fields indicate where a remote logon request originated. Workstation name is not always available and may be left blank in some cases.

The impersonation level field indicates the extent to which a process in the logon session can impersonate.

The authentication information fields provide detailed information about this specific logon request.
	- Logon GUID is a unique identifier that can be used to correlate this event with a KDC event.
	- Transited services indicate which intermediate services have participated in this logon request.
	- Package name indicates which sub-protocol was used among the NTLM protocols.
	- Key length indicates the length of the generated session key. This will be 0 if no session key was requested.","2024-12-21T01:22:39.000+0200",1,21,22,december,39,saturday,2024,local,,"DESKTOP-57BANIQ",main,70,"//_::_====-=___.===_===_____.\r\r:\rt_:tt---\rt_:tt-$\r","WinEventLog:Security","WinEventLog:Security","DESKTOP-57BANIQ",,23,0
"DESKTOP-57BANIQ",,"yms_26",,,,,,,,,,,,,,,,,"DESKTOP-57BANIQ",,,,,,,5379,0,,,,,,,,,,,,,,,,,,,,,"Audit Success",,,,Security,,,0x5945B,,,,,"Credential Manager credentials were read.

Subject:
	Security ID:		S-1-5-21-443749481-124601364-2758766465-1001
	Account Name:		yms_26
	Account Domain:		DESKTOP-57BANIQ
	Logon ID:		0x5945B
	Read Operation:		Enumerate Credentials

This event occurs when a user performs a read operation on stored credentials in Credential Manager.",,,,,,,,,,,,,,,,,,,,,,,Info,,,,,,,,,,,,,,,,,,,,,,,,,,,,,"Enumerate Credentials",,,,1050,,,,,,,,,,,"S-1-5-21-443749481-124601364-2758766465-1001",,,,,,,,,,"Microsoft Windows security auditing.",,,,,,,,,,,"User Account Management",,,,Information,,,,,,,,,"12/21/2024 01:22:38 AM
LogName=Security
EventCode=5379
EventType=0
ComputerName=DESKTOP-57BANIQ
SourceName=Microsoft Windows security auditing.
Type=Information
RecordNumber=1050
Keywords=Audit Success
TaskCategory=User Account Management
OpCode=Info
Message=Credential Manager credentials were read.

Subject:
	Security ID:		S-1-5-21-443749481-124601364-2758766465-1001
	Account Name:		yms_26
	Account Domain:		DESKTOP-57BANIQ
	Logon ID:		0x5945B
	Read Operation:		Enumerate Credentials

This event occurs when a user performs a read operation on stored credentials in Credential Manager.","2024-12-21T01:22:38.000+0200",1,21,22,december,38,saturday,2024,local,,"DESKTOP-57BANIQ",main,21,"//_::_====-=___.===_=__==____.\r\r:\rt_:tt-------\rt_:","WinEventLog:Security","WinEventLog:Security","DESKTOP-57BANIQ",,23,0
"DESKTOP-57BANIQ",,"yms_26",,,,,,,,,,,,,,,,,"DESKTOP-57BANIQ",,,,,,,5379,0,,,,,,,,,,,,,,,,,,,,,"Audit Success",,,,Security,,,0x5945B,,,,,"Credential Manager credentials were read.

Subject:
	Security ID:		S-1-5-21-443749481-124601364-2758766465-1001
	Account Name:		yms_26
	Account Domain:		DESKTOP-57BANIQ
	Logon ID:		0x5945B
	Read Operation:		Enumerate Credentials

This event occurs when a user performs a read operation on stored credentials in Credential Manager.",,,,,,,,,,,,,,,,,,,,,,,Info,,,,,,,,,,,,,,,,,,,,,,,,,,,,,"Enumerate Credentials",,,,1049,,,,,,,,,,,"S-1-5-21-443749481-124601364-2758766465-1001",,,,,,,,,,"Microsoft Windows security auditing.",,,,,,,,,,,"User Account Management",,,,Information,,,,,,,,,"12/21/2024 01:22:38 AM
LogName=Security
EventCode=5379
EventType=0
ComputerName=DESKTOP-57BANIQ
SourceName=Microsoft Windows security auditing.
Type=Information
RecordNumber=1049
Keywords=Audit Success
TaskCategory=User Account Management
OpCode=Info
Message=Credential Manager credentials were read.

Subject:
	Security ID:		S-1-5-21-443749481-124601364-2758766465-1001
	Account Name:		yms_26
	Account Domain:		DESKTOP-57BANIQ
	Logon ID:		0x5945B
	Read Operation:		Enumerate Credentials

This event occurs when a user performs a read operation on stored credentials in Credential Manager.","2024-12-21T01:22:38.000+0200",1,21,22,december,38,saturday,2024,local,,"DESKTOP-57BANIQ",main,21,"//_::_====-=___.===_=__==____.\r\r:\rt_:tt-------\rt_:","WinEventLog:Security","WinEventLog:Security","DESKTOP-57BANIQ",,23,0
"NT AUTHORITY",,SYSTEM,,,,,,,,,,,,,,,,,"DESKTOP-57BANIQ",,,,,,,4672,0,,,,,,,,,,,,,,,,,,,,,"Audit Success",,,,Security,,,0x3E7,,,,,"Special privileges assigned to new logon.

Subject:
	Security ID:		S-1-5-18
	Account Name:		SYSTEM
	Account Domain:		NT AUTHORITY
	Logon ID:		0x3E7

Privileges:		SeAssignPrimaryTokenPrivilege
			SeTcbPrivilege
			SeSecurityPrivilege
			SeTakeOwnershipPrivilege
			SeLoadDriverPrivilege
			SeBackupPrivilege
			SeRestorePrivilege
			SeDebugPrivilege
			SeAuditPrivilege
			SeSystemEnvironmentPrivilege
			SeImpersonatePrivilege
			SeDelegateSessionUserImpersonatePrivilege",,,,,,,,,,,,,,,,,,,,,,,Info,,,,,,,,,,,,,,,,,,,,SeAssignPrimaryTokenPrivilege,,,,,,,,,,,,,1048,,,,,,,,,,,"S-1-5-18",,,,,,,,,,"Microsoft Windows security auditing.",,,,,,,,,,,"Special Logon",,,,Information,,,,,,,,,"12/21/2024 01:22:36 AM
LogName=Security
EventCode=4672
EventType=0
ComputerName=DESKTOP-57BANIQ
SourceName=Microsoft Windows security auditing.
Type=Information
RecordNumber=1048
Keywords=Audit Success
TaskCategory=Special Logon
OpCode=Info
Message=Special privileges assigned to new logon.

Subject:
	Security ID:		S-1-5-18
	Account Name:		SYSTEM
	Account Domain:		NT AUTHORITY
	Logon ID:		0x3E7

Privileges:		SeAssignPrimaryTokenPrivilege
			SeTcbPrivilege
			SeSecurityPrivilege
			SeTakeOwnershipPrivilege
			SeLoadDriverPrivilege
			SeBackupPrivilege
			SeRestorePrivilege
			SeDebugPrivilege
			SeAuditPrivilege
			SeSystemEnvironmentPrivilege
			SeImpersonatePrivilege
			SeDelegateSessionUserImpersonatePrivilege","2024-12-21T01:22:36.000+0200",1,21,22,december,36,saturday,2024,local,,"DESKTOP-57BANIQ",main,31,"//_::_====-=___.===_=_==_____.\r\r:\rt_:tt---\rt_:tt\rt","WinEventLog:Security","WinEventLog:Security","DESKTOP-57BANIQ",,23,0
"WORKGROUP
NT AUTHORITY",,"DESKTOP-57BANIQ$
SYSTEM",,,,,,,,Negotiate,,,,,,,,,"DESKTOP-57BANIQ",,,,,,Yes,4624,0,,,,,,,,,,,,,,,Impersonation,,,0,,,"Audit Success",,0x0,,Security,"{00000000-0000-0000-0000-000000000000}",,"0x3E7
0x3E7",Advapi,5,,,"An account was successfully logged on.

Subject:
	Security ID:		S-1-5-18
	Account Name:		DESKTOP-57BANIQ$
	Account Domain:		WORKGROUP
	Logon ID:		0x3E7

Logon Information:
	Logon Type:		5
	Restricted Admin Mode:	-
	Virtual Account:		No
	Elevated Token:		Yes

Impersonation Level:		Impersonation

New Logon:
	Security ID:		S-1-5-18
	Account Name:		SYSTEM
	Account Domain:		NT AUTHORITY
	Logon ID:		0x3E7
	Linked Logon ID:		0x0
	Network Account Name:	-
	Network Account Domain:	-
	Logon GUID:		{00000000-0000-0000-0000-000000000000}

Process Information:
	Process ID:		0x2b4
	Process Name:		C:\Windows\System32\services.exe

Network Information:
	Workstation Name:	-
	Source Network Address:	-
	Source Port:		-

Detailed Authentication Information:
	Logon Process:		Advapi  
	Authentication Package:	Negotiate
	Transited Services:	-
	Package Name (NTLM only):	-
	Key Length:		0

This event is generated when a logon session is created. It is generated on the computer that was accessed.

The subject fields indicate the account on the local system which requested the logon. This is most commonly a service such as the Server service, or a local process such as Winlogon.exe or Services.exe.

The logon type field indicates the kind of logon that occurred. The most common types are 2 (interactive) and 3 (network).

The New Logon fields indicate the account for whom the new logon was created, i.e. the account that was logged on.

The network fields indicate where a remote logon request originated. Workstation name is not always available and may be left blank in some cases.

The impersonation level field indicates the extent to which a process in the logon session can impersonate.

The authentication information fields provide detailed information about this specific logon request.
	- Logon GUID is a unique identifier that can be used to correlate this event with a KDC event.
	- Transited services indicate which intermediate services have participated in this logon request.
	- Package name indicates which sub-protocol was used among the NTLM protocols.
	- Key length indicates the length of the generated session key. This will be 0 if no session key was requested.",,,,,,"-","-",,,,,,,,,,,,,,,,Info,,,,,,,,,,,,,"-",,,,,,,,,,,0x2b4,"C:\Windows\System32\services.exe",,,,,,,,1047,,,,,"-",,,,,,"S-1-5-18
S-1-5-18",,,,,,,,,,"Microsoft Windows security auditing.","-","-",,,,,,,,,Logon,,,"-",Information,,,,,,,No,"-","12/21/2024 01:22:36 AM
LogName=Security
EventCode=4624
EventType=0
ComputerName=DESKTOP-57BANIQ
SourceName=Microsoft Windows security auditing.
Type=Information
RecordNumber=1047
Keywords=Audit Success
TaskCategory=Logon
OpCode=Info
Message=An account was successfully logged on.

Subject:
	Security ID:		S-1-5-18
	Account Name:		DESKTOP-57BANIQ$
	Account Domain:		WORKGROUP
	Logon ID:		0x3E7

Logon Information:
	Logon Type:		5
	Restricted Admin Mode:	-
	Virtual Account:		No
	Elevated Token:		Yes

Impersonation Level:		Impersonation

New Logon:
	Security ID:		S-1-5-18
	Account Name:		SYSTEM
	Account Domain:		NT AUTHORITY
	Logon ID:		0x3E7
	Linked Logon ID:		0x0
	Network Account Name:	-
	Network Account Domain:	-
	Logon GUID:		{00000000-0000-0000-0000-000000000000}

Process Information:
	Process ID:		0x2b4
	Process Name:		C:\Windows\System32\services.exe

Network Information:
	Workstation Name:	-
	Source Network Address:	-
	Source Port:		-

Detailed Authentication Information:
	Logon Process:		Advapi  
	Authentication Package:	Negotiate
	Transited Services:	-
	Package Name (NTLM only):	-
	Key Length:		0

This event is generated when a logon session is created. It is generated on the computer that was accessed.

The subject fields indicate the account on the local system which requested the logon. This is most commonly a service such as the Server service, or a local process such as Winlogon.exe or Services.exe.

The logon type field indicates the kind of logon that occurred. The most common types are 2 (interactive) and 3 (network).

The New Logon fields indicate the account for whom the new logon was created, i.e. the account that was logged on.

The network fields indicate where a remote logon request originated. Workstation name is not always available and may be left blank in some cases.

The impersonation level field indicates the extent to which a process in the logon session can impersonate.

The authentication information fields provide detailed information about this specific logon request.
	- Logon GUID is a unique identifier that can be used to correlate this event with a KDC event.
	- Transited services indicate which intermediate services have participated in this logon request.
	- Package name indicates which sub-protocol was used among the NTLM protocols.
	- Key length indicates the length of the generated session key. This will be 0 if no session key was requested.","2024-12-21T01:22:36.000+0200",1,21,22,december,36,saturday,2024,local,,"DESKTOP-57BANIQ",main,70,"//_::_====-=___.===_===_____.\r\r:\rt_:tt---\rt_:tt-$\r","WinEventLog:Security","WinEventLog:Security","DESKTOP-57BANIQ",,23,0
"NT AUTHORITY",,SYSTEM,,,,,,,,,,,,,,,,,"DESKTOP-57BANIQ",,,,,,,4672,0,,,,,,,,,,,,,,,,,,,,,"Audit Success",,,,Security,,,0x3E7,,,,,"Special privileges assigned to new logon.

Subject:
	Security ID:		S-1-5-18
	Account Name:		SYSTEM
	Account Domain:		NT AUTHORITY
	Logon ID:		0x3E7

Privileges:		SeAssignPrimaryTokenPrivilege
			SeTcbPrivilege
			SeSecurityPrivilege
			SeTakeOwnershipPrivilege
			SeLoadDriverPrivilege
			SeBackupPrivilege
			SeRestorePrivilege
			SeDebugPrivilege
			SeAuditPrivilege
			SeSystemEnvironmentPrivilege
			SeImpersonatePrivilege
			SeDelegateSessionUserImpersonatePrivilege",,,,,,,,,,,,,,,,,,,,,,,Info,,,,,,,,,,,,,,,,,,,,SeAssignPrimaryTokenPrivilege,,,,,,,,,,,,,1046,,,,,,,,,,,"S-1-5-18",,,,,,,,,,"Microsoft Windows security auditing.",,,,,,,,,,,"Special Logon",,,,Information,,,,,,,,,"12/21/2024 01:22:26 AM
LogName=Security
EventCode=4672
EventType=0
ComputerName=DESKTOP-57BANIQ
SourceName=Microsoft Windows security auditing.
Type=Information
RecordNumber=1046
Keywords=Audit Success
TaskCategory=Special Logon
OpCode=Info
Message=Special privileges assigned to new logon.

Subject:
	Security ID:		S-1-5-18
	Account Name:		SYSTEM
	Account Domain:		NT AUTHORITY
	Logon ID:		0x3E7

Privileges:		SeAssignPrimaryTokenPrivilege
			SeTcbPrivilege
			SeSecurityPrivilege
			SeTakeOwnershipPrivilege
			SeLoadDriverPrivilege
			SeBackupPrivilege
			SeRestorePrivilege
			SeDebugPrivilege
			SeAuditPrivilege
			SeSystemEnvironmentPrivilege
			SeImpersonatePrivilege
			SeDelegateSessionUserImpersonatePrivilege","2024-12-21T01:22:26.000+0200",1,21,22,december,26,saturday,2024,local,,"DESKTOP-57BANIQ",main,31,"//_::_====-=___.===_=_==_____.\r\r:\rt_:tt---\rt_:tt\rt","WinEventLog:Security","WinEventLog:Security","DESKTOP-57BANIQ",,23,0
"WORKGROUP
NT AUTHORITY",,"DESKTOP-57BANIQ$
SYSTEM",,,,,,,,Negotiate,,,,,,,,,"DESKTOP-57BANIQ",,,,,,Yes,4624,0,,,,,,,,,,,,,,,Impersonation,,,0,,,"Audit Success",,0x0,,Security,"{00000000-0000-0000-0000-000000000000}",,"0x3E7
0x3E7",Advapi,5,,,"An account was successfully logged on.

Subject:
	Security ID:		S-1-5-18
	Account Name:		DESKTOP-57BANIQ$
	Account Domain:		WORKGROUP
	Logon ID:		0x3E7

Logon Information:
	Logon Type:		5
	Restricted Admin Mode:	-
	Virtual Account:		No
	Elevated Token:		Yes

Impersonation Level:		Impersonation

New Logon:
	Security ID:		S-1-5-18
	Account Name:		SYSTEM
	Account Domain:		NT AUTHORITY
	Logon ID:		0x3E7
	Linked Logon ID:		0x0
	Network Account Name:	-
	Network Account Domain:	-
	Logon GUID:		{00000000-0000-0000-0000-000000000000}

Process Information:
	Process ID:		0x2b4
	Process Name:		C:\Windows\System32\services.exe

Network Information:
	Workstation Name:	-
	Source Network Address:	-
	Source Port:		-

Detailed Authentication Information:
	Logon Process:		Advapi  
	Authentication Package:	Negotiate
	Transited Services:	-
	Package Name (NTLM only):	-
	Key Length:		0

This event is generated when a logon session is created. It is generated on the computer that was accessed.

The subject fields indicate the account on the local system which requested the logon. This is most commonly a service such as the Server service, or a local process such as Winlogon.exe or Services.exe.

The logon type field indicates the kind of logon that occurred. The most common types are 2 (interactive) and 3 (network).

The New Logon fields indicate the account for whom the new logon was created, i.e. the account that was logged on.

The network fields indicate where a remote logon request originated. Workstation name is not always available and may be left blank in some cases.

The impersonation level field indicates the extent to which a process in the logon session can impersonate.

The authentication information fields provide detailed information about this specific logon request.
	- Logon GUID is a unique identifier that can be used to correlate this event with a KDC event.
	- Transited services indicate which intermediate services have participated in this logon request.
	- Package name indicates which sub-protocol was used among the NTLM protocols.
	- Key length indicates the length of the generated session key. This will be 0 if no session key was requested.",,,,,,"-","-",,,,,,,,,,,,,,,,Info,,,,,,,,,,,,,"-",,,,,,,,,,,0x2b4,"C:\Windows\System32\services.exe",,,,,,,,1045,,,,,"-",,,,,,"S-1-5-18
S-1-5-18",,,,,,,,,,"Microsoft Windows security auditing.","-","-",,,,,,,,,Logon,,,"-",Information,,,,,,,No,"-","12/21/2024 01:22:26 AM
LogName=Security
EventCode=4624
EventType=0
ComputerName=DESKTOP-57BANIQ
SourceName=Microsoft Windows security auditing.
Type=Information
RecordNumber=1045
Keywords=Audit Success
TaskCategory=Logon
OpCode=Info
Message=An account was successfully logged on.

Subject:
	Security ID:		S-1-5-18
	Account Name:		DESKTOP-57BANIQ$
	Account Domain:		WORKGROUP
	Logon ID:		0x3E7

Logon Information:
	Logon Type:		5
	Restricted Admin Mode:	-
	Virtual Account:		No
	Elevated Token:		Yes

Impersonation Level:		Impersonation

New Logon:
	Security ID:		S-1-5-18
	Account Name:		SYSTEM
	Account Domain:		NT AUTHORITY
	Logon ID:		0x3E7
	Linked Logon ID:		0x0
	Network Account Name:	-
	Network Account Domain:	-
	Logon GUID:		{00000000-0000-0000-0000-000000000000}

Process Information:
	Process ID:		0x2b4
	Process Name:		C:\Windows\System32\services.exe

Network Information:
	Workstation Name:	-
	Source Network Address:	-
	Source Port:		-

Detailed Authentication Information:
	Logon Process:		Advapi  
	Authentication Package:	Negotiate
	Transited Services:	-
	Package Name (NTLM only):	-
	Key Length:		0

This event is generated when a logon session is created. It is generated on the computer that was accessed.

The subject fields indicate the account on the local system which requested the logon. This is most commonly a service such as the Server service, or a local process such as Winlogon.exe or Services.exe.

The logon type field indicates the kind of logon that occurred. The most common types are 2 (interactive) and 3 (network).

The New Logon fields indicate the account for whom the new logon was created, i.e. the account that was logged on.

The network fields indicate where a remote logon request originated. Workstation name is not always available and may be left blank in some cases.

The impersonation level field indicates the extent to which a process in the logon session can impersonate.

The authentication information fields provide detailed information about this specific logon request.
	- Logon GUID is a unique identifier that can be used to correlate this event with a KDC event.
	- Transited services indicate which intermediate services have participated in this logon request.
	- Package name indicates which sub-protocol was used among the NTLM protocols.
	- Key length indicates the length of the generated session key. This will be 0 if no session key was requested.","2024-12-21T01:22:26.000+0200",1,21,22,december,26,saturday,2024,local,,"DESKTOP-57BANIQ",main,70,"//_::_====-=___.===_===_____.\r\r:\rt_:tt---\rt_:tt-$\r","WinEventLog:Security","WinEventLog:Security","DESKTOP-57BANIQ",,23,0
WORKGROUP,,"DESKTOP-57BANIQ$",,,,,,,,,,,,,,,,,"DESKTOP-57BANIQ",,,,,,,4799,0,,,,,Builtin,"Backup Operators",,,,,,,,,,,,,,,"Audit Success",,,,Security,,,0x3E7,,,,,"A security-enabled local group membership was enumerated.

Subject:
	Security ID:		S-1-5-18
	Account Name:		DESKTOP-57BANIQ$
	Account Domain:		WORKGROUP
	Logon ID:		0x3E7

Group:
	Security ID:		S-1-5-32-551
	Group Name:		Backup Operators
	Group Domain:		Builtin

Process Information:
	Process ID:		0xdc0
	Process Name:		C:\Windows\System32\svchost.exe",,,,,,,,,,,,,,,,,,,,,,,Info,,,,,,,,,,,,,,,,,,,,,,,,0xdc0,"C:\Windows\System32\svchost.exe",,,,,,,,1044,,,,,,,,,,,"S-1-5-18
S-1-5-32-551",,,,,,,,,,"Microsoft Windows security auditing.",,,,,,,,,,,"Security Group Management",,,,Information,,,,,,,,,"12/21/2024 01:22:26 AM
LogName=Security
EventCode=4799
EventType=0
ComputerName=DESKTOP-57BANIQ
SourceName=Microsoft Windows security auditing.
Type=Information
RecordNumber=1044
Keywords=Audit Success
TaskCategory=Security Group Management
OpCode=Info
Message=A security-enabled local group membership was enumerated.

Subject:
	Security ID:		S-1-5-18
	Account Name:		DESKTOP-57BANIQ$
	Account Domain:		WORKGROUP
	Logon ID:		0x3E7

Group:
	Security ID:		S-1-5-32-551
	Group Name:		Backup Operators
	Group Domain:		Builtin

Process Information:
	Process ID:		0xdc0
	Process Name:		C:\Windows\System32\svchost.exe","2024-12-21T01:22:26.000+0200",1,21,22,december,26,saturday,2024,local,,"DESKTOP-57BANIQ",main,27,"//_::_====-=___.===_=__==_-_____.\r\r:\rt_:tt---\rt_:t","WinEventLog:Security","WinEventLog:Security","DESKTOP-57BANIQ",,23,0
WORKGROUP,,"DESKTOP-57BANIQ$",,,,,,,,,,,,,,,,,"DESKTOP-57BANIQ",,,,,,,4799,0,,,,,Builtin,Administrators,,,,,,,,,,,,,,,"Audit Success",,,,Security,,,0x3E7,,,,,"A security-enabled local group membership was enumerated.

Subject:
	Security ID:		S-1-5-18
	Account Name:		DESKTOP-57BANIQ$
	Account Domain:		WORKGROUP
	Logon ID:		0x3E7

Group:
	Security ID:		S-1-5-32-544
	Group Name:		Administrators
	Group Domain:		Builtin

Process Information:
	Process ID:		0xdc0
	Process Name:		C:\Windows\System32\svchost.exe",,,,,,,,,,,,,,,,,,,,,,,Info,,,,,,,,,,,,,,,,,,,,,,,,0xdc0,"C:\Windows\System32\svchost.exe",,,,,,,,1043,,,,,,,,,,,"S-1-5-18
S-1-5-32-544",,,,,,,,,,"Microsoft Windows security auditing.",,,,,,,,,,,"Security Group Management",,,,Information,,,,,,,,,"12/21/2024 01:22:26 AM
LogName=Security
EventCode=4799
EventType=0
ComputerName=DESKTOP-57BANIQ
SourceName=Microsoft Windows security auditing.
Type=Information
RecordNumber=1043
Keywords=Audit Success
TaskCategory=Security Group Management
OpCode=Info
Message=A security-enabled local group membership was enumerated.

Subject:
	Security ID:		S-1-5-18
	Account Name:		DESKTOP-57BANIQ$
	Account Domain:		WORKGROUP
	Logon ID:		0x3E7

Group:
	Security ID:		S-1-5-32-544
	Group Name:		Administrators
	Group Domain:		Builtin

Process Information:
	Process ID:		0xdc0
	Process Name:		C:\Windows\System32\svchost.exe","2024-12-21T01:22:26.000+0200",1,21,22,december,26,saturday,2024,local,,"DESKTOP-57BANIQ",main,27,"//_::_====-=___.===_=__==_-_____.\r\r:\rt_:tt---\rt_:t","WinEventLog:Security","WinEventLog:Security","DESKTOP-57BANIQ",,23,0
"NT AUTHORITY",,SYSTEM,,,,,,,,,,,,,,,,,"DESKTOP-57BANIQ",,,,,,,4672,0,,,,,,,,,,,,,,,,,,,,,"Audit Success",,,,Security,,,0x3E7,,,,,"Special privileges assigned to new logon.

Subject:
	Security ID:		S-1-5-18
	Account Name:		SYSTEM
	Account Domain:		NT AUTHORITY
	Logon ID:		0x3E7

Privileges:		SeAssignPrimaryTokenPrivilege
			SeTcbPrivilege
			SeSecurityPrivilege
			SeTakeOwnershipPrivilege
			SeLoadDriverPrivilege
			SeBackupPrivilege
			SeRestorePrivilege
			SeDebugPrivilege
			SeAuditPrivilege
			SeSystemEnvironmentPrivilege
			SeImpersonatePrivilege
			SeDelegateSessionUserImpersonatePrivilege",,,,,,,,,,,,,,,,,,,,,,,Info,,,,,,,,,,,,,,,,,,,,SeAssignPrimaryTokenPrivilege,,,,,,,,,,,,,1042,,,,,,,,,,,"S-1-5-18",,,,,,,,,,"Microsoft Windows security auditing.",,,,,,,,,,,"Special Logon",,,,Information,,,,,,,,,"12/21/2024 01:22:24 AM
