LogName=Security
EventCode=4799
EventType=0
ComputerName=DESKTOP-57BANIQ
SourceName=Microsoft Windows security auditing.
Type=Information
RecordNumber=893
Keywords=Audit Success
TaskCategory=Security Group Management
OpCode=Info
Message=A security-enabled local group membership was enumerated.

Subject:
	Security ID:		S-1-5-18
	Account Name:		DESKTOP-57BANIQ$
	Account Domain:		WORKGROUP
	Logon ID:		0x3E7

Group:
	Security ID:		S-1-5-32-544
	Group Name:		Administrators
	Group Domain:		Builtin

Process Information:
	Process ID:		0x15b8
	Process Name:		C:\Windows\System32\svchost.exe","2024-12-21T01:21:03.000+0200",1,21,21,december,3,saturday,2024,local,,"DESKTOP-57BANIQ",main,27,"//_::_====-=___.===_=__==_-_____.\r\r:\rt_:tt---\rt_:t","WinEventLog:Security","WinEventLog:Security","DESKTOP-57BANIQ",,23,0
,,,,,,,,,,,,,,,,,,,"DESKTOP-57BANIQ",,,,,,,15,4,,,,,,,,,,,,,,,,,,,,,Classic,,,,Application,,,,,,,,"Updated Windows Defender status successfully to SECURITY_PRODUCT_STATE_ON.",,,,,,,,,,,,,,,,,,,,,,,Info,,,,,,,,,,,,,,,,,,,,,,,,,,,,,,,,,403,,,,,,,,,,,,,,,,,,,,,SecurityCenter,,,,,,,,,,,None,,,,Information,,,,,,,,,"12/21/2024 01:21:02 AM
LogName=Application
EventCode=15
EventType=4
ComputerName=DESKTOP-57BANIQ
SourceName=SecurityCenter
Type=Information
RecordNumber=403
Keywords=Classic
TaskCategory=None
OpCode=Info
Message=Updated Windows Defender status successfully to SECURITY_PRODUCT_STATE_ON.","2024-12-21T01:21:02.000+0200",1,21,21,december,2,saturday,2024,local,,"DESKTOP-57BANIQ",main,12,"//_::_====-=======______.","WinEventLog:Application","WinEventLog:Application","DESKTOP-57BANIQ",,23,0
"NT AUTHORITY",,SYSTEM,,,,,,,,,,,,,,,,,"DESKTOP-57BANIQ",,,,,,,4672,0,,,,,,,,,,,,,,,,,,,,,"Audit Success",,,,Security,,,0x3E7,,,,,"Special privileges assigned to new logon.

Subject:
	Security ID:		S-1-5-18
	Account Name:		SYSTEM
	Account Domain:		NT AUTHORITY
	Logon ID:		0x3E7

Privileges:		SeAssignPrimaryTokenPrivilege
			SeTcbPrivilege
			SeSecurityPrivilege
			SeTakeOwnershipPrivilege
			SeLoadDriverPrivilege
			SeBackupPrivilege
			SeRestorePrivilege
			SeDebugPrivilege
			SeAuditPrivilege
			SeSystemEnvironmentPrivilege
			SeImpersonatePrivilege
			SeDelegateSessionUserImpersonatePrivilege",,,,,,,,,,,,,,,,,,,,,,,Info,,,,,,,,,,,,,,,,,,,,SeAssignPrimaryTokenPrivilege,,,,,,,,,,,,,892,,,,,,,,,,,"S-1-5-18",,,,,,,,,,"Microsoft Windows security auditing.",,,,,,,,,,,"Special Logon",,,,Information,,,,,,,,,"12/21/2024 01:21:00 AM
LogName=Security
EventCode=4672
EventType=0
ComputerName=DESKTOP-57BANIQ
SourceName=Microsoft Windows security auditing.
Type=Information
RecordNumber=892
Keywords=Audit Success
TaskCategory=Special Logon
OpCode=Info
Message=Special privileges assigned to new logon.

Subject:
	Security ID:		S-1-5-18
	Account Name:		SYSTEM
	Account Domain:		NT AUTHORITY
	Logon ID:		0x3E7

Privileges:		SeAssignPrimaryTokenPrivilege
			SeTcbPrivilege
			SeSecurityPrivilege
			SeTakeOwnershipPrivilege
			SeLoadDriverPrivilege
			SeBackupPrivilege
			SeRestorePrivilege
			SeDebugPrivilege
			SeAuditPrivilege
			SeSystemEnvironmentPrivilege
			SeImpersonatePrivilege
			SeDelegateSessionUserImpersonatePrivilege","2024-12-21T01:21:00.000+0200",1,21,21,december,0,saturday,2024,local,,"DESKTOP-57BANIQ",main,31,"//_::_====-=___.===_=_==_____.\r\r:\rt_:tt---\rt_:tt\rt","WinEventLog:Security","WinEventLog:Security","DESKTOP-57BANIQ",,23,0
"WORKGROUP
NT AUTHORITY",,"DESKTOP-57BANIQ$
SYSTEM",,,,,,,,Negotiate,,,,,,,,,"DESKTOP-57BANIQ",,,,,,Yes,4624,0,,,,,,,,,,,,,,,Impersonation,,,0,,,"Audit Success",,0x0,,Security,"{00000000-0000-0000-0000-000000000000}",,"0x3E7
0x3E7",Advapi,5,,,"An account was successfully logged on.

Subject:
	Security ID:		S-1-5-18
	Account Name:		DESKTOP-57BANIQ$
	Account Domain:		WORKGROUP
	Logon ID:		0x3E7

Logon Information:
	Logon Type:		5
	Restricted Admin Mode:	-
	Virtual Account:		No
	Elevated Token:		Yes

Impersonation Level:		Impersonation

New Logon:
	Security ID:		S-1-5-18
	Account Name:		SYSTEM
	Account Domain:		NT AUTHORITY
	Logon ID:		0x3E7
	Linked Logon ID:		0x0
	Network Account Name:	-
	Network Account Domain:	-
	Logon GUID:		{00000000-0000-0000-0000-000000000000}

Process Information:
	Process ID:		0x294
	Process Name:		C:\Windows\System32\services.exe

Network Information:
	Workstation Name:	-
	Source Network Address:	-
	Source Port:		-

Detailed Authentication Information:
	Logon Process:		Advapi  
	Authentication Package:	Negotiate
	Transited Services:	-
	Package Name (NTLM only):	-
	Key Length:		0

This event is generated when a logon session is created. It is generated on the computer that was accessed.

The subject fields indicate the account on the local system which requested the logon. This is most commonly a service such as the Server service, or a local process such as Winlogon.exe or Services.exe.

The logon type field indicates the kind of logon that occurred. The most common types are 2 (interactive) and 3 (network).

The New Logon fields indicate the account for whom the new logon was created, i.e. the account that was logged on.

The network fields indicate where a remote logon request originated. Workstation name is not always available and may be left blank in some cases.

The impersonation level field indicates the extent to which a process in the logon session can impersonate.

The authentication information fields provide detailed information about this specific logon request.
	- Logon GUID is a unique identifier that can be used to correlate this event with a KDC event.
	- Transited services indicate which intermediate services have participated in this logon request.
	- Package name indicates which sub-protocol was used among the NTLM protocols.
	- Key length indicates the length of the generated session key. This will be 0 if no session key was requested.",,,,,,"-","-",,,,,,,,,,,,,,,,Info,,,,,,,,,,,,,"-",,,,,,,,,,,0x294,"C:\Windows\System32\services.exe",,,,,,,,891,,,,,"-",,,,,,"S-1-5-18
S-1-5-18",,,,,,,,,,"Microsoft Windows security auditing.","-","-",,,,,,,,,Logon,,,"-",Information,,,,,,,No,"-","12/21/2024 01:21:00 AM
LogName=Security
EventCode=4624
EventType=0
ComputerName=DESKTOP-57BANIQ
SourceName=Microsoft Windows security auditing.
Type=Information
RecordNumber=891
Keywords=Audit Success
TaskCategory=Logon
OpCode=Info
Message=An account was successfully logged on.

Subject:
	Security ID:		S-1-5-18
	Account Name:		DESKTOP-57BANIQ$
	Account Domain:		WORKGROUP
	Logon ID:		0x3E7

Logon Information:
	Logon Type:		5
	Restricted Admin Mode:	-
	Virtual Account:		No
	Elevated Token:		Yes

Impersonation Level:		Impersonation

New Logon:
	Security ID:		S-1-5-18
	Account Name:		SYSTEM
	Account Domain:		NT AUTHORITY
	Logon ID:		0x3E7
	Linked Logon ID:		0x0
	Network Account Name:	-
	Network Account Domain:	-
	Logon GUID:		{00000000-0000-0000-0000-000000000000}

Process Information:
	Process ID:		0x294
	Process Name:		C:\Windows\System32\services.exe

Network Information:
	Workstation Name:	-
	Source Network Address:	-
	Source Port:		-

Detailed Authentication Information:
	Logon Process:		Advapi  
	Authentication Package:	Negotiate
	Transited Services:	-
	Package Name (NTLM only):	-
	Key Length:		0

This event is generated when a logon session is created. It is generated on the computer that was accessed.

The subject fields indicate the account on the local system which requested the logon. This is most commonly a service such as the Server service, or a local process such as Winlogon.exe or Services.exe.

The logon type field indicates the kind of logon that occurred. The most common types are 2 (interactive) and 3 (network).

The New Logon fields indicate the account for whom the new logon was created, i.e. the account that was logged on.

The network fields indicate where a remote logon request originated. Workstation name is not always available and may be left blank in some cases.

The impersonation level field indicates the extent to which a process in the logon session can impersonate.

The authentication information fields provide detailed information about this specific logon request.
	- Logon GUID is a unique identifier that can be used to correlate this event with a KDC event.
	- Transited services indicate which intermediate services have participated in this logon request.
	- Package name indicates which sub-protocol was used among the NTLM protocols.
	- Key length indicates the length of the generated session key. This will be 0 if no session key was requested.","2024-12-21T01:21:00.000+0200",1,21,21,december,0,saturday,2024,local,,"DESKTOP-57BANIQ",main,70,"//_::_====-=___.===_===_____.\r\r:\rt_:tt---\rt_:tt-$\r","WinEventLog:Security","WinEventLog:Security","DESKTOP-57BANIQ",,23,0
,,,,,,,,,,,,,,,,,,,"DESKTOP-57BANIQ",,,,,,,1,4,,,,,,,,,,,,,,,,,,,,,Classic,,,,Application,,,,,,,,"The Windows Security Center Service has started.",,,,,,,,,,,,,,,,,,,,,,,Info,,,,,,,,,,,,,,,,,,,,,,,,,,,,,,,,,402,,,,,,,,,,,,,,,,,,,,,SecurityCenter,,,,,,,,,,,None,,,,Information,,,,,,,,,"12/21/2024 01:21:00 AM
LogName=Application
EventCode=1
EventType=4
ComputerName=DESKTOP-57BANIQ
SourceName=SecurityCenter
Type=Information
RecordNumber=402
Keywords=Classic
TaskCategory=None
OpCode=Info
Message=The Windows Security Center Service has started.","2024-12-21T01:21:00.000+0200",1,21,21,december,0,saturday,2024,local,,"DESKTOP-57BANIQ",main,12,"//_::_====-=======______.","WinEventLog:Application","WinEventLog:Application","DESKTOP-57BANIQ",,23,0
,,,,,,,,,,,,,,,,,,,"DESKTOP-57BANIQ",,,,,,,16394,4,,,,,,,,,,,,,,,,,,,,,Classic,,,,Application,,,,,,,,"Offline downlevel migration succeeded.",,,,,,,,,,,,,,,,,,,,,,,None,,,,,,,,,,,,,,,,,,,,,,,,,,,,,,,,,401,,,,,,,,,,,,,,,,,,,,,"Microsoft-Windows-Security-SPP",,,,,,,,,,,None,,,,Information,,,,,,,,,"12/21/2024 01:21:00 AM
LogName=Application
EventCode=16394
EventType=4
ComputerName=DESKTOP-57BANIQ
SourceName=Microsoft-Windows-Security-SPP
Type=Information
RecordNumber=401
Keywords=Classic
TaskCategory=None
OpCode=None
Message=Offline downlevel migration succeeded.","2024-12-21T01:21:00.000+0200",1,21,21,december,0,saturday,2024,local,,"DESKTOP-57BANIQ",main,12,"//_::_====-=---======___.","WinEventLog:Application","WinEventLog:Application","DESKTOP-57BANIQ",,23,0
,,,,,,,,,,,,,,,,,,,"DESKTOP-57BANIQ",,,,,,,900,4,,,,,,,,,,,,,,,,,,,,,Classic,,,,Application,,,,,,,,"The Software Protection service is starting.
Parameters:<explicit>",,,,,,,,,,,,,,,,,,,,,,,None,,,,,,,,,,,,,,,,,,,,,,,,,,,,,,,,,400,,,,,,,,,,,,,,,,,,,,,"Microsoft-Windows-Security-SPP",,,,,,,,,,,None,,,,Information,,,,,,,,,"12/21/2024 01:21:00 AM
LogName=Application
EventCode=900
EventType=4
ComputerName=DESKTOP-57BANIQ
SourceName=Microsoft-Windows-Security-SPP
Type=Information
RecordNumber=400
Keywords=Classic
TaskCategory=None
OpCode=None
Message=The Software Protection service is starting.
Parameters:<explicit>","2024-12-21T01:21:00.000+0200",1,21,21,december,0,saturday,2024,local,,"DESKTOP-57BANIQ",main,13,"//_::_====-=---======_____.\r:<>","WinEventLog:Application","WinEventLog:Application","DESKTOP-57BANIQ",,23,0
,,,,,,,,,,,,,,,,,,,"DESKTOP-57BANIQ",,,,,,,10016,3,,,,,,,,,,,,,,,,,,,,,Classic,,,,System,,,,,,,,"The application-specific permission settings do not grant Local Launch permission for the COM Server application with CLSID 
Windows.SecurityCenter.WscBrokerManager
 and APPID 
Unavailable
 to the user NT AUTHORITY\SYSTEM SID (S-1-5-18) from address LocalHost (Using LRPC) running in the application container Unavailable SID (Unavailable). This security permission can be modified using the Component Services administrative tool.",,,,,,,,,,,,,,,,,,,,,,,Info,,,,,,,,,,,,,,,,,,,,,,,,,,,,,,,,,335,,,,,,,,,,,,,,,,,,,"S-1-5-18",0,"Microsoft-Windows-DistributedCOM",,,,,,,,,,,None,,,,Warning,"NOT_TRANSLATED",,,,,,,,"12/21/2024 01:21:00 AM
LogName=System
EventCode=10016
EventType=3
ComputerName=DESKTOP-57BANIQ
User=NOT_TRANSLATED
Sid=S-1-5-18
SidType=0
SourceName=Microsoft-Windows-DistributedCOM
Type=Warning
RecordNumber=335
Keywords=Classic
TaskCategory=None
OpCode=Info
Message=The application-specific permission settings do not grant Local Launch permission for the COM Server application with CLSID 
Windows.SecurityCenter.WscBrokerManager
 and APPID 
Unavailable
 to the user NT AUTHORITY\SYSTEM SID (S-1-5-18) from address LocalHost (Using LRPC) running in the application container Unavailable SID (Unavailable). This security permission can be modified using the Component Services administrative tool.","2024-12-21T01:21:00.000+0200",1,21,21,december,0,saturday,2024,local,,"DESKTOP-57BANIQ",main,19,"//_::_====-==---==--======_-________________\r..\r__","WinEventLog:System","WinEventLog:System","DESKTOP-57BANIQ",,23,0
,,,,,,,,,,,,,,,,,,,"DESKTOP-57BANIQ",,,,,,,10016,3,,,,,,,,,,,,,,,,,,,,,Classic,,,,System,,,,,,,,"The application-specific permission settings do not grant Local Launch permission for the COM Server application with CLSID 
Windows.SecurityCenter.WscDataProtection
 and APPID 
Unavailable
 to the user NT AUTHORITY\SYSTEM SID (S-1-5-18) from address LocalHost (Using LRPC) running in the application container Unavailable SID (Unavailable). This security permission can be modified using the Component Services administrative tool.",,,,,,,,,,,,,,,,,,,,,,,Info,,,,,,,,,,,,,,,,,,,,,,,,,,,,,,,,,334,,,,,,,,,,,,,,,,,,,"S-1-5-18",0,"Microsoft-Windows-DistributedCOM",,,,,,,,,,,None,,,,Warning,"NOT_TRANSLATED",,,,,,,,"12/21/2024 01:21:00 AM
LogName=System
EventCode=10016
EventType=3
ComputerName=DESKTOP-57BANIQ
User=NOT_TRANSLATED
Sid=S-1-5-18
SidType=0
SourceName=Microsoft-Windows-DistributedCOM
Type=Warning
RecordNumber=334
Keywords=Classic
TaskCategory=None
OpCode=Info
Message=The application-specific permission settings do not grant Local Launch permission for the COM Server application with CLSID 
Windows.SecurityCenter.WscDataProtection
 and APPID 
Unavailable
 to the user NT AUTHORITY\SYSTEM SID (S-1-5-18) from address LocalHost (Using LRPC) running in the application container Unavailable SID (Unavailable). This security permission can be modified using the Component Services administrative tool.","2024-12-21T01:21:00.000+0200",1,21,21,december,0,saturday,2024,local,,"DESKTOP-57BANIQ",main,19,"//_::_====-==---==--======_-________________\r..\r__","WinEventLog:System","WinEventLog:System","DESKTOP-57BANIQ",,23,0
,,,,,,,,,,,,,,,,,,,"DESKTOP-57BANIQ",,,,,,,10016,3,,,,,,,,,,,,,,,,,,,,,Classic,,,,System,,,,,,,,"The application-specific permission settings do not grant Local Launch permission for the COM Server application with CLSID 
Windows.SecurityCenter.SecurityAppBroker
 and APPID 
Unavailable
 to the user NT AUTHORITY\SYSTEM SID (S-1-5-18) from address LocalHost (Using LRPC) running in the application container Unavailable SID (Unavailable). This security permission can be modified using the Component Services administrative tool.",,,,,,,,,,,,,,,,,,,,,,,Info,,,,,,,,,,,,,,,,,,,,,,,,,,,,,,,,,333,,,,,,,,,,,,,,,,,,,"S-1-5-18",0,"Microsoft-Windows-DistributedCOM",,,,,,,,,,,None,,,,Warning,"NOT_TRANSLATED",,,,,,,,"12/21/2024 01:21:00 AM
LogName=System
EventCode=10016
EventType=3
ComputerName=DESKTOP-57BANIQ
User=NOT_TRANSLATED
Sid=S-1-5-18
SidType=0
SourceName=Microsoft-Windows-DistributedCOM
Type=Warning
RecordNumber=333
Keywords=Classic
TaskCategory=None
OpCode=Info
Message=The application-specific permission settings do not grant Local Launch permission for the COM Server application with CLSID 
Windows.SecurityCenter.SecurityAppBroker
 and APPID 
Unavailable
 to the user NT AUTHORITY\SYSTEM SID (S-1-5-18) from address LocalHost (Using LRPC) running in the application container Unavailable SID (Unavailable). This security permission can be modified using the Component Services administrative tool.","2024-12-21T01:21:00.000+0200",1,21,21,december,0,saturday,2024,local,,"DESKTOP-57BANIQ",main,19,"//_::_====-==---==--======_-________________\r..\r__","WinEventLog:System","WinEventLog:System","DESKTOP-57BANIQ",,23,0
"NT AUTHORITY",,SYSTEM,,,,,,,,,,,,,,,,,"DESKTOP-57BANIQ",,,,,,,4672,0,,,,,,,,,,,,,,,,,,,,,"Audit Success",,,,Security,,,0x3E7,,,,,"Special privileges assigned to new logon.

Subject:
	Security ID:		S-1-5-18
	Account Name:		SYSTEM
	Account Domain:		NT AUTHORITY
	Logon ID:		0x3E7

Privileges:		SeAssignPrimaryTokenPrivilege
			SeTcbPrivilege
			SeSecurityPrivilege
			SeTakeOwnershipPrivilege
			SeLoadDriverPrivilege
			SeBackupPrivilege
			SeRestorePrivilege
			SeDebugPrivilege
			SeAuditPrivilege
			SeSystemEnvironmentPrivilege
			SeImpersonatePrivilege
			SeDelegateSessionUserImpersonatePrivilege",,,,,,,,,,,,,,,,,,,,,,,Info,,,,,,,,,,,,,,,,,,,,SeAssignPrimaryTokenPrivilege,,,,,,,,,,,,,890,,,,,,,,,,,"S-1-5-18",,,,,,,,,,"Microsoft Windows security auditing.",,,,,,,,,,,"Special Logon",,,,Information,,,,,,,,,"12/21/2024 01:20:59 AM
LogName=Security
EventCode=4672
EventType=0
ComputerName=DESKTOP-57BANIQ
SourceName=Microsoft Windows security auditing.
Type=Information
RecordNumber=890
Keywords=Audit Success
TaskCategory=Special Logon
OpCode=Info
Message=Special privileges assigned to new logon.

Subject:
	Security ID:		S-1-5-18
	Account Name:		SYSTEM
	Account Domain:		NT AUTHORITY
	Logon ID:		0x3E7

Privileges:		SeAssignPrimaryTokenPrivilege
			SeTcbPrivilege
			SeSecurityPrivilege
			SeTakeOwnershipPrivilege
			SeLoadDriverPrivilege
			SeBackupPrivilege
			SeRestorePrivilege
			SeDebugPrivilege
			SeAuditPrivilege
			SeSystemEnvironmentPrivilege
			SeImpersonatePrivilege
			SeDelegateSessionUserImpersonatePrivilege","2024-12-21T01:20:59.000+0200",1,21,20,december,59,saturday,2024,local,,"DESKTOP-57BANIQ",main,31,"//_::_====-=___.===_=_==_____.\r\r:\rt_:tt---\rt_:tt\rt","WinEventLog:Security","WinEventLog:Security","DESKTOP-57BANIQ",,23,0
"WORKGROUP
NT AUTHORITY",,"DESKTOP-57BANIQ$
SYSTEM",,,,,,,,Negotiate,,,,,,,,,"DESKTOP-57BANIQ",,,,,,Yes,4624,0,,,,,,,,,,,,,,,Impersonation,,,0,,,"Audit Success",,0x0,,Security,"{00000000-0000-0000-0000-000000000000}",,"0x3E7
0x3E7",Advapi,5,,,"An account was successfully logged on.

Subject:
	Security ID:		S-1-5-18
	Account Name:		DESKTOP-57BANIQ$
	Account Domain:		WORKGROUP
	Logon ID:		0x3E7

Logon Information:
	Logon Type:		5
	Restricted Admin Mode:	-
	Virtual Account:		No
	Elevated Token:		Yes

Impersonation Level:		Impersonation

New Logon:
	Security ID:		S-1-5-18
	Account Name:		SYSTEM
	Account Domain:		NT AUTHORITY
	Logon ID:		0x3E7
	Linked Logon ID:		0x0
	Network Account Name:	-
	Network Account Domain:	-
	Logon GUID:		{00000000-0000-0000-0000-000000000000}

Process Information:
	Process ID:		0x294
	Process Name:		C:\Windows\System32\services.exe

Network Information:
	Workstation Name:	-
	Source Network Address:	-
	Source Port:		-

Detailed Authentication Information:
	Logon Process:		Advapi  
	Authentication Package:	Negotiate
	Transited Services:	-
	Package Name (NTLM only):	-
	Key Length:		0

This event is generated when a logon session is created. It is generated on the computer that was accessed.

The subject fields indicate the account on the local system which requested the logon. This is most commonly a service such as the Server service, or a local process such as Winlogon.exe or Services.exe.

The logon type field indicates the kind of logon that occurred. The most common types are 2 (interactive) and 3 (network).

The New Logon fields indicate the account for whom the new logon was created, i.e. the account that was logged on.

The network fields indicate where a remote logon request originated. Workstation name is not always available and may be left blank in some cases.

The impersonation level field indicates the extent to which a process in the logon session can impersonate.

The authentication information fields provide detailed information about this specific logon request.
	- Logon GUID is a unique identifier that can be used to correlate this event with a KDC event.
	- Transited services indicate which intermediate services have participated in this logon request.
	- Package name indicates which sub-protocol was used among the NTLM protocols.
	- Key length indicates the length of the generated session key. This will be 0 if no session key was requested.",,,,,,"-","-",,,,,,,,,,,,,,,,Info,,,,,,,,,,,,,"-",,,,,,,,,,,0x294,"C:\Windows\System32\services.exe",,,,,,,,889,,,,,"-",,,,,,"S-1-5-18
S-1-5-18",,,,,,,,,,"Microsoft Windows security auditing.","-","-",,,,,,,,,Logon,,,"-",Information,,,,,,,No,"-","12/21/2024 01:20:59 AM
LogName=Security
EventCode=4624
EventType=0
ComputerName=DESKTOP-57BANIQ
SourceName=Microsoft Windows security auditing.
Type=Information
RecordNumber=889
Keywords=Audit Success
TaskCategory=Logon
OpCode=Info
Message=An account was successfully logged on.

Subject:
	Security ID:		S-1-5-18
	Account Name:		DESKTOP-57BANIQ$
	Account Domain:		WORKGROUP
	Logon ID:		0x3E7

Logon Information:
	Logon Type:		5
	Restricted Admin Mode:	-
	Virtual Account:		No
	Elevated Token:		Yes

Impersonation Level:		Impersonation

New Logon:
	Security ID:		S-1-5-18
	Account Name:		SYSTEM
	Account Domain:		NT AUTHORITY
	Logon ID:		0x3E7
	Linked Logon ID:		0x0
	Network Account Name:	-
	Network Account Domain:	-
	Logon GUID:		{00000000-0000-0000-0000-000000000000}

Process Information:
	Process ID:		0x294
	Process Name:		C:\Windows\System32\services.exe

Network Information:
	Workstation Name:	-
	Source Network Address:	-
	Source Port:		-

Detailed Authentication Information:
	Logon Process:		Advapi  
	Authentication Package:	Negotiate
	Transited Services:	-
	Package Name (NTLM only):	-
	Key Length:		0

This event is generated when a logon session is created. It is generated on the computer that was accessed.

The subject fields indicate the account on the local system which requested the logon. This is most commonly a service such as the Server service, or a local process such as Winlogon.exe or Services.exe.

The logon type field indicates the kind of logon that occurred. The most common types are 2 (interactive) and 3 (network).

The New Logon fields indicate the account for whom the new logon was created, i.e. the account that was logged on.

The network fields indicate where a remote logon request originated. Workstation name is not always available and may be left blank in some cases.

The impersonation level field indicates the extent to which a process in the logon session can impersonate.

The authentication information fields provide detailed information about this specific logon request.
	- Logon GUID is a unique identifier that can be used to correlate this event with a KDC event.
	- Transited services indicate which intermediate services have participated in this logon request.
	- Package name indicates which sub-protocol was used among the NTLM protocols.
	- Key length indicates the length of the generated session key. This will be 0 if no session key was requested.","2024-12-21T01:20:59.000+0200",1,21,20,december,59,saturday,2024,local,,"DESKTOP-57BANIQ",main,70,"//_::_====-=___.===_===_____.\r\r:\rt_:tt---\rt_:tt-$\r","WinEventLog:Security","WinEventLog:Security","DESKTOP-57BANIQ",,23,0
,,,,,,,,,,,,,,,,,,,"DESKTOP-57BANIQ",,,,,,,0,4,,,,,,,,,,,,,,,,,,,,,Classic,,,,Application,,,,,,,,"Service stopped.",,,,,,,,,,,,,,,,,,,,,,,Info,,,,,,,,,,,,,,,,,,,,,,,,,,,,,,,,,399,,,,,,,,,,,,,,,,,,,,,edgeupdate,,,,,,,,,,,None,,,,Information,,,,,,,,,"12/21/2024 01:20:59 AM
LogName=Application
EventCode=0
EventType=4
ComputerName=DESKTOP-57BANIQ
SourceName=edgeupdate
Type=Information
RecordNumber=399
Keywords=Classic
TaskCategory=None
OpCode=Info
Message=Service stopped.","2024-12-21T01:20:59.000+0200",1,21,20,december,59,saturday,2024,local,,"DESKTOP-57BANIQ",main,12,"//_::_====-=======_.","WinEventLog:Application","WinEventLog:Application","DESKTOP-57BANIQ",,23,0
,,,,,,,,,,,,,,,,,,,"DESKTOP-57BANIQ",,,,,,,10001,4,,,,,,,,,,,,,,,,,,,,,None,,,,Application,,,,,,,,"Ending session 0 started 2024-12-20T23:20:53.284013200Z.",,,,,,,,,,,,,,,,,,,,,,,Info,,,,,,,,,,,,,,,,,,,,,,,,,,,,,,,,,398,,,,,,,,,,,,,,,,,,,"S-1-5-21-443749481-124601364-2758766465-1001",0,"Microsoft-Windows-RestartManager",,,,,,,,,,,None,,,,Information,"NOT_TRANSLATED",,,,,,,,"12/21/2024 01:20:53 AM
LogName=Application
EventCode=10001
EventType=4
ComputerName=DESKTOP-57BANIQ
User=NOT_TRANSLATED
Sid=S-1-5-21-443749481-124601364-2758766465-1001
SidType=0
SourceName=Microsoft-Windows-RestartManager
Type=Information
RecordNumber=398
Keywords=None
TaskCategory=None
OpCode=Info
Message=Ending session 0 started 2024-12-20T23:20:53.284013200Z.","2024-12-21T01:20:53.000+0200",1,21,20,december,53,saturday,2024,local,,"DESKTOP-57BANIQ",main,15,"//_::_====-==-------==--======____--::..","WinEventLog:Application","WinEventLog:Application","DESKTOP-57BANIQ",,23,0
,,,,,,,,,,,,,,,,,,,"DESKTOP-57BANIQ",,,,,,,10000,4,,,,,,,,,,,,,,,,,,,,,None,,,,Application,,,,,,,,"Starting session 0 - 2024-12-20T23:20:53.284013200Z.",,,,,,,,,,,,,,,,,,,,,,,Info,,,,,,,,,,,,,,,,,,,,,,,,,,,,,,,,,397,,,,,,,,,,,,,,,,,,,"S-1-5-21-443749481-124601364-2758766465-1001",0,"Microsoft-Windows-RestartManager",,,,,,,,,,,None,,,,Information,"NOT_TRANSLATED",,,,,,,,"12/21/2024 01:20:53 AM
LogName=Application
EventCode=10000
EventType=4
ComputerName=DESKTOP-57BANIQ
User=NOT_TRANSLATED
Sid=S-1-5-21-443749481-124601364-2758766465-1001
SidType=0
SourceName=Microsoft-Windows-RestartManager
Type=Information
RecordNumber=397
Keywords=None
TaskCategory=None
OpCode=Info
Message=Starting session 0 - 2024-12-20T23:20:53.284013200Z.","2024-12-21T01:20:53.000+0200",1,21,20,december,53,saturday,2024,local,,"DESKTOP-57BANIQ",main,15,"//_::_====-==-------==--======___-_--::..","WinEventLog:Application","WinEventLog:Application","DESKTOP-57BANIQ",,23,0
,,,,,,,,,,,,,,,,,,,"DESKTOP-57BANIQ",,,,,,,10001,4,,,,,,,,,,,,,,,,,,,,,None,,,,Application,,,,,,,,"Ending session 0 started 2024-12-20T23:20:52.877969200Z.",,,,,,,,,,,,,,,,,,,,,,,Info,,,,,,,,,,,,,,,,,,,,,,,,,,,,,,,,,396,,,,,,,,,,,,,,,,,,,"S-1-5-21-443749481-124601364-2758766465-1001",0,"Microsoft-Windows-RestartManager",,,,,,,,,,,None,,,,Information,"NOT_TRANSLATED",,,,,,,,"12/21/2024 01:20:53 AM
LogName=Application
EventCode=10001
EventType=4
ComputerName=DESKTOP-57BANIQ
User=NOT_TRANSLATED
Sid=S-1-5-21-443749481-124601364-2758766465-1001
SidType=0
SourceName=Microsoft-Windows-RestartManager
Type=Information
RecordNumber=396
Keywords=None
TaskCategory=None
OpCode=Info
Message=Ending session 0 started 2024-12-20T23:20:52.877969200Z.","2024-12-21T01:20:53.000+0200",1,21,20,december,53,saturday,2024,local,,"DESKTOP-57BANIQ",main,15,"//_::_====-==-------==--======____--::..","WinEventLog:Application","WinEventLog:Application","DESKTOP-57BANIQ",,23,0
,,,,,,,,,,,,,,,,,,,"DESKTOP-57BANIQ",,,,,,,1042,4,,,,,,,,,,,,,,,,,,,,,Classic,,,,Application,,,,,,,,"Ending a Windows Installer transaction: C:\ProgramData\Package Cache\{0025DD72-A959-45B5-A0A3-7EFEB15A8050}v14.36.32532\packages\vcRuntimeAdditional_amd64\vc_runtimeAdditional_x64.msi. Client Process Id: 6968.",,,,,,,,,,,,,,,,,,,,,,,Info,,,,,,,,,,,,,,,,,,,,,,,,,,,,,,,,,394,,,,,,,,,,,,,,,,,,,"S-1-5-18",0,MsiInstaller,,,,,,,,,,,None,,,,Information,"NOT_TRANSLATED",,,,,,,,"12/21/2024 01:20:53 AM
LogName=Application
EventCode=1042
EventType=4
ComputerName=DESKTOP-57BANIQ
User=NOT_TRANSLATED
Sid=S-1-5-18
SidType=0
SourceName=MsiInstaller
Type=Information
RecordNumber=394
Keywords=Classic
TaskCategory=None
OpCode=Info
Message=Ending a Windows Installer transaction: C:\ProgramData\Package Cache\{0025DD72-A959-45B5-A0A3-7EFEB15A8050}v14.36.32532\packages\vcRuntimeAdditional_amd64\vc_runtimeAdditional_x64.msi. Client Process Id: 6968.","2024-12-21T01:20:53.000+0200",1,21,20,december,53,saturday,2024,local,,"DESKTOP-57BANIQ",main,15,"//_::_====-==---========____:_:\\_\{----}..\\\..__","WinEventLog:Application","WinEventLog:Application","DESKTOP-57BANIQ",,23,0
,,,,,,,,,,,,,,,,,,,"DESKTOP-57BANIQ",,,,,,,1033,4,,,,,,,,,,,,,,,,,,,,,Classic,,,,Application,,,,,,,,"Windows Installer installed the product. Product Name: Microsoft Visual C++ 2022 X64 Additional Runtime - 14.36.32532. Product Version: 14.36.32532. Product Language: 1033. Manufacturer: Microsoft Corporation. Installation success or error status: 0.",,,,,,,,,,,,,,,,,,,,,,,Info,,,,,,,,,,,,,,,,,,,,,,,,,,,,,,,,,393,,,,,,,,,,,,,,,,,,,"S-1-5-21-443749481-124601364-2758766465-1001",0,MsiInstaller,,,,,,,,,,,None,,,,Information,"NOT_TRANSLATED",,,,,,,,"12/21/2024 01:20:53 AM
LogName=Application
EventCode=1033
EventType=4
ComputerName=DESKTOP-57BANIQ
User=NOT_TRANSLATED
Sid=S-1-5-21-443749481-124601364-2758766465-1001
SidType=0
SourceName=MsiInstaller
Type=Information
RecordNumber=393
Keywords=Classic
TaskCategory=None
OpCode=Info
Message=Windows Installer installed the product. Product Name: Microsoft Visual C++ 2022 X64 Additional Runtime - 14.36.32532. Product Version: 14.36.32532. Product Language: 1033. Manufacturer: Microsoft Corporation. Installation success or error status: 0.","2024-12-21T01:20:53.000+0200",1,21,20,december,53,saturday,2024,local,,"DESKTOP-57BANIQ",main,15,"//_::_====-==-------========____.__:___++_____-_..","WinEventLog:Application","WinEventLog:Application","DESKTOP-57BANIQ",,23,0
,,,,,,,,,,,,,,,,,,,"DESKTOP-57BANIQ",,,,,,,11707,4,,,,,,,,,,,,,,,,,,,,,Classic,,,,Application,,,,,,,,"Product: Microsoft Visual C++ 2022 X64 Additional Runtime - 14.36.32532 -- Installation completed successfully.",,,,,,,,,,,,,,,,,,,,,,,Info,,,,,,,,,,,,,,,,,,,,,,,,,,,,,,,,,392,,,,,,,,,,,,,,,,,,,"S-1-5-21-443749481-124601364-2758766465-1001",0,MsiInstaller,,,,,,,,,,,None,,,,Information,"NOT_TRANSLATED",,,,,,,,"12/21/2024 01:20:53 AM
LogName=Application
EventCode=11707
EventType=4
ComputerName=DESKTOP-57BANIQ
User=NOT_TRANSLATED
Sid=S-1-5-21-443749481-124601364-2758766465-1001
SidType=0
SourceName=MsiInstaller
Type=Information
RecordNumber=392
Keywords=Classic
TaskCategory=None
OpCode=Info
Message=Product: Microsoft Visual C++ 2022 X64 Additional Runtime - 14.36.32532 -- Installation completed successfully.","2024-12-21T01:20:53.000+0200",1,21,20,december,53,saturday,2024,local,,"DESKTOP-57BANIQ",main,15,"//_::_====-==-------========:___++_____-_.._--___.","WinEventLog:Application","WinEventLog:Application","DESKTOP-57BANIQ",,23,0
,,,,,,,,,,,,,,,,,,,"DESKTOP-57BANIQ",,,,,,,1040,4,,,,,,,,,,,,,,,,,,,,,Classic,,,,Application,,,,,,,,"Beginning a Windows Installer transaction: C:\ProgramData\Package Cache\{0025DD72-A959-45B5-A0A3-7EFEB15A8050}v14.36.32532\packages\vcRuntimeAdditional_amd64\vc_runtimeAdditional_x64.msi. Client Process Id: 6968.",,,,,,,,,,,,,,,,,,,,,,,Info,,,,,,,,,,,,,,,,,,,,,,,,,,,,,,,,,391,,,,,,,,,,,,,,,,,,,"S-1-5-21-443749481-124601364-2758766465-1001",0,MsiInstaller,,,,,,,,,,,None,,,,Information,"NOT_TRANSLATED",,,,,,,,"12/21/2024 01:20:53 AM
LogName=Application
EventCode=1040
EventType=4
ComputerName=DESKTOP-57BANIQ
User=NOT_TRANSLATED
Sid=S-1-5-21-443749481-124601364-2758766465-1001
SidType=0
SourceName=MsiInstaller
Type=Information
RecordNumber=391
Keywords=Classic
TaskCategory=None
OpCode=Info
Message=Beginning a Windows Installer transaction: C:\ProgramData\Package Cache\{0025DD72-A959-45B5-A0A3-7EFEB15A8050}v14.36.32532\packages\vcRuntimeAdditional_amd64\vc_runtimeAdditional_x64.msi. Client Process Id: 6968.","2024-12-21T01:20:53.000+0200",1,21,20,december,53,saturday,2024,local,,"DESKTOP-57BANIQ",main,15,"//_::_====-==-------========____:_:\\_\{----}..\\\","WinEventLog:Application","WinEventLog:Application","DESKTOP-57BANIQ",,23,0
,,,,,,,,,,,,,,,,,,,"DESKTOP-57BANIQ",,,,,,,1042,4,,,,,,,,,,,,,,,,,,,,,Classic,,,,Application,,,,,,,,"Ending a Windows Installer transaction: C:\ProgramData\Package Cache\{D5D19E2F-7189-42FE-8103-92CD1FA457C2}v14.36.32532\packages\vcRuntimeMinimum_amd64\vc_runtimeMinimum_x64.msi. Client Process Id: 6968.",,,,,,,,,,,,,,,,,,,,,,,Info,,,,,,,,,,,,,,,,,,,,,,,,,,,,,,,,,390,,,,,,,,,,,,,,,,,,,"S-1-5-18",0,MsiInstaller,,,,,,,,,,,None,,,,Information,"NOT_TRANSLATED",,,,,,,,"12/21/2024 01:20:53 AM
LogName=Application
EventCode=1042
EventType=4
ComputerName=DESKTOP-57BANIQ
User=NOT_TRANSLATED
Sid=S-1-5-18
SidType=0
SourceName=MsiInstaller
Type=Information
RecordNumber=390
Keywords=Classic
TaskCategory=None
OpCode=Info
Message=Ending a Windows Installer transaction: C:\ProgramData\Package Cache\{D5D19E2F-7189-42FE-8103-92CD1FA457C2}v14.36.32532\packages\vcRuntimeMinimum_amd64\vc_runtimeMinimum_x64.msi. Client Process Id: 6968.","2024-12-21T01:20:53.000+0200",1,21,20,december,53,saturday,2024,local,,"DESKTOP-57BANIQ",main,15,"//_::_====-==---========____:_:\\_\{----}..\\\..__","WinEventLog:Application","WinEventLog:Application","DESKTOP-57BANIQ",,23,0
,,,,,,,,,,,,,,,,,,,"DESKTOP-57BANIQ",,,,,,,1033,4,,,,,,,,,,,,,,,,,,,,,Classic,,,,Application,,,,,,,,"Windows Installer installed the product. Product Name: Microsoft Visual C++ 2022 X64 Minimum Runtime - 14.36.32532. Product Version: 14.36.32532. Product Language: 1033. Manufacturer: Microsoft Corporation. Installation success or error status: 0.",,,,,,,,,,,,,,,,,,,,,,,Info,,,,,,,,,,,,,,,,,,,,,,,,,,,,,,,,,389,,,,,,,,,,,,,,,,,,,"S-1-5-21-443749481-124601364-2758766465-1001",0,MsiInstaller,,,,,,,,,,,None,,,,Information,"NOT_TRANSLATED",,,,,,,,"12/21/2024 01:20:53 AM
LogName=Application
EventCode=1033
EventType=4
ComputerName=DESKTOP-57BANIQ
User=NOT_TRANSLATED
Sid=S-1-5-21-443749481-124601364-2758766465-1001
SidType=0
SourceName=MsiInstaller
Type=Information
RecordNumber=389
Keywords=Classic
TaskCategory=None
OpCode=Info
Message=Windows Installer installed the product. Product Name: Microsoft Visual C++ 2022 X64 Minimum Runtime - 14.36.32532. Product Version: 14.36.32532. Product Language: 1033. Manufacturer: Microsoft Corporation. Installation success or error status: 0.","2024-12-21T01:20:53.000+0200",1,21,20,december,53,saturday,2024,local,,"DESKTOP-57BANIQ",main,15,"//_::_====-==-------========____.__:___++_____-_..","WinEventLog:Application","WinEventLog:Application","DESKTOP-57BANIQ",,23,0
,,,,,,,,,,,,,,,,,,,"DESKTOP-57BANIQ",,,,,,,11707,4,,,,,,,,,,,,,,,,,,,,,Classic,,,,Application,,,,,,,,"Product: Microsoft Visual C++ 2022 X64 Minimum Runtime - 14.36.32532 -- Installation completed successfully.",,,,,,,,,,,,,,,,,,,,,,,Info,,,,,,,,,,,,,,,,,,,,,,,,,,,,,,,,,388,,,,,,,,,,,,,,,,,,,"S-1-5-21-443749481-124601364-2758766465-1001",0,MsiInstaller,,,,,,,,,,,None,,,,Information,"NOT_TRANSLATED",,,,,,,,"12/21/2024 01:20:53 AM
LogName=Application
EventCode=11707
EventType=4
ComputerName=DESKTOP-57BANIQ
User=NOT_TRANSLATED
Sid=S-1-5-21-443749481-124601364-2758766465-1001
SidType=0
SourceName=MsiInstaller
Type=Information
RecordNumber=388
Keywords=Classic
TaskCategory=None
OpCode=Info
Message=Product: Microsoft Visual C++ 2022 X64 Minimum Runtime - 14.36.32532 -- Installation completed successfully.","2024-12-21T01:20:53.000+0200",1,21,20,december,53,saturday,2024,local,,"DESKTOP-57BANIQ",main,15,"//_::_====-==-------========:___++_____-_.._--___.","WinEventLog:Application","WinEventLog:Application","DESKTOP-57BANIQ",,23,0
,,,,,,,,,,,,,,,,,,,"DESKTOP-57BANIQ",,,,,,,10000,4,,,,,,,,,,,,,,,,,,,,,None,,,,Application,,,,,,,,"Starting session 0 - 2024-12-20T23:20:52.877969200Z.",,,,,,,,,,,,,,,,,,,,,,,Info,,,,,,,,,,,,,,,,,,,,,,,,,,,,,,,,,395,,,,,,,,,,,,,,,,,,,"S-1-5-21-443749481-124601364-2758766465-1001",0,"Microsoft-Windows-RestartManager",,,,,,,,,,,None,,,,Information,"NOT_TRANSLATED",,,,,,,,"12/21/2024 01:20:52 AM
LogName=Application
EventCode=10000
EventType=4
ComputerName=DESKTOP-57BANIQ
User=NOT_TRANSLATED
Sid=S-1-5-21-443749481-124601364-2758766465-1001
SidType=0
SourceName=Microsoft-Windows-RestartManager
Type=Information
RecordNumber=395
Keywords=None
TaskCategory=None
OpCode=Info
Message=Starting session 0 - 2024-12-20T23:20:52.877969200Z.","2024-12-21T01:20:52.000+0200",1,21,20,december,52,saturday,2024,local,,"DESKTOP-57BANIQ",main,15,"//_::_====-==-------==--======___-_--::..","WinEventLog:Application","WinEventLog:Application","DESKTOP-57BANIQ",,23,0
,,,,,,,,,,,,,,,,,,,"DESKTOP-57BANIQ",,,,,,,1040,4,,,,,,,,,,,,,,,,,,,,,Classic,,,,Application,,,,,,,,"Beginning a Windows Installer transaction: C:\ProgramData\Package Cache\{D5D19E2F-7189-42FE-8103-92CD1FA457C2}v14.36.32532\packages\vcRuntimeMinimum_amd64\vc_runtimeMinimum_x64.msi. Client Process Id: 6968.",,,,,,,,,,,,,,,,,,,,,,,Info,,,,,,,,,,,,,,,,,,,,,,,,,,,,,,,,,387,,,,,,,,,,,,,,,,,,,"S-1-5-21-443749481-124601364-2758766465-1001",0,MsiInstaller,,,,,,,,,,,None,,,,Information,"NOT_TRANSLATED",,,,,,,,"12/21/2024 01:20:52 AM
LogName=Application
EventCode=1040
EventType=4
ComputerName=DESKTOP-57BANIQ
User=NOT_TRANSLATED
Sid=S-1-5-21-443749481-124601364-2758766465-1001
SidType=0
SourceName=MsiInstaller
Type=Information
RecordNumber=387
Keywords=Classic
TaskCategory=None
OpCode=Info
Message=Beginning a Windows Installer transaction: C:\ProgramData\Package Cache\{D5D19E2F-7189-42FE-8103-92CD1FA457C2}v14.36.32532\packages\vcRuntimeMinimum_amd64\vc_runtimeMinimum_x64.msi. Client Process Id: 6968.","2024-12-21T01:20:52.000+0200",1,21,20,december,52,saturday,2024,local,,"DESKTOP-57BANIQ",main,15,"//_::_====-==-------========____:_:\\_\{----}..\\\","WinEventLog:Application","WinEventLog:Application","DESKTOP-57BANIQ",,23,0
,,,,,,,,,,,,,,,,,,,"DESKTOP-57BANIQ",,,,,,,8195,4,,,,,,,,,,,,,,,,,,,,,Classic,,,,Application,,,,,,,,"System Restore has been disabled (Process = C:\Windows\Temp\{81A5B26D-86CA-4A9F-B525-3ED6BBCB759D}\.be\VC_redist.x64.exe -q -burn.elevated BurnPipe.{07825E41-44D7-43BD-9512-D3F7530C0A63} {CB6F9985-241B-42A4-9E8F-191704152D2C} 7172; Volume = ).",,,,,,,,,,,,,,,,,,,,,,,Info,,,,,,,,,,,,,,,,,,,,,,,,,,,,,,,,,386,,,,,,,,,,,,,,,,,,,,,"System Restore",,,,,,,,,,,None,,,,Information,,,,,,,,,"12/21/2024 01:20:52 AM
LogName=Application
EventCode=8195
EventType=4
ComputerName=DESKTOP-57BANIQ
SourceName=System Restore
Type=Information
RecordNumber=386
Keywords=Classic
TaskCategory=None
OpCode=Info
Message=System Restore has been disabled (Process = C:\Windows\Temp\{81A5B26D-86CA-4A9F-B525-3ED6BBCB759D}\.be\VC_redist.x64.exe -q -burn.elevated BurnPipe.{07825E41-44D7-43BD-9512-D3F7530C0A63} {CB6F9985-241B-42A4-9E8F-191704152D2C} 7172; Volume = ).","2024-12-21T01:20:52.000+0200",1,21,20,december,52,saturday,2024,local,,"DESKTOP-57BANIQ",main,12,"//_::_====-=_======_____(_=_:\\\{----}\.\.._-_-._.","WinEventLog:Application","WinEventLog:Application","DESKTOP-57BANIQ",,23,0
,,,,,,,,,,,,,,,,,,,"DESKTOP-57BANIQ",,,,,,,10001,4,,,,,,,,,,,,,,,,,,,,,None,,,,Application,,,,,,,,"Ending session 0 started 2024-12-20T23:20:51.065498000Z.",,,,,,,,,,,,,,,,,,,,,,,Info,,,,,,,,,,,,,,,,,,,,,,,,,,,,,,,,,385,,,,,,,,,,,,,,,,,,,"S-1-5-21-443749481-124601364-2758766465-1001",0,"Microsoft-Windows-RestartManager",,,,,,,,,,,None,,,,Information,"NOT_TRANSLATED",,,,,,,,"12/21/2024 01:20:51 AM
LogName=Application
EventCode=10001
EventType=4
ComputerName=DESKTOP-57BANIQ
User=NOT_TRANSLATED
Sid=S-1-5-21-443749481-124601364-2758766465-1001
SidType=0
SourceName=Microsoft-Windows-RestartManager
Type=Information
RecordNumber=385
Keywords=None
TaskCategory=None
OpCode=Info
Message=Ending session 0 started 2024-12-20T23:20:51.065498000Z.","2024-12-21T01:20:51.000+0200",1,21,20,december,51,saturday,2024,local,,"DESKTOP-57BANIQ",main,15,"//_::_====-==-------==--======____--::..","WinEventLog:Application","WinEventLog:Application","DESKTOP-57BANIQ",,23,0
,,,,,,,,,,,,,,,,,,,"DESKTOP-57BANIQ",,,,,,,1042,4,,,,,,,,,,,,,,,,,,,,,Classic,,,,Application,,,,,,,,"Ending a Windows Installer transaction: C:\ProgramData\Package Cache\{C2C59CAB-8766-4ABD-A8EF-1151A36C41E5}v14.36.32532\packages\vcRuntimeAdditional_x86\vc_runtimeAdditional_x86.msi. Client Process Id: 4308.",,,,,,,,,,,,,,,,,,,,,,,Info,,,,,,,,,,,,,,,,,,,,,,,,,,,,,,,,,384,,,,,,,,,,,,,,,,,,,"S-1-5-18",0,MsiInstaller,,,,,,,,,,,None,,,,Information,"NOT_TRANSLATED",,,,,,,,"12/21/2024 01:20:51 AM
LogName=Application
EventCode=1042
EventType=4
ComputerName=DESKTOP-57BANIQ
User=NOT_TRANSLATED
Sid=S-1-5-18
SidType=0
SourceName=MsiInstaller
Type=Information
RecordNumber=384
Keywords=Classic
TaskCategory=None
OpCode=Info
Message=Ending a Windows Installer transaction: C:\ProgramData\Package Cache\{C2C59CAB-8766-4ABD-A8EF-1151A36C41E5}v14.36.32532\packages\vcRuntimeAdditional_x86\vc_runtimeAdditional_x86.msi. Client Process Id: 4308.","2024-12-21T01:20:51.000+0200",1,21,20,december,51,saturday,2024,local,,"DESKTOP-57BANIQ",main,15,"//_::_====-==---========____:_:\\_\{----}..\\\..__","WinEventLog:Application","WinEventLog:Application","DESKTOP-57BANIQ",,23,0
,,,,,,,,,,,,,,,,,,,"DESKTOP-57BANIQ",,,,,,,1033,4,,,,,,,,,,,,,,,,,,,,,Classic,,,,Application,,,,,,,,"Windows Installer installed the product. Product Name: Microsoft Visual C++ 2022 X86 Additional Runtime - 14.36.32532. Product Version: 14.36.32532. Product Language: 1033. Manufacturer: Microsoft Corporation. Installation success or error status: 0.",,,,,,,,,,,,,,,,,,,,,,,Info,,,,,,,,,,,,,,,,,,,,,,,,,,,,,,,,,383,,,,,,,,,,,,,,,,,,,"S-1-5-21-443749481-124601364-2758766465-1001",0,MsiInstaller,,,,,,,,,,,None,,,,Information,"NOT_TRANSLATED",,,,,,,,"12/21/2024 01:20:51 AM
LogName=Application
EventCode=1033
EventType=4
ComputerName=DESKTOP-57BANIQ
User=NOT_TRANSLATED
Sid=S-1-5-21-443749481-124601364-2758766465-1001
SidType=0
SourceName=MsiInstaller
Type=Information
RecordNumber=383
Keywords=Classic
TaskCategory=None
OpCode=Info
Message=Windows Installer installed the product. Product Name: Microsoft Visual C++ 2022 X86 Additional Runtime - 14.36.32532. Product Version: 14.36.32532. Product Language: 1033. Manufacturer: Microsoft Corporation. Installation success or error status: 0.","2024-12-21T01:20:51.000+0200",1,21,20,december,51,saturday,2024,local,,"DESKTOP-57BANIQ",main,15,"//_::_====-==-------========____.__:___++_____-_..","WinEventLog:Application","WinEventLog:Application","DESKTOP-57BANIQ",,23,0
,,,,,,,,,,,,,,,,,,,"DESKTOP-57BANIQ",,,,,,,11707,4,,,,,,,,,,,,,,,,,,,,,Classic,,,,Application,,,,,,,,"Product: Microsoft Visual C++ 2022 X86 Additional Runtime - 14.36.32532 -- Installation completed successfully.",,,,,,,,,,,,,,,,,,,,,,,Info,,,,,,,,,,,,,,,,,,,,,,,,,,,,,,,,,382,,,,,,,,,,,,,,,,,,,"S-1-5-21-443749481-124601364-2758766465-1001",0,MsiInstaller,,,,,,,,,,,None,,,,Information,"NOT_TRANSLATED",,,,,,,,"12/21/2024 01:20:51 AM
LogName=Application
EventCode=11707
EventType=4
ComputerName=DESKTOP-57BANIQ
User=NOT_TRANSLATED
Sid=S-1-5-21-443749481-124601364-2758766465-1001
SidType=0
SourceName=MsiInstaller
Type=Information
RecordNumber=382
Keywords=Classic
TaskCategory=None
OpCode=Info
Message=Product: Microsoft Visual C++ 2022 X86 Additional Runtime - 14.36.32532 -- Installation completed successfully.","2024-12-21T01:20:51.000+0200",1,21,20,december,51,saturday,2024,local,,"DESKTOP-57BANIQ",main,15,"//_::_====-==-------========:___++_____-_.._--___.","WinEventLog:Application","WinEventLog:Application","DESKTOP-57BANIQ",,23,0
,,,,,,,,,,,,,,,,,,,"DESKTOP-57BANIQ",,,,,,,10000,4,,,,,,,,,,,,,,,,,,,,,None,,,,Application,,,,,,,,"Starting session 0 - 2024-12-20T23:20:51.065498000Z.",,,,,,,,,,,,,,,,,,,,,,,Info,,,,,,,,,,,,,,,,,,,,,,,,,,,,,,,,,381,,,,,,,,,,,,,,,,,,,"S-1-5-21-443749481-124601364-2758766465-1001",0,"Microsoft-Windows-RestartManager",,,,,,,,,,,None,,,,Information,"NOT_TRANSLATED",,,,,,,,"12/21/2024 01:20:51 AM
LogName=Application
EventCode=10000
EventType=4
ComputerName=DESKTOP-57BANIQ
User=NOT_TRANSLATED
Sid=S-1-5-21-443749481-124601364-2758766465-1001
SidType=0
SourceName=Microsoft-Windows-RestartManager
Type=Information
RecordNumber=381
Keywords=None
TaskCategory=None
OpCode=Info
Message=Starting session 0 - 2024-12-20T23:20:51.065498000Z.","2024-12-21T01:20:51.000+0200",1,21,20,december,51,saturday,2024,local,,"DESKTOP-57BANIQ",main,15,"//_::_====-==-------==--======___-_--::..","WinEventLog:Application","WinEventLog:Application","DESKTOP-57BANIQ",,23,0
,,,,,,,,,,,,,,,,,,,"DESKTOP-57BANIQ",,,,,,,10001,4,,,,,,,,,,,,,,,,,,,,,None,,,,Application,,,,,,,,"Ending session 0 started 2024-12-20T23:20:50.440289300Z.",,,,,,,,,,,,,,,,,,,,,,,Info,,,,,,,,,,,,,,,,,,,,,,,,,,,,,,,,,380,,,,,,,,,,,,,,,,,,,"S-1-5-21-443749481-124601364-2758766465-1001",0,"Microsoft-Windows-RestartManager",,,,,,,,,,,None,,,,Information,"NOT_TRANSLATED",,,,,,,,"12/21/2024 01:20:51 AM
LogName=Application
EventCode=10001
EventType=4
ComputerName=DESKTOP-57BANIQ
User=NOT_TRANSLATED
Sid=S-1-5-21-443749481-124601364-2758766465-1001
SidType=0
SourceName=Microsoft-Windows-RestartManager
Type=Information
RecordNumber=380
Keywords=None
TaskCategory=None
OpCode=Info
Message=Ending session 0 started 2024-12-20T23:20:50.440289300Z.","2024-12-21T01:20:51.000+0200",1,21,20,december,51,saturday,2024,local,,"DESKTOP-57BANIQ",main,15,"//_::_====-==-------==--======____--::..","WinEventLog:Application","WinEventLog:Application","DESKTOP-57BANIQ",,23,0
,,,,,,,,,,,,,,,,,,,"DESKTOP-57BANIQ",,,,,,,1040,4,,,,,,,,,,,,,,,,,,,,,Classic,,,,Application,,,,,,,,"Beginning a Windows Installer transaction: C:\ProgramData\Package Cache\{C2C59CAB-8766-4ABD-A8EF-1151A36C41E5}v14.36.32532\packages\vcRuntimeAdditional_x86\vc_runtimeAdditional_x86.msi. Client Process Id: 4308.",,,,,,,,,,,,,,,,,,,,,,,Info,,,,,,,,,,,,,,,,,,,,,,,,,,,,,,,,,378,,,,,,,,,,,,,,,,,,,"S-1-5-21-443749481-124601364-2758766465-1001",0,MsiInstaller,,,,,,,,,,,None,,,,Information,"NOT_TRANSLATED",,,,,,,,"12/21/2024 01:20:51 AM
LogName=Application
EventCode=1040
EventType=4
ComputerName=DESKTOP-57BANIQ
User=NOT_TRANSLATED
Sid=S-1-5-21-443749481-124601364-2758766465-1001
SidType=0
SourceName=MsiInstaller
Type=Information
RecordNumber=378
Keywords=Classic
TaskCategory=None
OpCode=Info
Message=Beginning a Windows Installer transaction: C:\ProgramData\Package Cache\{C2C59CAB-8766-4ABD-A8EF-1151A36C41E5}v14.36.32532\packages\vcRuntimeAdditional_x86\vc_runtimeAdditional_x86.msi. Client Process Id: 4308.","2024-12-21T01:20:51.000+0200",1,21,20,december,51,saturday,2024,local,,"DESKTOP-57BANIQ",main,15,"//_::_====-==-------========____:_:\\_\{----}..\\\","WinEventLog:Application","WinEventLog:Application","DESKTOP-57BANIQ",,23,0
,,,,,,,,,,,,,,,,,,,"DESKTOP-57BANIQ",,,,,,,1042,4,,,,,,,,,,,,,,,,,,,,,Classic,,,,Application,,,,,,,,"Ending a Windows Installer transaction: C:\ProgramData\Package Cache\{73F77E4E-5A17-46E5-A5FC-8A061047725F}v14.36.32532\packages\vcRuntimeMinimum_x86\vc_runtimeMinimum_x86.msi. Client Process Id: 4308.",,,,,,,,,,,,,,,,,,,,,,,Info,,,,,,,,,,,,,,,,,,,,,,,,,,,,,,,,,377,,,,,,,,,,,,,,,,,,,"S-1-5-18",0,MsiInstaller,,,,,,,,,,,None,,,,Information,"NOT_TRANSLATED",,,,,,,,"12/21/2024 01:20:51 AM
LogName=Application
EventCode=1042
EventType=4
ComputerName=DESKTOP-57BANIQ
User=NOT_TRANSLATED
Sid=S-1-5-18
SidType=0
SourceName=MsiInstaller
Type=Information
RecordNumber=377
Keywords=Classic
TaskCategory=None
OpCode=Info
Message=Ending a Windows Installer transaction: C:\ProgramData\Package Cache\{73F77E4E-5A17-46E5-A5FC-8A061047725F}v14.36.32532\packages\vcRuntimeMinimum_x86\vc_runtimeMinimum_x86.msi. Client Process Id: 4308.","2024-12-21T01:20:51.000+0200",1,21,20,december,51,saturday,2024,local,,"DESKTOP-57BANIQ",main,15,"//_::_====-==---========____:_:\\_\{----}..\\\..__","WinEventLog:Application","WinEventLog:Application","DESKTOP-57BANIQ",,23,0
"NT AUTHORITY",,SYSTEM,,,,,,,,,,,,,,,,,"DESKTOP-57BANIQ",,,,,,,4672,0,,,,,,,,,,,,,,,,,,,,,"Audit Success",,,,Security,,,0x3E7,,,,,"Special privileges assigned to new logon.

Subject:
	Security ID:		S-1-5-18
	Account Name:		SYSTEM
	Account Domain:		NT AUTHORITY
	Logon ID:		0x3E7

Privileges:		SeAssignPrimaryTokenPrivilege
			SeTcbPrivilege
			SeSecurityPrivilege
			SeTakeOwnershipPrivilege
			SeLoadDriverPrivilege
			SeBackupPrivilege
			SeRestorePrivilege
			SeDebugPrivilege
			SeAuditPrivilege
			SeSystemEnvironmentPrivilege
			SeImpersonatePrivilege
			SeDelegateSessionUserImpersonatePrivilege",,,,,,,,,,,,,,,,,,,,,,,Info,,,,,,,,,,,,,,,,,,,,SeAssignPrimaryTokenPrivilege,,,,,,,,,,,,,888,,,,,,,,,,,"S-1-5-18",,,,,,,,,,"Microsoft Windows security auditing.",,,,,,,,,,,"Special Logon",,,,Information,,,,,,,,,"12/21/2024 01:20:50 AM
