LogName=Security
EventCode=4688
EventType=0
ComputerName=DESKTOP-57BANIQ
SourceName=Microsoft Windows security auditing.
Type=Information
RecordNumber=933
Keywords=Audit Success
TaskCategory=Process Creation
OpCode=Info
Message=A new process has been created.

Creator Subject:
	Security ID:		S-1-5-18
	Account Name:		-
	Account Domain:		-
	Logon ID:		0x3E7

Target Subject:
	Security ID:		S-1-0-0
	Account Name:		-
	Account Domain:		-
	Logon ID:		0x0

Process Information:
	New Process ID:		0x2b4
	New Process Name:	C:\Windows\System32\services.exe
	Token Elevation Type:	%%1936
	Mandatory Label:		S-1-16-16384
	Creator Process ID:	0x21c
	Creator Process Name:	C:\Windows\System32\wininit.exe
	Process Command Line:	

Token Elevation Type indicates the type of token that was assigned to the new process in accordance with User Account Control policy.

Type 1 is a full token with no privileges removed or groups disabled.  A full token is only used if User Account Control is disabled or if the user is the built-in Administrator account or a service account.

Type 2 is an elevated token with no privileges removed or groups disabled.  An elevated token is used when User Account Control is enabled and the user chooses to start the program using Run as administrator.  An elevated token is also used when an application is configured to always require administrative privilege or to always require maximum privilege, and the user is a member of the Administrators group.

Type 3 is a limited token with administrative privileges removed and administrative groups disabled.  The limited token is used when User Account Control is enabled, the application does not require administrative privilege, and the user does not choose to start the program using Run as administrator.","2024-12-21T01:21:59.000+0200",1,21,21,december,59,saturday,2024,local,,"DESKTOP-57BANIQ",main,41,"//_::_====-=___.===_=_==_____.\r\r_:\rt_:tt---\rt_:tt-","WinEventLog:Security","WinEventLog:Security","DESKTOP-57BANIQ",,23,0
"-
-",,"-
-",,,,,,,,,,,,,,,,,"DESKTOP-57BANIQ",,0x214,"C:\Windows\System32\smss.exe",,,,4688,0,,,,,,,,,,,,,,,,,,,,,"Audit Success",,,,Security,,,"0x3E7
0x0",,,"S-1-16-16384",,"A new process has been created.

Creator Subject:
	Security ID:		S-1-5-18
	Account Name:		-
	Account Domain:		-
	Logon ID:		0x3E7

Target Subject:
	Security ID:		S-1-0-0
	Account Name:		-
	Account Domain:		-
	Logon ID:		0x0

Process Information:
	New Process ID:		0x280
	New Process Name:	C:\Windows\System32\winlogon.exe
	Token Elevation Type:	%%1936
	Mandatory Label:		S-1-16-16384
	Creator Process ID:	0x214
	Creator Process Name:	C:\Windows\System32\smss.exe
	Process Command Line:	

Token Elevation Type indicates the type of token that was assigned to the new process in accordance with User Account Control policy.

Type 1 is a full token with no privileges removed or groups disabled.  A full token is only used if User Account Control is disabled or if the user is the built-in Administrator account or a service account.

Type 2 is an elevated token with no privileges removed or groups disabled.  An elevated token is used when User Account Control is enabled and the user chooses to start the program using Run as administrator.  An elevated token is also used when an application is configured to always require administrative privilege or to always require maximum privilege, and the user is a member of the Administrators group.

Type 3 is a limited token with administrative privileges removed and administrative groups disabled.  The limited token is used when User Account Control is enabled, the application does not require administrative privilege, and the user does not choose to start the program using Run as administrator.",,,,,,,,,0x280,"C:\Windows\System32\winlogon.exe",,,,,,,,,,,,,Info,,,,,,,,,,,,,,,,,,,,,,,,,,,,,,,,,932,,,,,,,,,,,"S-1-5-18
S-1-0-0",,,,,,,,,,"Microsoft Windows security auditing.",,,,,,,,,,,"Process Creation",,"%%1936",,Information,,,,,,,,,"12/21/2024 01:21:59 AM
LogName=Security
EventCode=4688
EventType=0
ComputerName=DESKTOP-57BANIQ
SourceName=Microsoft Windows security auditing.
Type=Information
RecordNumber=932
Keywords=Audit Success
TaskCategory=Process Creation
OpCode=Info
Message=A new process has been created.

Creator Subject:
	Security ID:		S-1-5-18
	Account Name:		-
	Account Domain:		-
	Logon ID:		0x3E7

Target Subject:
	Security ID:		S-1-0-0
	Account Name:		-
	Account Domain:		-
	Logon ID:		0x0

Process Information:
	New Process ID:		0x280
	New Process Name:	C:\Windows\System32\winlogon.exe
	Token Elevation Type:	%%1936
	Mandatory Label:		S-1-16-16384
	Creator Process ID:	0x214
	Creator Process Name:	C:\Windows\System32\smss.exe
	Process Command Line:	

Token Elevation Type indicates the type of token that was assigned to the new process in accordance with User Account Control policy.

Type 1 is a full token with no privileges removed or groups disabled.  A full token is only used if User Account Control is disabled or if the user is the built-in Administrator account or a service account.

Type 2 is an elevated token with no privileges removed or groups disabled.  An elevated token is used when User Account Control is enabled and the user chooses to start the program using Run as administrator.  An elevated token is also used when an application is configured to always require administrative privilege or to always require maximum privilege, and the user is a member of the Administrators group.

Type 3 is a limited token with administrative privileges removed and administrative groups disabled.  The limited token is used when User Account Control is enabled, the application does not require administrative privilege, and the user does not choose to start the program using Run as administrator.","2024-12-21T01:21:59.000+0200",1,21,21,december,59,saturday,2024,local,,"DESKTOP-57BANIQ",main,41,"//_::_====-=___.===_=_==_____.\r\r_:\rt_:tt---\rt_:tt-","WinEventLog:Security","WinEventLog:Security","DESKTOP-57BANIQ",,23,0
"-
-",,"-
-",,,,,,,,,,,,,,,,,"DESKTOP-57BANIQ",,0x214,"C:\Windows\System32\smss.exe",,,,4688,0,,,,,,,,,,,,,,,,,,,,,"Audit Success",,,,Security,,,"0x3E7
0x0",,,"S-1-16-16384",,"A new process has been created.

Creator Subject:
	Security ID:		S-1-5-18
	Account Name:		-
	Account Domain:		-
	Logon ID:		0x3E7

Target Subject:
	Security ID:		S-1-0-0
	Account Name:		-
	Account Domain:		-
	Logon ID:		0x0

Process Information:
	New Process ID:		0x224
	New Process Name:	C:\Windows\System32\csrss.exe
	Token Elevation Type:	%%1936
	Mandatory Label:		S-1-16-16384
	Creator Process ID:	0x214
	Creator Process Name:	C:\Windows\System32\smss.exe
	Process Command Line:	

Token Elevation Type indicates the type of token that was assigned to the new process in accordance with User Account Control policy.

Type 1 is a full token with no privileges removed or groups disabled.  A full token is only used if User Account Control is disabled or if the user is the built-in Administrator account or a service account.

Type 2 is an elevated token with no privileges removed or groups disabled.  An elevated token is used when User Account Control is enabled and the user chooses to start the program using Run as administrator.  An elevated token is also used when an application is configured to always require administrative privilege or to always require maximum privilege, and the user is a member of the Administrators group.

Type 3 is a limited token with administrative privileges removed and administrative groups disabled.  The limited token is used when User Account Control is enabled, the application does not require administrative privilege, and the user does not choose to start the program using Run as administrator.",,,,,,,,,0x224,"C:\Windows\System32\csrss.exe",,,,,,,,,,,,,Info,,,,,,,,,,,,,,,,,,,,,,,,,,,,,,,,,931,,,,,,,,,,,"S-1-5-18
S-1-0-0",,,,,,,,,,"Microsoft Windows security auditing.",,,,,,,,,,,"Process Creation",,"%%1936",,Information,,,,,,,,,"12/21/2024 01:21:59 AM
LogName=Security
EventCode=4688
EventType=0
ComputerName=DESKTOP-57BANIQ
SourceName=Microsoft Windows security auditing.
Type=Information
RecordNumber=931
Keywords=Audit Success
TaskCategory=Process Creation
OpCode=Info
Message=A new process has been created.

Creator Subject:
	Security ID:		S-1-5-18
	Account Name:		-
	Account Domain:		-
	Logon ID:		0x3E7

Target Subject:
	Security ID:		S-1-0-0
	Account Name:		-
	Account Domain:		-
	Logon ID:		0x0

Process Information:
	New Process ID:		0x224
	New Process Name:	C:\Windows\System32\csrss.exe
	Token Elevation Type:	%%1936
	Mandatory Label:		S-1-16-16384
	Creator Process ID:	0x214
	Creator Process Name:	C:\Windows\System32\smss.exe
	Process Command Line:	

Token Elevation Type indicates the type of token that was assigned to the new process in accordance with User Account Control policy.

Type 1 is a full token with no privileges removed or groups disabled.  A full token is only used if User Account Control is disabled or if the user is the built-in Administrator account or a service account.

Type 2 is an elevated token with no privileges removed or groups disabled.  An elevated token is used when User Account Control is enabled and the user chooses to start the program using Run as administrator.  An elevated token is also used when an application is configured to always require administrative privilege or to always require maximum privilege, and the user is a member of the Administrators group.

Type 3 is a limited token with administrative privileges removed and administrative groups disabled.  The limited token is used when User Account Control is enabled, the application does not require administrative privilege, and the user does not choose to start the program using Run as administrator.","2024-12-21T01:21:59.000+0200",1,21,21,december,59,saturday,2024,local,,"DESKTOP-57BANIQ",main,41,"//_::_====-=___.===_=_==_____.\r\r_:\rt_:tt---\rt_:tt-","WinEventLog:Security","WinEventLog:Security","DESKTOP-57BANIQ",,23,0
"-
-",,"-
-",,,,,,,,,,,,,,,,,"DESKTOP-57BANIQ",,0x1c4,"C:\Windows\System32\smss.exe",,,,4688,0,,,,,,,,,,,,,,,,,,,,,"Audit Success",,,,Security,,,"0x3E7
0x0",,,"S-1-16-16384",,"A new process has been created.

Creator Subject:
	Security ID:		S-1-5-18
	Account Name:		-
	Account Domain:		-
	Logon ID:		0x3E7

Target Subject:
	Security ID:		S-1-0-0
	Account Name:		-
	Account Domain:		-
	Logon ID:		0x0

Process Information:
	New Process ID:		0x21c
	New Process Name:	C:\Windows\System32\wininit.exe
	Token Elevation Type:	%%1936
	Mandatory Label:		S-1-16-16384
	Creator Process ID:	0x1c4
	Creator Process Name:	C:\Windows\System32\smss.exe
	Process Command Line:	

Token Elevation Type indicates the type of token that was assigned to the new process in accordance with User Account Control policy.

Type 1 is a full token with no privileges removed or groups disabled.  A full token is only used if User Account Control is disabled or if the user is the built-in Administrator account or a service account.

Type 2 is an elevated token with no privileges removed or groups disabled.  An elevated token is used when User Account Control is enabled and the user chooses to start the program using Run as administrator.  An elevated token is also used when an application is configured to always require administrative privilege or to always require maximum privilege, and the user is a member of the Administrators group.

Type 3 is a limited token with administrative privileges removed and administrative groups disabled.  The limited token is used when User Account Control is enabled, the application does not require administrative privilege, and the user does not choose to start the program using Run as administrator.",,,,,,,,,0x21c,"C:\Windows\System32\wininit.exe",,,,,,,,,,,,,Info,,,,,,,,,,,,,,,,,,,,,,,,,,,,,,,,,930,,,,,,,,,,,"S-1-5-18
S-1-0-0",,,,,,,,,,"Microsoft Windows security auditing.",,,,,,,,,,,"Process Creation",,"%%1936",,Information,,,,,,,,,"12/21/2024 01:21:59 AM
LogName=Security
EventCode=4688
EventType=0
ComputerName=DESKTOP-57BANIQ
SourceName=Microsoft Windows security auditing.
Type=Information
RecordNumber=930
Keywords=Audit Success
TaskCategory=Process Creation
OpCode=Info
Message=A new process has been created.

Creator Subject:
	Security ID:		S-1-5-18
	Account Name:		-
	Account Domain:		-
	Logon ID:		0x3E7

Target Subject:
	Security ID:		S-1-0-0
	Account Name:		-
	Account Domain:		-
	Logon ID:		0x0

Process Information:
	New Process ID:		0x21c
	New Process Name:	C:\Windows\System32\wininit.exe
	Token Elevation Type:	%%1936
	Mandatory Label:		S-1-16-16384
	Creator Process ID:	0x1c4
	Creator Process Name:	C:\Windows\System32\smss.exe
	Process Command Line:	

Token Elevation Type indicates the type of token that was assigned to the new process in accordance with User Account Control policy.

Type 1 is a full token with no privileges removed or groups disabled.  A full token is only used if User Account Control is disabled or if the user is the built-in Administrator account or a service account.

Type 2 is an elevated token with no privileges removed or groups disabled.  An elevated token is used when User Account Control is enabled and the user chooses to start the program using Run as administrator.  An elevated token is also used when an application is configured to always require administrative privilege or to always require maximum privilege, and the user is a member of the Administrators group.

Type 3 is a limited token with administrative privileges removed and administrative groups disabled.  The limited token is used when User Account Control is enabled, the application does not require administrative privilege, and the user does not choose to start the program using Run as administrator.","2024-12-21T01:21:59.000+0200",1,21,21,december,59,saturday,2024,local,,"DESKTOP-57BANIQ",main,41,"//_::_====-=___.===_=_==_____.\r\r_:\rt_:tt---\rt_:tt-","WinEventLog:Security","WinEventLog:Security","DESKTOP-57BANIQ",,23,0
"-
-",,"-
-",,,,,,,,,,,,,,,,,"DESKTOP-57BANIQ",,0x14c,"C:\Windows\System32\smss.exe",,,,4688,0,,,,,,,,,,,,,,,,,,,,,"Audit Success",,,,Security,,,"0x3E7
0x0",,,"S-1-16-16384",,"A new process has been created.

Creator Subject:
	Security ID:		S-1-5-18
	Account Name:		-
	Account Domain:		-
	Logon ID:		0x3E7

Target Subject:
	Security ID:		S-1-0-0
	Account Name:		-
	Account Domain:		-
	Logon ID:		0x0

Process Information:
	New Process ID:		0x214
	New Process Name:	C:\Windows\System32\smss.exe
	Token Elevation Type:	%%1936
	Mandatory Label:		S-1-16-16384
	Creator Process ID:	0x14c
	Creator Process Name:	C:\Windows\System32\smss.exe
	Process Command Line:	

Token Elevation Type indicates the type of token that was assigned to the new process in accordance with User Account Control policy.

Type 1 is a full token with no privileges removed or groups disabled.  A full token is only used if User Account Control is disabled or if the user is the built-in Administrator account or a service account.

Type 2 is an elevated token with no privileges removed or groups disabled.  An elevated token is used when User Account Control is enabled and the user chooses to start the program using Run as administrator.  An elevated token is also used when an application is configured to always require administrative privilege or to always require maximum privilege, and the user is a member of the Administrators group.

Type 3 is a limited token with administrative privileges removed and administrative groups disabled.  The limited token is used when User Account Control is enabled, the application does not require administrative privilege, and the user does not choose to start the program using Run as administrator.",,,,,,,,,0x214,"C:\Windows\System32\smss.exe",,,,,,,,,,,,,Info,,,,,,,,,,,,,,,,,,,,,,,,,,,,,,,,,929,,,,,,,,,,,"S-1-5-18
S-1-0-0",,,,,,,,,,"Microsoft Windows security auditing.",,,,,,,,,,,"Process Creation",,"%%1936",,Information,,,,,,,,,"12/21/2024 01:21:59 AM
LogName=Security
EventCode=4688
EventType=0
ComputerName=DESKTOP-57BANIQ
SourceName=Microsoft Windows security auditing.
Type=Information
RecordNumber=929
Keywords=Audit Success
TaskCategory=Process Creation
OpCode=Info
Message=A new process has been created.

Creator Subject:
	Security ID:		S-1-5-18
	Account Name:		-
	Account Domain:		-
	Logon ID:		0x3E7

Target Subject:
	Security ID:		S-1-0-0
	Account Name:		-
	Account Domain:		-
	Logon ID:		0x0

Process Information:
	New Process ID:		0x214
	New Process Name:	C:\Windows\System32\smss.exe
	Token Elevation Type:	%%1936
	Mandatory Label:		S-1-16-16384
	Creator Process ID:	0x14c
	Creator Process Name:	C:\Windows\System32\smss.exe
	Process Command Line:	

Token Elevation Type indicates the type of token that was assigned to the new process in accordance with User Account Control policy.

Type 1 is a full token with no privileges removed or groups disabled.  A full token is only used if User Account Control is disabled or if the user is the built-in Administrator account or a service account.

Type 2 is an elevated token with no privileges removed or groups disabled.  An elevated token is used when User Account Control is enabled and the user chooses to start the program using Run as administrator.  An elevated token is also used when an application is configured to always require administrative privilege or to always require maximum privilege, and the user is a member of the Administrators group.

Type 3 is a limited token with administrative privileges removed and administrative groups disabled.  The limited token is used when User Account Control is enabled, the application does not require administrative privilege, and the user does not choose to start the program using Run as administrator.","2024-12-21T01:21:59.000+0200",1,21,21,december,59,saturday,2024,local,,"DESKTOP-57BANIQ",main,41,"//_::_====-=___.===_=_==_____.\r\r_:\rt_:tt---\rt_:tt-","WinEventLog:Security","WinEventLog:Security","DESKTOP-57BANIQ",,23,0
"-
-",,"-
-",,,,,,,,,,,,,,,,,"DESKTOP-57BANIQ",,0x1c4,"C:\Windows\System32\smss.exe",,,,4688,0,,,,,,,,,,,,,,,,,,,,,"Audit Success",,,,Security,,,"0x3E7
0x0",,,"S-1-16-16384",,"A new process has been created.

Creator Subject:
	Security ID:		S-1-5-18
	Account Name:		-
	Account Domain:		-
	Logon ID:		0x3E7

Target Subject:
	Security ID:		S-1-0-0
	Account Name:		-
	Account Domain:		-
	Logon ID:		0x0

Process Information:
	New Process ID:		0x1d0
	New Process Name:	C:\Windows\System32\csrss.exe
	Token Elevation Type:	%%1936
	Mandatory Label:		S-1-16-16384
	Creator Process ID:	0x1c4
	Creator Process Name:	C:\Windows\System32\smss.exe
	Process Command Line:	

Token Elevation Type indicates the type of token that was assigned to the new process in accordance with User Account Control policy.

Type 1 is a full token with no privileges removed or groups disabled.  A full token is only used if User Account Control is disabled or if the user is the built-in Administrator account or a service account.

Type 2 is an elevated token with no privileges removed or groups disabled.  An elevated token is used when User Account Control is enabled and the user chooses to start the program using Run as administrator.  An elevated token is also used when an application is configured to always require administrative privilege or to always require maximum privilege, and the user is a member of the Administrators group.

Type 3 is a limited token with administrative privileges removed and administrative groups disabled.  The limited token is used when User Account Control is enabled, the application does not require administrative privilege, and the user does not choose to start the program using Run as administrator.",,,,,,,,,0x1d0,"C:\Windows\System32\csrss.exe",,,,,,,,,,,,,Info,,,,,,,,,,,,,,,,,,,,,,,,,,,,,,,,,928,,,,,,,,,,,"S-1-5-18
S-1-0-0",,,,,,,,,,"Microsoft Windows security auditing.",,,,,,,,,,,"Process Creation",,"%%1936",,Information,,,,,,,,,"12/21/2024 01:21:59 AM
LogName=Security
EventCode=4688
EventType=0
ComputerName=DESKTOP-57BANIQ
SourceName=Microsoft Windows security auditing.
Type=Information
RecordNumber=928
Keywords=Audit Success
TaskCategory=Process Creation
OpCode=Info
Message=A new process has been created.

Creator Subject:
	Security ID:		S-1-5-18
	Account Name:		-
	Account Domain:		-
	Logon ID:		0x3E7

Target Subject:
	Security ID:		S-1-0-0
	Account Name:		-
	Account Domain:		-
	Logon ID:		0x0

Process Information:
	New Process ID:		0x1d0
	New Process Name:	C:\Windows\System32\csrss.exe
	Token Elevation Type:	%%1936
	Mandatory Label:		S-1-16-16384
	Creator Process ID:	0x1c4
	Creator Process Name:	C:\Windows\System32\smss.exe
	Process Command Line:	

Token Elevation Type indicates the type of token that was assigned to the new process in accordance with User Account Control policy.

Type 1 is a full token with no privileges removed or groups disabled.  A full token is only used if User Account Control is disabled or if the user is the built-in Administrator account or a service account.

Type 2 is an elevated token with no privileges removed or groups disabled.  An elevated token is used when User Account Control is enabled and the user chooses to start the program using Run as administrator.  An elevated token is also used when an application is configured to always require administrative privilege or to always require maximum privilege, and the user is a member of the Administrators group.

Type 3 is a limited token with administrative privileges removed and administrative groups disabled.  The limited token is used when User Account Control is enabled, the application does not require administrative privilege, and the user does not choose to start the program using Run as administrator.","2024-12-21T01:21:59.000+0200",1,21,21,december,59,saturday,2024,local,,"DESKTOP-57BANIQ",main,41,"//_::_====-=___.===_=_==_____.\r\r_:\rt_:tt---\rt_:tt-","WinEventLog:Security","WinEventLog:Security","DESKTOP-57BANIQ",,23,0
"-
-",,"-
-",,,,,,,,,,,,,,,,,"DESKTOP-57BANIQ",,0x14c,"C:\Windows\System32\smss.exe",,,,4688,0,,,,,,,,,,,,,,,,,,,,,"Audit Success",,,,Security,,,"0x3E7
0x0",,,"S-1-16-16384",,"A new process has been created.

Creator Subject:
	Security ID:		S-1-5-18
	Account Name:		-
	Account Domain:		-
	Logon ID:		0x3E7

Target Subject:
	Security ID:		S-1-0-0
	Account Name:		-
	Account Domain:		-
	Logon ID:		0x0

Process Information:
	New Process ID:		0x1c4
	New Process Name:	C:\Windows\System32\smss.exe
	Token Elevation Type:	%%1936
	Mandatory Label:		S-1-16-16384
	Creator Process ID:	0x14c
	Creator Process Name:	C:\Windows\System32\smss.exe
	Process Command Line:	

Token Elevation Type indicates the type of token that was assigned to the new process in accordance with User Account Control policy.

Type 1 is a full token with no privileges removed or groups disabled.  A full token is only used if User Account Control is disabled or if the user is the built-in Administrator account or a service account.

Type 2 is an elevated token with no privileges removed or groups disabled.  An elevated token is used when User Account Control is enabled and the user chooses to start the program using Run as administrator.  An elevated token is also used when an application is configured to always require administrative privilege or to always require maximum privilege, and the user is a member of the Administrators group.

Type 3 is a limited token with administrative privileges removed and administrative groups disabled.  The limited token is used when User Account Control is enabled, the application does not require administrative privilege, and the user does not choose to start the program using Run as administrator.",,,,,,,,,0x1c4,"C:\Windows\System32\smss.exe",,,,,,,,,,,,,Info,,,,,,,,,,,,,,,,,,,,,,,,,,,,,,,,,927,,,,,,,,,,,"S-1-5-18
S-1-0-0",,,,,,,,,,"Microsoft Windows security auditing.",,,,,,,,,,,"Process Creation",,"%%1936",,Information,,,,,,,,,"12/21/2024 01:21:59 AM
LogName=Security
EventCode=4688
EventType=0
ComputerName=DESKTOP-57BANIQ
SourceName=Microsoft Windows security auditing.
Type=Information
RecordNumber=927
Keywords=Audit Success
TaskCategory=Process Creation
OpCode=Info
Message=A new process has been created.

Creator Subject:
	Security ID:		S-1-5-18
	Account Name:		-
	Account Domain:		-
	Logon ID:		0x3E7

Target Subject:
	Security ID:		S-1-0-0
	Account Name:		-
	Account Domain:		-
	Logon ID:		0x0

Process Information:
	New Process ID:		0x1c4
	New Process Name:	C:\Windows\System32\smss.exe
	Token Elevation Type:	%%1936
	Mandatory Label:		S-1-16-16384
	Creator Process ID:	0x14c
	Creator Process Name:	C:\Windows\System32\smss.exe
	Process Command Line:	

Token Elevation Type indicates the type of token that was assigned to the new process in accordance with User Account Control policy.

Type 1 is a full token with no privileges removed or groups disabled.  A full token is only used if User Account Control is disabled or if the user is the built-in Administrator account or a service account.

Type 2 is an elevated token with no privileges removed or groups disabled.  An elevated token is used when User Account Control is enabled and the user chooses to start the program using Run as administrator.  An elevated token is also used when an application is configured to always require administrative privilege or to always require maximum privilege, and the user is a member of the Administrators group.

Type 3 is a limited token with administrative privileges removed and administrative groups disabled.  The limited token is used when User Account Control is enabled, the application does not require administrative privilege, and the user does not choose to start the program using Run as administrator.","2024-12-21T01:21:59.000+0200",1,21,21,december,59,saturday,2024,local,,"DESKTOP-57BANIQ",main,41,"//_::_====-=___.===_=_==_____.\r\r_:\rt_:tt---\rt_:tt-","WinEventLog:Security","WinEventLog:Security","DESKTOP-57BANIQ",,23,0
,,,,,,,,,,,,,,,,,,,"DESKTOP-57BANIQ",,,,,,,16983,4,,,,,,,,,,,,,,,,,,,,,None,,,,System,,,,,,,,"The security account manager is now logging periodic summary events for remote clients that call legacy password change or set RPC methods.

For more information please see https://go.microsoft.com/fwlink/?linkid=2150956.",,,,,,,,,,,,,,,,,,,,,,,Info,,,,,,,,,,,,,,,,,,,,,,,,,,,,,,,,,405,,,,,,,,,,,,,,,,,,,"S-1-5-18",0,"Microsoft-Windows-Directory-Services-SAM",,,,,,,,,,,None,,,,Information,"NOT_TRANSLATED",,,,,,,,"12/21/2024 01:21:59 AM
LogName=System
EventCode=16983
EventType=4
ComputerName=DESKTOP-57BANIQ
User=NOT_TRANSLATED
Sid=S-1-5-18
SidType=0
SourceName=Microsoft-Windows-Directory-Services-SAM
Type=Information
RecordNumber=405
Keywords=None
TaskCategory=None
OpCode=Info
Message=The security account manager is now logging periodic summary events for remote clients that call legacy password change or set RPC methods.

For more information please see https://go.microsoft.com/fwlink/?linkid=2150956.","2024-12-21T01:21:59.000+0200",1,21,21,december,59,saturday,2024,local,,"DESKTOP-57BANIQ",main,17,"//_::_====-==---==----======_____________________.","WinEventLog:System","WinEventLog:System","DESKTOP-57BANIQ",,23,0
,,,,,,,,,,,,,,,,,,,"DESKTOP-57BANIQ",,,,,,,16977,4,,,,,,,,,,,,,,,,,,,,,None,,,,System,,,,,,,,"The domain is configured with the following minimum password length-related settings.

MinimumPasswordLength: 0

RelaxMinimumPasswordLengthLimits: 0

MinimumPasswordLengthAudit: -1

For more information see https://go.microsoft.com/fwlink/?LinkId=2097191.",0,"-1",,,,,,,,,,,,,,,,,,,,,Info,,,,,,,,,,,,,,,,,,,,,,,,,,,,,,,,,404,0,,,,,,,,,,,,,,,,,,"S-1-5-18",0,"Microsoft-Windows-Directory-Services-SAM",,,,,,,,,,,None,,,,Information,"NOT_TRANSLATED",,,,,,,,"12/21/2024 01:21:59 AM
LogName=System
EventCode=16977
EventType=4
ComputerName=DESKTOP-57BANIQ
User=NOT_TRANSLATED
Sid=S-1-5-18
SidType=0
SourceName=Microsoft-Windows-Directory-Services-SAM
Type=Information
RecordNumber=404
Keywords=None
TaskCategory=None
OpCode=Info
Message=The domain is configured with the following minimum password length-related settings.

MinimumPasswordLength: 0

RelaxMinimumPasswordLengthLimits: 0

MinimumPasswordLengthAudit: -1

For more information see https://go.microsoft.com/fwlink/?LinkId=2097191.","2024-12-21T01:21:59.000+0200",1,21,21,december,59,saturday,2024,local,,"DESKTOP-57BANIQ",main,23,"//_::_====-==---==----======_________-_.\r\r:_\r\r:_\r\r","WinEventLog:System","WinEventLog:System","DESKTOP-57BANIQ",,23,0
,,,,,,,,,,,,,,,,,,,"DESKTOP-57BANIQ",,,,,,,16962,4,,,,,,,,,,,,,,,,,,,,,None,,,,System,,,,,,,,"Remote calls to the SAM database are being restricted using the default security descriptor: O:SYG:SYD:(A;;RC;;;BA).
For more information please see http://go.microsoft.com/fwlink/?LinkId=787651.",,,,,,,,,,,,,,,,,,,,,,,Info,,,,,,,,,,,,,,,,,,,,,,,,,,,,,,,,,403,,,,,,,,,,,,,,,,,,,"S-1-5-18",0,"Microsoft-Windows-Directory-Services-SAM",,,,,,,,,,,None,,,,Information,"NOT_TRANSLATED",,,,,,,,"12/21/2024 01:21:59 AM
LogName=System
EventCode=16962
EventType=4
ComputerName=DESKTOP-57BANIQ
User=NOT_TRANSLATED
Sid=S-1-5-18
SidType=0
SourceName=Microsoft-Windows-Directory-Services-SAM
Type=Information
RecordNumber=403
Keywords=None
TaskCategory=None
OpCode=Info
Message=Remote calls to the SAM database are being restricted using the default security descriptor: O:SYG:SYD:(A;;RC;;;BA).
For more information please see http://go.microsoft.com/fwlink/?LinkId=787651.","2024-12-21T01:21:59.000+0200",1,21,21,december,59,saturday,2024,local,,"DESKTOP-57BANIQ",main,16,"//_::_====-==---==----======_____________:_:::(;;;","WinEventLog:System","WinEventLog:System","DESKTOP-57BANIQ",,23,0
,,,,,,,,,,,,,,,,,,,"DESKTOP-57BANIQ",,,,,,,28,3,,,,,,,,,,,,,,,,,,,,,Classic,,,,System,,,,,,,,"The local adapter does not support Bluetooth Low Energy.",,,,,,,,,,,,,,,,,,,,,,,None,,,,,,,,,,,,,,,,,,,,,,,,,,,,,,,,,402,,,,,,,,,,,,,,,,,,,,,BTHUSB,,,,,,,,,,,None,,,,Warning,,,,,,,,,"12/21/2024 01:21:59 AM
LogName=System
EventCode=28
EventType=3
ComputerName=DESKTOP-57BANIQ
SourceName=BTHUSB
Type=Warning
RecordNumber=402
Keywords=Classic
TaskCategory=None
OpCode=None
Message=The local adapter does not support Bluetooth Low Energy.","2024-12-21T01:21:59.000+0200",1,21,21,december,59,saturday,2024,local,,"DESKTOP-57BANIQ",main,12,"//_::_====-=======________.","WinEventLog:System","WinEventLog:System","DESKTOP-57BANIQ",,23,0
,,,,,,,,,,,,,,,,,,,"DESKTOP-57BANIQ",,,,,,,48,3,,,,,,,,,,,,,,,,,,,,,Classic,,,,System,,,,,,,,"The local adapter does not support reading the encryption key size for a connected device. Insecure devices may be able to connect to this system.",,,,,,,,,,,,,,,,,,,,,,,None,,,,,,,,,,,,,,,,,,,,,,,,,,,,,,,,,401,,,,,,,,,,,,,,,,,,,,,BTHUSB,,,,,,,,,,,None,,,,Warning,,,,,,,,,"12/21/2024 01:21:59 AM
LogName=System
EventCode=48
EventType=3
ComputerName=DESKTOP-57BANIQ
SourceName=BTHUSB
Type=Warning
RecordNumber=401
Keywords=Classic
TaskCategory=None
OpCode=None
Message=The local adapter does not support reading the encryption key size for a connected device. Insecure devices may be able to connect to this system.","2024-12-21T01:21:59.000+0200",1,21,21,december,59,saturday,2024,local,,"DESKTOP-57BANIQ",main,12,"//_::_====-=======______________.__________.","WinEventLog:System","WinEventLog:System","DESKTOP-57BANIQ",,23,0
,,,,,,,,,,,,,,,,,,,"DESKTOP-57BANIQ",,,,,,,18,4,,,,,,,,,,,,,,,,,,,,,Classic,,,,System,,,,,,,,"Windows cannot store Bluetooth authentication codes (link keys) on the local adapter. Bluetooth keyboards might not work in the system BIOS during startup.",,,,,,,,,,,,,,,,,,,,,,,None,,,,,,,,,,,,,,,,,,,,,,,,,,,,,,,,,400,,,,,,,,,,,,,,,,,,,,,BTHUSB,,,,,,,,,,,None,,,,Information,,,,,,,,,"12/21/2024 01:21:59 AM
LogName=System
EventCode=18
EventType=4
ComputerName=DESKTOP-57BANIQ
SourceName=BTHUSB
Type=Information
RecordNumber=400
Keywords=Classic
TaskCategory=None
OpCode=None
Message=Windows cannot store Bluetooth authentication codes (link keys) on the local adapter. Bluetooth keyboards might not work in the system BIOS during startup.","2024-12-21T01:21:59.000+0200",1,21,21,december,59,saturday,2024,local,,"DESKTOP-57BANIQ",main,12,"//_::_====-=======______(_)____.___________.","WinEventLog:System","WinEventLog:System","DESKTOP-57BANIQ",,23,0
,,,,,,,,,,,,,,,,,,,"DESKTOP-57BANIQ",,,,,,,14,4,,,,,,,,,,,,,,,,,,,,,None,,,,System,,,,,,,,"Credential Guard configuration: 0x0, 0",,,,,,,,,,,,,,,,,,,,,,,Info,,,,,,,,,,,,,,,,,,,,,,,,,,,,,,,,,399,,,,,,,,,,,,,,,,,,,"S-1-5-18",0,"Microsoft-Windows-Wininit",,,,,,,,,,,None,,,,Information,"NOT_TRANSLATED",,,,,,,,"12/21/2024 01:21:59 AM
LogName=System
EventCode=14
EventType=4
ComputerName=DESKTOP-57BANIQ
User=NOT_TRANSLATED
Sid=S-1-5-18
SidType=0
SourceName=Microsoft-Windows-Wininit
Type=Information
RecordNumber=399
Keywords=None
TaskCategory=None
OpCode=Info
Message=Credential Guard configuration: 0x0, 0","2024-12-21T01:21:59.000+0200",1,21,21,december,59,saturday,2024,local,,"DESKTOP-57BANIQ",main,15,"//_::_====-==---==--======__:_,_","WinEventLog:System","WinEventLog:System","DESKTOP-57BANIQ",,23,0
,,,,,,,,,,,,,,,,,,,"DESKTOP-57BANIQ",,,,,,,24,4,,,,,,,,,,,,,,,,,,,,,Time,,,,System,,,,,,,,"The time zone information was refreshed with exit reason 0. Current time zone bias is -120.",,,,,,,,,,,,,,,,,,,,,,,Info,,,,,,,,,,,,,,,,,,,,,,,,,,,,,,,,,398,,,,,,,,,,,,,,,,,,,"S-1-5-18",0,"Microsoft-Windows-Kernel-General",,,,,,,,,,,11,,,,Information,"NOT_TRANSLATED",,,,,,,,"12/21/2024 01:21:59 AM
LogName=System
EventCode=24
EventType=4
ComputerName=DESKTOP-57BANIQ
User=NOT_TRANSLATED
Sid=S-1-5-18
SidType=0
SourceName=Microsoft-Windows-Kernel-General
Type=Information
RecordNumber=398
Keywords=Time
TaskCategory=11
OpCode=Info
Message=The time zone information was refreshed with exit reason 0. Current time zone bias is -120.","2024-12-21T01:21:59.000+0200",1,21,21,december,59,saturday,2024,local,,"DESKTOP-57BANIQ",main,15,"//_::_====-==---==---======_________.______-.","WinEventLog:System","WinEventLog:System","DESKTOP-57BANIQ",,23,0
"-
-",,"-
-",,,,,,,,,,,,,,,,,"DESKTOP-57BANIQ",,0x14c,"C:\Windows\System32\smss.exe",,,,4688,0,,,,,,,,,,,,,,,,,,,,,"Audit Success",,,,Security,,,"0x3E7
0x0",,,"S-1-16-16384",,"A new process has been created.

Creator Subject:
	Security ID:		S-1-5-18
	Account Name:		-
	Account Domain:		-
	Logon ID:		0x3E7

Target Subject:
	Security ID:		S-1-0-0
	Account Name:		-
	Account Domain:		-
	Logon ID:		0x0

Process Information:
	New Process ID:		0x164
	New Process Name:	C:\Windows\System32\autochk.exe
	Token Elevation Type:	%%1936
	Mandatory Label:		S-1-16-16384
	Creator Process ID:	0x14c
	Creator Process Name:	C:\Windows\System32\smss.exe
	Process Command Line:	

Token Elevation Type indicates the type of token that was assigned to the new process in accordance with User Account Control policy.

Type 1 is a full token with no privileges removed or groups disabled.  A full token is only used if User Account Control is disabled or if the user is the built-in Administrator account or a service account.

Type 2 is an elevated token with no privileges removed or groups disabled.  An elevated token is used when User Account Control is enabled and the user chooses to start the program using Run as administrator.  An elevated token is also used when an application is configured to always require administrative privilege or to always require maximum privilege, and the user is a member of the Administrators group.

Type 3 is a limited token with administrative privileges removed and administrative groups disabled.  The limited token is used when User Account Control is enabled, the application does not require administrative privilege, and the user does not choose to start the program using Run as administrator.",,,,,,,,,0x164,"C:\Windows\System32\autochk.exe",,,,,,,,,,,,,Info,,,,,,,,,,,,,,,,,,,,,,,,,,,,,,,,,926,,,,,,,,,,,"S-1-5-18
S-1-0-0",,,,,,,,,,"Microsoft Windows security auditing.",,,,,,,,,,,"Process Creation",,"%%1936",,Information,,,,,,,,,"12/21/2024 01:21:58 AM
LogName=Security
EventCode=4688
EventType=0
ComputerName=DESKTOP-57BANIQ
SourceName=Microsoft Windows security auditing.
Type=Information
RecordNumber=926
Keywords=Audit Success
TaskCategory=Process Creation
OpCode=Info
Message=A new process has been created.

Creator Subject:
	Security ID:		S-1-5-18
	Account Name:		-
	Account Domain:		-
	Logon ID:		0x3E7

Target Subject:
	Security ID:		S-1-0-0
	Account Name:		-
	Account Domain:		-
	Logon ID:		0x0

Process Information:
	New Process ID:		0x164
	New Process Name:	C:\Windows\System32\autochk.exe
	Token Elevation Type:	%%1936
	Mandatory Label:		S-1-16-16384
	Creator Process ID:	0x14c
	Creator Process Name:	C:\Windows\System32\smss.exe
	Process Command Line:	

Token Elevation Type indicates the type of token that was assigned to the new process in accordance with User Account Control policy.

Type 1 is a full token with no privileges removed or groups disabled.  A full token is only used if User Account Control is disabled or if the user is the built-in Administrator account or a service account.

Type 2 is an elevated token with no privileges removed or groups disabled.  An elevated token is used when User Account Control is enabled and the user chooses to start the program using Run as administrator.  An elevated token is also used when an application is configured to always require administrative privilege or to always require maximum privilege, and the user is a member of the Administrators group.

Type 3 is a limited token with administrative privileges removed and administrative groups disabled.  The limited token is used when User Account Control is enabled, the application does not require administrative privilege, and the user does not choose to start the program using Run as administrator.","2024-12-21T01:21:58.000+0200",1,21,21,december,58,saturday,2024,local,,"DESKTOP-57BANIQ",main,41,"//_::_====-=___.===_=_==_____.\r\r_:\rt_:tt---\rt_:tt-","WinEventLog:Security","WinEventLog:Security","DESKTOP-57BANIQ",,23,0
"-
-",,"-
-",,,,,,,,,,,,,,,,,"DESKTOP-57BANIQ",,0x4,,,,,4688,0,,,,,,,,,,,,,,,,,,,,,"Audit Success",,,,Security,,,"0x3E7
0x0",,,"S-1-16-16384",,"A new process has been created.

Creator Subject:
	Security ID:		S-1-5-18
	Account Name:		-
	Account Domain:		-
	Logon ID:		0x3E7

Target Subject:
	Security ID:		S-1-0-0
	Account Name:		-
	Account Domain:		-
	Logon ID:		0x0

Process Information:
	New Process ID:		0x14c
	New Process Name:	C:\Windows\System32\smss.exe
	Token Elevation Type:	%%1936
	Mandatory Label:		S-1-16-16384
	Creator Process ID:	0x4
	Creator Process Name:	
	Process Command Line:	

Token Elevation Type indicates the type of token that was assigned to the new process in accordance with User Account Control policy.

Type 1 is a full token with no privileges removed or groups disabled.  A full token is only used if User Account Control is disabled or if the user is the built-in Administrator account or a service account.

Type 2 is an elevated token with no privileges removed or groups disabled.  An elevated token is used when User Account Control is enabled and the user chooses to start the program using Run as administrator.  An elevated token is also used when an application is configured to always require administrative privilege or to always require maximum privilege, and the user is a member of the Administrators group.

Type 3 is a limited token with administrative privileges removed and administrative groups disabled.  The limited token is used when User Account Control is enabled, the application does not require administrative privilege, and the user does not choose to start the program using Run as administrator.",,,,,,,,,0x14c,"C:\Windows\System32\smss.exe",,,,,,,,,,,,,Info,,,,,,,,,,,,,,,,,,,,,,,,,,,,,,,,,925,,,,,,,,,,,"S-1-5-18
S-1-0-0",,,,,,,,,,"Microsoft Windows security auditing.",,,,,,,,,,,"Process Creation",,"%%1936",,Information,,,,,,,,,"12/21/2024 01:21:58 AM
LogName=Security
EventCode=4688
EventType=0
ComputerName=DESKTOP-57BANIQ
SourceName=Microsoft Windows security auditing.
Type=Information
RecordNumber=925
Keywords=Audit Success
TaskCategory=Process Creation
OpCode=Info
Message=A new process has been created.

Creator Subject:
	Security ID:		S-1-5-18
	Account Name:		-
	Account Domain:		-
	Logon ID:		0x3E7

Target Subject:
	Security ID:		S-1-0-0
	Account Name:		-
	Account Domain:		-
	Logon ID:		0x0

Process Information:
	New Process ID:		0x14c
	New Process Name:	C:\Windows\System32\smss.exe
	Token Elevation Type:	%%1936
	Mandatory Label:		S-1-16-16384
	Creator Process ID:	0x4
	Creator Process Name:	
	Process Command Line:	

Token Elevation Type indicates the type of token that was assigned to the new process in accordance with User Account Control policy.

Type 1 is a full token with no privileges removed or groups disabled.  A full token is only used if User Account Control is disabled or if the user is the built-in Administrator account or a service account.

Type 2 is an elevated token with no privileges removed or groups disabled.  An elevated token is used when User Account Control is enabled and the user chooses to start the program using Run as administrator.  An elevated token is also used when an application is configured to always require administrative privilege or to always require maximum privilege, and the user is a member of the Administrators group.

Type 3 is a limited token with administrative privileges removed and administrative groups disabled.  The limited token is used when User Account Control is enabled, the application does not require administrative privilege, and the user does not choose to start the program using Run as administrator.","2024-12-21T01:21:58.000+0200",1,21,21,december,58,saturday,2024,local,,"DESKTOP-57BANIQ",main,41,"//_::_====-=___.===_=_==_____.\r\r_:\rt_:tt---\rt_:tt-","WinEventLog:Security","WinEventLog:Security","DESKTOP-57BANIQ",,23,0
"-",,"-",,,No,,,,,,,,,,,,,,"DESKTOP-57BANIQ",Default,,,No,,,4826,0,,,,No,,,,,,,No,Off,"-",,,,No,,,,"Audit Success",,,"-",Security,,,0x3E7,,,,,"Boot Configuration Data loaded.

Subject:
	Security ID:		S-1-5-18
	Account Name:		-
	Account Domain:		-
	Logon ID:		0x3E7

General Settings:
	Load Options:		-
	Advanced Options:		No
	Configuration Access Policy:	Default
	System Event Logging:	No
	Kernel Debugging:	No
	VSM Launch Type:	Off

Signature Settings:
	Test Signing:		No
	Flight Signing:		No
	Disable Integrity Checks:	No

HyperVisor Settings:
	HyperVisor Load Options:	-
	HyperVisor Launch Type:	Off
	HyperVisor Debugging:	No",,,,,,,,,,,,,,,,,,,,,,,Info,,,,,,,,,,,,,,,,,,,,,,,,,,,,,,,,,924,,,,,,,,,,,"S-1-5-18",,,,,,,,,,"Microsoft Windows security auditing.",,,,,No,,,,,,"Other Policy Change Events",No,,,Information,,,,,,Off,,,"12/21/2024 01:21:58 AM
LogName=Security
EventCode=4826
EventType=0
ComputerName=DESKTOP-57BANIQ
SourceName=Microsoft Windows security auditing.
Type=Information
RecordNumber=924
Keywords=Audit Success
TaskCategory=Other Policy Change Events
OpCode=Info
Message=Boot Configuration Data loaded.

Subject:
	Security ID:		S-1-5-18
	Account Name:		-
	Account Domain:		-
	Logon ID:		0x3E7

General Settings:
	Load Options:		-
	Advanced Options:		No
	Configuration Access Policy:	Default
	System Event Logging:	No
	Kernel Debugging:	No
	VSM Launch Type:	Off

Signature Settings:
	Test Signing:		No
	Flight Signing:		No
	Disable Integrity Checks:	No

HyperVisor Settings:
	HyperVisor Load Options:	-
	HyperVisor Launch Type:	Off
	HyperVisor Debugging:	No","2024-12-21T01:21:58.000+0200",1,21,21,december,58,saturday,2024,local,,"DESKTOP-57BANIQ",main,36,"//_::_====-=___.===_=___==___.\r\r:\rt_:tt---\rt_:tt-\r","WinEventLog:Security","WinEventLog:Security","DESKTOP-57BANIQ",,23,0
"-
-",,"-
-",,,,,,,,,,,,,,,,,"DESKTOP-57BANIQ",,,,,,,4696,0,,,,,,,,,,,,,,,,,,,,,"Audit Success",,,,Security,,,"0x3E7
0x3E7",,,,,"A primary token was assigned to process.

Subject:
	Security ID:		S-1-5-18
	Account Name:		-
	Account Domain:		-
	Logon ID:		0x3E7

Process Information:
	Process ID:	0x4
	Process Name:	

Target Process:
	Target Process ID:	0x6c
	Target Process Name:	Registry

New Token Information:
	Security ID:		S-1-0-0
	Account Name:		-
	Account Domain:		-
	Logon ID:		0x3E7",,,,,,,,,,,,,,,,,,,,,,,Info,,,,,,,,,,,,,,,,,,,,,,,,0x4,,,,,,,,,923,,,,,,,,,,,"S-1-5-18
S-1-0-0",,,,,,,,,,"Microsoft Windows security auditing.",,,,,,,,0x6c,Registry,,"Process Creation",,,,Information,,,,,,,,,"12/21/2024 01:21:58 AM
LogName=Security
EventCode=4696
EventType=0
ComputerName=DESKTOP-57BANIQ
SourceName=Microsoft Windows security auditing.
Type=Information
RecordNumber=923
Keywords=Audit Success
TaskCategory=Process Creation
OpCode=Info
Message=A primary token was assigned to process.

Subject:
	Security ID:		S-1-5-18
	Account Name:		-
	Account Domain:		-
	Logon ID:		0x3E7

Process Information:
	Process ID:	0x4
	Process Name:	

Target Process:
	Target Process ID:	0x6c
	Target Process Name:	Registry

New Token Information:
	Security ID:		S-1-0-0
	Account Name:		-
	Account Domain:		-
	Logon ID:		0x3E7","2024-12-21T01:21:58.000+0200",1,21,21,december,58,saturday,2024,local,,"DESKTOP-57BANIQ",main,32,"//_::_====-=___.===_=_==______.\r\r:\rt_:tt---\rt_:tt-","WinEventLog:Security","WinEventLog:Security","DESKTOP-57BANIQ",,23,0
"-
-",,"-
-",,,,,,,,,,,,,,,,,"DESKTOP-57BANIQ",,0x4,,,,,4688,0,,,,,,,,,,,,,,,,,,,,,"Audit Success",,,,Security,,,"0x3E7
0x0",,,"S-1-16-16384",,"A new process has been created.

Creator Subject:
	Security ID:		S-1-5-18
	Account Name:		-
	Account Domain:		-
	Logon ID:		0x3E7

Target Subject:
	Security ID:		S-1-0-0
	Account Name:		-
	Account Domain:		-
	Logon ID:		0x0

Process Information:
	New Process ID:		0x6c
	New Process Name:	Registry
	Token Elevation Type:	%%1936
	Mandatory Label:		S-1-16-16384
	Creator Process ID:	0x4
	Creator Process Name:	
	Process Command Line:	

Token Elevation Type indicates the type of token that was assigned to the new process in accordance with User Account Control policy.

Type 1 is a full token with no privileges removed or groups disabled.  A full token is only used if User Account Control is disabled or if the user is the built-in Administrator account or a service account.

Type 2 is an elevated token with no privileges removed or groups disabled.  An elevated token is used when User Account Control is enabled and the user chooses to start the program using Run as administrator.  An elevated token is also used when an application is configured to always require administrative privilege or to always require maximum privilege, and the user is a member of the Administrators group.

Type 3 is a limited token with administrative privileges removed and administrative groups disabled.  The limited token is used when User Account Control is enabled, the application does not require administrative privilege, and the user does not choose to start the program using Run as administrator.",,,,,,,,,0x6c,Registry,,,,,,,,,,,,,Info,,,,,,,,,,,,,,,,,,,,,,,,,,,,,,,,,922,,,,,,,,,,,"S-1-5-18
S-1-0-0",,,,,,,,,,"Microsoft Windows security auditing.",,,,,,,,,,,"Process Creation",,"%%1936",,Information,,,,,,,,,"12/21/2024 01:21:58 AM
