LogName=Security
EventCode=4672
EventType=0
ComputerName=DESKTOP-57BANIQ
SourceName=Microsoft Windows security auditing.
Type=Information
RecordNumber=888
Keywords=Audit Success
TaskCategory=Special Logon
OpCode=Info
Message=Special privileges assigned to new logon.

Subject:
	Security ID:		S-1-5-18
	Account Name:		SYSTEM
	Account Domain:		NT AUTHORITY
	Logon ID:		0x3E7

Privileges:		SeAssignPrimaryTokenPrivilege
			SeTcbPrivilege
			SeSecurityPrivilege
			SeTakeOwnershipPrivilege
			SeLoadDriverPrivilege
			SeBackupPrivilege
			SeRestorePrivilege
			SeDebugPrivilege
			SeAuditPrivilege
			SeSystemEnvironmentPrivilege
			SeImpersonatePrivilege
			SeDelegateSessionUserImpersonatePrivilege","2024-12-21T01:20:50.000+0200",1,21,20,december,50,saturday,2024,local,,"DESKTOP-57BANIQ",main,31,"//_::_====-=___.===_=_==_____.\r\r:\rt_:tt---\rt_:tt\rt","WinEventLog:Security","WinEventLog:Security","DESKTOP-57BANIQ",,23,0
"WORKGROUP
NT AUTHORITY",,"DESKTOP-57BANIQ$
SYSTEM",,,,,,,,Negotiate,,,,,,,,,"DESKTOP-57BANIQ",,,,,,Yes,4624,0,,,,,,,,,,,,,,,Impersonation,,,0,,,"Audit Success",,0x0,,Security,"{00000000-0000-0000-0000-000000000000}",,"0x3E7
0x3E7",Advapi,5,,,"An account was successfully logged on.

Subject:
	Security ID:		S-1-5-18
	Account Name:		DESKTOP-57BANIQ$
	Account Domain:		WORKGROUP
	Logon ID:		0x3E7

Logon Information:
	Logon Type:		5
	Restricted Admin Mode:	-
	Virtual Account:		No
	Elevated Token:		Yes

Impersonation Level:		Impersonation

New Logon:
	Security ID:		S-1-5-18
	Account Name:		SYSTEM
	Account Domain:		NT AUTHORITY
	Logon ID:		0x3E7
	Linked Logon ID:		0x0
	Network Account Name:	-
	Network Account Domain:	-
	Logon GUID:		{00000000-0000-0000-0000-000000000000}

Process Information:
	Process ID:		0x294
	Process Name:		C:\Windows\System32\services.exe

Network Information:
	Workstation Name:	-
	Source Network Address:	-
	Source Port:		-

Detailed Authentication Information:
	Logon Process:		Advapi  
	Authentication Package:	Negotiate
	Transited Services:	-
	Package Name (NTLM only):	-
	Key Length:		0

This event is generated when a logon session is created. It is generated on the computer that was accessed.

The subject fields indicate the account on the local system which requested the logon. This is most commonly a service such as the Server service, or a local process such as Winlogon.exe or Services.exe.

The logon type field indicates the kind of logon that occurred. The most common types are 2 (interactive) and 3 (network).

The New Logon fields indicate the account for whom the new logon was created, i.e. the account that was logged on.

The network fields indicate where a remote logon request originated. Workstation name is not always available and may be left blank in some cases.

The impersonation level field indicates the extent to which a process in the logon session can impersonate.

The authentication information fields provide detailed information about this specific logon request.
	- Logon GUID is a unique identifier that can be used to correlate this event with a KDC event.
	- Transited services indicate which intermediate services have participated in this logon request.
	- Package name indicates which sub-protocol was used among the NTLM protocols.
	- Key length indicates the length of the generated session key. This will be 0 if no session key was requested.",,,,,,"-","-",,,,,,,,,,,,,,,,Info,,,,,,,,,,,,,"-",,,,,,,,,,,0x294,"C:\Windows\System32\services.exe",,,,,,,,887,,,,,"-",,,,,,"S-1-5-18
S-1-5-18",,,,,,,,,,"Microsoft Windows security auditing.","-","-",,,,,,,,,Logon,,,"-",Information,,,,,,,No,"-","12/21/2024 01:20:50 AM
LogName=Security
EventCode=4624
EventType=0
ComputerName=DESKTOP-57BANIQ
SourceName=Microsoft Windows security auditing.
Type=Information
RecordNumber=887
Keywords=Audit Success
TaskCategory=Logon
OpCode=Info
Message=An account was successfully logged on.

Subject:
	Security ID:		S-1-5-18
	Account Name:		DESKTOP-57BANIQ$
	Account Domain:		WORKGROUP
	Logon ID:		0x3E7

Logon Information:
	Logon Type:		5
	Restricted Admin Mode:	-
	Virtual Account:		No
	Elevated Token:		Yes

Impersonation Level:		Impersonation

New Logon:
	Security ID:		S-1-5-18
	Account Name:		SYSTEM
	Account Domain:		NT AUTHORITY
	Logon ID:		0x3E7
	Linked Logon ID:		0x0
	Network Account Name:	-
	Network Account Domain:	-
	Logon GUID:		{00000000-0000-0000-0000-000000000000}

Process Information:
	Process ID:		0x294
	Process Name:		C:\Windows\System32\services.exe

Network Information:
	Workstation Name:	-
	Source Network Address:	-
	Source Port:		-

Detailed Authentication Information:
	Logon Process:		Advapi  
	Authentication Package:	Negotiate
	Transited Services:	-
	Package Name (NTLM only):	-
	Key Length:		0

This event is generated when a logon session is created. It is generated on the computer that was accessed.

The subject fields indicate the account on the local system which requested the logon. This is most commonly a service such as the Server service, or a local process such as Winlogon.exe or Services.exe.

The logon type field indicates the kind of logon that occurred. The most common types are 2 (interactive) and 3 (network).

The New Logon fields indicate the account for whom the new logon was created, i.e. the account that was logged on.

The network fields indicate where a remote logon request originated. Workstation name is not always available and may be left blank in some cases.

The impersonation level field indicates the extent to which a process in the logon session can impersonate.

The authentication information fields provide detailed information about this specific logon request.
	- Logon GUID is a unique identifier that can be used to correlate this event with a KDC event.
	- Transited services indicate which intermediate services have participated in this logon request.
	- Package name indicates which sub-protocol was used among the NTLM protocols.
	- Key length indicates the length of the generated session key. This will be 0 if no session key was requested.","2024-12-21T01:20:50.000+0200",1,21,20,december,50,saturday,2024,local,,"DESKTOP-57BANIQ",main,70,"//_::_====-=___.===_===_____.\r\r:\rt_:tt---\rt_:tt-$\r","WinEventLog:Security","WinEventLog:Security","DESKTOP-57BANIQ",,23,0
,,,,,,,,,,,,,,,,,,,"DESKTOP-57BANIQ",,,,,,,10000,4,,,,,,,,,,,,,,,,,,,,,None,,,,Application,,,,,,,,"Starting session 0 - 2024-12-20T23:20:50.440289300Z.",,,,,,,,,,,,,,,,,,,,,,,Info,,,,,,,,,,,,,,,,,,,,,,,,,,,,,,,,,379,,,,,,,,,,,,,,,,,,,"S-1-5-21-443749481-124601364-2758766465-1001",0,"Microsoft-Windows-RestartManager",,,,,,,,,,,None,,,,Information,"NOT_TRANSLATED",,,,,,,,"12/21/2024 01:20:50 AM
LogName=Application
EventCode=10000
EventType=4
ComputerName=DESKTOP-57BANIQ
User=NOT_TRANSLATED
Sid=S-1-5-21-443749481-124601364-2758766465-1001
SidType=0
SourceName=Microsoft-Windows-RestartManager
Type=Information
RecordNumber=379
Keywords=None
TaskCategory=None
OpCode=Info
Message=Starting session 0 - 2024-12-20T23:20:50.440289300Z.","2024-12-21T01:20:50.000+0200",1,21,20,december,50,saturday,2024,local,,"DESKTOP-57BANIQ",main,15,"//_::_====-==-------==--======___-_--::..","WinEventLog:Application","WinEventLog:Application","DESKTOP-57BANIQ",,23,0
,,,,,,,,,,,,,,,,,,,"DESKTOP-57BANIQ",,,,,,,1033,4,,,,,,,,,,,,,,,,,,,,,Classic,,,,Application,,,,,,,,"Windows Installer installed the product. Product Name: Microsoft Visual C++ 2022 X86 Minimum Runtime - 14.36.32532. Product Version: 14.36.32532. Product Language: 1033. Manufacturer: Microsoft Corporation. Installation success or error status: 0.",,,,,,,,,,,,,,,,,,,,,,,Info,,,,,,,,,,,,,,,,,,,,,,,,,,,,,,,,,376,,,,,,,,,,,,,,,,,,,"S-1-5-21-443749481-124601364-2758766465-1001",0,MsiInstaller,,,,,,,,,,,None,,,,Information,"NOT_TRANSLATED",,,,,,,,"12/21/2024 01:20:50 AM
LogName=Application
EventCode=1033
EventType=4
ComputerName=DESKTOP-57BANIQ
User=NOT_TRANSLATED
Sid=S-1-5-21-443749481-124601364-2758766465-1001
SidType=0
SourceName=MsiInstaller
Type=Information
RecordNumber=376
Keywords=Classic
TaskCategory=None
OpCode=Info
Message=Windows Installer installed the product. Product Name: Microsoft Visual C++ 2022 X86 Minimum Runtime - 14.36.32532. Product Version: 14.36.32532. Product Language: 1033. Manufacturer: Microsoft Corporation. Installation success or error status: 0.","2024-12-21T01:20:50.000+0200",1,21,20,december,50,saturday,2024,local,,"DESKTOP-57BANIQ",main,15,"//_::_====-==-------========____.__:___++_____-_..","WinEventLog:Application","WinEventLog:Application","DESKTOP-57BANIQ",,23,0
,,,,,,,,,,,,,,,,,,,"DESKTOP-57BANIQ",,,,,,,11707,4,,,,,,,,,,,,,,,,,,,,,Classic,,,,Application,,,,,,,,"Product: Microsoft Visual C++ 2022 X86 Minimum Runtime - 14.36.32532 -- Installation completed successfully.",,,,,,,,,,,,,,,,,,,,,,,Info,,,,,,,,,,,,,,,,,,,,,,,,,,,,,,,,,375,,,,,,,,,,,,,,,,,,,"S-1-5-21-443749481-124601364-2758766465-1001",0,MsiInstaller,,,,,,,,,,,None,,,,Information,"NOT_TRANSLATED",,,,,,,,"12/21/2024 01:20:50 AM
LogName=Application
EventCode=11707
EventType=4
ComputerName=DESKTOP-57BANIQ
User=NOT_TRANSLATED
Sid=S-1-5-21-443749481-124601364-2758766465-1001
SidType=0
SourceName=MsiInstaller
Type=Information
RecordNumber=375
Keywords=Classic
TaskCategory=None
OpCode=Info
Message=Product: Microsoft Visual C++ 2022 X86 Minimum Runtime - 14.36.32532 -- Installation completed successfully.","2024-12-21T01:20:50.000+0200",1,21,20,december,50,saturday,2024,local,,"DESKTOP-57BANIQ",main,15,"//_::_====-==-------========:___++_____-_.._--___.","WinEventLog:Application","WinEventLog:Application","DESKTOP-57BANIQ",,23,0
,,,,,,,,,,,,,,,,,,,"DESKTOP-57BANIQ",,,,,,,1040,4,,,,,,,,,,,,,,,,,,,,,Classic,,,,Application,,,,,,,,"Beginning a Windows Installer transaction: C:\ProgramData\Package Cache\{73F77E4E-5A17-46E5-A5FC-8A061047725F}v14.36.32532\packages\vcRuntimeMinimum_x86\vc_runtimeMinimum_x86.msi. Client Process Id: 4308.",,,,,,,,,,,,,,,,,,,,,,,Info,,,,,,,,,,,,,,,,,,,,,,,,,,,,,,,,,374,,,,,,,,,,,,,,,,,,,"S-1-5-21-443749481-124601364-2758766465-1001",0,MsiInstaller,,,,,,,,,,,None,,,,Information,"NOT_TRANSLATED",,,,,,,,"12/21/2024 01:20:50 AM
LogName=Application
EventCode=1040
EventType=4
ComputerName=DESKTOP-57BANIQ
User=NOT_TRANSLATED
Sid=S-1-5-21-443749481-124601364-2758766465-1001
SidType=0
SourceName=MsiInstaller
Type=Information
RecordNumber=374
Keywords=Classic
TaskCategory=None
OpCode=Info
Message=Beginning a Windows Installer transaction: C:\ProgramData\Package Cache\{73F77E4E-5A17-46E5-A5FC-8A061047725F}v14.36.32532\packages\vcRuntimeMinimum_x86\vc_runtimeMinimum_x86.msi. Client Process Id: 4308.","2024-12-21T01:20:50.000+0200",1,21,20,december,50,saturday,2024,local,,"DESKTOP-57BANIQ",main,15,"//_::_====-==-------========____:_:\\_\{----}..\\\","WinEventLog:Application","WinEventLog:Application","DESKTOP-57BANIQ",,23,0
,,,,,,,,,,,,,,,,,,,"DESKTOP-57BANIQ",,,,,,,8195,4,,,,,,,,,,,,,,,,,,,,,Classic,,,,Application,,,,,,,,"System Restore has been disabled (Process = C:\Windows\Temp\{B34E4B44-6BAC-4104-B438-99F82EABEC74}\.be\VC_redist.x86.exe -q -burn.elevated BurnPipe.{FFCCF499-7E01-4130-91FA-3241F021FB5E} {B3D15A8C-6995-484E-B6E1-A6C84E193D9F} 7036; Volume = ).",,,,,,,,,,,,,,,,,,,,,,,Info,,,,,,,,,,,,,,,,,,,,,,,,,,,,,,,,,373,,,,,,,,,,,,,,,,,,,,,"System Restore",,,,,,,,,,,None,,,,Information,,,,,,,,,"12/21/2024 01:20:50 AM
LogName=Application
EventCode=8195
EventType=4
ComputerName=DESKTOP-57BANIQ
SourceName=System Restore
Type=Information
RecordNumber=373
Keywords=Classic
TaskCategory=None
OpCode=Info
Message=System Restore has been disabled (Process = C:\Windows\Temp\{B34E4B44-6BAC-4104-B438-99F82EABEC74}\.be\VC_redist.x86.exe -q -burn.elevated BurnPipe.{FFCCF499-7E01-4130-91FA-3241F021FB5E} {B3D15A8C-6995-484E-B6E1-A6C84E193D9F} 7036; Volume = ).","2024-12-21T01:20:50.000+0200",1,21,20,december,50,saturday,2024,local,,"DESKTOP-57BANIQ",main,12,"//_::_====-=_======_____(_=_:\\\{----}\.\.._-_-._.","WinEventLog:Application","WinEventLog:Application","DESKTOP-57BANIQ",,23,0
,,,,,,,,,,,,,,,,,,,"DESKTOP-57BANIQ",,,,,,,10016,3,,,,,,,,,,,,,,,,,,,,,Classic,,,,System,,,,,,,,"The machine-default permission settings do not grant Local Activation permission for the COM Server application with CLSID 
{C2F03A33-21F5-47FA-B4BB-156362A2F239}
 and APPID 
{316CDED5-E4AE-4B15-9113-7055D84DCC97}
 to the user DESKTOP-57BANIQ\yms_26 SID (S-1-5-21-443749481-124601364-2758766465-1001) from address LocalHost (Using LRPC) running in the application container Microsoft.Windows.ShellExperienceHost_10.0.19041.3636_neutral_neutral_cw5n1h2txyewy SID (S-1-15-2-155514346-2573954481-755741238-1654018636-1233331829-3075935687-2861478708). This security permission can be modified using the Component Services administrative tool.",,,,,,,,,,,,,,,,,,,,,,,Info,,,,,,,,,,,,,,,,,,,,,,,,,,,,,,,,,332,,,,,,,,,,,,,,,,,,,"S-1-5-21-443749481-124601364-2758766465-1001",0,"Microsoft-Windows-DistributedCOM",,,,,,,,,,,None,,,,Warning,"NOT_TRANSLATED",,,,,,,,"12/21/2024 01:20:36 AM
LogName=System
EventCode=10016
EventType=3
ComputerName=DESKTOP-57BANIQ
User=NOT_TRANSLATED
Sid=S-1-5-21-443749481-124601364-2758766465-1001
SidType=0
SourceName=Microsoft-Windows-DistributedCOM
Type=Warning
RecordNumber=332
Keywords=Classic
TaskCategory=None
OpCode=Info
Message=The machine-default permission settings do not grant Local Activation permission for the COM Server application with CLSID 
{C2F03A33-21F5-47FA-B4BB-156362A2F239}
 and APPID 
{316CDED5-E4AE-4B15-9113-7055D84DCC97}
 to the user DESKTOP-57BANIQ\yms_26 SID (S-1-5-21-443749481-124601364-2758766465-1001) from address LocalHost (Using LRPC) running in the application container Microsoft.Windows.ShellExperienceHost_10.0.19041.3636_neutral_neutral_cw5n1h2txyewy SID (S-1-15-2-155514346-2573954481-755741238-1654018636-1233331829-3075935687-2861478708). This security permission can be modified using the Component Services administrative tool.","2024-12-21T01:20:36.000+0200",1,21,20,december,36,saturday,2024,local,,"DESKTOP-57BANIQ",main,19,"//_::_====-==-------==--======_-________________\r{","WinEventLog:System","WinEventLog:System","DESKTOP-57BANIQ",,23,0
,,,,,,,,,,,,,,,,,,,"DESKTOP-57BANIQ",,,,,,,16,4,,,,,,,,,,,,,,,,,,,,,None,,,,System,,,,,,,,"The access history in hive \??\C:\Users\yms_26\AppData\Local\Packages\Microsoft.BingWeather_8wekyb3d8bbwe\Settings\settings.dat was cleared updating 3 keys and creating 1 modified pages.",,,,,,,,,,,,,,,,,,,,,,,Info,,,,,,,,,,,,,,,,,,,,,,,,,,,,,,,,,331,,,,,,,,,,,,,,,,,,,"S-1-5-18",0,"Microsoft-Windows-Kernel-General",,,,,,,,,,,None,,,,Information,"NOT_TRANSLATED",,,,,,,,"12/21/2024 01:20:09 AM
LogName=System
EventCode=16
EventType=4
ComputerName=DESKTOP-57BANIQ
User=NOT_TRANSLATED
Sid=S-1-5-18
SidType=0
SourceName=Microsoft-Windows-Kernel-General
Type=Information
RecordNumber=331
Keywords=None
TaskCategory=None
OpCode=Info
Message=The access history in hive \??\C:\Users\yms_26\AppData\Local\Packages\Microsoft.BingWeather_8wekyb3d8bbwe\Settings\settings.dat was cleared updating 3 keys and creating 1 modified pages.","2024-12-21T01:20:09.000+0200",1,21,20,december,9,saturday,2024,local,,"DESKTOP-57BANIQ",main,15,"//_::_====-==---==---======_____\??\:\\\\\\.\\.___","WinEventLog:System","WinEventLog:System","DESKTOP-57BANIQ",,23,0
,,,,,,,,,,,,,,,,,,,"DESKTOP-57BANIQ",,,,,,,16,4,,,,,,,,,,,,,,,,,,,,,None,,,,System,,,,,,,,"The access history in hive \??\C:\Users\yms_26\AppData\Local\Packages\Microsoft.MicrosoftOfficeHub_8wekyb3d8bbwe\Settings\settings.dat was cleared updating 3 keys and creating 1 modified pages.",,,,,,,,,,,,,,,,,,,,,,,Info,,,,,,,,,,,,,,,,,,,,,,,,,,,,,,,,,330,,,,,,,,,,,,,,,,,,,"S-1-5-18",0,"Microsoft-Windows-Kernel-General",,,,,,,,,,,None,,,,Information,"NOT_TRANSLATED",,,,,,,,"12/21/2024 01:20:05 AM
LogName=System
EventCode=16
EventType=4
ComputerName=DESKTOP-57BANIQ
User=NOT_TRANSLATED
Sid=S-1-5-18
SidType=0
SourceName=Microsoft-Windows-Kernel-General
Type=Information
RecordNumber=330
Keywords=None
TaskCategory=None
OpCode=Info
Message=The access history in hive \??\C:\Users\yms_26\AppData\Local\Packages\Microsoft.MicrosoftOfficeHub_8wekyb3d8bbwe\Settings\settings.dat was cleared updating 3 keys and creating 1 modified pages.","2024-12-21T01:20:05.000+0200",1,21,20,december,5,saturday,2024,local,,"DESKTOP-57BANIQ",main,15,"//_::_====-==---==---======_____\??\:\\\\\\.\\.___","WinEventLog:System","WinEventLog:System","DESKTOP-57BANIQ",,23,0
"NT AUTHORITY",,SYSTEM,,,,,,,,,,,,,,,,,"DESKTOP-57BANIQ",,,,,,,4672,0,,,,,,,,,,,,,,,,,,,,,"Audit Success",,,,Security,,,0x3E7,,,,,"Special privileges assigned to new logon.

Subject:
	Security ID:		S-1-5-18
	Account Name:		SYSTEM
	Account Domain:		NT AUTHORITY
	Logon ID:		0x3E7

Privileges:		SeAssignPrimaryTokenPrivilege
			SeTcbPrivilege
			SeSecurityPrivilege
			SeTakeOwnershipPrivilege
			SeLoadDriverPrivilege
			SeBackupPrivilege
			SeRestorePrivilege
			SeDebugPrivilege
			SeAuditPrivilege
			SeSystemEnvironmentPrivilege
			SeImpersonatePrivilege
			SeDelegateSessionUserImpersonatePrivilege",,,,,,,,,,,,,,,,,,,,,,,Info,,,,,,,,,,,,,,,,,,,,SeAssignPrimaryTokenPrivilege,,,,,,,,,,,,,886,,,,,,,,,,,"S-1-5-18",,,,,,,,,,"Microsoft Windows security auditing.",,,,,,,,,,,"Special Logon",,,,Information,,,,,,,,,"12/21/2024 01:20:01 AM
LogName=Security
EventCode=4672
EventType=0
ComputerName=DESKTOP-57BANIQ
SourceName=Microsoft Windows security auditing.
Type=Information
RecordNumber=886
Keywords=Audit Success
TaskCategory=Special Logon
OpCode=Info
Message=Special privileges assigned to new logon.

Subject:
	Security ID:		S-1-5-18
	Account Name:		SYSTEM
	Account Domain:		NT AUTHORITY
	Logon ID:		0x3E7

Privileges:		SeAssignPrimaryTokenPrivilege
			SeTcbPrivilege
			SeSecurityPrivilege
			SeTakeOwnershipPrivilege
			SeLoadDriverPrivilege
			SeBackupPrivilege
			SeRestorePrivilege
			SeDebugPrivilege
			SeAuditPrivilege
			SeSystemEnvironmentPrivilege
			SeImpersonatePrivilege
			SeDelegateSessionUserImpersonatePrivilege","2024-12-21T01:20:01.000+0200",1,21,20,december,1,saturday,2024,local,,"DESKTOP-57BANIQ",main,31,"//_::_====-=___.===_=_==_____.\r\r:\rt_:tt---\rt_:tt\rt","WinEventLog:Security","WinEventLog:Security","DESKTOP-57BANIQ",,23,0
"WORKGROUP
NT AUTHORITY",,"DESKTOP-57BANIQ$
SYSTEM",,,,,,,,Negotiate,,,,,,,,,"DESKTOP-57BANIQ",,,,,,Yes,4624,0,,,,,,,,,,,,,,,Impersonation,,,0,,,"Audit Success",,0x0,,Security,"{00000000-0000-0000-0000-000000000000}",,"0x3E7
0x3E7",Advapi,5,,,"An account was successfully logged on.

Subject:
	Security ID:		S-1-5-18
	Account Name:		DESKTOP-57BANIQ$
	Account Domain:		WORKGROUP
	Logon ID:		0x3E7

Logon Information:
	Logon Type:		5
	Restricted Admin Mode:	-
	Virtual Account:		No
	Elevated Token:		Yes

Impersonation Level:		Impersonation

New Logon:
	Security ID:		S-1-5-18
	Account Name:		SYSTEM
	Account Domain:		NT AUTHORITY
	Logon ID:		0x3E7
	Linked Logon ID:		0x0
	Network Account Name:	-
	Network Account Domain:	-
	Logon GUID:		{00000000-0000-0000-0000-000000000000}

Process Information:
	Process ID:		0x294
	Process Name:		C:\Windows\System32\services.exe

Network Information:
	Workstation Name:	-
	Source Network Address:	-
	Source Port:		-

Detailed Authentication Information:
	Logon Process:		Advapi  
	Authentication Package:	Negotiate
	Transited Services:	-
	Package Name (NTLM only):	-
	Key Length:		0

This event is generated when a logon session is created. It is generated on the computer that was accessed.

The subject fields indicate the account on the local system which requested the logon. This is most commonly a service such as the Server service, or a local process such as Winlogon.exe or Services.exe.

The logon type field indicates the kind of logon that occurred. The most common types are 2 (interactive) and 3 (network).

The New Logon fields indicate the account for whom the new logon was created, i.e. the account that was logged on.

The network fields indicate where a remote logon request originated. Workstation name is not always available and may be left blank in some cases.

The impersonation level field indicates the extent to which a process in the logon session can impersonate.

The authentication information fields provide detailed information about this specific logon request.
	- Logon GUID is a unique identifier that can be used to correlate this event with a KDC event.
	- Transited services indicate which intermediate services have participated in this logon request.
	- Package name indicates which sub-protocol was used among the NTLM protocols.
	- Key length indicates the length of the generated session key. This will be 0 if no session key was requested.",,,,,,"-","-",,,,,,,,,,,,,,,,Info,,,,,,,,,,,,,"-",,,,,,,,,,,0x294,"C:\Windows\System32\services.exe",,,,,,,,885,,,,,"-",,,,,,"S-1-5-18
S-1-5-18",,,,,,,,,,"Microsoft Windows security auditing.","-","-",,,,,,,,,Logon,,,"-",Information,,,,,,,No,"-","12/21/2024 01:20:01 AM
LogName=Security
EventCode=4624
EventType=0
ComputerName=DESKTOP-57BANIQ
SourceName=Microsoft Windows security auditing.
Type=Information
RecordNumber=885
Keywords=Audit Success
TaskCategory=Logon
OpCode=Info
Message=An account was successfully logged on.

Subject:
	Security ID:		S-1-5-18
	Account Name:		DESKTOP-57BANIQ$
	Account Domain:		WORKGROUP
	Logon ID:		0x3E7

Logon Information:
	Logon Type:		5
	Restricted Admin Mode:	-
	Virtual Account:		No
	Elevated Token:		Yes

Impersonation Level:		Impersonation

New Logon:
	Security ID:		S-1-5-18
	Account Name:		SYSTEM
	Account Domain:		NT AUTHORITY
	Logon ID:		0x3E7
	Linked Logon ID:		0x0
	Network Account Name:	-
	Network Account Domain:	-
	Logon GUID:		{00000000-0000-0000-0000-000000000000}

Process Information:
	Process ID:		0x294
	Process Name:		C:\Windows\System32\services.exe

Network Information:
	Workstation Name:	-
	Source Network Address:	-
	Source Port:		-

Detailed Authentication Information:
	Logon Process:		Advapi  
	Authentication Package:	Negotiate
	Transited Services:	-
	Package Name (NTLM only):	-
	Key Length:		0

This event is generated when a logon session is created. It is generated on the computer that was accessed.

The subject fields indicate the account on the local system which requested the logon. This is most commonly a service such as the Server service, or a local process such as Winlogon.exe or Services.exe.

The logon type field indicates the kind of logon that occurred. The most common types are 2 (interactive) and 3 (network).

The New Logon fields indicate the account for whom the new logon was created, i.e. the account that was logged on.

The network fields indicate where a remote logon request originated. Workstation name is not always available and may be left blank in some cases.

The impersonation level field indicates the extent to which a process in the logon session can impersonate.

The authentication information fields provide detailed information about this specific logon request.
	- Logon GUID is a unique identifier that can be used to correlate this event with a KDC event.
	- Transited services indicate which intermediate services have participated in this logon request.
	- Package name indicates which sub-protocol was used among the NTLM protocols.
	- Key length indicates the length of the generated session key. This will be 0 if no session key was requested.","2024-12-21T01:20:01.000+0200",1,21,20,december,1,saturday,2024,local,,"DESKTOP-57BANIQ",main,70,"//_::_====-=___.===_===_____.\r\r:\rt_:tt---\rt_:tt-$\r","WinEventLog:Security","WinEventLog:Security","DESKTOP-57BANIQ",,23,0
,,,,,,,,,,,,,,,,,,,"DESKTOP-57BANIQ",,,,,,,16,4,,,,,,,,,,,,,,,,,,,,,None,,,,System,,,,,,,,"The access history in hive \??\C:\Users\yms_26\AppData\Local\Packages\Microsoft.XboxApp_8wekyb3d8bbwe\Settings\settings.dat was cleared updating 3 keys and creating 1 modified pages.",,,,,,,,,,,,,,,,,,,,,,,Info,,,,,,,,,,,,,,,,,,,,,,,,,,,,,,,,,329,,,,,,,,,,,,,,,,,,,"S-1-5-18",0,"Microsoft-Windows-Kernel-General",,,,,,,,,,,None,,,,Information,"NOT_TRANSLATED",,,,,,,,"12/21/2024 01:19:55 AM
LogName=System
EventCode=16
EventType=4
ComputerName=DESKTOP-57BANIQ
User=NOT_TRANSLATED
Sid=S-1-5-18
SidType=0
SourceName=Microsoft-Windows-Kernel-General
Type=Information
RecordNumber=329
Keywords=None
TaskCategory=None
OpCode=Info
Message=The access history in hive \??\C:\Users\yms_26\AppData\Local\Packages\Microsoft.XboxApp_8wekyb3d8bbwe\Settings\settings.dat was cleared updating 3 keys and creating 1 modified pages.","2024-12-21T01:19:55.000+0200",1,21,19,december,55,saturday,2024,local,,"DESKTOP-57BANIQ",main,15,"//_::_====-==---==---======_____\??\:\\\\\\.\\.___","WinEventLog:System","WinEventLog:System","DESKTOP-57BANIQ",,23,0
,,,,,,,,,,,,,,,,,,,"DESKTOP-57BANIQ",,,,,,,903,0,,,,,,,,,,,,,,,,,,,,,Classic,,,,Application,,,,,,,,"The Software Protection service has stopped.",,,,,,,,,,,,,,,,,,,,,,,None,,,,,,,,,,,,,,,,,,,,,,,,,,,,,,,,,372,,,,,,,,,,,,,,,,,,,,,"Microsoft-Windows-Security-SPP",,,,,,,,,,,None,,,,Information,,,,,,,,,"12/21/2024 01:19:46 AM
LogName=Application
EventCode=903
EventType=0
ComputerName=DESKTOP-57BANIQ
SourceName=Microsoft-Windows-Security-SPP
Type=Information
RecordNumber=372
Keywords=Classic
TaskCategory=None
OpCode=None
Message=The Software Protection service has stopped.","2024-12-21T01:19:46.000+0200",1,21,19,december,46,saturday,2024,local,,"DESKTOP-57BANIQ",main,12,"//_::_====-=---======_____.","WinEventLog:Application","WinEventLog:Application","DESKTOP-57BANIQ",,23,0
,,,,,,,,,,,,,,,,,,,"DESKTOP-57BANIQ",,,,,,,16384,4,,,,,,,,,,,,,,,,,,,,,Classic,,,,Application,,,,,,,,"Successfully scheduled Software Protection service for re-start at 2024-12-21T23:18:46Z. Reason: RulesEngine.",,,,,,,,,,,,,,,,,,,,,,,None,,,,,,,,,,,,,,,,,,,,,,,,,,,,,,,,,371,,,,,,,,,,,,,,,,,,,,,"Microsoft-Windows-Security-SPP",,,,,,,,,,,None,,,,Information,,,,,,,,,"12/21/2024 01:19:46 AM
LogName=Application
EventCode=16384
EventType=4
ComputerName=DESKTOP-57BANIQ
SourceName=Microsoft-Windows-Security-SPP
Type=Information
RecordNumber=371
Keywords=Classic
TaskCategory=None
OpCode=None
Message=Successfully scheduled Software Protection service for re-start at 2024-12-21T23:18:46Z. Reason: RulesEngine.","2024-12-21T01:19:46.000+0200",1,21,19,december,46,saturday,2024,local,,"DESKTOP-57BANIQ",main,12,"//_::_====-=---======______-__--::._:_.","WinEventLog:Application","WinEventLog:Application","DESKTOP-57BANIQ",,23,0
"DESKTOP-57BANIQ",,"yms_26",,,,,,,,,,,,,,,,,"DESKTOP-57BANIQ",,,,,,,5379,0,,,,,,,,,,,,,,,,,,,,,"Audit Success",,,,Security,,,0x4D1A2,,,,,"Credential Manager credentials were read.

Subject:
	Security ID:		S-1-5-21-443749481-124601364-2758766465-1001
	Account Name:		yms_26
	Account Domain:		DESKTOP-57BANIQ
	Logon ID:		0x4D1A2
	Read Operation:		Enumerate Credentials

This event occurs when a user performs a read operation on stored credentials in Credential Manager.",,,,,,,,,,,,,,,,,,,,,,,Info,,,,,,,,,,,,,,,,,,,,,,,,,,,,,"Enumerate Credentials",,,,884,,,,,,,,,,,"S-1-5-21-443749481-124601364-2758766465-1001",,,,,,,,,,"Microsoft Windows security auditing.",,,,,,,,,,,"User Account Management",,,,Information,,,,,,,,,"12/21/2024 01:19:27 AM
LogName=Security
EventCode=5379
EventType=0
ComputerName=DESKTOP-57BANIQ
SourceName=Microsoft Windows security auditing.
Type=Information
RecordNumber=884
Keywords=Audit Success
TaskCategory=User Account Management
OpCode=Info
Message=Credential Manager credentials were read.

Subject:
	Security ID:		S-1-5-21-443749481-124601364-2758766465-1001
	Account Name:		yms_26
	Account Domain:		DESKTOP-57BANIQ
	Logon ID:		0x4D1A2
	Read Operation:		Enumerate Credentials

This event occurs when a user performs a read operation on stored credentials in Credential Manager.","2024-12-21T01:19:27.000+0200",1,21,19,december,27,saturday,2024,local,,"DESKTOP-57BANIQ",main,21,"//_::_====-=___.===_=__==____.\r\r:\rt_:tt-------\rt_:","WinEventLog:Security","WinEventLog:Security","DESKTOP-57BANIQ",,23,0
"DESKTOP-57BANIQ",,"yms_26",,,,,,,,,,,,,,,,,"DESKTOP-57BANIQ",,,,,,,5379,0,,,,,,,,,,,,,,,,,,,,,"Audit Success",,,,Security,,,0x4D1A2,,,,,"Credential Manager credentials were read.

Subject:
	Security ID:		S-1-5-21-443749481-124601364-2758766465-1001
	Account Name:		yms_26
	Account Domain:		DESKTOP-57BANIQ
	Logon ID:		0x4D1A2
	Read Operation:		Enumerate Credentials

This event occurs when a user performs a read operation on stored credentials in Credential Manager.",,,,,,,,,,,,,,,,,,,,,,,Info,,,,,,,,,,,,,,,,,,,,,,,,,,,,,"Enumerate Credentials",,,,883,,,,,,,,,,,"S-1-5-21-443749481-124601364-2758766465-1001",,,,,,,,,,"Microsoft Windows security auditing.",,,,,,,,,,,"User Account Management",,,,Information,,,,,,,,,"12/21/2024 01:19:25 AM
LogName=Security
EventCode=5379
EventType=0
ComputerName=DESKTOP-57BANIQ
SourceName=Microsoft Windows security auditing.
Type=Information
RecordNumber=883
Keywords=Audit Success
TaskCategory=User Account Management
OpCode=Info
Message=Credential Manager credentials were read.

Subject:
	Security ID:		S-1-5-21-443749481-124601364-2758766465-1001
	Account Name:		yms_26
	Account Domain:		DESKTOP-57BANIQ
	Logon ID:		0x4D1A2
	Read Operation:		Enumerate Credentials

This event occurs when a user performs a read operation on stored credentials in Credential Manager.","2024-12-21T01:19:25.000+0200",1,21,19,december,25,saturday,2024,local,,"DESKTOP-57BANIQ",main,21,"//_::_====-=___.===_=__==____.\r\r:\rt_:tt-------\rt_:","WinEventLog:Security","WinEventLog:Security","DESKTOP-57BANIQ",,23,0
"DESKTOP-57BANIQ",,"yms_26",,,,,,,,,,,,,,,,,"DESKTOP-57BANIQ",,,,,,,5379,0,,,,,,,,,,,,,,,,,,,,,"Audit Success",,,,Security,,,0x4D1A2,,,,,"Credential Manager credentials were read.

Subject:
	Security ID:		S-1-5-21-443749481-124601364-2758766465-1001
	Account Name:		yms_26
	Account Domain:		DESKTOP-57BANIQ
	Logon ID:		0x4D1A2
	Read Operation:		Enumerate Credentials

This event occurs when a user performs a read operation on stored credentials in Credential Manager.",,,,,,,,,,,,,,,,,,,,,,,Info,,,,,,,,,,,,,,,,,,,,,,,,,,,,,"Enumerate Credentials",,,,882,,,,,,,,,,,"S-1-5-21-443749481-124601364-2758766465-1001",,,,,,,,,,"Microsoft Windows security auditing.",,,,,,,,,,,"User Account Management",,,,Information,,,,,,,,,"12/21/2024 01:19:24 AM
LogName=Security
EventCode=5379
EventType=0
ComputerName=DESKTOP-57BANIQ
SourceName=Microsoft Windows security auditing.
Type=Information
RecordNumber=882
Keywords=Audit Success
TaskCategory=User Account Management
OpCode=Info
Message=Credential Manager credentials were read.

Subject:
	Security ID:		S-1-5-21-443749481-124601364-2758766465-1001
	Account Name:		yms_26
	Account Domain:		DESKTOP-57BANIQ
	Logon ID:		0x4D1A2
	Read Operation:		Enumerate Credentials

This event occurs when a user performs a read operation on stored credentials in Credential Manager.","2024-12-21T01:19:24.000+0200",1,21,19,december,24,saturday,2024,local,,"DESKTOP-57BANIQ",main,21,"//_::_====-=___.===_=__==____.\r\r:\rt_:tt-------\rt_:","WinEventLog:Security","WinEventLog:Security","DESKTOP-57BANIQ",,23,0
"DESKTOP-57BANIQ",,"yms_26",,,,,,,,,,,,,,,,,"DESKTOP-57BANIQ",,,,,,,5379,0,,,,,,,,,,,,,,,,,,,,,"Audit Success",,,,Security,,,0x4D1A2,,,,,"Credential Manager credentials were read.

Subject:
	Security ID:		S-1-5-21-443749481-124601364-2758766465-1001
	Account Name:		yms_26
	Account Domain:		DESKTOP-57BANIQ
	Logon ID:		0x4D1A2
	Read Operation:		Enumerate Credentials

This event occurs when a user performs a read operation on stored credentials in Credential Manager.",,,,,,,,,,,,,,,,,,,,,,,Info,,,,,,,,,,,,,,,,,,,,,,,,,,,,,"Enumerate Credentials",,,,881,,,,,,,,,,,"S-1-5-21-443749481-124601364-2758766465-1001",,,,,,,,,,"Microsoft Windows security auditing.",,,,,,,,,,,"User Account Management",,,,Information,,,,,,,,,"12/21/2024 01:19:24 AM
LogName=Security
EventCode=5379
EventType=0
ComputerName=DESKTOP-57BANIQ
SourceName=Microsoft Windows security auditing.
Type=Information
RecordNumber=881
Keywords=Audit Success
TaskCategory=User Account Management
OpCode=Info
Message=Credential Manager credentials were read.

Subject:
	Security ID:		S-1-5-21-443749481-124601364-2758766465-1001
	Account Name:		yms_26
	Account Domain:		DESKTOP-57BANIQ
	Logon ID:		0x4D1A2
	Read Operation:		Enumerate Credentials

This event occurs when a user performs a read operation on stored credentials in Credential Manager.","2024-12-21T01:19:24.000+0200",1,21,19,december,24,saturday,2024,local,,"DESKTOP-57BANIQ",main,21,"//_::_====-=___.===_=__==____.\r\r:\rt_:tt-------\rt_:","WinEventLog:Security","WinEventLog:Security","DESKTOP-57BANIQ",,23,0
WORKGROUP,,"DESKTOP-57BANIQ$",,,,,,,,,,,,,,,,,"DESKTOP-57BANIQ",,,,,,,5382,0,,,,,,,,,,,,,,,,,,,,,"Audit Success",,,,Security,,,0x3E7,,,,,"Vault credentials were read.

Subject:
	Security ID:		S-1-5-18
	Account Name:		DESKTOP-57BANIQ$
	Account Domain:		WORKGROUP
	Logon ID:		0x3E7

This event occurs when a user reads a stored vault credential.",,,,,,,,,,,,,,,,,,,,,,,Info,,,,,,,,,,,,,,,,,,,,,,,,,,,,,,,,,880,,,,,,,,,,,"S-1-5-18",,,,,,,,,,"Microsoft Windows security auditing.",,,,,,,,,,,"User Account Management",,,,Information,,,,,,,,,"12/21/2024 01:19:23 AM
LogName=Security
EventCode=5382
EventType=0
ComputerName=DESKTOP-57BANIQ
SourceName=Microsoft Windows security auditing.
Type=Information
RecordNumber=880
Keywords=Audit Success
TaskCategory=User Account Management
OpCode=Info
Message=Vault credentials were read.

Subject:
	Security ID:		S-1-5-18
	Account Name:		DESKTOP-57BANIQ$
	Account Domain:		WORKGROUP
	Logon ID:		0x3E7

This event occurs when a user reads a stored vault credential.","2024-12-21T01:19:23.000+0200",1,21,19,december,23,saturday,2024,local,,"DESKTOP-57BANIQ",main,20,"//_::_====-=___.===_=__==___.\r\r:\rt_:tt---\rt_:tt-$\r","WinEventLog:Security","WinEventLog:Security","DESKTOP-57BANIQ",,23,0
"NT AUTHORITY",,SYSTEM,,,,,,,,,,,,,,,,,"DESKTOP-57BANIQ",,,,,,,4672,0,,,,,,,,,,,,,,,,,,,,,"Audit Success",,,,Security,,,0x3E7,,,,,"Special privileges assigned to new logon.

Subject:
	Security ID:		S-1-5-18
	Account Name:		SYSTEM
	Account Domain:		NT AUTHORITY
	Logon ID:		0x3E7

Privileges:		SeAssignPrimaryTokenPrivilege
			SeTcbPrivilege
			SeSecurityPrivilege
			SeTakeOwnershipPrivilege
			SeLoadDriverPrivilege
			SeBackupPrivilege
			SeRestorePrivilege
			SeDebugPrivilege
			SeAuditPrivilege
			SeSystemEnvironmentPrivilege
			SeImpersonatePrivilege
			SeDelegateSessionUserImpersonatePrivilege",,,,,,,,,,,,,,,,,,,,,,,Info,,,,,,,,,,,,,,,,,,,,SeAssignPrimaryTokenPrivilege,,,,,,,,,,,,,879,,,,,,,,,,,"S-1-5-18",,,,,,,,,,"Microsoft Windows security auditing.",,,,,,,,,,,"Special Logon",,,,Information,,,,,,,,,"12/21/2024 01:19:23 AM
LogName=Security
EventCode=4672
EventType=0
ComputerName=DESKTOP-57BANIQ
SourceName=Microsoft Windows security auditing.
Type=Information
RecordNumber=879
Keywords=Audit Success
TaskCategory=Special Logon
OpCode=Info
Message=Special privileges assigned to new logon.

Subject:
	Security ID:		S-1-5-18
	Account Name:		SYSTEM
	Account Domain:		NT AUTHORITY
	Logon ID:		0x3E7

Privileges:		SeAssignPrimaryTokenPrivilege
			SeTcbPrivilege
			SeSecurityPrivilege
			SeTakeOwnershipPrivilege
			SeLoadDriverPrivilege
			SeBackupPrivilege
			SeRestorePrivilege
			SeDebugPrivilege
			SeAuditPrivilege
			SeSystemEnvironmentPrivilege
			SeImpersonatePrivilege
			SeDelegateSessionUserImpersonatePrivilege","2024-12-21T01:19:23.000+0200",1,21,19,december,23,saturday,2024,local,,"DESKTOP-57BANIQ",main,31,"//_::_====-=___.===_=_==_____.\r\r:\rt_:tt---\rt_:tt\rt","WinEventLog:Security","WinEventLog:Security","DESKTOP-57BANIQ",,23,0
"WORKGROUP
NT AUTHORITY",,"DESKTOP-57BANIQ$
SYSTEM",,,,,,,,Negotiate,,,,,,,,,"DESKTOP-57BANIQ",,,,,,Yes,4624,0,,,,,,,,,,,,,,,Impersonation,,,0,,,"Audit Success",,0x0,,Security,"{00000000-0000-0000-0000-000000000000}",,"0x3E7
0x3E7",Advapi,5,,,"An account was successfully logged on.

Subject:
	Security ID:		S-1-5-18
	Account Name:		DESKTOP-57BANIQ$
	Account Domain:		WORKGROUP
	Logon ID:		0x3E7

Logon Information:
	Logon Type:		5
	Restricted Admin Mode:	-
	Virtual Account:		No
	Elevated Token:		Yes

Impersonation Level:		Impersonation

New Logon:
	Security ID:		S-1-5-18
	Account Name:		SYSTEM
	Account Domain:		NT AUTHORITY
	Logon ID:		0x3E7
	Linked Logon ID:		0x0
	Network Account Name:	-
	Network Account Domain:	-
	Logon GUID:		{00000000-0000-0000-0000-000000000000}

Process Information:
	Process ID:		0x294
	Process Name:		C:\Windows\System32\services.exe

Network Information:
	Workstation Name:	-
	Source Network Address:	-
	Source Port:		-

Detailed Authentication Information:
	Logon Process:		Advapi  
	Authentication Package:	Negotiate
	Transited Services:	-
	Package Name (NTLM only):	-
	Key Length:		0

This event is generated when a logon session is created. It is generated on the computer that was accessed.

The subject fields indicate the account on the local system which requested the logon. This is most commonly a service such as the Server service, or a local process such as Winlogon.exe or Services.exe.

The logon type field indicates the kind of logon that occurred. The most common types are 2 (interactive) and 3 (network).

The New Logon fields indicate the account for whom the new logon was created, i.e. the account that was logged on.

The network fields indicate where a remote logon request originated. Workstation name is not always available and may be left blank in some cases.

The impersonation level field indicates the extent to which a process in the logon session can impersonate.

The authentication information fields provide detailed information about this specific logon request.
	- Logon GUID is a unique identifier that can be used to correlate this event with a KDC event.
	- Transited services indicate which intermediate services have participated in this logon request.
	- Package name indicates which sub-protocol was used among the NTLM protocols.
	- Key length indicates the length of the generated session key. This will be 0 if no session key was requested.",,,,,,"-","-",,,,,,,,,,,,,,,,Info,,,,,,,,,,,,,"-",,,,,,,,,,,0x294,"C:\Windows\System32\services.exe",,,,,,,,878,,,,,"-",,,,,,"S-1-5-18
S-1-5-18",,,,,,,,,,"Microsoft Windows security auditing.","-","-",,,,,,,,,Logon,,,"-",Information,,,,,,,No,"-","12/21/2024 01:19:23 AM
LogName=Security
EventCode=4624
EventType=0
ComputerName=DESKTOP-57BANIQ
SourceName=Microsoft Windows security auditing.
Type=Information
RecordNumber=878
Keywords=Audit Success
TaskCategory=Logon
OpCode=Info
Message=An account was successfully logged on.

Subject:
	Security ID:		S-1-5-18
	Account Name:		DESKTOP-57BANIQ$
	Account Domain:		WORKGROUP
	Logon ID:		0x3E7

Logon Information:
	Logon Type:		5
	Restricted Admin Mode:	-
	Virtual Account:		No
	Elevated Token:		Yes

Impersonation Level:		Impersonation

New Logon:
	Security ID:		S-1-5-18
	Account Name:		SYSTEM
	Account Domain:		NT AUTHORITY
	Logon ID:		0x3E7
	Linked Logon ID:		0x0
	Network Account Name:	-
	Network Account Domain:	-
	Logon GUID:		{00000000-0000-0000-0000-000000000000}

Process Information:
	Process ID:		0x294
	Process Name:		C:\Windows\System32\services.exe

Network Information:
	Workstation Name:	-
	Source Network Address:	-
	Source Port:		-

Detailed Authentication Information:
	Logon Process:		Advapi  
	Authentication Package:	Negotiate
	Transited Services:	-
	Package Name (NTLM only):	-
	Key Length:		0

This event is generated when a logon session is created. It is generated on the computer that was accessed.

The subject fields indicate the account on the local system which requested the logon. This is most commonly a service such as the Server service, or a local process such as Winlogon.exe or Services.exe.

The logon type field indicates the kind of logon that occurred. The most common types are 2 (interactive) and 3 (network).

The New Logon fields indicate the account for whom the new logon was created, i.e. the account that was logged on.

The network fields indicate where a remote logon request originated. Workstation name is not always available and may be left blank in some cases.

The impersonation level field indicates the extent to which a process in the logon session can impersonate.

The authentication information fields provide detailed information about this specific logon request.
	- Logon GUID is a unique identifier that can be used to correlate this event with a KDC event.
	- Transited services indicate which intermediate services have participated in this logon request.
	- Package name indicates which sub-protocol was used among the NTLM protocols.
	- Key length indicates the length of the generated session key. This will be 0 if no session key was requested.","2024-12-21T01:19:23.000+0200",1,21,19,december,23,saturday,2024,local,,"DESKTOP-57BANIQ",main,70,"//_::_====-=___.===_===_____.\r\r:\rt_:tt---\rt_:tt-$\r","WinEventLog:Security","WinEventLog:Security","DESKTOP-57BANIQ",,23,0
"NT AUTHORITY",,SYSTEM,,,,,,,,,,,,,,,,,"DESKTOP-57BANIQ",,,,,,,4672,0,,,,,,,,,,,,,,,,,,,,,"Audit Success",,,,Security,,,0x3E7,,,,,"Special privileges assigned to new logon.

Subject:
	Security ID:		S-1-5-18
	Account Name:		SYSTEM
	Account Domain:		NT AUTHORITY
	Logon ID:		0x3E7

Privileges:		SeAssignPrimaryTokenPrivilege
			SeTcbPrivilege
			SeSecurityPrivilege
			SeTakeOwnershipPrivilege
			SeLoadDriverPrivilege
			SeBackupPrivilege
			SeRestorePrivilege
			SeDebugPrivilege
			SeAuditPrivilege
			SeSystemEnvironmentPrivilege
			SeImpersonatePrivilege
			SeDelegateSessionUserImpersonatePrivilege",,,,,,,,,,,,,,,,,,,,,,,Info,,,,,,,,,,,,,,,,,,,,SeAssignPrimaryTokenPrivilege,,,,,,,,,,,,,877,,,,,,,,,,,"S-1-5-18",,,,,,,,,,"Microsoft Windows security auditing.",,,,,,,,,,,"Special Logon",,,,Information,,,,,,,,,"12/21/2024 01:19:18 AM
LogName=Security
EventCode=4672
EventType=0
ComputerName=DESKTOP-57BANIQ
SourceName=Microsoft Windows security auditing.
Type=Information
RecordNumber=877
Keywords=Audit Success
TaskCategory=Special Logon
OpCode=Info
Message=Special privileges assigned to new logon.

Subject:
	Security ID:		S-1-5-18
	Account Name:		SYSTEM
	Account Domain:		NT AUTHORITY
	Logon ID:		0x3E7

Privileges:		SeAssignPrimaryTokenPrivilege
			SeTcbPrivilege
			SeSecurityPrivilege
			SeTakeOwnershipPrivilege
			SeLoadDriverPrivilege
			SeBackupPrivilege
			SeRestorePrivilege
			SeDebugPrivilege
			SeAuditPrivilege
			SeSystemEnvironmentPrivilege
			SeImpersonatePrivilege
			SeDelegateSessionUserImpersonatePrivilege","2024-12-21T01:19:18.000+0200",1,21,19,december,18,saturday,2024,local,,"DESKTOP-57BANIQ",main,31,"//_::_====-=___.===_=_==_____.\r\r:\rt_:tt---\rt_:tt\rt","WinEventLog:Security","WinEventLog:Security","DESKTOP-57BANIQ",,23,0
"WORKGROUP
NT AUTHORITY",,"DESKTOP-57BANIQ$
SYSTEM",,,,,,,,Negotiate,,,,,,,,,"DESKTOP-57BANIQ",,,,,,Yes,4624,0,,,,,,,,,,,,,,,Impersonation,,,0,,,"Audit Success",,0x0,,Security,"{00000000-0000-0000-0000-000000000000}",,"0x3E7
0x3E7",Advapi,5,,,"An account was successfully logged on.

Subject:
	Security ID:		S-1-5-18
	Account Name:		DESKTOP-57BANIQ$
	Account Domain:		WORKGROUP
	Logon ID:		0x3E7

Logon Information:
	Logon Type:		5
	Restricted Admin Mode:	-
	Virtual Account:		No
	Elevated Token:		Yes

Impersonation Level:		Impersonation

New Logon:
	Security ID:		S-1-5-18
	Account Name:		SYSTEM
	Account Domain:		NT AUTHORITY
	Logon ID:		0x3E7
	Linked Logon ID:		0x0
	Network Account Name:	-
	Network Account Domain:	-
	Logon GUID:		{00000000-0000-0000-0000-000000000000}

Process Information:
	Process ID:		0x294
	Process Name:		C:\Windows\System32\services.exe

Network Information:
	Workstation Name:	-
	Source Network Address:	-
	Source Port:		-

Detailed Authentication Information:
	Logon Process:		Advapi  
	Authentication Package:	Negotiate
	Transited Services:	-
	Package Name (NTLM only):	-
	Key Length:		0

This event is generated when a logon session is created. It is generated on the computer that was accessed.

The subject fields indicate the account on the local system which requested the logon. This is most commonly a service such as the Server service, or a local process such as Winlogon.exe or Services.exe.

The logon type field indicates the kind of logon that occurred. The most common types are 2 (interactive) and 3 (network).

The New Logon fields indicate the account for whom the new logon was created, i.e. the account that was logged on.

The network fields indicate where a remote logon request originated. Workstation name is not always available and may be left blank in some cases.

The impersonation level field indicates the extent to which a process in the logon session can impersonate.

The authentication information fields provide detailed information about this specific logon request.
	- Logon GUID is a unique identifier that can be used to correlate this event with a KDC event.
	- Transited services indicate which intermediate services have participated in this logon request.
	- Package name indicates which sub-protocol was used among the NTLM protocols.
	- Key length indicates the length of the generated session key. This will be 0 if no session key was requested.",,,,,,"-","-",,,,,,,,,,,,,,,,Info,,,,,,,,,,,,,"-",,,,,,,,,,,0x294,"C:\Windows\System32\services.exe",,,,,,,,876,,,,,"-",,,,,,"S-1-5-18
S-1-5-18",,,,,,,,,,"Microsoft Windows security auditing.","-","-",,,,,,,,,Logon,,,"-",Information,,,,,,,No,"-","12/21/2024 01:19:18 AM
LogName=Security
EventCode=4624
EventType=0
ComputerName=DESKTOP-57BANIQ
SourceName=Microsoft Windows security auditing.
Type=Information
RecordNumber=876
Keywords=Audit Success
TaskCategory=Logon
OpCode=Info
Message=An account was successfully logged on.

Subject:
	Security ID:		S-1-5-18
	Account Name:		DESKTOP-57BANIQ$
	Account Domain:		WORKGROUP
	Logon ID:		0x3E7

Logon Information:
	Logon Type:		5
	Restricted Admin Mode:	-
	Virtual Account:		No
	Elevated Token:		Yes

Impersonation Level:		Impersonation

New Logon:
	Security ID:		S-1-5-18
	Account Name:		SYSTEM
	Account Domain:		NT AUTHORITY
	Logon ID:		0x3E7
	Linked Logon ID:		0x0
	Network Account Name:	-
	Network Account Domain:	-
	Logon GUID:		{00000000-0000-0000-0000-000000000000}

Process Information:
	Process ID:		0x294
	Process Name:		C:\Windows\System32\services.exe

Network Information:
	Workstation Name:	-
	Source Network Address:	-
	Source Port:		-

Detailed Authentication Information:
	Logon Process:		Advapi  
	Authentication Package:	Negotiate
	Transited Services:	-
	Package Name (NTLM only):	-
	Key Length:		0

This event is generated when a logon session is created. It is generated on the computer that was accessed.

The subject fields indicate the account on the local system which requested the logon. This is most commonly a service such as the Server service, or a local process such as Winlogon.exe or Services.exe.

The logon type field indicates the kind of logon that occurred. The most common types are 2 (interactive) and 3 (network).

The New Logon fields indicate the account for whom the new logon was created, i.e. the account that was logged on.

The network fields indicate where a remote logon request originated. Workstation name is not always available and may be left blank in some cases.

The impersonation level field indicates the extent to which a process in the logon session can impersonate.

The authentication information fields provide detailed information about this specific logon request.
	- Logon GUID is a unique identifier that can be used to correlate this event with a KDC event.
	- Transited services indicate which intermediate services have participated in this logon request.
	- Package name indicates which sub-protocol was used among the NTLM protocols.
	- Key length indicates the length of the generated session key. This will be 0 if no session key was requested.","2024-12-21T01:19:18.000+0200",1,21,19,december,18,saturday,2024,local,,"DESKTOP-57BANIQ",main,70,"//_::_====-=___.===_===_____.\r\r:\rt_:tt---\rt_:tt-$\r","WinEventLog:Security","WinEventLog:Security","DESKTOP-57BANIQ",,23,0
"DESKTOP-57BANIQ",,"yms_26",,,,,,,,,,,,,,,,,"DESKTOP-57BANIQ",,,,,,,5379,0,,,,,,,,,,,,,,,,,,,,,"Audit Success",,,,Security,,,0x4D1A2,,,,,"Credential Manager credentials were read.

Subject:
	Security ID:		S-1-5-21-443749481-124601364-2758766465-1001
	Account Name:		yms_26
	Account Domain:		DESKTOP-57BANIQ
	Logon ID:		0x4D1A2
	Read Operation:		Enumerate Credentials

This event occurs when a user performs a read operation on stored credentials in Credential Manager.",,,,,,,,,,,,,,,,,,,,,,,Info,,,,,,,,,,,,,,,,,,,,,,,,,,,,,"Enumerate Credentials",,,,875,,,,,,,,,,,"S-1-5-21-443749481-124601364-2758766465-1001",,,,,,,,,,"Microsoft Windows security auditing.",,,,,,,,,,,"User Account Management",,,,Information,,,,,,,,,"12/21/2024 01:19:14 AM
