LogName=System
EventCode=6
EventType=4
ComputerName=DESKTOP-57BANIQ
User=NOT_TRANSLATED
Sid=S-1-5-18
SidType=0
SourceName=Microsoft-Windows-FilterManager
Type=Information
RecordNumber=414
Keywords=None
TaskCategory=None
OpCode=Info
Message=File System Filter 'storqosflt' (10.0, 2007-04-09T20:08:30.000000000Z) has successfully loaded and registered with Filter Manager.","2024-12-21T01:22:00.000+0200",1,21,22,december,0,saturday,2024,local,,"DESKTOP-57BANIQ",main,15,"//_::_====-==---==--======___''_(.,_--::.)________","WinEventLog:System","WinEventLog:System","DESKTOP-57BANIQ",,23,0
,,,,,,,,,,,,,,,,,,,"DESKTOP-57BANIQ",,,,,,,6,4,,,,,,,,,,,,,,,,,,,,,None,,,,System,,,,,,,,"File System Filter 'CldFlt' (10.0, 2084-11-25T09:15:59.000000000Z) has successfully loaded and registered with Filter Manager.",,,,,,,,,,,,,,,,,,,,,,,Info,,,,,,,,,,,,,,,,,,,,,,,,,,,,,,,,,413,,,,,,,,,,,,,,,,,,,"S-1-5-18",0,"Microsoft-Windows-FilterManager",,,,,,,,,,,None,,,,Information,"NOT_TRANSLATED",,,,,,,,"12/21/2024 01:22:00 AM
LogName=System
EventCode=6
EventType=4
ComputerName=DESKTOP-57BANIQ
User=NOT_TRANSLATED
Sid=S-1-5-18
SidType=0
SourceName=Microsoft-Windows-FilterManager
Type=Information
RecordNumber=413
Keywords=None
TaskCategory=None
OpCode=Info
Message=File System Filter 'CldFlt' (10.0, 2084-11-25T09:15:59.000000000Z) has successfully loaded and registered with Filter Manager.","2024-12-21T01:22:00.000+0200",1,21,22,december,0,saturday,2024,local,,"DESKTOP-57BANIQ",main,15,"//_::_====-==---==--======___''_(.,_--::.)________","WinEventLog:System","WinEventLog:System","DESKTOP-57BANIQ",,23,0
,,,,,,,,,,,,,,,,,,,"DESKTOP-57BANIQ",,,,,,,1,4,,,,,,,,,,,,,,,,,,,,,None,,,,System,,,,,,,,"File System Filter 'CldFlt' (Version 10.0, 2084-11-25T09:15:59.000000000Z) unloaded successfully.",,,,,,,,,,,,,,,,,,,,,,,Info,,,,,,,,,,,,,,,,,,,,,,,,,,,,,,,,,412,,,,,,,,,,,,,,,,,,,"S-1-5-18",0,"Microsoft-Windows-FilterManager",,,,,,,,,,,None,,,,Information,"NOT_TRANSLATED",,,,,,,,"12/21/2024 01:22:00 AM
LogName=System
EventCode=1
EventType=4
ComputerName=DESKTOP-57BANIQ
User=NOT_TRANSLATED
Sid=S-1-5-18
SidType=0
SourceName=Microsoft-Windows-FilterManager
Type=Information
RecordNumber=412
Keywords=None
TaskCategory=None
OpCode=Info
Message=File System Filter 'CldFlt' (Version 10.0, 2084-11-25T09:15:59.000000000Z) unloaded successfully.","2024-12-21T01:22:00.000+0200",1,21,22,december,0,saturday,2024,local,,"DESKTOP-57BANIQ",main,15,"//_::_====-==---==--======___''_(_.,_--::.)__.","WinEventLog:System","WinEventLog:System","DESKTOP-57BANIQ",,23,0
,,,,,,,,,,,,,,,,,,,"DESKTOP-57BANIQ",,,,,,,6,4,,,,,,,,,,,,,,,,,,,,,None,,,,System,,,,,,,,"File System Filter 'CldFlt' (10.0, 2084-11-25T09:15:59.000000000Z) has successfully loaded and registered with Filter Manager.",,,,,,,,,,,,,,,,,,,,,,,Info,,,,,,,,,,,,,,,,,,,,,,,,,,,,,,,,,411,,,,,,,,,,,,,,,,,,,"S-1-5-18",0,"Microsoft-Windows-FilterManager",,,,,,,,,,,None,,,,Information,"NOT_TRANSLATED",,,,,,,,"12/21/2024 01:22:00 AM
LogName=System
EventCode=6
EventType=4
ComputerName=DESKTOP-57BANIQ
User=NOT_TRANSLATED
Sid=S-1-5-18
SidType=0
SourceName=Microsoft-Windows-FilterManager
Type=Information
RecordNumber=411
Keywords=None
TaskCategory=None
OpCode=Info
Message=File System Filter 'CldFlt' (10.0, 2084-11-25T09:15:59.000000000Z) has successfully loaded and registered with Filter Manager.","2024-12-21T01:22:00.000+0200",1,21,22,december,0,saturday,2024,local,,"DESKTOP-57BANIQ",main,15,"//_::_====-==---==--======___''_(.,_--::.)________","WinEventLog:System","WinEventLog:System","DESKTOP-57BANIQ",,23,0
,,,,,,,,,,,,,,,,,,,"DESKTOP-57BANIQ",,,,,,,6,4,,,,,,,,,,,,,,,,,,,,,None,,,,System,,,,,,,,"File System Filter 'luafv' (10.0, 2062-02-03T05:11:58.000000000Z) has successfully loaded and registered with Filter Manager.",,,,,,,,,,,,,,,,,,,,,,,Info,,,,,,,,,,,,,,,,,,,,,,,,,,,,,,,,,410,,,,,,,,,,,,,,,,,,,"S-1-5-18",0,"Microsoft-Windows-FilterManager",,,,,,,,,,,None,,,,Information,"NOT_TRANSLATED",,,,,,,,"12/21/2024 01:22:00 AM
LogName=System
EventCode=6
EventType=4
ComputerName=DESKTOP-57BANIQ
User=NOT_TRANSLATED
Sid=S-1-5-18
SidType=0
SourceName=Microsoft-Windows-FilterManager
Type=Information
RecordNumber=410
Keywords=None
TaskCategory=None
OpCode=Info
Message=File System Filter 'luafv' (10.0, 2062-02-03T05:11:58.000000000Z) has successfully loaded and registered with Filter Manager.","2024-12-21T01:22:00.000+0200",1,21,22,december,0,saturday,2024,local,,"DESKTOP-57BANIQ",main,15,"//_::_====-==---==--======___''_(.,_--::.)________","WinEventLog:System","WinEventLog:System","DESKTOP-57BANIQ",,23,0
,,,,,,,,,,,,,,,,,,,"DESKTOP-57BANIQ",,,,,,,6,4,,,,,,,,,,,,,,,,,,,,,None,,,,System,,,,,,,,"File System Filter 'wcifs' (10.0, 2004-03-22T19:56:15.000000000Z) has successfully loaded and registered with Filter Manager.",,,,,,,,,,,,,,,,,,,,,,,Info,,,,,,,,,,,,,,,,,,,,,,,,,,,,,,,,,409,,,,,,,,,,,,,,,,,,,"S-1-5-18",0,"Microsoft-Windows-FilterManager",,,,,,,,,,,None,,,,Information,"NOT_TRANSLATED",,,,,,,,"12/21/2024 01:22:00 AM
LogName=System
EventCode=6
EventType=4
ComputerName=DESKTOP-57BANIQ
User=NOT_TRANSLATED
Sid=S-1-5-18
SidType=0
SourceName=Microsoft-Windows-FilterManager
Type=Information
RecordNumber=409
Keywords=None
TaskCategory=None
OpCode=Info
Message=File System Filter 'wcifs' (10.0, 2004-03-22T19:56:15.000000000Z) has successfully loaded and registered with Filter Manager.","2024-12-21T01:22:00.000+0200",1,21,22,december,0,saturday,2024,local,,"DESKTOP-57BANIQ",main,15,"//_::_====-==---==--======___''_(.,_--::.)________","WinEventLog:System","WinEventLog:System","DESKTOP-57BANIQ",,23,0
,,,,,,,,,,,,,,,,,,,"DESKTOP-57BANIQ",,,,,,,51046,4,,,,,,,,,,,,,,,,,,,,,None,,,,System,,,,,,,,"DHCPv6 client service is started",,,,,,,,,,,,,,,,,,,,,,,ServiceStart,,,,,,,,,,,,,,,,,,,,,,,,,,,,,,,,,408,,,,,,,,,,,,,,,,,,,"S-1-5-19",0,"Microsoft-Windows-DHCPv6-Client",,,,,,,,,,,"Service State Event",,,,Information,"NOT_TRANSLATED",,,,,,,,"12/21/2024 01:22:00 AM
LogName=System
EventCode=51046
EventType=4
ComputerName=DESKTOP-57BANIQ
User=NOT_TRANSLATED
Sid=S-1-5-19
SidType=0
SourceName=Microsoft-Windows-DHCPv6-Client
Type=Information
RecordNumber=408
Keywords=None
TaskCategory=Service State Event
OpCode=ServiceStart
Message=DHCPv6 client service is started","2024-12-21T01:22:00.000+0200",1,21,22,december,0,saturday,2024,local,,"DESKTOP-57BANIQ",main,15,"//_::_====-==---==---====__==____","WinEventLog:System","WinEventLog:System","DESKTOP-57BANIQ",,23,0
,,,,,,,,,,,,,,,,,,,"DESKTOP-57BANIQ",,,,,,,50103,4,,,,,,,,,,,,,,,,,,,,,None,,,,System,,,,,,,,"DHCPv4 client registered for shutdown notification",,,,,,,,,,,,,,,,,,,,,,,ServiceShutdown,,,,,,,,,,,,,,,,,,,,,,,,,,,,,,,,,407,,,,,,,,,,,,,,,,,,,"S-1-5-19",0,"Microsoft-Windows-Dhcp-Client",,,,,,,,,,,"Service State Event",,,,Information,"NOT_TRANSLATED",,,,,,,,"12/21/2024 01:22:00 AM
LogName=System
EventCode=50103
EventType=4
ComputerName=DESKTOP-57BANIQ
User=NOT_TRANSLATED
Sid=S-1-5-19
SidType=0
SourceName=Microsoft-Windows-Dhcp-Client
Type=Information
RecordNumber=407
Keywords=None
TaskCategory=Service State Event
OpCode=ServiceShutdown
Message=DHCPv4 client registered for shutdown notification","2024-12-21T01:22:00.000+0200",1,21,22,december,0,saturday,2024,local,,"DESKTOP-57BANIQ",main,15,"//_::_====-==---==---====__==_____","WinEventLog:System","WinEventLog:System","DESKTOP-57BANIQ",,23,0
,,,,,,,,,,,,,,,,,,,"DESKTOP-57BANIQ",,,,,,,50036,4,,,,,,,,,,,,,,,,,,,,,None,,,,System,,,,,,,,"DHCPv4 client service is started",,,,,,,,,,,,,,,,,,,,,,,ServiceStart,,,,,,,,,,,,,,,,,,,,,,,,,,,,,,,,,406,,,,,,,,,,,,,,,,,,,"S-1-5-19",0,"Microsoft-Windows-Dhcp-Client",,,,,,,,,,,"Service State Event",,,,Information,"NOT_TRANSLATED",,,,,,,,"12/21/2024 01:22:00 AM
LogName=System
EventCode=50036
EventType=4
ComputerName=DESKTOP-57BANIQ
User=NOT_TRANSLATED
Sid=S-1-5-19
SidType=0
SourceName=Microsoft-Windows-Dhcp-Client
Type=Information
RecordNumber=406
Keywords=None
TaskCategory=Service State Event
OpCode=ServiceStart
Message=DHCPv4 client service is started","2024-12-21T01:22:00.000+0200",1,21,22,december,0,saturday,2024,local,,"DESKTOP-57BANIQ",main,15,"//_::_====-==---==---====__==____","WinEventLog:System","WinEventLog:System","DESKTOP-57BANIQ",,23,0
,,,,,,,,,,,,,,,,,,,"DESKTOP-57BANIQ",,,,,,,6013,4,,,,,,,,,,,,,,,,,,,,,Classic,,,,System,,,,,,,,"The system uptime is 7 seconds.",,,,,,,,,,,,,,,,,,,,,,,None,,,,,,,,,,,,,,,,,,,,,,,,,,,,,,,,,369,,,,,,,,,,,,,,,,,,,,,EventLog,,,,,,,,,,,None,,,,Information,,,,,,,,,"12/21/2024 01:22:00 AM
LogName=System
EventCode=6013
EventType=4
ComputerName=DESKTOP-57BANIQ
SourceName=EventLog
Type=Information
RecordNumber=369
Keywords=Classic
TaskCategory=None
OpCode=None
Message=The system uptime is 7 seconds.","2024-12-21T01:22:00.000+0200",1,21,22,december,0,saturday,2024,local,,"DESKTOP-57BANIQ",main,12,"//_::_====-=======_____.","WinEventLog:System","WinEventLog:System","DESKTOP-57BANIQ",,23,0
,,,,,,,,,,,,,,,,,,,"DESKTOP-57BANIQ",,,,,,,6005,4,,,,,,,,,,,,,,,,,,,,,Classic,,,,System,,,,,,,,"The Event log service was started.",,,,,,,,,,,,,,,,,,,,,,,None,,,,,,,,,,,,,,,,,,,,,,,,,,,,,,,,,368,,,,,,,,,,,,,,,,,,,,,EventLog,,,,,,,,,,,None,,,,Information,,,,,,,,,"12/21/2024 01:22:00 AM
LogName=System
EventCode=6005
EventType=4
ComputerName=DESKTOP-57BANIQ
SourceName=EventLog
Type=Information
RecordNumber=368
Keywords=Classic
TaskCategory=None
OpCode=None
Message=The Event log service was started.","2024-12-21T01:22:00.000+0200",1,21,22,december,0,saturday,2024,local,,"DESKTOP-57BANIQ",main,12,"//_::_====-=======_____.","WinEventLog:System","WinEventLog:System","DESKTOP-57BANIQ",,23,0
,,,,,,,,,,,,,,,,,,,"DESKTOP-57BANIQ",,,,,,,6009,4,,,,,,,,,,,,,,,,,,,,,Classic,,,,System,,,,,,,,"Microsoft (R) Windows (R) 10.00. 19045  Multiprocessor Free.",,,,,,,,,,,,,,,,,,,,,,,None,,,,,,,,,,,,,,,,,,,,,,,,,,,,,,,,,367,,,,,,,,,,,,,,,,,,,,,EventLog,,,,,,,,,,,None,,,,Information,,,,,,,,,"12/21/2024 01:22:00 AM
LogName=System
EventCode=6009
EventType=4
ComputerName=DESKTOP-57BANIQ
SourceName=EventLog
Type=Information
RecordNumber=367
Keywords=Classic
TaskCategory=None
OpCode=None
Message=Microsoft (R) Windows (R) 10.00. 19045  Multiprocessor Free.","2024-12-21T01:22:00.000+0200",1,21,22,december,0,saturday,2024,local,,"DESKTOP-57BANIQ",main,12,"//_::_====-=======_()__()_..____.","WinEventLog:System","WinEventLog:System","DESKTOP-57BANIQ",,23,0
"NT AUTHORITY",,SYSTEM,,,,,,,,,,,,,,,,,"DESKTOP-57BANIQ",,,,,,,4672,0,,,,,,,,,,,,,,,,,,,,,"Audit Success",,,,Security,,,0x3E7,,,,,"Special privileges assigned to new logon.

Subject:
	Security ID:		S-1-5-18
	Account Name:		SYSTEM
	Account Domain:		NT AUTHORITY
	Logon ID:		0x3E7

Privileges:		SeAssignPrimaryTokenPrivilege
			SeTcbPrivilege
			SeSecurityPrivilege
			SeTakeOwnershipPrivilege
			SeLoadDriverPrivilege
			SeBackupPrivilege
			SeRestorePrivilege
			SeDebugPrivilege
			SeAuditPrivilege
			SeSystemEnvironmentPrivilege
			SeImpersonatePrivilege
			SeDelegateSessionUserImpersonatePrivilege",,,,,,,,,,,,,,,,,,,,,,,Info,,,,,,,,,,,,,,,,,,,,SeAssignPrimaryTokenPrivilege,,,,,,,,,,,,,958,,,,,,,,,,,"S-1-5-18",,,,,,,,,,"Microsoft Windows security auditing.",,,,,,,,,,,"Special Logon",,,,Information,,,,,,,,,"12/21/2024 01:21:59 AM
LogName=Security
EventCode=4672
EventType=0
ComputerName=DESKTOP-57BANIQ
SourceName=Microsoft Windows security auditing.
Type=Information
RecordNumber=958
Keywords=Audit Success
TaskCategory=Special Logon
OpCode=Info
Message=Special privileges assigned to new logon.

Subject:
	Security ID:		S-1-5-18
	Account Name:		SYSTEM
	Account Domain:		NT AUTHORITY
	Logon ID:		0x3E7

Privileges:		SeAssignPrimaryTokenPrivilege
			SeTcbPrivilege
			SeSecurityPrivilege
			SeTakeOwnershipPrivilege
			SeLoadDriverPrivilege
			SeBackupPrivilege
			SeRestorePrivilege
			SeDebugPrivilege
			SeAuditPrivilege
			SeSystemEnvironmentPrivilege
			SeImpersonatePrivilege
			SeDelegateSessionUserImpersonatePrivilege","2024-12-21T01:21:59.000+0200",1,21,21,december,59,saturday,2024,local,,"DESKTOP-57BANIQ",main,31,"//_::_====-=___.===_=_==_____.\r\r:\rt_:tt---\rt_:tt\rt","WinEventLog:Security","WinEventLog:Security","DESKTOP-57BANIQ",,23,0
"WORKGROUP
NT AUTHORITY",,"DESKTOP-57BANIQ$
SYSTEM",,,,,,,,Negotiate,,,,,,,,,"DESKTOP-57BANIQ",,,,,,Yes,4624,0,,,,,,,,,,,,,,,Impersonation,,,0,,,"Audit Success",,0x0,,Security,"{00000000-0000-0000-0000-000000000000}",,"0x3E7
0x3E7",Advapi,5,,,"An account was successfully logged on.

Subject:
	Security ID:		S-1-5-18
	Account Name:		DESKTOP-57BANIQ$
	Account Domain:		WORKGROUP
	Logon ID:		0x3E7

Logon Information:
	Logon Type:		5
	Restricted Admin Mode:	-
	Virtual Account:		No
	Elevated Token:		Yes

Impersonation Level:		Impersonation

New Logon:
	Security ID:		S-1-5-18
	Account Name:		SYSTEM
	Account Domain:		NT AUTHORITY
	Logon ID:		0x3E7
	Linked Logon ID:		0x0
	Network Account Name:	-
	Network Account Domain:	-
	Logon GUID:		{00000000-0000-0000-0000-000000000000}

Process Information:
	Process ID:		0x2b4
	Process Name:		C:\Windows\System32\services.exe

Network Information:
	Workstation Name:	-
	Source Network Address:	-
	Source Port:		-

Detailed Authentication Information:
	Logon Process:		Advapi  
	Authentication Package:	Negotiate
	Transited Services:	-
	Package Name (NTLM only):	-
	Key Length:		0

This event is generated when a logon session is created. It is generated on the computer that was accessed.

The subject fields indicate the account on the local system which requested the logon. This is most commonly a service such as the Server service, or a local process such as Winlogon.exe or Services.exe.

The logon type field indicates the kind of logon that occurred. The most common types are 2 (interactive) and 3 (network).

The New Logon fields indicate the account for whom the new logon was created, i.e. the account that was logged on.

The network fields indicate where a remote logon request originated. Workstation name is not always available and may be left blank in some cases.

The impersonation level field indicates the extent to which a process in the logon session can impersonate.

The authentication information fields provide detailed information about this specific logon request.
	- Logon GUID is a unique identifier that can be used to correlate this event with a KDC event.
	- Transited services indicate which intermediate services have participated in this logon request.
	- Package name indicates which sub-protocol was used among the NTLM protocols.
	- Key length indicates the length of the generated session key. This will be 0 if no session key was requested.",,,,,,"-","-",,,,,,,,,,,,,,,,Info,,,,,,,,,,,,,"-",,,,,,,,,,,0x2b4,"C:\Windows\System32\services.exe",,,,,,,,957,,,,,"-",,,,,,"S-1-5-18
S-1-5-18",,,,,,,,,,"Microsoft Windows security auditing.","-","-",,,,,,,,,Logon,,,"-",Information,,,,,,,No,"-","12/21/2024 01:21:59 AM
LogName=Security
EventCode=4624
EventType=0
ComputerName=DESKTOP-57BANIQ
SourceName=Microsoft Windows security auditing.
Type=Information
RecordNumber=957
Keywords=Audit Success
TaskCategory=Logon
OpCode=Info
Message=An account was successfully logged on.

Subject:
	Security ID:		S-1-5-18
	Account Name:		DESKTOP-57BANIQ$
	Account Domain:		WORKGROUP
	Logon ID:		0x3E7

Logon Information:
	Logon Type:		5
	Restricted Admin Mode:	-
	Virtual Account:		No
	Elevated Token:		Yes

Impersonation Level:		Impersonation

New Logon:
	Security ID:		S-1-5-18
	Account Name:		SYSTEM
	Account Domain:		NT AUTHORITY
	Logon ID:		0x3E7
	Linked Logon ID:		0x0
	Network Account Name:	-
	Network Account Domain:	-
	Logon GUID:		{00000000-0000-0000-0000-000000000000}

Process Information:
	Process ID:		0x2b4
	Process Name:		C:\Windows\System32\services.exe

Network Information:
	Workstation Name:	-
	Source Network Address:	-
	Source Port:		-

Detailed Authentication Information:
	Logon Process:		Advapi  
	Authentication Package:	Negotiate
	Transited Services:	-
	Package Name (NTLM only):	-
	Key Length:		0

This event is generated when a logon session is created. It is generated on the computer that was accessed.

The subject fields indicate the account on the local system which requested the logon. This is most commonly a service such as the Server service, or a local process such as Winlogon.exe or Services.exe.

The logon type field indicates the kind of logon that occurred. The most common types are 2 (interactive) and 3 (network).

The New Logon fields indicate the account for whom the new logon was created, i.e. the account that was logged on.

The network fields indicate where a remote logon request originated. Workstation name is not always available and may be left blank in some cases.

The impersonation level field indicates the extent to which a process in the logon session can impersonate.

The authentication information fields provide detailed information about this specific logon request.
	- Logon GUID is a unique identifier that can be used to correlate this event with a KDC event.
	- Transited services indicate which intermediate services have participated in this logon request.
	- Package name indicates which sub-protocol was used among the NTLM protocols.
	- Key length indicates the length of the generated session key. This will be 0 if no session key was requested.","2024-12-21T01:21:59.000+0200",1,21,21,december,59,saturday,2024,local,,"DESKTOP-57BANIQ",main,70,"//_::_====-=___.===_===_____.\r\r:\rt_:tt---\rt_:tt-$\r","WinEventLog:Security","WinEventLog:Security","DESKTOP-57BANIQ",,23,0
"NT AUTHORITY",,"LOCAL SERVICE",,,,,,,,,,,,,,,,,"DESKTOP-57BANIQ",,,,,,,4672,0,,,,,,,,,,,,,,,,,,,,,"Audit Success",,,,Security,,,0x3E5,,,,,"Special privileges assigned to new logon.

Subject:
	Security ID:		S-1-5-19
	Account Name:		LOCAL SERVICE
	Account Domain:		NT AUTHORITY
	Logon ID:		0x3E5

Privileges:		SeAssignPrimaryTokenPrivilege
			SeAuditPrivilege
			SeImpersonatePrivilege",,,,,,,,,,,,,,,,,,,,,,,Info,,,,,,,,,,,,,,,,,,,,SeAssignPrimaryTokenPrivilege,,,,,,,,,,,,,956,,,,,,,,,,,"S-1-5-19",,,,,,,,,,"Microsoft Windows security auditing.",,,,,,,,,,,"Special Logon",,,,Information,,,,,,,,,"12/21/2024 01:21:59 AM
LogName=Security
EventCode=4672
EventType=0
ComputerName=DESKTOP-57BANIQ
SourceName=Microsoft Windows security auditing.
Type=Information
RecordNumber=956
Keywords=Audit Success
TaskCategory=Special Logon
OpCode=Info
Message=Special privileges assigned to new logon.

Subject:
	Security ID:		S-1-5-19
	Account Name:		LOCAL SERVICE
	Account Domain:		NT AUTHORITY
	Logon ID:		0x3E5

Privileges:		SeAssignPrimaryTokenPrivilege
			SeAuditPrivilege
			SeImpersonatePrivilege","2024-12-21T01:21:59.000+0200",1,21,21,december,59,saturday,2024,local,,"DESKTOP-57BANIQ",main,22,"//_::_====-=___.===_=_==_____.\r\r:\rt_:tt---\rt_:tt_\r","WinEventLog:Security","WinEventLog:Security","DESKTOP-57BANIQ",,23,0
"WORKGROUP
NT AUTHORITY",,"DESKTOP-57BANIQ$
LOCAL SERVICE",,,,,,,,Negotiate,,,,,,,,,"DESKTOP-57BANIQ",,,,,,Yes,4624,0,,,,,,,,,,,,,,,Impersonation,,,0,,,"Audit Success",,0x0,,Security,"{00000000-0000-0000-0000-000000000000}",,"0x3E7
0x3E5",Advapi,5,,,"An account was successfully logged on.

Subject:
	Security ID:		S-1-5-18
	Account Name:		DESKTOP-57BANIQ$
	Account Domain:		WORKGROUP
	Logon ID:		0x3E7

Logon Information:
	Logon Type:		5
	Restricted Admin Mode:	-
	Virtual Account:		No
	Elevated Token:		Yes

Impersonation Level:		Impersonation

New Logon:
	Security ID:		S-1-5-19
	Account Name:		LOCAL SERVICE
	Account Domain:		NT AUTHORITY
	Logon ID:		0x3E5
	Linked Logon ID:		0x0
	Network Account Name:	-
	Network Account Domain:	-
	Logon GUID:		{00000000-0000-0000-0000-000000000000}

Process Information:
	Process ID:		0x2b4
	Process Name:		C:\Windows\System32\services.exe

Network Information:
	Workstation Name:	-
	Source Network Address:	-
	Source Port:		-

Detailed Authentication Information:
	Logon Process:		Advapi  
	Authentication Package:	Negotiate
	Transited Services:	-
	Package Name (NTLM only):	-
	Key Length:		0

This event is generated when a logon session is created. It is generated on the computer that was accessed.

The subject fields indicate the account on the local system which requested the logon. This is most commonly a service such as the Server service, or a local process such as Winlogon.exe or Services.exe.

The logon type field indicates the kind of logon that occurred. The most common types are 2 (interactive) and 3 (network).

The New Logon fields indicate the account for whom the new logon was created, i.e. the account that was logged on.

The network fields indicate where a remote logon request originated. Workstation name is not always available and may be left blank in some cases.

The impersonation level field indicates the extent to which a process in the logon session can impersonate.

The authentication information fields provide detailed information about this specific logon request.
	- Logon GUID is a unique identifier that can be used to correlate this event with a KDC event.
	- Transited services indicate which intermediate services have participated in this logon request.
	- Package name indicates which sub-protocol was used among the NTLM protocols.
	- Key length indicates the length of the generated session key. This will be 0 if no session key was requested.",,,,,,"-","-",,,,,,,,,,,,,,,,Info,,,,,,,,,,,,,"-",,,,,,,,,,,0x2b4,"C:\Windows\System32\services.exe",,,,,,,,955,,,,,"-",,,,,,"S-1-5-18
S-1-5-19",,,,,,,,,,"Microsoft Windows security auditing.","-","-",,,,,,,,,Logon,,,"-",Information,,,,,,,No,"-","12/21/2024 01:21:59 AM
LogName=Security
EventCode=4624
EventType=0
ComputerName=DESKTOP-57BANIQ
SourceName=Microsoft Windows security auditing.
Type=Information
RecordNumber=955
Keywords=Audit Success
TaskCategory=Logon
OpCode=Info
Message=An account was successfully logged on.

Subject:
	Security ID:		S-1-5-18
	Account Name:		DESKTOP-57BANIQ$
	Account Domain:		WORKGROUP
	Logon ID:		0x3E7

Logon Information:
	Logon Type:		5
	Restricted Admin Mode:	-
	Virtual Account:		No
	Elevated Token:		Yes

Impersonation Level:		Impersonation

New Logon:
	Security ID:		S-1-5-19
	Account Name:		LOCAL SERVICE
	Account Domain:		NT AUTHORITY
	Logon ID:		0x3E5
	Linked Logon ID:		0x0
	Network Account Name:	-
	Network Account Domain:	-
	Logon GUID:		{00000000-0000-0000-0000-000000000000}

Process Information:
	Process ID:		0x2b4
	Process Name:		C:\Windows\System32\services.exe

Network Information:
	Workstation Name:	-
	Source Network Address:	-
	Source Port:		-

Detailed Authentication Information:
	Logon Process:		Advapi  
	Authentication Package:	Negotiate
	Transited Services:	-
	Package Name (NTLM only):	-
	Key Length:		0

This event is generated when a logon session is created. It is generated on the computer that was accessed.

The subject fields indicate the account on the local system which requested the logon. This is most commonly a service such as the Server service, or a local process such as Winlogon.exe or Services.exe.

The logon type field indicates the kind of logon that occurred. The most common types are 2 (interactive) and 3 (network).

The New Logon fields indicate the account for whom the new logon was created, i.e. the account that was logged on.

The network fields indicate where a remote logon request originated. Workstation name is not always available and may be left blank in some cases.

The impersonation level field indicates the extent to which a process in the logon session can impersonate.

The authentication information fields provide detailed information about this specific logon request.
	- Logon GUID is a unique identifier that can be used to correlate this event with a KDC event.
	- Transited services indicate which intermediate services have participated in this logon request.
	- Package name indicates which sub-protocol was used among the NTLM protocols.
	- Key length indicates the length of the generated session key. This will be 0 if no session key was requested.","2024-12-21T01:21:59.000+0200",1,21,21,december,59,saturday,2024,local,,"DESKTOP-57BANIQ",main,70,"//_::_====-=___.===_===_____.\r\r:\rt_:tt---\rt_:tt-$\r","WinEventLog:Security","WinEventLog:Security","DESKTOP-57BANIQ",,23,0
"NT AUTHORITY",,SYSTEM,,,,,,,,,,,,,,,,,"DESKTOP-57BANIQ",,,,,,,4672,0,,,,,,,,,,,,,,,,,,,,,"Audit Success",,,,Security,,,0x3E7,,,,,"Special privileges assigned to new logon.

Subject:
	Security ID:		S-1-5-18
	Account Name:		SYSTEM
	Account Domain:		NT AUTHORITY
	Logon ID:		0x3E7

Privileges:		SeAssignPrimaryTokenPrivilege
			SeTcbPrivilege
			SeSecurityPrivilege
			SeTakeOwnershipPrivilege
			SeLoadDriverPrivilege
			SeBackupPrivilege
			SeRestorePrivilege
			SeDebugPrivilege
			SeAuditPrivilege
			SeSystemEnvironmentPrivilege
			SeImpersonatePrivilege
			SeDelegateSessionUserImpersonatePrivilege",,,,,,,,,,,,,,,,,,,,,,,Info,,,,,,,,,,,,,,,,,,,,SeAssignPrimaryTokenPrivilege,,,,,,,,,,,,,954,,,,,,,,,,,"S-1-5-18",,,,,,,,,,"Microsoft Windows security auditing.",,,,,,,,,,,"Special Logon",,,,Information,,,,,,,,,"12/21/2024 01:21:59 AM
LogName=Security
EventCode=4672
EventType=0
ComputerName=DESKTOP-57BANIQ
SourceName=Microsoft Windows security auditing.
Type=Information
RecordNumber=954
Keywords=Audit Success
TaskCategory=Special Logon
OpCode=Info
Message=Special privileges assigned to new logon.

Subject:
	Security ID:		S-1-5-18
	Account Name:		SYSTEM
	Account Domain:		NT AUTHORITY
	Logon ID:		0x3E7

Privileges:		SeAssignPrimaryTokenPrivilege
			SeTcbPrivilege
			SeSecurityPrivilege
			SeTakeOwnershipPrivilege
			SeLoadDriverPrivilege
			SeBackupPrivilege
			SeRestorePrivilege
			SeDebugPrivilege
			SeAuditPrivilege
			SeSystemEnvironmentPrivilege
			SeImpersonatePrivilege
			SeDelegateSessionUserImpersonatePrivilege","2024-12-21T01:21:59.000+0200",1,21,21,december,59,saturday,2024,local,,"DESKTOP-57BANIQ",main,31,"//_::_====-=___.===_=_==_____.\r\r:\rt_:tt---\rt_:tt\rt","WinEventLog:Security","WinEventLog:Security","DESKTOP-57BANIQ",,23,0
"WORKGROUP
NT AUTHORITY",,"DESKTOP-57BANIQ$
SYSTEM",,,,,,,,Negotiate,,,,,,,,,"DESKTOP-57BANIQ",,,,,,Yes,4624,0,,,,,,,,,,,,,,,Impersonation,,,0,,,"Audit Success",,0x0,,Security,"{00000000-0000-0000-0000-000000000000}",,"0x3E7
0x3E7",Advapi,5,,,"An account was successfully logged on.

Subject:
	Security ID:		S-1-5-18
	Account Name:		DESKTOP-57BANIQ$
	Account Domain:		WORKGROUP
	Logon ID:		0x3E7

Logon Information:
	Logon Type:		5
	Restricted Admin Mode:	-
	Virtual Account:		No
	Elevated Token:		Yes

Impersonation Level:		Impersonation

New Logon:
	Security ID:		S-1-5-18
	Account Name:		SYSTEM
	Account Domain:		NT AUTHORITY
	Logon ID:		0x3E7
	Linked Logon ID:		0x0
	Network Account Name:	-
	Network Account Domain:	-
	Logon GUID:		{00000000-0000-0000-0000-000000000000}

Process Information:
	Process ID:		0x2b4
	Process Name:		C:\Windows\System32\services.exe

Network Information:
	Workstation Name:	-
	Source Network Address:	-
	Source Port:		-

Detailed Authentication Information:
	Logon Process:		Advapi  
	Authentication Package:	Negotiate
	Transited Services:	-
	Package Name (NTLM only):	-
	Key Length:		0

This event is generated when a logon session is created. It is generated on the computer that was accessed.

The subject fields indicate the account on the local system which requested the logon. This is most commonly a service such as the Server service, or a local process such as Winlogon.exe or Services.exe.

The logon type field indicates the kind of logon that occurred. The most common types are 2 (interactive) and 3 (network).

The New Logon fields indicate the account for whom the new logon was created, i.e. the account that was logged on.

The network fields indicate where a remote logon request originated. Workstation name is not always available and may be left blank in some cases.

The impersonation level field indicates the extent to which a process in the logon session can impersonate.

The authentication information fields provide detailed information about this specific logon request.
	- Logon GUID is a unique identifier that can be used to correlate this event with a KDC event.
	- Transited services indicate which intermediate services have participated in this logon request.
	- Package name indicates which sub-protocol was used among the NTLM protocols.
	- Key length indicates the length of the generated session key. This will be 0 if no session key was requested.",,,,,,"-","-",,,,,,,,,,,,,,,,Info,,,,,,,,,,,,,"-",,,,,,,,,,,0x2b4,"C:\Windows\System32\services.exe",,,,,,,,953,,,,,"-",,,,,,"S-1-5-18
S-1-5-18",,,,,,,,,,"Microsoft Windows security auditing.","-","-",,,,,,,,,Logon,,,"-",Information,,,,,,,No,"-","12/21/2024 01:21:59 AM
LogName=Security
EventCode=4624
EventType=0
ComputerName=DESKTOP-57BANIQ
SourceName=Microsoft Windows security auditing.
Type=Information
RecordNumber=953
Keywords=Audit Success
TaskCategory=Logon
OpCode=Info
Message=An account was successfully logged on.

Subject:
	Security ID:		S-1-5-18
	Account Name:		DESKTOP-57BANIQ$
	Account Domain:		WORKGROUP
	Logon ID:		0x3E7

Logon Information:
	Logon Type:		5
	Restricted Admin Mode:	-
	Virtual Account:		No
	Elevated Token:		Yes

Impersonation Level:		Impersonation

New Logon:
	Security ID:		S-1-5-18
	Account Name:		SYSTEM
	Account Domain:		NT AUTHORITY
	Logon ID:		0x3E7
	Linked Logon ID:		0x0
	Network Account Name:	-
	Network Account Domain:	-
	Logon GUID:		{00000000-0000-0000-0000-000000000000}

Process Information:
	Process ID:		0x2b4
	Process Name:		C:\Windows\System32\services.exe

Network Information:
	Workstation Name:	-
	Source Network Address:	-
	Source Port:		-

Detailed Authentication Information:
	Logon Process:		Advapi  
	Authentication Package:	Negotiate
	Transited Services:	-
	Package Name (NTLM only):	-
	Key Length:		0

This event is generated when a logon session is created. It is generated on the computer that was accessed.

The subject fields indicate the account on the local system which requested the logon. This is most commonly a service such as the Server service, or a local process such as Winlogon.exe or Services.exe.

The logon type field indicates the kind of logon that occurred. The most common types are 2 (interactive) and 3 (network).

The New Logon fields indicate the account for whom the new logon was created, i.e. the account that was logged on.

The network fields indicate where a remote logon request originated. Workstation name is not always available and may be left blank in some cases.

The impersonation level field indicates the extent to which a process in the logon session can impersonate.

The authentication information fields provide detailed information about this specific logon request.
	- Logon GUID is a unique identifier that can be used to correlate this event with a KDC event.
	- Transited services indicate which intermediate services have participated in this logon request.
	- Package name indicates which sub-protocol was used among the NTLM protocols.
	- Key length indicates the length of the generated session key. This will be 0 if no session key was requested.","2024-12-21T01:21:59.000+0200",1,21,21,december,59,saturday,2024,local,,"DESKTOP-57BANIQ",main,70,"//_::_====-=___.===_===_____.\r\r:\rt_:tt---\rt_:tt-$\r","WinEventLog:Security","WinEventLog:Security","DESKTOP-57BANIQ",,23,0
"Window Manager",,"DWM-1",,,,,,,,,,,,,,,,,"DESKTOP-57BANIQ",,,,,,,4672,0,,,,,,,,,,,,,,,,,,,,,"Audit Success",,,,Security,,,0x12A07,,,,,"Special privileges assigned to new logon.

Subject:
	Security ID:		S-1-5-90-0-1
	Account Name:		DWM-1
	Account Domain:		Window Manager
	Logon ID:		0x12A07

Privileges:		SeAssignPrimaryTokenPrivilege
			SeAuditPrivilege",,,,,,,,,,,,,,,,,,,,,,,Info,,,,,,,,,,,,,,,,,,,,SeAssignPrimaryTokenPrivilege,,,,,,,,,,,,,952,,,,,,,,,,,"S-1-5-90-0-1",,,,,,,,,,"Microsoft Windows security auditing.",,,,,,,,,,,"Special Logon",,,,Information,,,,,,,,,"12/21/2024 01:21:59 AM
LogName=Security
EventCode=4672
EventType=0
ComputerName=DESKTOP-57BANIQ
SourceName=Microsoft Windows security auditing.
Type=Information
RecordNumber=952
Keywords=Audit Success
TaskCategory=Special Logon
OpCode=Info
Message=Special privileges assigned to new logon.

Subject:
	Security ID:		S-1-5-90-0-1
	Account Name:		DWM-1
	Account Domain:		Window Manager
	Logon ID:		0x12A07

Privileges:		SeAssignPrimaryTokenPrivilege
			SeAuditPrivilege","2024-12-21T01:21:59.000+0200",1,21,21,december,59,saturday,2024,local,,"DESKTOP-57BANIQ",main,21,"//_::_====-=___.===_=_==_____.\r\r:\rt_:tt-----\rt_:tt","WinEventLog:Security","WinEventLog:Security","DESKTOP-57BANIQ",,23,0
"Window Manager",,"DWM-1",,,,,,,,,,,,,,,,,"DESKTOP-57BANIQ",,,,,,,4672,0,,,,,,,,,,,,,,,,,,,,,"Audit Success",,,,Security,,,0x129D6,,,,,"Special privileges assigned to new logon.

Subject:
	Security ID:		S-1-5-90-0-1
	Account Name:		DWM-1
	Account Domain:		Window Manager
	Logon ID:		0x129D6

Privileges:		SeAssignPrimaryTokenPrivilege
			SeAuditPrivilege
			SeImpersonatePrivilege",,,,,,,,,,,,,,,,,,,,,,,Info,,,,,,,,,,,,,,,,,,,,SeAssignPrimaryTokenPrivilege,,,,,,,,,,,,,951,,,,,,,,,,,"S-1-5-90-0-1",,,,,,,,,,"Microsoft Windows security auditing.",,,,,,,,,,,"Special Logon",,,,Information,,,,,,,,,"12/21/2024 01:21:59 AM
LogName=Security
EventCode=4672
EventType=0
ComputerName=DESKTOP-57BANIQ
SourceName=Microsoft Windows security auditing.
Type=Information
RecordNumber=951
Keywords=Audit Success
TaskCategory=Special Logon
OpCode=Info
Message=Special privileges assigned to new logon.

Subject:
	Security ID:		S-1-5-90-0-1
	Account Name:		DWM-1
	Account Domain:		Window Manager
	Logon ID:		0x129D6

Privileges:		SeAssignPrimaryTokenPrivilege
			SeAuditPrivilege
			SeImpersonatePrivilege","2024-12-21T01:21:59.000+0200",1,21,21,december,59,saturday,2024,local,,"DESKTOP-57BANIQ",main,22,"//_::_====-=___.===_=_==_____.\r\r:\rt_:tt-----\rt_:tt","WinEventLog:Security","WinEventLog:Security","DESKTOP-57BANIQ",,23,0
"WORKGROUP
Window Manager",,"DESKTOP-57BANIQ$
DWM-1",,,,,,,,Negotiate,,,,,,,,,"DESKTOP-57BANIQ",,,,,,No,4624,0,,,,,,,,,,,,,,,Impersonation,,,0,,,"Audit Success",,0x129D6,,Security,"{00000000-0000-0000-0000-000000000000}",,"0x3E7
0x12A07",Advapi,2,,,"An account was successfully logged on.

Subject:
	Security ID:		S-1-5-18
	Account Name:		DESKTOP-57BANIQ$
	Account Domain:		WORKGROUP
	Logon ID:		0x3E7

Logon Information:
	Logon Type:		2
	Restricted Admin Mode:	-
	Virtual Account:		Yes
	Elevated Token:		No

Impersonation Level:		Impersonation

New Logon:
	Security ID:		S-1-5-90-0-1
	Account Name:		DWM-1
	Account Domain:		Window Manager
	Logon ID:		0x12A07
	Linked Logon ID:		0x129D6
	Network Account Name:	-
	Network Account Domain:	-
	Logon GUID:		{00000000-0000-0000-0000-000000000000}

Process Information:
	Process ID:		0x280
	Process Name:		C:\Windows\System32\winlogon.exe

Network Information:
	Workstation Name:	-
	Source Network Address:	-
	Source Port:		-

Detailed Authentication Information:
	Logon Process:		Advapi  
	Authentication Package:	Negotiate
	Transited Services:	-
	Package Name (NTLM only):	-
	Key Length:		0

This event is generated when a logon session is created. It is generated on the computer that was accessed.

The subject fields indicate the account on the local system which requested the logon. This is most commonly a service such as the Server service, or a local process such as Winlogon.exe or Services.exe.

The logon type field indicates the kind of logon that occurred. The most common types are 2 (interactive) and 3 (network).

The New Logon fields indicate the account for whom the new logon was created, i.e. the account that was logged on.

The network fields indicate where a remote logon request originated. Workstation name is not always available and may be left blank in some cases.

The impersonation level field indicates the extent to which a process in the logon session can impersonate.

The authentication information fields provide detailed information about this specific logon request.
	- Logon GUID is a unique identifier that can be used to correlate this event with a KDC event.
	- Transited services indicate which intermediate services have participated in this logon request.
	- Package name indicates which sub-protocol was used among the NTLM protocols.
	- Key length indicates the length of the generated session key. This will be 0 if no session key was requested.",,,,,,"-","-",,,,,,,,,,,,,,,,Info,,,,,,,,,,,,,"-",,,,,,,,,,,0x280,"C:\Windows\System32\winlogon.exe",,,,,,,,950,,,,,"-",,,,,,"S-1-5-18
S-1-5-90-0-1",,,,,,,,,,"Microsoft Windows security auditing.","-","-",,,,,,,,,Logon,,,"-",Information,,,,,,,Yes,"-","12/21/2024 01:21:59 AM
LogName=Security
EventCode=4624
EventType=0
ComputerName=DESKTOP-57BANIQ
SourceName=Microsoft Windows security auditing.
Type=Information
RecordNumber=950
Keywords=Audit Success
TaskCategory=Logon
OpCode=Info
Message=An account was successfully logged on.

Subject:
	Security ID:		S-1-5-18
	Account Name:		DESKTOP-57BANIQ$
	Account Domain:		WORKGROUP
	Logon ID:		0x3E7

Logon Information:
	Logon Type:		2
	Restricted Admin Mode:	-
	Virtual Account:		Yes
	Elevated Token:		No

Impersonation Level:		Impersonation

New Logon:
	Security ID:		S-1-5-90-0-1
	Account Name:		DWM-1
	Account Domain:		Window Manager
	Logon ID:		0x12A07
	Linked Logon ID:		0x129D6
	Network Account Name:	-
	Network Account Domain:	-
	Logon GUID:		{00000000-0000-0000-0000-000000000000}

Process Information:
	Process ID:		0x280
	Process Name:		C:\Windows\System32\winlogon.exe

Network Information:
	Workstation Name:	-
	Source Network Address:	-
	Source Port:		-

Detailed Authentication Information:
	Logon Process:		Advapi  
	Authentication Package:	Negotiate
	Transited Services:	-
	Package Name (NTLM only):	-
	Key Length:		0

This event is generated when a logon session is created. It is generated on the computer that was accessed.

The subject fields indicate the account on the local system which requested the logon. This is most commonly a service such as the Server service, or a local process such as Winlogon.exe or Services.exe.

The logon type field indicates the kind of logon that occurred. The most common types are 2 (interactive) and 3 (network).

The New Logon fields indicate the account for whom the new logon was created, i.e. the account that was logged on.

The network fields indicate where a remote logon request originated. Workstation name is not always available and may be left blank in some cases.

The impersonation level field indicates the extent to which a process in the logon session can impersonate.

The authentication information fields provide detailed information about this specific logon request.
	- Logon GUID is a unique identifier that can be used to correlate this event with a KDC event.
	- Transited services indicate which intermediate services have participated in this logon request.
	- Package name indicates which sub-protocol was used among the NTLM protocols.
	- Key length indicates the length of the generated session key. This will be 0 if no session key was requested.","2024-12-21T01:21:59.000+0200",1,21,21,december,59,saturday,2024,local,,"DESKTOP-57BANIQ",main,70,"//_::_====-=___.===_===_____.\r\r:\rt_:tt---\rt_:tt-$\r","WinEventLog:Security","WinEventLog:Security","DESKTOP-57BANIQ",,23,0
"WORKGROUP
Window Manager",,"DESKTOP-57BANIQ$
DWM-1",,,,,,,,Negotiate,,,,,,,,,"DESKTOP-57BANIQ",,,,,,Yes,4624,0,,,,,,,,,,,,,,,Impersonation,,,0,,,"Audit Success",,0x12A07,,Security,"{00000000-0000-0000-0000-000000000000}",,"0x3E7
0x129D6",Advapi,2,,,"An account was successfully logged on.

Subject:
	Security ID:		S-1-5-18
	Account Name:		DESKTOP-57BANIQ$
	Account Domain:		WORKGROUP
	Logon ID:		0x3E7

Logon Information:
	Logon Type:		2
	Restricted Admin Mode:	-
	Virtual Account:		Yes
	Elevated Token:		Yes

Impersonation Level:		Impersonation

New Logon:
	Security ID:		S-1-5-90-0-1
	Account Name:		DWM-1
	Account Domain:		Window Manager
	Logon ID:		0x129D6
	Linked Logon ID:		0x12A07
	Network Account Name:	-
	Network Account Domain:	-
	Logon GUID:		{00000000-0000-0000-0000-000000000000}

Process Information:
	Process ID:		0x280
	Process Name:		C:\Windows\System32\winlogon.exe

Network Information:
	Workstation Name:	-
	Source Network Address:	-
	Source Port:		-

Detailed Authentication Information:
	Logon Process:		Advapi  
	Authentication Package:	Negotiate
	Transited Services:	-
	Package Name (NTLM only):	-
	Key Length:		0

This event is generated when a logon session is created. It is generated on the computer that was accessed.

The subject fields indicate the account on the local system which requested the logon. This is most commonly a service such as the Server service, or a local process such as Winlogon.exe or Services.exe.

The logon type field indicates the kind of logon that occurred. The most common types are 2 (interactive) and 3 (network).

The New Logon fields indicate the account for whom the new logon was created, i.e. the account that was logged on.

The network fields indicate where a remote logon request originated. Workstation name is not always available and may be left blank in some cases.

The impersonation level field indicates the extent to which a process in the logon session can impersonate.

The authentication information fields provide detailed information about this specific logon request.
	- Logon GUID is a unique identifier that can be used to correlate this event with a KDC event.
	- Transited services indicate which intermediate services have participated in this logon request.
	- Package name indicates which sub-protocol was used among the NTLM protocols.
	- Key length indicates the length of the generated session key. This will be 0 if no session key was requested.",,,,,,"-","-",,,,,,,,,,,,,,,,Info,,,,,,,,,,,,,"-",,,,,,,,,,,0x280,"C:\Windows\System32\winlogon.exe",,,,,,,,949,,,,,"-",,,,,,"S-1-5-18
S-1-5-90-0-1",,,,,,,,,,"Microsoft Windows security auditing.","-","-",,,,,,,,,Logon,,,"-",Information,,,,,,,Yes,"-","12/21/2024 01:21:59 AM
LogName=Security
EventCode=4624
EventType=0
ComputerName=DESKTOP-57BANIQ
SourceName=Microsoft Windows security auditing.
Type=Information
RecordNumber=949
Keywords=Audit Success
TaskCategory=Logon
OpCode=Info
Message=An account was successfully logged on.

Subject:
	Security ID:		S-1-5-18
	Account Name:		DESKTOP-57BANIQ$
	Account Domain:		WORKGROUP
	Logon ID:		0x3E7

Logon Information:
	Logon Type:		2
	Restricted Admin Mode:	-
	Virtual Account:		Yes
	Elevated Token:		Yes

Impersonation Level:		Impersonation

New Logon:
	Security ID:		S-1-5-90-0-1
	Account Name:		DWM-1
	Account Domain:		Window Manager
	Logon ID:		0x129D6
	Linked Logon ID:		0x12A07
	Network Account Name:	-
	Network Account Domain:	-
	Logon GUID:		{00000000-0000-0000-0000-000000000000}

Process Information:
	Process ID:		0x280
	Process Name:		C:\Windows\System32\winlogon.exe

Network Information:
	Workstation Name:	-
	Source Network Address:	-
	Source Port:		-

Detailed Authentication Information:
	Logon Process:		Advapi  
	Authentication Package:	Negotiate
	Transited Services:	-
	Package Name (NTLM only):	-
	Key Length:		0

This event is generated when a logon session is created. It is generated on the computer that was accessed.

The subject fields indicate the account on the local system which requested the logon. This is most commonly a service such as the Server service, or a local process such as Winlogon.exe or Services.exe.

The logon type field indicates the kind of logon that occurred. The most common types are 2 (interactive) and 3 (network).

The New Logon fields indicate the account for whom the new logon was created, i.e. the account that was logged on.

The network fields indicate where a remote logon request originated. Workstation name is not always available and may be left blank in some cases.

The impersonation level field indicates the extent to which a process in the logon session can impersonate.

The authentication information fields provide detailed information about this specific logon request.
	- Logon GUID is a unique identifier that can be used to correlate this event with a KDC event.
	- Transited services indicate which intermediate services have participated in this logon request.
	- Package name indicates which sub-protocol was used among the NTLM protocols.
	- Key length indicates the length of the generated session key. This will be 0 if no session key was requested.","2024-12-21T01:21:59.000+0200",1,21,21,december,59,saturday,2024,local,,"DESKTOP-57BANIQ",main,70,"//_::_====-=___.===_===_____.\r\r:\rt_:tt---\rt_:tt-$\r","WinEventLog:Security","WinEventLog:Security","DESKTOP-57BANIQ",,23,0
"WORKGROUP
Window Manager",,"DESKTOP-57BANIQ$
DWM-1",,localhost,,,,,,,,,,,,,,,"DESKTOP-57BANIQ",,,,,,,4648,0,,,,,,,,,,,,,,,,,,,,,"Audit Success",,,,Security,"{00000000-0000-0000-0000-000000000000}
{00000000-0000-0000-0000-000000000000}",,0x3E7,,,,,"A logon was attempted using explicit credentials.

Subject:
	Security ID:		S-1-5-18
	Account Name:		DESKTOP-57BANIQ$
	Account Domain:		WORKGROUP
	Logon ID:		0x3E7
	Logon GUID:		{00000000-0000-0000-0000-000000000000}

Account Whose Credentials Were Used:
	Account Name:		DWM-1
	Account Domain:		Window Manager
	Logon GUID:		{00000000-0000-0000-0000-000000000000}

Target Server:
	Target Server Name:	localhost
	Additional Information:	localhost

Process Information:
	Process ID:		0x280
	Process Name:		C:\Windows\System32\winlogon.exe

Network Information:
	Network Address:	-
	Port:			-

This event is generated when a process attempts to log on an account by explicitly specifying that accounts credentials.  This most commonly occurs in batch-type configurations such as scheduled tasks, or when using the RUNAS command.",,,,,,,,"-",,,,,,,,,,,,,,,Info,,,,,,,,,,,,,,,,,"-",,,,,,,0x280,"C:\Windows\System32\winlogon.exe",,,,,,,,948,,,,,,,,,,,"S-1-5-18",,,,,,,,,,"Microsoft Windows security auditing.",,,,,,,,,,localhost,Logon,,,,Information,,,,,,,,,"12/21/2024 01:21:59 AM
LogName=Security
EventCode=4648
EventType=0
ComputerName=DESKTOP-57BANIQ
SourceName=Microsoft Windows security auditing.
Type=Information
RecordNumber=948
Keywords=Audit Success
TaskCategory=Logon
OpCode=Info
Message=A logon was attempted using explicit credentials.

Subject:
	Security ID:		S-1-5-18
	Account Name:		DESKTOP-57BANIQ$
	Account Domain:		WORKGROUP
	Logon ID:		0x3E7
	Logon GUID:		{00000000-0000-0000-0000-000000000000}

Account Whose Credentials Were Used:
	Account Name:		DWM-1
	Account Domain:		Window Manager
	Logon GUID:		{00000000-0000-0000-0000-000000000000}

Target Server:
	Target Server Name:	localhost
	Additional Information:	localhost

Process Information:
	Process ID:		0x280
	Process Name:		C:\Windows\System32\winlogon.exe

Network Information:
	Network Address:	-
	Port:			-

This event is generated when a process attempts to log on an account by explicitly specifying that accounts credentials.  This most commonly occurs in batch-type configurations such as scheduled tasks, or when using the RUNAS command.","2024-12-21T01:21:59.000+0200",1,21,21,december,59,saturday,2024,local,,"DESKTOP-57BANIQ",main,38,"//_::_====-=___.===_===______.\r\r:\rt_:tt---\rt_:tt-$","WinEventLog:Security","WinEventLog:Security","DESKTOP-57BANIQ",,23,0
"NT AUTHORITY",,SYSTEM,,,,,,,,,,,,,,,,,"DESKTOP-57BANIQ",,,,,,,4672,0,,,,,,,,,,,,,,,,,,,,,"Audit Success",,,,Security,,,0x3E7,,,,,"Special privileges assigned to new logon.

Subject:
	Security ID:		S-1-5-18
	Account Name:		SYSTEM
	Account Domain:		NT AUTHORITY
	Logon ID:		0x3E7

Privileges:		SeAssignPrimaryTokenPrivilege
			SeTcbPrivilege
			SeSecurityPrivilege
			SeTakeOwnershipPrivilege
			SeLoadDriverPrivilege
			SeBackupPrivilege
			SeRestorePrivilege
			SeDebugPrivilege
			SeAuditPrivilege
			SeSystemEnvironmentPrivilege
			SeImpersonatePrivilege
			SeDelegateSessionUserImpersonatePrivilege",,,,,,,,,,,,,,,,,,,,,,,Info,,,,,,,,,,,,,,,,,,,,SeAssignPrimaryTokenPrivilege,,,,,,,,,,,,,947,,,,,,,,,,,"S-1-5-18",,,,,,,,,,"Microsoft Windows security auditing.",,,,,,,,,,,"Special Logon",,,,Information,,,,,,,,,"12/21/2024 01:21:59 AM
