LogName=Application
EventCode=4202
EventType=4
ComputerName=DESKTOP-57BANIQ
SourceName=Microsoft-Windows-MSDTC 2
Type=Information
RecordNumber=408
Keywords=Classic
TaskCategory=TM
OpCode=None
Message=MSDTC started with the following settings: Security Configuration (OFF = 0 and ON = 1): Allow Remote Administrator = 0, Network Clients = 0, Transaction Manager Communication:  Allow Inbound Transactions = 0, Allow Outbound Transactions = 0, Transaction Internet Protocol (TIP) = 0,  Enable XA Transactions = 0,  Enable SNA LU 6.2 Transactions = 1,  MSDTC Communications Security = Mutual Authentication Required, Account = NT AUTHORITY\NetworkService,  Firewall Exclusion Detected = 0 Transaction Bridge Installed = 0 Filtering Duplicate Events = 1","2024-12-21T01:21:35.000+0200",1,21,21,december,35,saturday,2024,local,,"DESKTOP-57BANIQ",main,12,"//_::_====-=--_======_____:\r\r___(_=____=_):\r____=_","WinEventLog:Application","WinEventLog:Application","DESKTOP-57BANIQ",,23,0
,,,,,,,,,,,,,,,,,,,"DESKTOP-57BANIQ",,,,,,,781,4,,,,,,,,,,,,,,,,,,,,,Classic,,,,Application,,,,,,,,"The COM+ sub system is suppressing duplicate event log entries for a duration of 86400 seconds.  The suppression timeout can be controlled by a REG_DWORD value named SuppressDuplicateDuration under the following registry key: HKLM\Software\Microsoft\COM3\Eventlog.",,,,,,,,,,,,,,,,,,,,,,,None,,,,,,,,,,,,,,,,,,,,,,,,,,,,,,,,,407,,,,,,,,,,,,,,,,,,,,,"Microsoft-Windows-Complus",,,,,,,,,,,None,,,,Information,,,,,,,,,"12/21/2024 01:21:35 AM
LogName=Application
EventCode=781
EventType=4
ComputerName=DESKTOP-57BANIQ
SourceName=Microsoft-Windows-Complus
Type=Information
RecordNumber=407
Keywords=Classic
TaskCategory=None
OpCode=None
Message=The COM+ sub system is suppressing duplicate event log entries for a duration of 86400 seconds.  The suppression timeout can be controlled by a REG_DWORD value named SuppressDuplicateDuration under the following registry key: HKLM\Software\Microsoft\COM3\Eventlog.","2024-12-21T01:21:35.000+0200",1,21,21,december,35,saturday,2024,local,,"DESKTOP-57BANIQ",main,12,"//_::_====-=--======_+______________._____________","WinEventLog:Application","WinEventLog:Application","DESKTOP-57BANIQ",,23,0
,,,,,,,,,,,,,,,,,,,"DESKTOP-57BANIQ",,,,,,,105,4,,,,,,,,,,,,,,,,,,,,,Classic,,,,Application,,,,,,,,"The service was started.",,,,,,,,,,,,,,,,,,,,,,,Info,,,,,,,,,,,,,,,,,,,,,,,,,,,,,,,,,406,,,,,,,,,,,,,,,,,,,,,VMTools,,,,,,,,,,,None,,,,Information,,,,,,,,,"12/21/2024 01:21:34 AM
LogName=Application
EventCode=105
EventType=4
ComputerName=DESKTOP-57BANIQ
SourceName=VMTools
Type=Information
RecordNumber=406
Keywords=Classic
TaskCategory=None
OpCode=Info
Message=The service was started.","2024-12-21T01:21:34.000+0200",1,21,21,december,34,saturday,2024,local,,"DESKTOP-57BANIQ",main,12,"//_::_====-=======___.","WinEventLog:Application","WinEventLog:Application","DESKTOP-57BANIQ",,23,0
,,,,,,,,,,,,,,,,,,,"DESKTOP-57BANIQ",,,,,,,7045,4,,,,,,,,,,,,,,,,,,,,,Classic,,,,System,,,,,,,,"A service was installed in the system.

Service Name:  VMware Tools
Service File Name:  ""C:\Program Files\VMware\VMware Tools\vmtoolsd.exe""
Service Type:  user mode service
Service Start Type:  auto start
Service Account:  LocalSystem",,,,,,,,,,,,,,,,,,,,,,,"The operation completed successfully.",,,,,,,,,,,,,,,,,,,,,,,,,,,,,,,,,355,,,,,,,,,,,,LocalSystem,"""C:\Program Files\VMware\VMware Tools\vmtoolsd.exe""","VMware Tools","auto start","user mode service",,,"S-1-5-18",0,"Microsoft-Windows-Service Control Manager",,,,,,,,,,,None,,,,Information,"NOT_TRANSLATED",,,,,,,,"12/21/2024 01:21:34 AM
LogName=System
EventCode=7045
EventType=4
ComputerName=DESKTOP-57BANIQ
User=NOT_TRANSLATED
Sid=S-1-5-18
SidType=0
SourceName=Microsoft-Windows-Service Control Manager
Type=Information
RecordNumber=355
Keywords=Classic
TaskCategory=None
OpCode=The operation completed successfully.
Message=A service was installed in the system.

Service Name:  VMware Tools
Service File Name:  ""C:\Program Files\VMware\VMware Tools\vmtoolsd.exe""
Service Type:  user mode service
Service Start Type:  auto start
Service Account:  LocalSystem","2024-12-21T01:21:34.000+0200",1,21,21,december,34,saturday,2024,local,,"DESKTOP-57BANIQ",main,21,"//_::_====-==---==--__=====___.=______.\r\r_:___\r__:","WinEventLog:System","WinEventLog:System","DESKTOP-57BANIQ",,23,0
,,,,,,,,,,,,,,,,,,,"DESKTOP-57BANIQ",,,,,,,20003,4,,,,,,,,,,,,,,,,,,,,,None,,,,System,,,,,,,,"Driver Management has concluded the process to add Service VM3DService for Device Instance ID PCI\VEN_15AD&DEV_0405&SUBSYS_040515AD&REV_00\3&61AAA01&0&78 with the following status: 0.",,,,,,,,,,,,,,,,,,,,,,,Info,,,,,,,,,,,,,,,,,,,,,,,,,,,,,,,,,354,,,,,,,,,,,,,,,,,,,"S-1-5-18",0,"Microsoft-Windows-UserPnp",,,,,,,,,,,7005,,,,Information,"NOT_TRANSLATED",,,,,,,,"12/21/2024 01:21:33 AM
LogName=System
EventCode=20003
EventType=4
ComputerName=DESKTOP-57BANIQ
User=NOT_TRANSLATED
Sid=S-1-5-18
SidType=0
SourceName=Microsoft-Windows-UserPnp
Type=Information
RecordNumber=354
Keywords=None
TaskCategory=7005
OpCode=Info
Message=Driver Management has concluded the process to add Service VM3DService for Device Instance ID PCI\VEN_15AD&DEV_0405&SUBSYS_040515AD&REV_00\3&61AAA01&0&78 with the following status: 0.","2024-12-21T01:21:33.000+0200",1,21,21,december,33,saturday,2024,local,,"DESKTOP-57BANIQ",main,15,"//_::_====-==---==--======______________\&&&\&&&__","WinEventLog:System","WinEventLog:System","DESKTOP-57BANIQ",,23,0
,,,,,,,,,,,,,,,,,,,"DESKTOP-57BANIQ",,,,,,,7045,4,,,,,,,,,,,,,,,,,,,,,Classic,,,,System,,,,,,,,"A service was installed in the system.

Service Name:  VMware SVGA Helper Service
Service File Name:  %SystemRoot%\system32\vm3dservice.exe
Service Type:  user mode service
Service Start Type:  auto start
Service Account:  LocalSystem",,,,,,,,,,,,,,,,,,,,,,,"The operation completed successfully.",,,,,,,,,,,,,,,,,,,,,,,,,,,,,,,,,353,,,,,,,,,,,,LocalSystem,"%SystemRoot%\system32\vm3dservice.exe","VMware SVGA Helper Service","auto start","user mode service",,,"S-1-5-18",0,"Microsoft-Windows-Service Control Manager",,,,,,,,,,,None,,,,Information,"NOT_TRANSLATED",,,,,,,,"12/21/2024 01:21:33 AM
LogName=System
EventCode=7045
EventType=4
ComputerName=DESKTOP-57BANIQ
User=NOT_TRANSLATED
Sid=S-1-5-18
SidType=0
SourceName=Microsoft-Windows-Service Control Manager
Type=Information
RecordNumber=353
Keywords=Classic
TaskCategory=None
OpCode=The operation completed successfully.
Message=A service was installed in the system.

Service Name:  VMware SVGA Helper Service
Service File Name:  %SystemRoot%\system32\vm3dservice.exe
Service Type:  user mode service
Service Start Type:  auto start
Service Account:  LocalSystem","2024-12-21T01:21:33.000+0200",1,21,21,december,33,saturday,2024,local,,"DESKTOP-57BANIQ",main,21,"//_::_====-==---==--__=====___.=______.\r\r_:_____\r_","WinEventLog:System","WinEventLog:System","DESKTOP-57BANIQ",,23,0
,,,,,,,,,,,,,,,,,,,"DESKTOP-57BANIQ",,,,,,,20003,4,,,,,,,,,,,,,,,,,,,,,None,,,,System,,,,,,,,"Driver Management has concluded the process to add Service vm3dmp_loader for Device Instance ID PCI\VEN_15AD&DEV_0405&SUBSYS_040515AD&REV_00\3&61AAA01&0&78 with the following status: 0.",,,,,,,,,,,,,,,,,,,,,,,Info,,,,,,,,,,,,,,,,,,,,,,,,,,,,,,,,,352,,,,,,,,,,,,,,,,,,,"S-1-5-18",0,"Microsoft-Windows-UserPnp",,,,,,,,,,,7005,,,,Information,"NOT_TRANSLATED",,,,,,,,"12/21/2024 01:21:33 AM
LogName=System
EventCode=20003
EventType=4
ComputerName=DESKTOP-57BANIQ
User=NOT_TRANSLATED
Sid=S-1-5-18
SidType=0
SourceName=Microsoft-Windows-UserPnp
Type=Information
RecordNumber=352
Keywords=None
TaskCategory=7005
OpCode=Info
Message=Driver Management has concluded the process to add Service vm3dmp_loader for Device Instance ID PCI\VEN_15AD&DEV_0405&SUBSYS_040515AD&REV_00\3&61AAA01&0&78 with the following status: 0.","2024-12-21T01:21:33.000+0200",1,21,21,december,33,saturday,2024,local,,"DESKTOP-57BANIQ",main,15,"//_::_====-==---==--======______________\&&&\&&&__","WinEventLog:System","WinEventLog:System","DESKTOP-57BANIQ",,23,0
,,,,,,,,,,,,,,,,,,,"DESKTOP-57BANIQ",,,,,,,7045,4,,,,,,,,,,,,,,,,,,,,,Classic,,,,System,,,,,,,,"A service was installed in the system.

Service Name:  vm3dmp_loader
Service File Name:  \SystemRoot\system32\DRIVERS\vm3dmp_loader.sys
Service Type:  kernel mode driver
Service Start Type:  demand start
Service Account:",,,,,,,,,,,,,,,,,,,,,,,"The operation completed successfully.",,,,,,,,,,,,,,,,,,,,,,,,,,,,,,,,,351,,,,,,,,,,,,,"\SystemRoot\system32\DRIVERS\vm3dmp_loader.sys","vm3dmp_loader","demand start","kernel mode driver",,,"S-1-5-18",0,"Microsoft-Windows-Service Control Manager",,,,,,,,,,,None,,,,Information,"NOT_TRANSLATED",,,,,,,,"12/21/2024 01:21:33 AM
LogName=System
EventCode=7045
EventType=4
ComputerName=DESKTOP-57BANIQ
User=NOT_TRANSLATED
Sid=S-1-5-18
SidType=0
SourceName=Microsoft-Windows-Service Control Manager
Type=Information
RecordNumber=351
Keywords=Classic
TaskCategory=None
OpCode=The operation completed successfully.
Message=A service was installed in the system.

Service Name:  vm3dmp_loader
Service File Name:  \SystemRoot\system32\DRIVERS\vm3dmp_loader.sys
Service Type:  kernel mode driver
Service Start Type:  demand start
Service Account:","2024-12-21T01:21:33.000+0200",1,21,21,december,33,saturday,2024,local,,"DESKTOP-57BANIQ",main,21,"//_::_====-==---==--__=====___.=______.\r\r_:__\r__:_","WinEventLog:System","WinEventLog:System","DESKTOP-57BANIQ",,23,0
,,,,,,,,,,,,,,,,,,,"DESKTOP-57BANIQ",,,,,,,20003,4,,,,,,,,,,,,,,,,,,,,,None,,,,System,,,,,,,,"Driver Management has concluded the process to add Service vm3dmp-stats for Device Instance ID PCI\VEN_15AD&DEV_0405&SUBSYS_040515AD&REV_00\3&61AAA01&0&78 with the following status: 0.",,,,,,,,,,,,,,,,,,,,,,,Info,,,,,,,,,,,,,,,,,,,,,,,,,,,,,,,,,350,,,,,,,,,,,,,,,,,,,"S-1-5-18",0,"Microsoft-Windows-UserPnp",,,,,,,,,,,7005,,,,Information,"NOT_TRANSLATED",,,,,,,,"12/21/2024 01:21:33 AM
LogName=System
EventCode=20003
EventType=4
ComputerName=DESKTOP-57BANIQ
User=NOT_TRANSLATED
Sid=S-1-5-18
SidType=0
SourceName=Microsoft-Windows-UserPnp
Type=Information
RecordNumber=350
Keywords=None
TaskCategory=7005
OpCode=Info
Message=Driver Management has concluded the process to add Service vm3dmp-stats for Device Instance ID PCI\VEN_15AD&DEV_0405&SUBSYS_040515AD&REV_00\3&61AAA01&0&78 with the following status: 0.","2024-12-21T01:21:33.000+0200",1,21,21,december,33,saturday,2024,local,,"DESKTOP-57BANIQ",main,15,"//_::_====-==---==--======_________-_____\&&&\&&&_","WinEventLog:System","WinEventLog:System","DESKTOP-57BANIQ",,23,0
,,,,,,,,,,,,,,,,,,,"DESKTOP-57BANIQ",,,,,,,7045,4,,,,,,,,,,,,,,,,,,,,,Classic,,,,System,,,,,,,,"A service was installed in the system.

Service Name:  vm3dmp-stats
Service File Name:  \SystemRoot\system32\DRIVERS\vm3dmp-stats.sys
Service Type:  kernel mode driver
Service Start Type:  demand start
Service Account:",,,,,,,,,,,,,,,,,,,,,,,"The operation completed successfully.",,,,,,,,,,,,,,,,,,,,,,,,,,,,,,,,,349,,,,,,,,,,,,,"\SystemRoot\system32\DRIVERS\vm3dmp-stats.sys","vm3dmp-stats","demand start","kernel mode driver",,,"S-1-5-18",0,"Microsoft-Windows-Service Control Manager",,,,,,,,,,,None,,,,Information,"NOT_TRANSLATED",,,,,,,,"12/21/2024 01:21:33 AM
LogName=System
EventCode=7045
EventType=4
ComputerName=DESKTOP-57BANIQ
User=NOT_TRANSLATED
Sid=S-1-5-18
SidType=0
SourceName=Microsoft-Windows-Service Control Manager
Type=Information
RecordNumber=349
Keywords=Classic
TaskCategory=None
OpCode=The operation completed successfully.
Message=A service was installed in the system.

Service Name:  vm3dmp-stats
Service File Name:  \SystemRoot\system32\DRIVERS\vm3dmp-stats.sys
Service Type:  kernel mode driver
Service Start Type:  demand start
Service Account:","2024-12-21T01:21:33.000+0200",1,21,21,december,33,saturday,2024,local,,"DESKTOP-57BANIQ",main,21,"//_::_====-==---==--__=====___.=______.\r\r_:__-\r__:","WinEventLog:System","WinEventLog:System","DESKTOP-57BANIQ",,23,0
,,,,,,,,,,,,,,,,,,,"DESKTOP-57BANIQ",,,,,,,20003,4,,,,,,,,,,,,,,,,,,,,,None,,,,System,,,,,,,,"Driver Management has concluded the process to add Service vm3dmp-debug for Device Instance ID PCI\VEN_15AD&DEV_0405&SUBSYS_040515AD&REV_00\3&61AAA01&0&78 with the following status: 0.",,,,,,,,,,,,,,,,,,,,,,,Info,,,,,,,,,,,,,,,,,,,,,,,,,,,,,,,,,348,,,,,,,,,,,,,,,,,,,"S-1-5-18",0,"Microsoft-Windows-UserPnp",,,,,,,,,,,7005,,,,Information,"NOT_TRANSLATED",,,,,,,,"12/21/2024 01:21:33 AM
LogName=System
EventCode=20003
EventType=4
ComputerName=DESKTOP-57BANIQ
User=NOT_TRANSLATED
Sid=S-1-5-18
SidType=0
SourceName=Microsoft-Windows-UserPnp
Type=Information
RecordNumber=348
Keywords=None
TaskCategory=7005
OpCode=Info
Message=Driver Management has concluded the process to add Service vm3dmp-debug for Device Instance ID PCI\VEN_15AD&DEV_0405&SUBSYS_040515AD&REV_00\3&61AAA01&0&78 with the following status: 0.","2024-12-21T01:21:33.000+0200",1,21,21,december,33,saturday,2024,local,,"DESKTOP-57BANIQ",main,15,"//_::_====-==---==--======_________-_____\&&&\&&&_","WinEventLog:System","WinEventLog:System","DESKTOP-57BANIQ",,23,0
,,,,,,,,,,,,,,,,,,,"DESKTOP-57BANIQ",,,,,,,7045,4,,,,,,,,,,,,,,,,,,,,,Classic,,,,System,,,,,,,,"A service was installed in the system.

Service Name:  vm3dmp-debug
Service File Name:  \SystemRoot\system32\DRIVERS\vm3dmp-debug.sys
Service Type:  kernel mode driver
Service Start Type:  demand start
Service Account:",,,,,,,,,,,,,,,,,,,,,,,"The operation completed successfully.",,,,,,,,,,,,,,,,,,,,,,,,,,,,,,,,,347,,,,,,,,,,,,,"\SystemRoot\system32\DRIVERS\vm3dmp-debug.sys","vm3dmp-debug","demand start","kernel mode driver",,,"S-1-5-18",0,"Microsoft-Windows-Service Control Manager",,,,,,,,,,,None,,,,Information,"NOT_TRANSLATED",,,,,,,,"12/21/2024 01:21:33 AM
LogName=System
EventCode=7045
EventType=4
ComputerName=DESKTOP-57BANIQ
User=NOT_TRANSLATED
Sid=S-1-5-18
SidType=0
SourceName=Microsoft-Windows-Service Control Manager
Type=Information
RecordNumber=347
Keywords=Classic
TaskCategory=None
OpCode=The operation completed successfully.
Message=A service was installed in the system.

Service Name:  vm3dmp-debug
Service File Name:  \SystemRoot\system32\DRIVERS\vm3dmp-debug.sys
Service Type:  kernel mode driver
Service Start Type:  demand start
Service Account:","2024-12-21T01:21:33.000+0200",1,21,21,december,33,saturday,2024,local,,"DESKTOP-57BANIQ",main,21,"//_::_====-==---==--__=====___.=______.\r\r_:__-\r__:","WinEventLog:System","WinEventLog:System","DESKTOP-57BANIQ",,23,0
,,,,,,,,,,,,,,,,,,,"DESKTOP-57BANIQ",,,,,,,20003,4,,,,,,,,,,,,,,,,,,,,,None,,,,System,,,,,,,,"Driver Management has concluded the process to add Service vm3dmp for Device Instance ID PCI\VEN_15AD&DEV_0405&SUBSYS_040515AD&REV_00\3&61AAA01&0&78 with the following status: 0.",,,,,,,,,,,,,,,,,,,,,,,Info,,,,,,,,,,,,,,,,,,,,,,,,,,,,,,,,,346,,,,,,,,,,,,,,,,,,,"S-1-5-18",0,"Microsoft-Windows-UserPnp",,,,,,,,,,,7005,,,,Information,"NOT_TRANSLATED",,,,,,,,"12/21/2024 01:21:33 AM
LogName=System
EventCode=20003
EventType=4
ComputerName=DESKTOP-57BANIQ
User=NOT_TRANSLATED
Sid=S-1-5-18
SidType=0
SourceName=Microsoft-Windows-UserPnp
Type=Information
RecordNumber=346
Keywords=None
TaskCategory=7005
OpCode=Info
Message=Driver Management has concluded the process to add Service vm3dmp for Device Instance ID PCI\VEN_15AD&DEV_0405&SUBSYS_040515AD&REV_00\3&61AAA01&0&78 with the following status: 0.","2024-12-21T01:21:33.000+0200",1,21,21,december,33,saturday,2024,local,,"DESKTOP-57BANIQ",main,15,"//_::_====-==---==--======______________\&&&\&&&__","WinEventLog:System","WinEventLog:System","DESKTOP-57BANIQ",,23,0
,,,,,,,,,,,,,,,,,,,"DESKTOP-57BANIQ",,,,,,,7045,4,,,,,,,,,,,,,,,,,,,,,Classic,,,,System,,,,,,,,"A service was installed in the system.

Service Name:  vm3dmp
Service File Name:  \SystemRoot\system32\DRIVERS\vm3dmp.sys
Service Type:  kernel mode driver
Service Start Type:  demand start
Service Account:",,,,,,,,,,,,,,,,,,,,,,,"The operation completed successfully.",,,,,,,,,,,,,,,,,,,,,,,,,,,,,,,,,345,,,,,,,,,,,,,"\SystemRoot\system32\DRIVERS\vm3dmp.sys",vm3dmp,"demand start","kernel mode driver",,,"S-1-5-18",0,"Microsoft-Windows-Service Control Manager",,,,,,,,,,,None,,,,Information,"NOT_TRANSLATED",,,,,,,,"12/21/2024 01:21:33 AM
LogName=System
EventCode=7045
EventType=4
ComputerName=DESKTOP-57BANIQ
User=NOT_TRANSLATED
Sid=S-1-5-18
SidType=0
SourceName=Microsoft-Windows-Service Control Manager
Type=Information
RecordNumber=345
Keywords=Classic
TaskCategory=None
OpCode=The operation completed successfully.
Message=A service was installed in the system.

Service Name:  vm3dmp
Service File Name:  \SystemRoot\system32\DRIVERS\vm3dmp.sys
Service Type:  kernel mode driver
Service Start Type:  demand start
Service Account:","2024-12-21T01:21:33.000+0200",1,21,21,december,33,saturday,2024,local,,"DESKTOP-57BANIQ",main,21,"//_::_====-==---==--__=====___.=______.\r\r_:__\r__:_","WinEventLog:System","WinEventLog:System","DESKTOP-57BANIQ",,23,0
,,,,,,,,,,,,,,,,,,,"DESKTOP-57BANIQ",,,,,,,10016,3,,,,,,,,,,,,,,,,,,,,,Classic,,,,System,,,,,,,,"The machine-default permission settings do not grant Local Activation permission for the COM Server application with CLSID 
{C2F03A33-21F5-47FA-B4BB-156362A2F239}
 and APPID 
{316CDED5-E4AE-4B15-9113-7055D84DCC97}
 to the user DESKTOP-57BANIQ\yms_26 SID (S-1-5-21-443749481-124601364-2758766465-1001) from address LocalHost (Using LRPC) running in the application container Microsoft.Windows.ShellExperienceHost_10.0.19041.3636_neutral_neutral_cw5n1h2txyewy SID (S-1-15-2-155514346-2573954481-755741238-1654018636-1233331829-3075935687-2861478708). This security permission can be modified using the Component Services administrative tool.",,,,,,,,,,,,,,,,,,,,,,,Info,,,,,,,,,,,,,,,,,,,,,,,,,,,,,,,,,344,,,,,,,,,,,,,,,,,,,"S-1-5-21-443749481-124601364-2758766465-1001",0,"Microsoft-Windows-DistributedCOM",,,,,,,,,,,None,,,,Warning,"NOT_TRANSLATED",,,,,,,,"12/21/2024 01:21:31 AM
LogName=System
EventCode=10016
EventType=3
ComputerName=DESKTOP-57BANIQ
User=NOT_TRANSLATED
Sid=S-1-5-21-443749481-124601364-2758766465-1001
SidType=0
SourceName=Microsoft-Windows-DistributedCOM
Type=Warning
RecordNumber=344
Keywords=Classic
TaskCategory=None
OpCode=Info
Message=The machine-default permission settings do not grant Local Activation permission for the COM Server application with CLSID 
{C2F03A33-21F5-47FA-B4BB-156362A2F239}
 and APPID 
{316CDED5-E4AE-4B15-9113-7055D84DCC97}
 to the user DESKTOP-57BANIQ\yms_26 SID (S-1-5-21-443749481-124601364-2758766465-1001) from address LocalHost (Using LRPC) running in the application container Microsoft.Windows.ShellExperienceHost_10.0.19041.3636_neutral_neutral_cw5n1h2txyewy SID (S-1-15-2-155514346-2573954481-755741238-1654018636-1233331829-3075935687-2861478708). This security permission can be modified using the Component Services administrative tool.","2024-12-21T01:21:31.000+0200",1,21,21,december,31,saturday,2024,local,,"DESKTOP-57BANIQ",main,19,"//_::_====-==-------==--======_-________________\r{","WinEventLog:System","WinEventLog:System","DESKTOP-57BANIQ",,23,0
,,,,,,,,,,,,,,,,,,,"DESKTOP-57BANIQ",,,,,,,16384,4,,,,,,,,,,,,,,,,,,,,,Classic,,,,Application,,,,,,,,"Successfully scheduled Software Protection service for re-start at 2024-12-21T23:18:30Z. Reason: RulesEngine.",,,,,,,,,,,,,,,,,,,,,,,None,,,,,,,,,,,,,,,,,,,,,,,,,,,,,,,,,405,,,,,,,,,,,,,,,,,,,,,"Microsoft-Windows-Security-SPP",,,,,,,,,,,None,,,,Information,,,,,,,,,"12/21/2024 01:21:30 AM
LogName=Application
EventCode=16384
EventType=4
ComputerName=DESKTOP-57BANIQ
SourceName=Microsoft-Windows-Security-SPP
Type=Information
RecordNumber=405
Keywords=Classic
TaskCategory=None
OpCode=None
Message=Successfully scheduled Software Protection service for re-start at 2024-12-21T23:18:30Z. Reason: RulesEngine.","2024-12-21T01:21:30.000+0200",1,21,21,december,30,saturday,2024,local,,"DESKTOP-57BANIQ",main,12,"//_::_====-=---======______-__--::._:_.","WinEventLog:Application","WinEventLog:Application","DESKTOP-57BANIQ",,23,0
,,,,,,,,,,,,,,,,,,,"DESKTOP-57BANIQ",,,,,,,7045,4,,,,,,,,,,,,,,,,,,,,,Classic,,,,System,,,,,,,,"A service was installed in the system.

Service Name:  VMware Physical Disk Helper
Service File Name:  \SystemRoot\system32\DRIVERS\vmrawdsk.sys
Service Type:  kernel mode driver
Service Start Type:  system start
Service Account:",,,,,,,,,,,,,,,,,,,,,,,"The operation completed successfully.",,,,,,,,,,,,,,,,,,,,,,,,,,,,,,,,,343,,,,,,,,,,,,,"\SystemRoot\system32\DRIVERS\vmrawdsk.sys","VMware Physical Disk Helper","system start","kernel mode driver",,,"S-1-5-18",0,"Microsoft-Windows-Service Control Manager",,,,,,,,,,,None,,,,Information,"NOT_TRANSLATED",,,,,,,,"12/21/2024 01:21:30 AM
LogName=System
EventCode=7045
EventType=4
ComputerName=DESKTOP-57BANIQ
User=NOT_TRANSLATED
Sid=S-1-5-18
SidType=0
SourceName=Microsoft-Windows-Service Control Manager
Type=Information
RecordNumber=343
Keywords=Classic
TaskCategory=None
OpCode=The operation completed successfully.
Message=A service was installed in the system.

Service Name:  VMware Physical Disk Helper
Service File Name:  \SystemRoot\system32\DRIVERS\vmrawdsk.sys
Service Type:  kernel mode driver
Service Start Type:  system start
Service Account:","2024-12-21T01:21:30.000+0200",1,21,21,december,30,saturday,2024,local,,"DESKTOP-57BANIQ",main,21,"//_::_====-==---==--__=====___.=______.\r\r_:_____\r_","WinEventLog:System","WinEventLog:System","DESKTOP-57BANIQ",,23,0
,,,,,,,,,,,,,,,,,,,"DESKTOP-57BANIQ",,,,,,,7045,4,,,,,,,,,,,,,,,,,,,,,Classic,,,,System,,,,,,,,"A service was installed in the system.

Service Name:  VMware Host Guest Client Redirector
Service File Name:  system32\DRIVERS\vmhgfs.sys
Service Type:  kernel mode driver
Service Start Type:  demand start
Service Account:",,,,,,,,,,,,,,,,,,,,,,,"The operation completed successfully.",,,,,,,,,,,,,,,,,,,,,,,,,,,,,,,,,342,,,,,,,,,,,,,"system32\DRIVERS\vmhgfs.sys","VMware Host Guest Client Redirector","demand start","kernel mode driver",,,"S-1-5-18",0,"Microsoft-Windows-Service Control Manager",,,,,,,,,,,None,,,,Information,"NOT_TRANSLATED",,,,,,,,"12/21/2024 01:21:30 AM
LogName=System
EventCode=7045
EventType=4
ComputerName=DESKTOP-57BANIQ
User=NOT_TRANSLATED
Sid=S-1-5-18
SidType=0
SourceName=Microsoft-Windows-Service Control Manager
Type=Information
RecordNumber=342
Keywords=Classic
TaskCategory=None
OpCode=The operation completed successfully.
Message=A service was installed in the system.

Service Name:  VMware Host Guest Client Redirector
Service File Name:  system32\DRIVERS\vmhgfs.sys
Service Type:  kernel mode driver
Service Start Type:  demand start
Service Account:","2024-12-21T01:21:30.000+0200",1,21,21,december,30,saturday,2024,local,,"DESKTOP-57BANIQ",main,21,"//_::_====-==---==--__=====___.=______.\r\r_:______\r","WinEventLog:System","WinEventLog:System","DESKTOP-57BANIQ",,23,0
,,,,,,,,,,,,,,,,,,,"DESKTOP-57BANIQ",,,,,,,7045,4,,,,,,,,,,,,,,,,,,,,,Classic,,,,System,,,,,,,,"A service was installed in the system.

Service Name:  Memory Control Driver
Service File Name:  \SystemRoot\system32\DRIVERS\vmmemctl.sys
Service Type:  kernel mode driver
Service Start Type:  auto start
Service Account:",,,,,,,,,,,,,,,,,,,,,,,"The operation completed successfully.",,,,,,,,,,,,,,,,,,,,,,,,,,,,,,,,,341,,,,,,,,,,,,,"\SystemRoot\system32\DRIVERS\vmmemctl.sys","Memory Control Driver","auto start","kernel mode driver",,,"S-1-5-18",0,"Microsoft-Windows-Service Control Manager",,,,,,,,,,,None,,,,Information,"NOT_TRANSLATED",,,,,,,,"12/21/2024 01:21:29 AM
LogName=System
EventCode=7045
EventType=4
ComputerName=DESKTOP-57BANIQ
User=NOT_TRANSLATED
Sid=S-1-5-18
SidType=0
SourceName=Microsoft-Windows-Service Control Manager
Type=Information
RecordNumber=341
Keywords=Classic
TaskCategory=None
OpCode=The operation completed successfully.
Message=A service was installed in the system.

Service Name:  Memory Control Driver
Service File Name:  \SystemRoot\system32\DRIVERS\vmmemctl.sys
Service Type:  kernel mode driver
Service Start Type:  auto start
Service Account:","2024-12-21T01:21:29.000+0200",1,21,21,december,29,saturday,2024,local,,"DESKTOP-57BANIQ",main,21,"//_::_====-==---==--__=====___.=______.\r\r_:____\r__","WinEventLog:System","WinEventLog:System","DESKTOP-57BANIQ",,23,0
,,,,,,,,,,,,,,,,,,,"DESKTOP-57BANIQ",,,,,,,7045,4,,,,,,,,,,,,,,,,,,,,,Classic,,,,System,,,,,,,,"A service was installed in the system.

Service Name:  VMware Pointing Device
Service File Name:  \SystemRoot\System32\drivers\vmmouse.sys
Service Type:  kernel mode driver
Service Start Type:  demand start
Service Account:",,,,,,,,,,,,,,,,,,,,,,,"The operation completed successfully.",,,,,,,,,,,,,,,,,,,,,,,,,,,,,,,,,340,,,,,,,,,,,,,"\SystemRoot\System32\drivers\vmmouse.sys","VMware Pointing Device","demand start","kernel mode driver",,,"S-1-5-18",0,"Microsoft-Windows-Service Control Manager",,,,,,,,,,,None,,,,Information,"NOT_TRANSLATED",,,,,,,,"12/21/2024 01:21:29 AM
LogName=System
EventCode=7045
EventType=4
ComputerName=DESKTOP-57BANIQ
User=NOT_TRANSLATED
Sid=S-1-5-18
SidType=0
SourceName=Microsoft-Windows-Service Control Manager
Type=Information
RecordNumber=340
Keywords=Classic
TaskCategory=None
OpCode=The operation completed successfully.
Message=A service was installed in the system.

Service Name:  VMware Pointing Device
Service File Name:  \SystemRoot\System32\drivers\vmmouse.sys
Service Type:  kernel mode driver
Service Start Type:  demand start
Service Account:","2024-12-21T01:21:29.000+0200",1,21,21,december,29,saturday,2024,local,,"DESKTOP-57BANIQ",main,21,"//_::_====-==---==--__=====___.=______.\r\r_:____\r__","WinEventLog:System","WinEventLog:System","DESKTOP-57BANIQ",,23,0
"NT AUTHORITY",,SYSTEM,,,,,,,,,,,,,,,,,"DESKTOP-57BANIQ",,,,,,,4672,0,,,,,,,,,,,,,,,,,,,,,"Audit Success",,,,Security,,,0x3E7,,,,,"Special privileges assigned to new logon.

Subject:
	Security ID:		S-1-5-18
	Account Name:		SYSTEM
	Account Domain:		NT AUTHORITY
	Logon ID:		0x3E7

Privileges:		SeAssignPrimaryTokenPrivilege
			SeTcbPrivilege
			SeSecurityPrivilege
			SeTakeOwnershipPrivilege
			SeLoadDriverPrivilege
			SeBackupPrivilege
			SeRestorePrivilege
			SeDebugPrivilege
			SeAuditPrivilege
			SeSystemEnvironmentPrivilege
			SeImpersonatePrivilege
			SeDelegateSessionUserImpersonatePrivilege",,,,,,,,,,,,,,,,,,,,,,,Info,,,,,,,,,,,,,,,,,,,,SeAssignPrimaryTokenPrivilege,,,,,,,,,,,,,898,,,,,,,,,,,"S-1-5-18",,,,,,,,,,"Microsoft Windows security auditing.",,,,,,,,,,,"Special Logon",,,,Information,,,,,,,,,"12/21/2024 01:21:28 AM
LogName=Security
EventCode=4672
EventType=0
ComputerName=DESKTOP-57BANIQ
SourceName=Microsoft Windows security auditing.
Type=Information
RecordNumber=898
Keywords=Audit Success
TaskCategory=Special Logon
OpCode=Info
Message=Special privileges assigned to new logon.

Subject:
	Security ID:		S-1-5-18
	Account Name:		SYSTEM
	Account Domain:		NT AUTHORITY
	Logon ID:		0x3E7

Privileges:		SeAssignPrimaryTokenPrivilege
			SeTcbPrivilege
			SeSecurityPrivilege
			SeTakeOwnershipPrivilege
			SeLoadDriverPrivilege
			SeBackupPrivilege
			SeRestorePrivilege
			SeDebugPrivilege
			SeAuditPrivilege
			SeSystemEnvironmentPrivilege
			SeImpersonatePrivilege
			SeDelegateSessionUserImpersonatePrivilege","2024-12-21T01:21:28.000+0200",1,21,21,december,28,saturday,2024,local,,"DESKTOP-57BANIQ",main,31,"//_::_====-=___.===_=_==_____.\r\r:\rt_:tt---\rt_:tt\rt","WinEventLog:Security","WinEventLog:Security","DESKTOP-57BANIQ",,23,0
"WORKGROUP
NT AUTHORITY",,"DESKTOP-57BANIQ$
SYSTEM",,,,,,,,Negotiate,,,,,,,,,"DESKTOP-57BANIQ",,,,,,Yes,4624,0,,,,,,,,,,,,,,,Impersonation,,,0,,,"Audit Success",,0x0,,Security,"{00000000-0000-0000-0000-000000000000}",,"0x3E7
0x3E7",Advapi,5,,,"An account was successfully logged on.

Subject:
	Security ID:		S-1-5-18
	Account Name:		DESKTOP-57BANIQ$
	Account Domain:		WORKGROUP
	Logon ID:		0x3E7

Logon Information:
	Logon Type:		5
	Restricted Admin Mode:	-
	Virtual Account:		No
	Elevated Token:		Yes

Impersonation Level:		Impersonation

New Logon:
	Security ID:		S-1-5-18
	Account Name:		SYSTEM
	Account Domain:		NT AUTHORITY
	Logon ID:		0x3E7
	Linked Logon ID:		0x0
	Network Account Name:	-
	Network Account Domain:	-
	Logon GUID:		{00000000-0000-0000-0000-000000000000}

Process Information:
	Process ID:		0x294
	Process Name:		C:\Windows\System32\services.exe

Network Information:
	Workstation Name:	-
	Source Network Address:	-
	Source Port:		-

Detailed Authentication Information:
	Logon Process:		Advapi  
	Authentication Package:	Negotiate
	Transited Services:	-
	Package Name (NTLM only):	-
	Key Length:		0

This event is generated when a logon session is created. It is generated on the computer that was accessed.

The subject fields indicate the account on the local system which requested the logon. This is most commonly a service such as the Server service, or a local process such as Winlogon.exe or Services.exe.

The logon type field indicates the kind of logon that occurred. The most common types are 2 (interactive) and 3 (network).

The New Logon fields indicate the account for whom the new logon was created, i.e. the account that was logged on.

The network fields indicate where a remote logon request originated. Workstation name is not always available and may be left blank in some cases.

The impersonation level field indicates the extent to which a process in the logon session can impersonate.

The authentication information fields provide detailed information about this specific logon request.
	- Logon GUID is a unique identifier that can be used to correlate this event with a KDC event.
	- Transited services indicate which intermediate services have participated in this logon request.
	- Package name indicates which sub-protocol was used among the NTLM protocols.
	- Key length indicates the length of the generated session key. This will be 0 if no session key was requested.",,,,,,"-","-",,,,,,,,,,,,,,,,Info,,,,,,,,,,,,,"-",,,,,,,,,,,0x294,"C:\Windows\System32\services.exe",,,,,,,,897,,,,,"-",,,,,,"S-1-5-18
S-1-5-18",,,,,,,,,,"Microsoft Windows security auditing.","-","-",,,,,,,,,Logon,,,"-",Information,,,,,,,No,"-","12/21/2024 01:21:28 AM
LogName=Security
EventCode=4624
EventType=0
ComputerName=DESKTOP-57BANIQ
SourceName=Microsoft Windows security auditing.
Type=Information
RecordNumber=897
Keywords=Audit Success
TaskCategory=Logon
OpCode=Info
Message=An account was successfully logged on.

Subject:
	Security ID:		S-1-5-18
	Account Name:		DESKTOP-57BANIQ$
	Account Domain:		WORKGROUP
	Logon ID:		0x3E7

Logon Information:
	Logon Type:		5
	Restricted Admin Mode:	-
	Virtual Account:		No
	Elevated Token:		Yes

Impersonation Level:		Impersonation

New Logon:
	Security ID:		S-1-5-18
	Account Name:		SYSTEM
	Account Domain:		NT AUTHORITY
	Logon ID:		0x3E7
	Linked Logon ID:		0x0
	Network Account Name:	-
	Network Account Domain:	-
	Logon GUID:		{00000000-0000-0000-0000-000000000000}

Process Information:
	Process ID:		0x294
	Process Name:		C:\Windows\System32\services.exe

Network Information:
	Workstation Name:	-
	Source Network Address:	-
	Source Port:		-

Detailed Authentication Information:
	Logon Process:		Advapi  
	Authentication Package:	Negotiate
	Transited Services:	-
	Package Name (NTLM only):	-
	Key Length:		0

This event is generated when a logon session is created. It is generated on the computer that was accessed.

The subject fields indicate the account on the local system which requested the logon. This is most commonly a service such as the Server service, or a local process such as Winlogon.exe or Services.exe.

The logon type field indicates the kind of logon that occurred. The most common types are 2 (interactive) and 3 (network).

The New Logon fields indicate the account for whom the new logon was created, i.e. the account that was logged on.

The network fields indicate where a remote logon request originated. Workstation name is not always available and may be left blank in some cases.

The impersonation level field indicates the extent to which a process in the logon session can impersonate.

The authentication information fields provide detailed information about this specific logon request.
	- Logon GUID is a unique identifier that can be used to correlate this event with a KDC event.
	- Transited services indicate which intermediate services have participated in this logon request.
	- Package name indicates which sub-protocol was used among the NTLM protocols.
	- Key length indicates the length of the generated session key. This will be 0 if no session key was requested.","2024-12-21T01:21:28.000+0200",1,21,21,december,28,saturday,2024,local,,"DESKTOP-57BANIQ",main,70,"//_::_====-=___.===_===_____.\r\r:\rt_:tt---\rt_:tt-$\r","WinEventLog:Security","WinEventLog:Security","DESKTOP-57BANIQ",,23,0
,,,,,,,,,,,,,,,,,,,"DESKTOP-57BANIQ",,,,,,,7045,4,,,,,,,,,,,,,,,,,,,,,Classic,,,,System,,,,,,,,"A service was installed in the system.

Service Name:  VMware USB Pointing Device
Service File Name:  \SystemRoot\System32\drivers\vmusbmouse.sys
Service Type:  kernel mode driver
Service Start Type:  demand start
Service Account:",,,,,,,,,,,,,,,,,,,,,,,"The operation completed successfully.",,,,,,,,,,,,,,,,,,,,,,,,,,,,,,,,,339,,,,,,,,,,,,,"\SystemRoot\System32\drivers\vmusbmouse.sys","VMware USB Pointing Device","demand start","kernel mode driver",,,"S-1-5-18",0,"Microsoft-Windows-Service Control Manager",,,,,,,,,,,None,,,,Information,"NOT_TRANSLATED",,,,,,,,"12/21/2024 01:21:28 AM
LogName=System
EventCode=7045
EventType=4
ComputerName=DESKTOP-57BANIQ
User=NOT_TRANSLATED
Sid=S-1-5-18
SidType=0
SourceName=Microsoft-Windows-Service Control Manager
Type=Information
RecordNumber=339
Keywords=Classic
TaskCategory=None
OpCode=The operation completed successfully.
Message=A service was installed in the system.

Service Name:  VMware USB Pointing Device
Service File Name:  \SystemRoot\System32\drivers\vmusbmouse.sys
Service Type:  kernel mode driver
Service Start Type:  demand start
Service Account:","2024-12-21T01:21:28.000+0200",1,21,21,december,28,saturday,2024,local,,"DESKTOP-57BANIQ",main,21,"//_::_====-==---==--__=====___.=______.\r\r_:_____\r_","WinEventLog:System","WinEventLog:System","DESKTOP-57BANIQ",,23,0
"NT AUTHORITY",,SYSTEM,,,,,,,,,,,,,,,,,"DESKTOP-57BANIQ",,,,,,,4672,0,,,,,,,,,,,,,,,,,,,,,"Audit Success",,,,Security,,,0x3E7,,,,,"Special privileges assigned to new logon.

Subject:
	Security ID:		S-1-5-18
	Account Name:		SYSTEM
	Account Domain:		NT AUTHORITY
	Logon ID:		0x3E7

Privileges:		SeAssignPrimaryTokenPrivilege
			SeTcbPrivilege
			SeSecurityPrivilege
			SeTakeOwnershipPrivilege
			SeLoadDriverPrivilege
			SeBackupPrivilege
			SeRestorePrivilege
			SeDebugPrivilege
			SeAuditPrivilege
			SeSystemEnvironmentPrivilege
			SeImpersonatePrivilege
			SeDelegateSessionUserImpersonatePrivilege",,,,,,,,,,,,,,,,,,,,,,,Info,,,,,,,,,,,,,,,,,,,,SeAssignPrimaryTokenPrivilege,,,,,,,,,,,,,896,,,,,,,,,,,"S-1-5-18",,,,,,,,,,"Microsoft Windows security auditing.",,,,,,,,,,,"Special Logon",,,,Information,,,,,,,,,"12/21/2024 01:21:26 AM
LogName=Security
EventCode=4672
EventType=0
ComputerName=DESKTOP-57BANIQ
SourceName=Microsoft Windows security auditing.
Type=Information
RecordNumber=896
Keywords=Audit Success
TaskCategory=Special Logon
OpCode=Info
Message=Special privileges assigned to new logon.

Subject:
	Security ID:		S-1-5-18
	Account Name:		SYSTEM
	Account Domain:		NT AUTHORITY
	Logon ID:		0x3E7

Privileges:		SeAssignPrimaryTokenPrivilege
			SeTcbPrivilege
			SeSecurityPrivilege
			SeTakeOwnershipPrivilege
			SeLoadDriverPrivilege
			SeBackupPrivilege
			SeRestorePrivilege
			SeDebugPrivilege
			SeAuditPrivilege
			SeSystemEnvironmentPrivilege
			SeImpersonatePrivilege
			SeDelegateSessionUserImpersonatePrivilege","2024-12-21T01:21:26.000+0200",1,21,21,december,26,saturday,2024,local,,"DESKTOP-57BANIQ",main,31,"//_::_====-=___.===_=_==_____.\r\r:\rt_:tt---\rt_:tt\rt","WinEventLog:Security","WinEventLog:Security","DESKTOP-57BANIQ",,23,0
"WORKGROUP
NT AUTHORITY",,"DESKTOP-57BANIQ$
SYSTEM",,,,,,,,Negotiate,,,,,,,,,"DESKTOP-57BANIQ",,,,,,Yes,4624,0,,,,,,,,,,,,,,,Impersonation,,,0,,,"Audit Success",,0x0,,Security,"{00000000-0000-0000-0000-000000000000}",,"0x3E7
0x3E7",Advapi,5,,,"An account was successfully logged on.

Subject:
	Security ID:		S-1-5-18
	Account Name:		DESKTOP-57BANIQ$
	Account Domain:		WORKGROUP
	Logon ID:		0x3E7

Logon Information:
	Logon Type:		5
	Restricted Admin Mode:	-
	Virtual Account:		No
	Elevated Token:		Yes

Impersonation Level:		Impersonation

New Logon:
	Security ID:		S-1-5-18
	Account Name:		SYSTEM
	Account Domain:		NT AUTHORITY
	Logon ID:		0x3E7
	Linked Logon ID:		0x0
	Network Account Name:	-
	Network Account Domain:	-
	Logon GUID:		{00000000-0000-0000-0000-000000000000}

Process Information:
	Process ID:		0x294
	Process Name:		C:\Windows\System32\services.exe

Network Information:
	Workstation Name:	-
	Source Network Address:	-
	Source Port:		-

Detailed Authentication Information:
	Logon Process:		Advapi  
	Authentication Package:	Negotiate
	Transited Services:	-
	Package Name (NTLM only):	-
	Key Length:		0

This event is generated when a logon session is created. It is generated on the computer that was accessed.

The subject fields indicate the account on the local system which requested the logon. This is most commonly a service such as the Server service, or a local process such as Winlogon.exe or Services.exe.

The logon type field indicates the kind of logon that occurred. The most common types are 2 (interactive) and 3 (network).

The New Logon fields indicate the account for whom the new logon was created, i.e. the account that was logged on.

The network fields indicate where a remote logon request originated. Workstation name is not always available and may be left blank in some cases.

The impersonation level field indicates the extent to which a process in the logon session can impersonate.

The authentication information fields provide detailed information about this specific logon request.
	- Logon GUID is a unique identifier that can be used to correlate this event with a KDC event.
	- Transited services indicate which intermediate services have participated in this logon request.
	- Package name indicates which sub-protocol was used among the NTLM protocols.
	- Key length indicates the length of the generated session key. This will be 0 if no session key was requested.",,,,,,"-","-",,,,,,,,,,,,,,,,Info,,,,,,,,,,,,,"-",,,,,,,,,,,0x294,"C:\Windows\System32\services.exe",,,,,,,,895,,,,,"-",,,,,,"S-1-5-18
S-1-5-18",,,,,,,,,,"Microsoft Windows security auditing.","-","-",,,,,,,,,Logon,,,"-",Information,,,,,,,No,"-","12/21/2024 01:21:26 AM
LogName=Security
EventCode=4624
EventType=0
ComputerName=DESKTOP-57BANIQ
SourceName=Microsoft Windows security auditing.
Type=Information
RecordNumber=895
Keywords=Audit Success
TaskCategory=Logon
OpCode=Info
Message=An account was successfully logged on.

Subject:
	Security ID:		S-1-5-18
	Account Name:		DESKTOP-57BANIQ$
	Account Domain:		WORKGROUP
	Logon ID:		0x3E7

Logon Information:
	Logon Type:		5
	Restricted Admin Mode:	-
	Virtual Account:		No
	Elevated Token:		Yes

Impersonation Level:		Impersonation

New Logon:
	Security ID:		S-1-5-18
	Account Name:		SYSTEM
	Account Domain:		NT AUTHORITY
	Logon ID:		0x3E7
	Linked Logon ID:		0x0
	Network Account Name:	-
	Network Account Domain:	-
	Logon GUID:		{00000000-0000-0000-0000-000000000000}

Process Information:
	Process ID:		0x294
	Process Name:		C:\Windows\System32\services.exe

Network Information:
	Workstation Name:	-
	Source Network Address:	-
	Source Port:		-

Detailed Authentication Information:
	Logon Process:		Advapi  
	Authentication Package:	Negotiate
	Transited Services:	-
	Package Name (NTLM only):	-
	Key Length:		0

This event is generated when a logon session is created. It is generated on the computer that was accessed.

The subject fields indicate the account on the local system which requested the logon. This is most commonly a service such as the Server service, or a local process such as Winlogon.exe or Services.exe.

The logon type field indicates the kind of logon that occurred. The most common types are 2 (interactive) and 3 (network).

The New Logon fields indicate the account for whom the new logon was created, i.e. the account that was logged on.

The network fields indicate where a remote logon request originated. Workstation name is not always available and may be left blank in some cases.

The impersonation level field indicates the extent to which a process in the logon session can impersonate.

The authentication information fields provide detailed information about this specific logon request.
	- Logon GUID is a unique identifier that can be used to correlate this event with a KDC event.
	- Transited services indicate which intermediate services have participated in this logon request.
	- Package name indicates which sub-protocol was used among the NTLM protocols.
	- Key length indicates the length of the generated session key. This will be 0 if no session key was requested.","2024-12-21T01:21:26.000+0200",1,21,21,december,26,saturday,2024,local,,"DESKTOP-57BANIQ",main,70,"//_::_====-=___.===_===_____.\r\r:\rt_:tt---\rt_:tt-$\r","WinEventLog:Security","WinEventLog:Security","DESKTOP-57BANIQ",,23,0
,,,,,,,,,,,,,,,,,,,"DESKTOP-57BANIQ",,,,,,,7040,4,,,,,,,,,,,,,,,,,,,,,Classic,,,,System,,,,,,,,"The start type of the Windows Socket 2.0 Non-IFS Service Provider Support Environment service was changed from disabled to system start.",,,,,,,,,,,,,,,,,,,,,,,"The operation completed successfully.",,,,,,,,,,,,,,,,,,,,,,,,,,,,,,,,,338,,,,,,,,,,,,,,,,,,,"S-1-5-18",0,"Microsoft-Windows-Service Control Manager",,,,,,,,,,,None,,,,Information,"NOT_TRANSLATED",,,,,,,,"12/21/2024 01:21:24 AM
LogName=System
EventCode=7040
EventType=4
ComputerName=DESKTOP-57BANIQ
User=NOT_TRANSLATED
Sid=S-1-5-18
SidType=0
SourceName=Microsoft-Windows-Service Control Manager
Type=Information
RecordNumber=338
Keywords=Classic
TaskCategory=None
OpCode=The operation completed successfully.
Message=The start type of the Windows Socket 2.0 Non-IFS Service Provider Support Environment service was changed from disabled to system start.","2024-12-21T01:21:24.000+0200",1,21,21,december,24,saturday,2024,local,,"DESKTOP-57BANIQ",main,15,"//_::_====-==---==--__=====___.=_______._-________","WinEventLog:System","WinEventLog:System","DESKTOP-57BANIQ",,23,0
,,,,,,,,,,,,,,,,,,,"DESKTOP-57BANIQ",,,,,,,7045,4,,,,,,,,,,,,,,,,,,,,,Classic,,,,System,,,,,,,,"A service was installed in the system.

Service Name:  vSockets Virtual Machine Communication Interface Sockets driver
Service File Name:  \SystemRoot\system32\DRIVERS\vsock.sys
Service Type:  kernel mode driver
Service Start Type:  system start
Service Account:",,,,,,,,,,,,,,,,,,,,,,,"The operation completed successfully.",,,,,,,,,,,,,,,,,,,,,,,,,,,,,,,,,337,,,,,,,,,,,,,"\SystemRoot\system32\DRIVERS\vsock.sys","vSockets Virtual Machine Communication Interface Sockets driver","system start","kernel mode driver",,,"S-1-5-18",0,"Microsoft-Windows-Service Control Manager",,,,,,,,,,,None,,,,Information,"NOT_TRANSLATED",,,,,,,,"12/21/2024 01:21:24 AM
LogName=System
EventCode=7045
EventType=4
ComputerName=DESKTOP-57BANIQ
User=NOT_TRANSLATED
Sid=S-1-5-18
SidType=0
SourceName=Microsoft-Windows-Service Control Manager
Type=Information
RecordNumber=337
Keywords=Classic
TaskCategory=None
OpCode=The operation completed successfully.
Message=A service was installed in the system.

Service Name:  vSockets Virtual Machine Communication Interface Sockets driver
Service File Name:  \SystemRoot\system32\DRIVERS\vsock.sys
Service Type:  kernel mode driver
Service Start Type:  system start
Service Account:","2024-12-21T01:21:24.000+0200",1,21,21,december,24,saturday,2024,local,,"DESKTOP-57BANIQ",main,21,"//_::_====-==---==--__=====___.=______.\r\r_:_______","WinEventLog:System","WinEventLog:System","DESKTOP-57BANIQ",,23,0
,,,,,,,,,,,,,,,,,,,"DESKTOP-57BANIQ",,,,,,,7045,4,,,,,,,,,,,,,,,,,,,,,Classic,,,,System,,,,,,,,"A service was installed in the system.

Service Name:  VMware Alias Manager and Ticket Service
Service File Name:  ""C:\Program Files\VMware\VMware Tools\VMware VGAuth\VGAuthService.exe""
Service Type:  user mode service
Service Start Type:  auto start
Service Account:  LocalSystem",,,,,,,,,,,,,,,,,,,,,,,"The operation completed successfully.",,,,,,,,,,,,,,,,,,,,,,,,,,,,,,,,,336,,,,,,,,,,,,LocalSystem,"""C:\Program Files\VMware\VMware Tools\VMware VGAuth\VGAuthService.exe""","VMware Alias Manager and Ticket Service","auto start","user mode service",,,"S-1-5-18",0,"Microsoft-Windows-Service Control Manager",,,,,,,,,,,None,,,,Information,"NOT_TRANSLATED",,,,,,,,"12/21/2024 01:21:24 AM
LogName=System
EventCode=7045
EventType=4
ComputerName=DESKTOP-57BANIQ
User=NOT_TRANSLATED
Sid=S-1-5-18
SidType=0
SourceName=Microsoft-Windows-Service Control Manager
Type=Information
RecordNumber=336
Keywords=Classic
TaskCategory=None
OpCode=The operation completed successfully.
Message=A service was installed in the system.

Service Name:  VMware Alias Manager and Ticket Service
Service File Name:  ""C:\Program Files\VMware\VMware Tools\VMware VGAuth\VGAuthService.exe""
Service Type:  user mode service
Service Start Type:  auto start
Service Account:  LocalSystem","2024-12-21T01:21:24.000+0200",1,21,21,december,24,saturday,2024,local,,"DESKTOP-57BANIQ",main,21,"//_::_====-==---==--__=====___.=______.\r\r_:_______","WinEventLog:System","WinEventLog:System","DESKTOP-57BANIQ",,23,0
,,,,,,,,,,,,,,,,,,,"DESKTOP-57BANIQ",,,,,,,1040,4,,,,,,,,,,,,,,,,,,,,,Classic,,,,Application,,,,,,,,"Beginning a Windows Installer transaction: C:\Program Files\Common Files\VMware\InstallerCache\{27B78D8E-F8B9-4AF5-BF9C-8DDD583EAB6B}.msi. Client Process Id: 7964.",,,,,,,,,,,,,,,,,,,,,,,Info,,,,,,,,,,,,,,,,,,,,,,,,,,,,,,,,,404,,,,,,,,,,,,,,,,,,,"S-1-5-21-443749481-124601364-2758766465-1001",0,MsiInstaller,,,,,,,,,,,None,,,,Information,"NOT_TRANSLATED",,,,,,,,"12/21/2024 01:21:19 AM
LogName=Application
EventCode=1040
EventType=4
ComputerName=DESKTOP-57BANIQ
User=NOT_TRANSLATED
Sid=S-1-5-21-443749481-124601364-2758766465-1001
SidType=0
SourceName=MsiInstaller
Type=Information
RecordNumber=404
Keywords=Classic
TaskCategory=None
OpCode=Info
Message=Beginning a Windows Installer transaction: C:\Program Files\Common Files\VMware\InstallerCache\{27B78D8E-F8B9-4AF5-BF9C-8DDD583EAB6B}.msi. Client Process Id: 7964.","2024-12-21T01:21:19.000+0200",1,21,21,december,19,saturday,2024,local,,"DESKTOP-57BANIQ",main,15,"//_::_====-==-------========____:_:\_\_\\\{----}..","WinEventLog:Application","WinEventLog:Application","DESKTOP-57BANIQ",,23,0
WORKGROUP,,"DESKTOP-57BANIQ$",,,,,,,,,,,,,,,,,"DESKTOP-57BANIQ",,,,,,,4799,0,,,,,Builtin,"Backup Operators",,,,,,,,,,,,,,,"Audit Success",,,,Security,,,0x3E7,,,,,"A security-enabled local group membership was enumerated.

Subject:
	Security ID:		S-1-5-18
	Account Name:		DESKTOP-57BANIQ$
	Account Domain:		WORKGROUP
	Logon ID:		0x3E7

Group:
	Security ID:		S-1-5-32-551
	Group Name:		Backup Operators
	Group Domain:		Builtin

Process Information:
	Process ID:		0x15b8
	Process Name:		C:\Windows\System32\svchost.exe",,,,,,,,,,,,,,,,,,,,,,,Info,,,,,,,,,,,,,,,,,,,,,,,,0x15b8,"C:\Windows\System32\svchost.exe",,,,,,,,894,,,,,,,,,,,"S-1-5-18
S-1-5-32-551",,,,,,,,,,"Microsoft Windows security auditing.",,,,,,,,,,,"Security Group Management",,,,Information,,,,,,,,,"12/21/2024 01:21:03 AM
LogName=Security
EventCode=4799
EventType=0
ComputerName=DESKTOP-57BANIQ
SourceName=Microsoft Windows security auditing.
Type=Information
RecordNumber=894
Keywords=Audit Success
TaskCategory=Security Group Management
OpCode=Info
Message=A security-enabled local group membership was enumerated.

Subject:
	Security ID:		S-1-5-18
	Account Name:		DESKTOP-57BANIQ$
	Account Domain:		WORKGROUP
	Logon ID:		0x3E7

Group:
	Security ID:		S-1-5-32-551
	Group Name:		Backup Operators
	Group Domain:		Builtin

Process Information:
	Process ID:		0x15b8
	Process Name:		C:\Windows\System32\svchost.exe","2024-12-21T01:21:03.000+0200",1,21,21,december,3,saturday,2024,local,,"DESKTOP-57BANIQ",main,27,"//_::_====-=___.===_=__==_-_____.\r\r:\rt_:tt---\rt_:t","WinEventLog:Security","WinEventLog:Security","DESKTOP-57BANIQ",,23,0
WORKGROUP,,"DESKTOP-57BANIQ$",,,,,,,,,,,,,,,,,"DESKTOP-57BANIQ",,,,,,,4799,0,,,,,Builtin,Administrators,,,,,,,,,,,,,,,"Audit Success",,,,Security,,,0x3E7,,,,,"A security-enabled local group membership was enumerated.

Subject:
	Security ID:		S-1-5-18
	Account Name:		DESKTOP-57BANIQ$
	Account Domain:		WORKGROUP
	Logon ID:		0x3E7

Group:
	Security ID:		S-1-5-32-544
	Group Name:		Administrators
	Group Domain:		Builtin

Process Information:
	Process ID:		0x15b8
	Process Name:		C:\Windows\System32\svchost.exe",,,,,,,,,,,,,,,,,,,,,,,Info,,,,,,,,,,,,,,,,,,,,,,,,0x15b8,"C:\Windows\System32\svchost.exe",,,,,,,,893,,,,,,,,,,,"S-1-5-18
S-1-5-32-544",,,,,,,,,,"Microsoft Windows security auditing.",,,,,,,,,,,"Security Group Management",,,,Information,,,,,,,,,"12/21/2024 01:21:03 AM
