LogName=Application
EventCode=6000
EventType=4
ComputerName=DESKTOP-57BANIQ
SourceName=Microsoft-Windows-Winlogon
Type=Information
RecordNumber=415
Keywords=Classic
TaskCategory=None
OpCode=None
Message=The winlogon notification subscriber <WSearch> was unavailable to handle a notification event.","2024-12-21T01:21:46.000+0200",1,21,21,december,46,saturday,2024,local,,"DESKTOP-57BANIQ",main,12,"//_::_====-=--======____<>_______.","WinEventLog:Application","WinEventLog:Application","DESKTOP-57BANIQ",,23,0
,,,,,,,,,,,,,,,,,,,"DESKTOP-57BANIQ",,,,,,,7002,4,,,,,,,,,,,,,,,,,,,,,None,,,,System,,,,,,,,"User Logoff Notification for Customer Experience Improvement Program",,,,,,,,,,,,,,,,,,,,,,,Info,,,,,,,,,,,,,,,,,,,,,,,,,,,,,,,,,361,,,,,,,,,,,,,,,,,,,"S-1-5-18",0,"Microsoft-Windows-Winlogon",,,,,,,,,,,1102,,,,Information,"NOT_TRANSLATED",,,,,,,,"12/21/2024 01:21:46 AM
LogName=System
EventCode=7002
EventType=4
ComputerName=DESKTOP-57BANIQ
User=NOT_TRANSLATED
Sid=S-1-5-18
SidType=0
SourceName=Microsoft-Windows-Winlogon
Type=Information
RecordNumber=361
Keywords=None
TaskCategory=1102
OpCode=Info
Message=User Logoff Notification for Customer Experience Improvement Program","2024-12-21T01:21:46.000+0200",1,21,21,december,46,saturday,2024,local,,"DESKTOP-57BANIQ",main,15,"//_::_====-==---==--======_______","WinEventLog:System","WinEventLog:System","DESKTOP-57BANIQ",,23,0
,,,,,,,,,,,,,,,,,,,"DESKTOP-57BANIQ",,,,,,,10010,2,,,,,,,,,,,,,,,,,,,,,Classic,,,,System,,,,,,,,"The server {AB8902B4-09CA-4BB6-B78D-A8F59079A8D5} did not register with DCOM within the required timeout.",,,,,,,,,,,,,,,,,,,,,,,Info,,,,,,,,,,,,,,,,,,,,,,,,,,,,,,,,,360,,,,,,,,,,,,,,,,,,,"S-1-5-21-443749481-124601364-2758766465-1001",0,"Microsoft-Windows-DistributedCOM",,,,,,,,,,,None,,,,Error,"NOT_TRANSLATED",,,,,,,,"12/21/2024 01:21:44 AM
LogName=System
EventCode=10010
EventType=2
ComputerName=DESKTOP-57BANIQ
User=NOT_TRANSLATED
Sid=S-1-5-21-443749481-124601364-2758766465-1001
SidType=0
SourceName=Microsoft-Windows-DistributedCOM
Type=Error
RecordNumber=360
Keywords=Classic
TaskCategory=None
OpCode=Info
Message=The server {AB8902B4-09CA-4BB6-B78D-A8F59079A8D5} did not register with DCOM within the required timeout.","2024-12-21T01:21:44.000+0200",1,21,21,december,44,saturday,2024,local,,"DESKTOP-57BANIQ",main,15,"//_::_====-==-------==--======__{----}_________.","WinEventLog:System","WinEventLog:System","DESKTOP-57BANIQ",,23,0
,,,,,,,,,,,,,,,,,,,"DESKTOP-57BANIQ",,,,,,,10010,2,,,,,,,,,,,,,,,,,,,,,Classic,,,,System,,,,,,,,"The server {AB8902B4-09CA-4BB6-B78D-A8F59079A8D5} did not register with DCOM within the required timeout.",,,,,,,,,,,,,,,,,,,,,,,Info,,,,,,,,,,,,,,,,,,,,,,,,,,,,,,,,,359,,,,,,,,,,,,,,,,,,,"S-1-5-21-443749481-124601364-2758766465-1001",0,"Microsoft-Windows-DistributedCOM",,,,,,,,,,,None,,,,Error,"NOT_TRANSLATED",,,,,,,,"12/21/2024 01:21:44 AM
LogName=System
EventCode=10010
EventType=2
ComputerName=DESKTOP-57BANIQ
User=NOT_TRANSLATED
Sid=S-1-5-21-443749481-124601364-2758766465-1001
SidType=0
SourceName=Microsoft-Windows-DistributedCOM
Type=Error
RecordNumber=359
Keywords=Classic
TaskCategory=None
OpCode=Info
Message=The server {AB8902B4-09CA-4BB6-B78D-A8F59079A8D5} did not register with DCOM within the required timeout.","2024-12-21T01:21:44.000+0200",1,21,21,december,44,saturday,2024,local,,"DESKTOP-57BANIQ",main,15,"//_::_====-==-------==--======__{----}_________.","WinEventLog:System","WinEventLog:System","DESKTOP-57BANIQ",,23,0
,,,,,,,,,,,,,,,,,,,"DESKTOP-57BANIQ",,,,,,,1005,4,,,,,,,,,,,,,,,,,,,,,Classic,,,,Application,,,,,,,,"The Windows Installer initiated a system restart to complete or continue the configuration of 'VMware Tools'.",,,,,,,,,,,,,,,,,,,,,,,Info,,,,,,,,,,,,,,,,,,,,,,,,,,,,,,,,,414,,,,,,,,,,,,,,,,,,,"S-1-5-21-443749481-124601364-2758766465-1001",0,MsiInstaller,,,,,,,,,,,None,,,,Information,"NOT_TRANSLATED",,,,,,,,"12/21/2024 01:21:43 AM
LogName=Application
EventCode=1005
EventType=4
ComputerName=DESKTOP-57BANIQ
User=NOT_TRANSLATED
Sid=S-1-5-21-443749481-124601364-2758766465-1001
SidType=0
SourceName=MsiInstaller
Type=Information
RecordNumber=414
Keywords=Classic
TaskCategory=None
OpCode=Info
Message=The Windows Installer initiated a system restart to complete or continue the configuration of 'VMware Tools'.","2024-12-21T01:21:43.000+0200",1,21,21,december,43,saturday,2024,local,,"DESKTOP-57BANIQ",main,15,"//_::_====-==-------========______________'_'.","WinEventLog:Application","WinEventLog:Application","DESKTOP-57BANIQ",,23,0
,,,,,,,,,,,,,,,,,,,"DESKTOP-57BANIQ",,,,,,,1038,4,,,,,,,,,,,,,,,,,,,,,Classic,,,,Application,,,,,,,,"Windows Installer requires a system restart. Product Name: VMware Tools. Product Version: 12.3.5.22544099. Product Language: 1033. Manufacturer: VMware, Inc.. Type of System Restart: 1. Reason for Restart: 0.",,,,,,,,,,,,,,,,,,,,,,,Info,,,,,,,,,,,,,,,,,,,,,,,,,,,,,,,,,413,,,,,,,,,,,,,,,,,,,"S-1-5-21-443749481-124601364-2758766465-1001",0,MsiInstaller,,,,,,,,,,,None,,,,Information,"NOT_TRANSLATED",,,,,,,,"12/21/2024 01:21:43 AM
LogName=Application
EventCode=1038
EventType=4
ComputerName=DESKTOP-57BANIQ
User=NOT_TRANSLATED
Sid=S-1-5-21-443749481-124601364-2758766465-1001
SidType=0
SourceName=MsiInstaller
Type=Information
RecordNumber=413
Keywords=Classic
TaskCategory=None
OpCode=Info
Message=Windows Installer requires a system restart. Product Name: VMware Tools. Product Version: 12.3.5.22544099. Product Language: 1033. Manufacturer: VMware, Inc.. Type of System Restart: 1. Reason for Restart: 0.","2024-12-21T01:21:43.000+0200",1,21,21,december,43,saturday,2024,local,,"DESKTOP-57BANIQ",main,15,"//_::_====-==-------========_____.__:__.__:_....__","WinEventLog:Application","WinEventLog:Application","DESKTOP-57BANIQ",,23,0
,,,,,,,,,,,,,,,,,,,"DESKTOP-57BANIQ",,,,,,,1033,4,,,,,,,,,,,,,,,,,,,,,Classic,,,,Application,,,,,,,,"Windows Installer installed the product. Product Name: VMware Tools. Product Version: 12.3.5.22544099. Product Language: 1033. Manufacturer: VMware, Inc.. Installation success or error status: 0.",,,,,,,,,,,,,,,,,,,,,,,Info,,,,,,,,,,,,,,,,,,,,,,,,,,,,,,,,,412,,,,,,,,,,,,,,,,,,,"S-1-5-21-443749481-124601364-2758766465-1001",0,MsiInstaller,,,,,,,,,,,None,,,,Information,"NOT_TRANSLATED",,,,,,,,"12/21/2024 01:21:43 AM
LogName=Application
EventCode=1033
EventType=4
ComputerName=DESKTOP-57BANIQ
User=NOT_TRANSLATED
Sid=S-1-5-21-443749481-124601364-2758766465-1001
SidType=0
SourceName=MsiInstaller
Type=Information
RecordNumber=412
Keywords=Classic
TaskCategory=None
OpCode=Info
Message=Windows Installer installed the product. Product Name: VMware Tools. Product Version: 12.3.5.22544099. Product Language: 1033. Manufacturer: VMware, Inc.. Installation success or error status: 0.","2024-12-21T01:21:43.000+0200",1,21,21,december,43,saturday,2024,local,,"DESKTOP-57BANIQ",main,15,"//_::_====-==-------========____.__:__.__:_....__:","WinEventLog:Application","WinEventLog:Application","DESKTOP-57BANIQ",,23,0
,,,,,,,,,,,,,,,,,,,"DESKTOP-57BANIQ",,,,,,,11707,4,,,,,,,,,,,,,,,,,,,,,Classic,,,,Application,,,,,,,,"Product: VMware Tools -- Installation completed successfully.",,,,,,,,,,,,,,,,,,,,,,,Info,,,,,,,,,,,,,,,,,,,,,,,,,,,,,,,,,411,,,,,,,,,,,,,,,,,,,"S-1-5-21-443749481-124601364-2758766465-1001",0,MsiInstaller,,,,,,,,,,,None,,,,Information,"NOT_TRANSLATED",,,,,,,,"12/21/2024 01:21:43 AM
LogName=Application
EventCode=11707
EventType=4
ComputerName=DESKTOP-57BANIQ
User=NOT_TRANSLATED
Sid=S-1-5-21-443749481-124601364-2758766465-1001
SidType=0
SourceName=MsiInstaller
Type=Information
RecordNumber=411
Keywords=Classic
TaskCategory=None
OpCode=Info
Message=Product: VMware Tools -- Installation completed successfully.","2024-12-21T01:21:43.000+0200",1,21,21,december,43,saturday,2024,local,,"DESKTOP-57BANIQ",main,15,"//_::_====-==-------========:___--___.","WinEventLog:Application","WinEventLog:Application","DESKTOP-57BANIQ",,23,0
,,,,,,,,,,,,,,,,,,,"DESKTOP-57BANIQ",,,,,,,10016,3,,,,,,,,,,,,,,,,,,,,,Classic,,,,System,,,,,,,,"The machine-default permission settings do not grant Local Activation permission for the COM Server application with CLSID 
{C2F03A33-21F5-47FA-B4BB-156362A2F239}
 and APPID 
{316CDED5-E4AE-4B15-9113-7055D84DCC97}
 to the user DESKTOP-57BANIQ\yms_26 SID (S-1-5-21-443749481-124601364-2758766465-1001) from address LocalHost (Using LRPC) running in the application container Microsoft.Windows.ShellExperienceHost_10.0.19041.3636_neutral_neutral_cw5n1h2txyewy SID (S-1-15-2-155514346-2573954481-755741238-1654018636-1233331829-3075935687-2861478708). This security permission can be modified using the Component Services administrative tool.",,,,,,,,,,,,,,,,,,,,,,,Info,,,,,,,,,,,,,,,,,,,,,,,,,,,,,,,,,358,,,,,,,,,,,,,,,,,,,"S-1-5-21-443749481-124601364-2758766465-1001",0,"Microsoft-Windows-DistributedCOM",,,,,,,,,,,None,,,,Warning,"NOT_TRANSLATED",,,,,,,,"12/21/2024 01:21:43 AM
LogName=System
EventCode=10016
EventType=3
ComputerName=DESKTOP-57BANIQ
User=NOT_TRANSLATED
Sid=S-1-5-21-443749481-124601364-2758766465-1001
SidType=0
SourceName=Microsoft-Windows-DistributedCOM
Type=Warning
RecordNumber=358
Keywords=Classic
TaskCategory=None
OpCode=Info
Message=The machine-default permission settings do not grant Local Activation permission for the COM Server application with CLSID 
{C2F03A33-21F5-47FA-B4BB-156362A2F239}
 and APPID 
{316CDED5-E4AE-4B15-9113-7055D84DCC97}
 to the user DESKTOP-57BANIQ\yms_26 SID (S-1-5-21-443749481-124601364-2758766465-1001) from address LocalHost (Using LRPC) running in the application container Microsoft.Windows.ShellExperienceHost_10.0.19041.3636_neutral_neutral_cw5n1h2txyewy SID (S-1-15-2-155514346-2573954481-755741238-1654018636-1233331829-3075935687-2861478708). This security permission can be modified using the Component Services administrative tool.","2024-12-21T01:21:43.000+0200",1,21,21,december,43,saturday,2024,local,,"DESKTOP-57BANIQ",main,19,"//_::_====-==-------==--======_-________________\r{","WinEventLog:System","WinEventLog:System","DESKTOP-57BANIQ",,23,0
,,,,,,,,,,,,,,,,,,"The Windows Installer initiated a system restart to complete or continue the configuration of 'VMware Tools'.","DESKTOP-57BANIQ",,,,,,,1074,4,,,,,,,,,,,,,,,,,,,,,Classic,,,,System,,,,,,,,"The process msiexec.exe has initiated the restart of computer DESKTOP-57BANIQ on behalf of user NT AUTHORITY\SYSTEM for the following reason: No title for this reason could be found
 Reason Code: 0x80030002
 Shutdown Type: restart
 Comment: The Windows Installer initiated a system restart to complete or continue the configuration of 'VMware Tools'.",,,,,,,,,,,,,,,,,,,,,,,None,,,,,,,,,,,,,,,,,,,,,,,,,,,,,,,0x80030002,,357,,,,,,,,,,,,,,,,,,restart,"S-1-5-18",0,User32,,,,,,,,,,,None,,,,Information,"NOT_TRANSLATED",,,,,,,,"12/21/2024 01:21:43 AM
LogName=System
EventCode=1074
EventType=4
ComputerName=DESKTOP-57BANIQ
User=NOT_TRANSLATED
Sid=S-1-5-18
SidType=0
SourceName=User32
Type=Information
RecordNumber=357
Keywords=Classic
TaskCategory=None
OpCode=None
Message=The process msiexec.exe has initiated the restart of computer DESKTOP-57BANIQ on behalf of user NT AUTHORITY\SYSTEM for the following reason: No title for this reason could be found
 Reason Code: 0x80030002
 Shutdown Type: restart
 Comment: The Windows Installer initiated a system restart to complete or continue the configuration of 'VMware Tools'.","2024-12-21T01:21:43.000+0200",1,21,21,december,43,saturday,2024,local,,"DESKTOP-57BANIQ",main,18,"//_::_====-==---========__._______-______\____:___","WinEventLog:System","WinEventLog:System","DESKTOP-57BANIQ",,23,0
,,,,,,,,,,,,,,,,,,,"DESKTOP-57BANIQ",,,,,,,1042,4,,,,,,,,,,,,,,,,,,,,,Classic,,,,Application,,,,,,,,"Ending a Windows Installer transaction: C:\Program Files\Common Files\VMware\InstallerCache\{27B78D8E-F8B9-4AF5-BF9C-8DDD583EAB6B}.msi. Client Process Id: 7964.",,,,,,,,,,,,,,,,,,,,,,,Info,,,,,,,,,,,,,,,,,,,,,,,,,,,,,,,,,410,,,,,,,,,,,,,,,,,,,"S-1-5-18",0,MsiInstaller,,,,,,,,,,,None,,,,Information,"NOT_TRANSLATED",,,,,,,,"12/21/2024 01:21:39 AM
LogName=Application
EventCode=1042
EventType=4
ComputerName=DESKTOP-57BANIQ
User=NOT_TRANSLATED
Sid=S-1-5-18
SidType=0
SourceName=MsiInstaller
Type=Information
RecordNumber=410
Keywords=Classic
TaskCategory=None
OpCode=Info
Message=Ending a Windows Installer transaction: C:\Program Files\Common Files\VMware\InstallerCache\{27B78D8E-F8B9-4AF5-BF9C-8DDD583EAB6B}.msi. Client Process Id: 7964.","2024-12-21T01:21:39.000+0200",1,21,21,december,39,saturday,2024,local,,"DESKTOP-57BANIQ",main,15,"//_::_====-==---========____:_:\_\_\\\{----}..___:","WinEventLog:Application","WinEventLog:Application","DESKTOP-57BANIQ",,23,0
,,,,,,,,,,,,,,,,,,,"DESKTOP-57BANIQ",,,,,,,1038,4,,,,,,,,,,,,,,,,,,,,,Classic,,,,Application,,,,,,,,"Windows Installer requires a system restart. Product Name: VMware Tools. Product Version: 12.3.5.22544099. Product Language: 1033. Manufacturer: VMware, Inc.. Type of System Restart: 1. Reason for Restart: 2.",,,,,,,,,,,,,,,,,,,,,,,Info,,,,,,,,,,,,,,,,,,,,,,,,,,,,,,,,,409,,,,,,,,,,,,,,,,,,,"S-1-5-21-443749481-124601364-2758766465-1001",0,MsiInstaller,,,,,,,,,,,None,,,,Information,"NOT_TRANSLATED",,,,,,,,"12/21/2024 01:21:39 AM
LogName=Application
EventCode=1038
EventType=4
ComputerName=DESKTOP-57BANIQ
User=NOT_TRANSLATED
Sid=S-1-5-21-443749481-124601364-2758766465-1001
SidType=0
SourceName=MsiInstaller
Type=Information
RecordNumber=409
Keywords=Classic
TaskCategory=None
OpCode=Info
Message=Windows Installer requires a system restart. Product Name: VMware Tools. Product Version: 12.3.5.22544099. Product Language: 1033. Manufacturer: VMware, Inc.. Type of System Restart: 1. Reason for Restart: 2.","2024-12-21T01:21:39.000+0200",1,21,21,december,39,saturday,2024,local,,"DESKTOP-57BANIQ",main,15,"//_::_====-==-------========_____.__:__.__:_....__","WinEventLog:Application","WinEventLog:Application","DESKTOP-57BANIQ",,23,0
"NT AUTHORITY",,SYSTEM,,,,,,,,,UsersInRole,,,,,,,,"DESKTOP-57BANIQ",,,,,,,5890,0,,,,,,,,,,,,,,,,,,,,,"Audit Success",,,,Security,,,0x3E7,,,,,"An object was added to the COM+ Catalog.

Subject:
	Security ID:		S-1-5-18
	Account Name:		SYSTEM
	Account Domain:		NT AUTHORITY
	Logon ID:		0x3E7

Object:
	COM+ Catalog Collection:	UsersInRole
	Object Name:			
		ApplId = {6226E9DA-7915-4EDC-8BFD-FA1F28438421}
		Name = Administrators
		User = SYSTEM
	Object Details:			
		<null>",,,,,,,,,,,,,,,,,,,,,,,Info,,,,,,,,,,,,,,,,,,,,,,,,,,,,,,,,,914,,,,,,,,,,,"S-1-5-18",,,,,,,,,,"Microsoft Windows security auditing.",,,,,,,,,,,"System Integrity",,,,Information,,,,,,,,,"12/21/2024 01:21:37 AM
LogName=Security
EventCode=5890
EventType=0
ComputerName=DESKTOP-57BANIQ
SourceName=Microsoft Windows security auditing.
Type=Information
RecordNumber=914
Keywords=Audit Success
TaskCategory=System Integrity
OpCode=Info
Message=An object was added to the COM+ Catalog.

Subject:
	Security ID:		S-1-5-18
	Account Name:		SYSTEM
	Account Domain:		NT AUTHORITY
	Logon ID:		0x3E7

Object:
	COM+ Catalog Collection:	UsersInRole
	Object Name:			
		ApplId = {6226E9DA-7915-4EDC-8BFD-FA1F28438421}
		Name = Administrators
		User = SYSTEM
	Object Details:			
		<null>","2024-12-21T01:21:37.000+0200",1,21,21,december,37,saturday,2024,local,,"DESKTOP-57BANIQ",main,27,"//_::_====-=___.===_=_==______+_.\r\r:\rt_:tt---\rt_:t","WinEventLog:Security","WinEventLog:Security","DESKTOP-57BANIQ",,23,0
"NT AUTHORITY",,SYSTEM,,,,,,,,,UsersInRole,,,,,,,,"DESKTOP-57BANIQ",,,,,,,5890,0,,,,,,,,,,,,,,,,,,,,,"Audit Success",,,,Security,,,0x3E7,,,,,"An object was added to the COM+ Catalog.

Subject:
	Security ID:		S-1-5-18
	Account Name:		SYSTEM
	Account Domain:		NT AUTHORITY
	Logon ID:		0x3E7

Object:
	COM+ Catalog Collection:	UsersInRole
	Object Name:			
		ApplId = {6226E9DA-7915-4EDC-8BFD-FA1F28438421}
		Name = Administrators
		User = .\Administrators
	Object Details:			
		<null>",,,,,,,,,,,,,,,,,,,,,,,Info,,,,,,,,,,,,,,,,,,,,,,,,,,,,,,,,,913,,,,,,,,,,,"S-1-5-18",,,,,,,,,,"Microsoft Windows security auditing.",,,,,,,,,,,"System Integrity",,,,Information,,,,,,,,,"12/21/2024 01:21:37 AM
LogName=Security
EventCode=5890
EventType=0
ComputerName=DESKTOP-57BANIQ
SourceName=Microsoft Windows security auditing.
Type=Information
RecordNumber=913
Keywords=Audit Success
TaskCategory=System Integrity
OpCode=Info
Message=An object was added to the COM+ Catalog.

Subject:
	Security ID:		S-1-5-18
	Account Name:		SYSTEM
	Account Domain:		NT AUTHORITY
	Logon ID:		0x3E7

Object:
	COM+ Catalog Collection:	UsersInRole
	Object Name:			
		ApplId = {6226E9DA-7915-4EDC-8BFD-FA1F28438421}
		Name = Administrators
		User = .\Administrators
	Object Details:			
		<null>","2024-12-21T01:21:37.000+0200",1,21,21,december,37,saturday,2024,local,,"DESKTOP-57BANIQ",main,27,"//_::_====-=___.===_=_==______+_.\r\r:\rt_:tt---\rt_:t","WinEventLog:Security","WinEventLog:Security","DESKTOP-57BANIQ",,23,0
"WORKGROUP
DESKTOP-57BANIQ",,"DESKTOP-57BANIQ$
yms_26",,,,,,,,,,,,,,,,,"DESKTOP-57BANIQ",,,,,,,4798,0,,,,,,,,,,,,,,,,,,,,,"Audit Success",,,,Security,,,0x3E7,,,,,"A user's local group membership was enumerated.

Subject:
	Security ID:		S-1-5-18
	Account Name:		DESKTOP-57BANIQ$
	Account Domain:		WORKGROUP
	Logon ID:		0x3E7

User:
	Security ID:		S-1-5-21-443749481-124601364-2758766465-1001
	Account Name:		yms_26
	Account Domain:		DESKTOP-57BANIQ

Process Information:
	Process ID:		0x1580
	Process Name:		C:\Windows\System32\wbem\WmiPrvSE.exe",,,,,,,,,,,,,,,,,,,,,,,Info,,,,,,,,,,,,,,,,,,,,,,,,0x1580,"C:\Windows\System32\wbem\WmiPrvSE.exe",,,,,,,,912,,,,,,,,,,,"S-1-5-18
S-1-5-21-443749481-124601364-2758766465-1001",,,,,,,,,,"Microsoft Windows security auditing.",,,,,,,,,,,"User Account Management",,,,Information,,,,,,,,,"12/21/2024 01:21:37 AM
LogName=Security
EventCode=4798
EventType=0
ComputerName=DESKTOP-57BANIQ
SourceName=Microsoft Windows security auditing.
Type=Information
RecordNumber=912
Keywords=Audit Success
TaskCategory=User Account Management
OpCode=Info
Message=A user's local group membership was enumerated.

Subject:
	Security ID:		S-1-5-18
	Account Name:		DESKTOP-57BANIQ$
	Account Domain:		WORKGROUP
	Logon ID:		0x3E7

User:
	Security ID:		S-1-5-21-443749481-124601364-2758766465-1001
	Account Name:		yms_26
	Account Domain:		DESKTOP-57BANIQ

Process Information:
	Process ID:		0x1580
	Process Name:		C:\Windows\System32\wbem\WmiPrvSE.exe","2024-12-21T01:21:37.000+0200",1,21,21,december,37,saturday,2024,local,,"DESKTOP-57BANIQ",main,27,"//_::_====-=___.===_=__==_'_____.\r\r:\rt_:tt---\rt_:t","WinEventLog:Security","WinEventLog:Security","DESKTOP-57BANIQ",,23,0
"WORKGROUP
DESKTOP-57BANIQ",,"DESKTOP-57BANIQ$
WDAGUtilityAccount",,,,,,,,,,,,,,,,,"DESKTOP-57BANIQ",,,,,,,4798,0,,,,,,,,,,,,,,,,,,,,,"Audit Success",,,,Security,,,0x3E7,,,,,"A user's local group membership was enumerated.

Subject:
	Security ID:		S-1-5-18
	Account Name:		DESKTOP-57BANIQ$
	Account Domain:		WORKGROUP
	Logon ID:		0x3E7

User:
	Security ID:		S-1-5-21-443749481-124601364-2758766465-504
	Account Name:		WDAGUtilityAccount
	Account Domain:		DESKTOP-57BANIQ

Process Information:
	Process ID:		0x1580
	Process Name:		C:\Windows\System32\wbem\WmiPrvSE.exe",,,,,,,,,,,,,,,,,,,,,,,Info,,,,,,,,,,,,,,,,,,,,,,,,0x1580,"C:\Windows\System32\wbem\WmiPrvSE.exe",,,,,,,,911,,,,,,,,,,,"S-1-5-18
S-1-5-21-443749481-124601364-2758766465-504",,,,,,,,,,"Microsoft Windows security auditing.",,,,,,,,,,,"User Account Management",,,,Information,,,,,,,,,"12/21/2024 01:21:37 AM
LogName=Security
EventCode=4798
EventType=0
ComputerName=DESKTOP-57BANIQ
SourceName=Microsoft Windows security auditing.
Type=Information
RecordNumber=911
Keywords=Audit Success
TaskCategory=User Account Management
OpCode=Info
Message=A user's local group membership was enumerated.

Subject:
	Security ID:		S-1-5-18
	Account Name:		DESKTOP-57BANIQ$
	Account Domain:		WORKGROUP
	Logon ID:		0x3E7

User:
	Security ID:		S-1-5-21-443749481-124601364-2758766465-504
	Account Name:		WDAGUtilityAccount
	Account Domain:		DESKTOP-57BANIQ

Process Information:
	Process ID:		0x1580
	Process Name:		C:\Windows\System32\wbem\WmiPrvSE.exe","2024-12-21T01:21:37.000+0200",1,21,21,december,37,saturday,2024,local,,"DESKTOP-57BANIQ",main,27,"//_::_====-=___.===_=__==_'_____.\r\r:\rt_:tt---\rt_:t","WinEventLog:Security","WinEventLog:Security","DESKTOP-57BANIQ",,23,0
"WORKGROUP
DESKTOP-57BANIQ",,"DESKTOP-57BANIQ$
Guest",,,,,,,,,,,,,,,,,"DESKTOP-57BANIQ",,,,,,,4798,0,,,,,,,,,,,,,,,,,,,,,"Audit Success",,,,Security,,,0x3E7,,,,,"A user's local group membership was enumerated.

Subject:
	Security ID:		S-1-5-18
	Account Name:		DESKTOP-57BANIQ$
	Account Domain:		WORKGROUP
	Logon ID:		0x3E7

User:
	Security ID:		S-1-5-21-443749481-124601364-2758766465-501
	Account Name:		Guest
	Account Domain:		DESKTOP-57BANIQ

Process Information:
	Process ID:		0x1580
	Process Name:		C:\Windows\System32\wbem\WmiPrvSE.exe",,,,,,,,,,,,,,,,,,,,,,,Info,,,,,,,,,,,,,,,,,,,,,,,,0x1580,"C:\Windows\System32\wbem\WmiPrvSE.exe",,,,,,,,910,,,,,,,,,,,"S-1-5-18
S-1-5-21-443749481-124601364-2758766465-501",,,,,,,,,,"Microsoft Windows security auditing.",,,,,,,,,,,"User Account Management",,,,Information,,,,,,,,,"12/21/2024 01:21:37 AM
LogName=Security
EventCode=4798
EventType=0
ComputerName=DESKTOP-57BANIQ
SourceName=Microsoft Windows security auditing.
Type=Information
RecordNumber=910
Keywords=Audit Success
TaskCategory=User Account Management
OpCode=Info
Message=A user's local group membership was enumerated.

Subject:
	Security ID:		S-1-5-18
	Account Name:		DESKTOP-57BANIQ$
	Account Domain:		WORKGROUP
	Logon ID:		0x3E7

User:
	Security ID:		S-1-5-21-443749481-124601364-2758766465-501
	Account Name:		Guest
	Account Domain:		DESKTOP-57BANIQ

Process Information:
	Process ID:		0x1580
	Process Name:		C:\Windows\System32\wbem\WmiPrvSE.exe","2024-12-21T01:21:37.000+0200",1,21,21,december,37,saturday,2024,local,,"DESKTOP-57BANIQ",main,27,"//_::_====-=___.===_=__==_'_____.\r\r:\rt_:tt---\rt_:t","WinEventLog:Security","WinEventLog:Security","DESKTOP-57BANIQ",,23,0
"WORKGROUP
DESKTOP-57BANIQ",,"DESKTOP-57BANIQ$
DefaultAccount",,,,,,,,,,,,,,,,,"DESKTOP-57BANIQ",,,,,,,4798,0,,,,,,,,,,,,,,,,,,,,,"Audit Success",,,,Security,,,0x3E7,,,,,"A user's local group membership was enumerated.

Subject:
	Security ID:		S-1-5-18
	Account Name:		DESKTOP-57BANIQ$
	Account Domain:		WORKGROUP
	Logon ID:		0x3E7

User:
	Security ID:		S-1-5-21-443749481-124601364-2758766465-503
	Account Name:		DefaultAccount
	Account Domain:		DESKTOP-57BANIQ

Process Information:
	Process ID:		0x1580
	Process Name:		C:\Windows\System32\wbem\WmiPrvSE.exe",,,,,,,,,,,,,,,,,,,,,,,Info,,,,,,,,,,,,,,,,,,,,,,,,0x1580,"C:\Windows\System32\wbem\WmiPrvSE.exe",,,,,,,,909,,,,,,,,,,,"S-1-5-18
S-1-5-21-443749481-124601364-2758766465-503",,,,,,,,,,"Microsoft Windows security auditing.",,,,,,,,,,,"User Account Management",,,,Information,,,,,,,,,"12/21/2024 01:21:37 AM
LogName=Security
EventCode=4798
EventType=0
ComputerName=DESKTOP-57BANIQ
SourceName=Microsoft Windows security auditing.
Type=Information
RecordNumber=909
Keywords=Audit Success
TaskCategory=User Account Management
OpCode=Info
Message=A user's local group membership was enumerated.

Subject:
	Security ID:		S-1-5-18
	Account Name:		DESKTOP-57BANIQ$
	Account Domain:		WORKGROUP
	Logon ID:		0x3E7

User:
	Security ID:		S-1-5-21-443749481-124601364-2758766465-503
	Account Name:		DefaultAccount
	Account Domain:		DESKTOP-57BANIQ

Process Information:
	Process ID:		0x1580
	Process Name:		C:\Windows\System32\wbem\WmiPrvSE.exe","2024-12-21T01:21:37.000+0200",1,21,21,december,37,saturday,2024,local,,"DESKTOP-57BANIQ",main,27,"//_::_====-=___.===_=__==_'_____.\r\r:\rt_:tt---\rt_:t","WinEventLog:Security","WinEventLog:Security","DESKTOP-57BANIQ",,23,0
"WORKGROUP
DESKTOP-57BANIQ",,"DESKTOP-57BANIQ$
Administrator",,,,,,,,,,,,,,,,,"DESKTOP-57BANIQ",,,,,,,4798,0,,,,,,,,,,,,,,,,,,,,,"Audit Success",,,,Security,,,0x3E7,,,,,"A user's local group membership was enumerated.

Subject:
	Security ID:		S-1-5-18
	Account Name:		DESKTOP-57BANIQ$
	Account Domain:		WORKGROUP
	Logon ID:		0x3E7

User:
	Security ID:		S-1-5-21-443749481-124601364-2758766465-500
	Account Name:		Administrator
	Account Domain:		DESKTOP-57BANIQ

Process Information:
	Process ID:		0x1580
	Process Name:		C:\Windows\System32\wbem\WmiPrvSE.exe",,,,,,,,,,,,,,,,,,,,,,,Info,,,,,,,,,,,,,,,,,,,,,,,,0x1580,"C:\Windows\System32\wbem\WmiPrvSE.exe",,,,,,,,908,,,,,,,,,,,"S-1-5-18
S-1-5-21-443749481-124601364-2758766465-500",,,,,,,,,,"Microsoft Windows security auditing.",,,,,,,,,,,"User Account Management",,,,Information,,,,,,,,,"12/21/2024 01:21:37 AM
LogName=Security
EventCode=4798
EventType=0
ComputerName=DESKTOP-57BANIQ
SourceName=Microsoft Windows security auditing.
Type=Information
RecordNumber=908
Keywords=Audit Success
TaskCategory=User Account Management
OpCode=Info
Message=A user's local group membership was enumerated.

Subject:
	Security ID:		S-1-5-18
	Account Name:		DESKTOP-57BANIQ$
	Account Domain:		WORKGROUP
	Logon ID:		0x3E7

User:
	Security ID:		S-1-5-21-443749481-124601364-2758766465-500
	Account Name:		Administrator
	Account Domain:		DESKTOP-57BANIQ

Process Information:
	Process ID:		0x1580
	Process Name:		C:\Windows\System32\wbem\WmiPrvSE.exe","2024-12-21T01:21:37.000+0200",1,21,21,december,37,saturday,2024,local,,"DESKTOP-57BANIQ",main,27,"//_::_====-=___.===_=__==_'_____.\r\r:\rt_:tt---\rt_:t","WinEventLog:Security","WinEventLog:Security","DESKTOP-57BANIQ",,23,0
"WORKGROUP
DESKTOP-57BANIQ",,"DESKTOP-57BANIQ$
yms_26",,,,,,,,,,,,,,,,,"DESKTOP-57BANIQ",,,,,,,4798,0,,,,,,,,,,,,,,,,,,,,,"Audit Success",,,,Security,,,0x3E7,,,,,"A user's local group membership was enumerated.

Subject:
	Security ID:		S-1-5-18
	Account Name:		DESKTOP-57BANIQ$
	Account Domain:		WORKGROUP
	Logon ID:		0x3E7

User:
	Security ID:		S-1-5-21-443749481-124601364-2758766465-1001
	Account Name:		yms_26
	Account Domain:		DESKTOP-57BANIQ

Process Information:
	Process ID:		0x1580
	Process Name:		C:\Windows\System32\wbem\WmiPrvSE.exe",,,,,,,,,,,,,,,,,,,,,,,Info,,,,,,,,,,,,,,,,,,,,,,,,0x1580,"C:\Windows\System32\wbem\WmiPrvSE.exe",,,,,,,,907,,,,,,,,,,,"S-1-5-18
S-1-5-21-443749481-124601364-2758766465-1001",,,,,,,,,,"Microsoft Windows security auditing.",,,,,,,,,,,"User Account Management",,,,Information,,,,,,,,,"12/21/2024 01:21:37 AM
LogName=Security
EventCode=4798
EventType=0
ComputerName=DESKTOP-57BANIQ
SourceName=Microsoft Windows security auditing.
Type=Information
RecordNumber=907
Keywords=Audit Success
TaskCategory=User Account Management
OpCode=Info
Message=A user's local group membership was enumerated.

Subject:
	Security ID:		S-1-5-18
	Account Name:		DESKTOP-57BANIQ$
	Account Domain:		WORKGROUP
	Logon ID:		0x3E7

User:
	Security ID:		S-1-5-21-443749481-124601364-2758766465-1001
	Account Name:		yms_26
	Account Domain:		DESKTOP-57BANIQ

Process Information:
	Process ID:		0x1580
	Process Name:		C:\Windows\System32\wbem\WmiPrvSE.exe","2024-12-21T01:21:37.000+0200",1,21,21,december,37,saturday,2024,local,,"DESKTOP-57BANIQ",main,27,"//_::_====-=___.===_=__==_'_____.\r\r:\rt_:tt---\rt_:t","WinEventLog:Security","WinEventLog:Security","DESKTOP-57BANIQ",,23,0
"WORKGROUP
DESKTOP-57BANIQ",,"DESKTOP-57BANIQ$
WDAGUtilityAccount",,,,,,,,,,,,,,,,,"DESKTOP-57BANIQ",,,,,,,4798,0,,,,,,,,,,,,,,,,,,,,,"Audit Success",,,,Security,,,0x3E7,,,,,"A user's local group membership was enumerated.

Subject:
	Security ID:		S-1-5-18
	Account Name:		DESKTOP-57BANIQ$
	Account Domain:		WORKGROUP
	Logon ID:		0x3E7

User:
	Security ID:		S-1-5-21-443749481-124601364-2758766465-504
	Account Name:		WDAGUtilityAccount
	Account Domain:		DESKTOP-57BANIQ

Process Information:
	Process ID:		0x1580
	Process Name:		C:\Windows\System32\wbem\WmiPrvSE.exe",,,,,,,,,,,,,,,,,,,,,,,Info,,,,,,,,,,,,,,,,,,,,,,,,0x1580,"C:\Windows\System32\wbem\WmiPrvSE.exe",,,,,,,,906,,,,,,,,,,,"S-1-5-18
S-1-5-21-443749481-124601364-2758766465-504",,,,,,,,,,"Microsoft Windows security auditing.",,,,,,,,,,,"User Account Management",,,,Information,,,,,,,,,"12/21/2024 01:21:37 AM
LogName=Security
EventCode=4798
EventType=0
ComputerName=DESKTOP-57BANIQ
SourceName=Microsoft Windows security auditing.
Type=Information
RecordNumber=906
Keywords=Audit Success
TaskCategory=User Account Management
OpCode=Info
Message=A user's local group membership was enumerated.

Subject:
	Security ID:		S-1-5-18
	Account Name:		DESKTOP-57BANIQ$
	Account Domain:		WORKGROUP
	Logon ID:		0x3E7

User:
	Security ID:		S-1-5-21-443749481-124601364-2758766465-504
	Account Name:		WDAGUtilityAccount
	Account Domain:		DESKTOP-57BANIQ

Process Information:
	Process ID:		0x1580
	Process Name:		C:\Windows\System32\wbem\WmiPrvSE.exe","2024-12-21T01:21:37.000+0200",1,21,21,december,37,saturday,2024,local,,"DESKTOP-57BANIQ",main,27,"//_::_====-=___.===_=__==_'_____.\r\r:\rt_:tt---\rt_:t","WinEventLog:Security","WinEventLog:Security","DESKTOP-57BANIQ",,23,0
"WORKGROUP
DESKTOP-57BANIQ",,"DESKTOP-57BANIQ$
Guest",,,,,,,,,,,,,,,,,"DESKTOP-57BANIQ",,,,,,,4798,0,,,,,,,,,,,,,,,,,,,,,"Audit Success",,,,Security,,,0x3E7,,,,,"A user's local group membership was enumerated.

Subject:
	Security ID:		S-1-5-18
	Account Name:		DESKTOP-57BANIQ$
	Account Domain:		WORKGROUP
	Logon ID:		0x3E7

User:
	Security ID:		S-1-5-21-443749481-124601364-2758766465-501
	Account Name:		Guest
	Account Domain:		DESKTOP-57BANIQ

Process Information:
	Process ID:		0x1580
	Process Name:		C:\Windows\System32\wbem\WmiPrvSE.exe",,,,,,,,,,,,,,,,,,,,,,,Info,,,,,,,,,,,,,,,,,,,,,,,,0x1580,"C:\Windows\System32\wbem\WmiPrvSE.exe",,,,,,,,905,,,,,,,,,,,"S-1-5-18
S-1-5-21-443749481-124601364-2758766465-501",,,,,,,,,,"Microsoft Windows security auditing.",,,,,,,,,,,"User Account Management",,,,Information,,,,,,,,,"12/21/2024 01:21:37 AM
LogName=Security
EventCode=4798
EventType=0
ComputerName=DESKTOP-57BANIQ
SourceName=Microsoft Windows security auditing.
Type=Information
RecordNumber=905
Keywords=Audit Success
TaskCategory=User Account Management
OpCode=Info
Message=A user's local group membership was enumerated.

Subject:
	Security ID:		S-1-5-18
	Account Name:		DESKTOP-57BANIQ$
	Account Domain:		WORKGROUP
	Logon ID:		0x3E7

User:
	Security ID:		S-1-5-21-443749481-124601364-2758766465-501
	Account Name:		Guest
	Account Domain:		DESKTOP-57BANIQ

Process Information:
	Process ID:		0x1580
	Process Name:		C:\Windows\System32\wbem\WmiPrvSE.exe","2024-12-21T01:21:37.000+0200",1,21,21,december,37,saturday,2024,local,,"DESKTOP-57BANIQ",main,27,"//_::_====-=___.===_=__==_'_____.\r\r:\rt_:tt---\rt_:t","WinEventLog:Security","WinEventLog:Security","DESKTOP-57BANIQ",,23,0
"WORKGROUP
DESKTOP-57BANIQ",,"DESKTOP-57BANIQ$
DefaultAccount",,,,,,,,,,,,,,,,,"DESKTOP-57BANIQ",,,,,,,4798,0,,,,,,,,,,,,,,,,,,,,,"Audit Success",,,,Security,,,0x3E7,,,,,"A user's local group membership was enumerated.

Subject:
	Security ID:		S-1-5-18
	Account Name:		DESKTOP-57BANIQ$
	Account Domain:		WORKGROUP
	Logon ID:		0x3E7

User:
	Security ID:		S-1-5-21-443749481-124601364-2758766465-503
	Account Name:		DefaultAccount
	Account Domain:		DESKTOP-57BANIQ

Process Information:
	Process ID:		0x1580
	Process Name:		C:\Windows\System32\wbem\WmiPrvSE.exe",,,,,,,,,,,,,,,,,,,,,,,Info,,,,,,,,,,,,,,,,,,,,,,,,0x1580,"C:\Windows\System32\wbem\WmiPrvSE.exe",,,,,,,,904,,,,,,,,,,,"S-1-5-18
S-1-5-21-443749481-124601364-2758766465-503",,,,,,,,,,"Microsoft Windows security auditing.",,,,,,,,,,,"User Account Management",,,,Information,,,,,,,,,"12/21/2024 01:21:37 AM
LogName=Security
EventCode=4798
EventType=0
ComputerName=DESKTOP-57BANIQ
SourceName=Microsoft Windows security auditing.
Type=Information
RecordNumber=904
Keywords=Audit Success
TaskCategory=User Account Management
OpCode=Info
Message=A user's local group membership was enumerated.

Subject:
	Security ID:		S-1-5-18
	Account Name:		DESKTOP-57BANIQ$
	Account Domain:		WORKGROUP
	Logon ID:		0x3E7

User:
	Security ID:		S-1-5-21-443749481-124601364-2758766465-503
	Account Name:		DefaultAccount
	Account Domain:		DESKTOP-57BANIQ

Process Information:
	Process ID:		0x1580
	Process Name:		C:\Windows\System32\wbem\WmiPrvSE.exe","2024-12-21T01:21:37.000+0200",1,21,21,december,37,saturday,2024,local,,"DESKTOP-57BANIQ",main,27,"//_::_====-=___.===_=__==_'_____.\r\r:\rt_:tt---\rt_:t","WinEventLog:Security","WinEventLog:Security","DESKTOP-57BANIQ",,23,0
"WORKGROUP
DESKTOP-57BANIQ",,"DESKTOP-57BANIQ$
Administrator",,,,,,,,,,,,,,,,,"DESKTOP-57BANIQ",,,,,,,4798,0,,,,,,,,,,,,,,,,,,,,,"Audit Success",,,,Security,,,0x3E7,,,,,"A user's local group membership was enumerated.

Subject:
	Security ID:		S-1-5-18
	Account Name:		DESKTOP-57BANIQ$
	Account Domain:		WORKGROUP
	Logon ID:		0x3E7

User:
	Security ID:		S-1-5-21-443749481-124601364-2758766465-500
	Account Name:		Administrator
	Account Domain:		DESKTOP-57BANIQ

Process Information:
	Process ID:		0x1580
	Process Name:		C:\Windows\System32\wbem\WmiPrvSE.exe",,,,,,,,,,,,,,,,,,,,,,,Info,,,,,,,,,,,,,,,,,,,,,,,,0x1580,"C:\Windows\System32\wbem\WmiPrvSE.exe",,,,,,,,903,,,,,,,,,,,"S-1-5-18
S-1-5-21-443749481-124601364-2758766465-500",,,,,,,,,,"Microsoft Windows security auditing.",,,,,,,,,,,"User Account Management",,,,Information,,,,,,,,,"12/21/2024 01:21:37 AM
LogName=Security
EventCode=4798
EventType=0
ComputerName=DESKTOP-57BANIQ
SourceName=Microsoft Windows security auditing.
Type=Information
RecordNumber=903
Keywords=Audit Success
TaskCategory=User Account Management
OpCode=Info
Message=A user's local group membership was enumerated.

Subject:
	Security ID:		S-1-5-18
	Account Name:		DESKTOP-57BANIQ$
	Account Domain:		WORKGROUP
	Logon ID:		0x3E7

User:
	Security ID:		S-1-5-21-443749481-124601364-2758766465-500
	Account Name:		Administrator
	Account Domain:		DESKTOP-57BANIQ

Process Information:
	Process ID:		0x1580
	Process Name:		C:\Windows\System32\wbem\WmiPrvSE.exe","2024-12-21T01:21:37.000+0200",1,21,21,december,37,saturday,2024,local,,"DESKTOP-57BANIQ",main,27,"//_::_====-=___.===_=__==_'_____.\r\r:\rt_:tt---\rt_:t","WinEventLog:Security","WinEventLog:Security","DESKTOP-57BANIQ",,23,0
"NT AUTHORITY",,SYSTEM,,,,,,,,,Roles,,,,,,,,"DESKTOP-57BANIQ",,,,,,,5890,0,,,,,,,,,,,,,,,,,,,,,"Audit Success",,,,Security,,,0x3E7,,,,,"An object was added to the COM+ Catalog.

Subject:
	Security ID:		S-1-5-18
	Account Name:		SYSTEM
	Account Domain:		NT AUTHORITY
	Logon ID:		0x3E7

Object:
	COM+ Catalog Collection:	Roles
	Object Name:			
		ApplId = {6226E9DA-7915-4EDC-8BFD-FA1F28438421}
		Name = Administrators
	Object Details:			
		Description = Administrators group",,,,,,,,,,,,,,,,,,,,,,,Info,,,,,,,,,,,,,,,,,,,,,,,,,,,,,,,,,902,,,,,,,,,,,"S-1-5-18",,,,,,,,,,"Microsoft Windows security auditing.",,,,,,,,,,,"System Integrity",,,,Information,,,,,,,,,"12/21/2024 01:21:37 AM
LogName=Security
EventCode=5890
EventType=0
ComputerName=DESKTOP-57BANIQ
SourceName=Microsoft Windows security auditing.
Type=Information
RecordNumber=902
Keywords=Audit Success
TaskCategory=System Integrity
OpCode=Info
Message=An object was added to the COM+ Catalog.

Subject:
	Security ID:		S-1-5-18
	Account Name:		SYSTEM
	Account Domain:		NT AUTHORITY
	Logon ID:		0x3E7

Object:
	COM+ Catalog Collection:	Roles
	Object Name:			
		ApplId = {6226E9DA-7915-4EDC-8BFD-FA1F28438421}
		Name = Administrators
	Object Details:			
		Description = Administrators group","2024-12-21T01:21:37.000+0200",1,21,21,december,37,saturday,2024,local,,"DESKTOP-57BANIQ",main,26,"//_::_====-=___.===_=_==______+_.\r\r:\rt_:tt---\rt_:t","WinEventLog:Security","WinEventLog:Security","DESKTOP-57BANIQ",,23,0
"NT AUTHORITY",,SYSTEM,,,,,,,,,Applications,,,,,,,,"DESKTOP-57BANIQ",,,,,,,5890,0,,,,,,,,,,,,,,,,,,,,,"Audit Success",,,,Security,,,0x3E7,,,,,"An object was added to the COM+ Catalog.

Subject:
	Security ID:		S-1-5-18
	Account Name:		SYSTEM
	Account Domain:		NT AUTHORITY
	Logon ID:		0x3E7

Object:
	COM+ Catalog Collection:	Applications
	Object Name:			
		ID = {6226E9DA-7915-4EDC-8BFD-FA1F28438421}
		AppPartitionID = {41E90F3E-56C1-4633-81C3-6E8BAC8BDD70}
	Object Details:			
		Name = VMware Snapshot Provider
		ApplicationProxyServerName = 
		ProcessType = 2
		CommandLine = 
		ServiceName = 
		RunAsUserType = 1
		Identity = Interactive User
		Description = VMware Snapshot Provider
		IsSystem = N
		Authentication = 6
		ShutdownAfter = 3
		RunForever = N
		Password = ********
		Activation = Local
		Changeable = Y
		Deleteable = Y
		CreatedBy = 
		AccessChecksLevel = 1
		ApplicationAccessChecksEnabled = 0
		cCOL_SecurityDescriptor = <Opaque>
		ImpersonationLevel = 2
		AuthenticationCapability = 2
		CRMEnabled = 0
		3GigSupportEnabled = 0
		QueuingEnabled = 0
		QueueListenerEnabled = N
		EventsEnabled = 1
		ProcessFlags = 0
		ThreadMax = 0
		ApplicationProxy = 0
		CRMLogFile = 
		DumpEnabled = 0
		DumpOnException = 0
		DumpOnFailfast = 0
		MaxDumpCount = 5
		DumpPath = %systemroot%\system32\com\dmp
		IsEnabled = 1
		ConcurrentApps = 1
		RecycleLifetimeLimit = 0
		RecycleCallLimit = 0
		RecycleActivationLimit = 0
		RecycleMemoryLimit = 0
		RecycleExpirationTimeout = 15
		QCListenerMaxThreads = 0
		QCAuthenticateMsgs = 0
		ApplicationDirectory = 
		SRPTrustLevel = 262144
		SRPEnabled = 0
		SoapActivated = 0
		SoapVRoot = 
		SoapMailTo = 
		SoapBaseUrl = 
		Replicable = 1",,,,,,,,,,,,,,,,,,,,,,,Info,,,,,,,,,,,,,,,,,,,,,,,,,,,,,,,,,901,,,,,,,,,,,"S-1-5-18",,,,,,,,,,"Microsoft Windows security auditing.",,,,,,,,,,,"System Integrity",,,,Information,,,,,,,,,"12/21/2024 01:21:36 AM
LogName=Security
EventCode=5890
EventType=0
ComputerName=DESKTOP-57BANIQ
SourceName=Microsoft Windows security auditing.
Type=Information
RecordNumber=901
Keywords=Audit Success
TaskCategory=System Integrity
OpCode=Info
Message=An object was added to the COM+ Catalog.

Subject:
	Security ID:		S-1-5-18
	Account Name:		SYSTEM
	Account Domain:		NT AUTHORITY
	Logon ID:		0x3E7

Object:
	COM+ Catalog Collection:	Applications
	Object Name:			
		ID = {6226E9DA-7915-4EDC-8BFD-FA1F28438421}
		AppPartitionID = {41E90F3E-56C1-4633-81C3-6E8BAC8BDD70}
	Object Details:			
		Name = VMware Snapshot Provider
		ApplicationProxyServerName = 
		ProcessType = 2
		CommandLine = 
		ServiceName = 
		RunAsUserType = 1
		Identity = Interactive User
		Description = VMware Snapshot Provider
		IsSystem = N
		Authentication = 6
		ShutdownAfter = 3
		RunForever = N
		Password = ********
		Activation = Local
		Changeable = Y
		Deleteable = Y
		CreatedBy = 
		AccessChecksLevel = 1
		ApplicationAccessChecksEnabled = 0
		cCOL_SecurityDescriptor = <Opaque>
		ImpersonationLevel = 2
		AuthenticationCapability = 2
		CRMEnabled = 0
		3GigSupportEnabled = 0
		QueuingEnabled = 0
		QueueListenerEnabled = N
		EventsEnabled = 1
		ProcessFlags = 0
		ThreadMax = 0
		ApplicationProxy = 0
		CRMLogFile = 
		DumpEnabled = 0
		DumpOnException = 0
		DumpOnFailfast = 0
		MaxDumpCount = 5
		DumpPath = %systemroot%\system32\com\dmp
		IsEnabled = 1
		ConcurrentApps = 1
		RecycleLifetimeLimit = 0
		RecycleCallLimit = 0
		RecycleActivationLimit = 0
		RecycleMemoryLimit = 0
		RecycleExpirationTimeout = 15
		QCListenerMaxThreads = 0
		QCAuthenticateMsgs = 0
		ApplicationDirectory = 
		SRPTrustLevel = 262144
		SRPEnabled = 0
		SoapActivated = 0
		SoapVRoot = 
		SoapMailTo = 
		SoapBaseUrl = 
		Replicable = 1","2024-12-21T01:21:36.000+0200",1,21,21,december,36,saturday,2024,local,,"DESKTOP-57BANIQ",main,78,"//_::_====-=___.===_=_==______+_.\r\r:\rt_:tt---\rt_:t","WinEventLog:Security","WinEventLog:Security","DESKTOP-57BANIQ",,23,0
,,,,,,,,,,,,,,,,,,,"DESKTOP-57BANIQ",,,,,,,7045,4,,,,,,,,,,,,,,,,,,,,,Classic,,,,System,,,,,,,,"A service was installed in the system.

Service Name:  VMware Snapshot Provider
Service File Name:  C:\Windows\system32\dllhost.exe /Processid:{6226E9DA-7915-4EDC-8BFD-FA1F28438421}
Service Type:  user mode service
Service Start Type:  demand start
Service Account:  NT AUTHORITY\LocalService",,,,,,,,,,,,,,,,,,,,,,,"The operation completed successfully.",,,,,,,,,,,,,,,,,,,,,,,,,,,,,,,,,356,,,,,,,,,,,,"NT AUTHORITY\LocalService","C:\Windows\system32\dllhost.exe /Processid:{6226E9DA-7915-4EDC-8BFD-FA1F28438421}","VMware Snapshot Provider","demand start","user mode service",,,"S-1-5-18",0,"Microsoft-Windows-Service Control Manager",,,,,,,,,,,None,,,,Information,"NOT_TRANSLATED",,,,,,,,"12/21/2024 01:21:36 AM
LogName=System
EventCode=7045
EventType=4
ComputerName=DESKTOP-57BANIQ
User=NOT_TRANSLATED
Sid=S-1-5-18
SidType=0
SourceName=Microsoft-Windows-Service Control Manager
Type=Information
RecordNumber=356
Keywords=Classic
TaskCategory=None
OpCode=The operation completed successfully.
Message=A service was installed in the system.

Service Name:  VMware Snapshot Provider
Service File Name:  C:\Windows\system32\dllhost.exe /Processid:{6226E9DA-7915-4EDC-8BFD-FA1F28438421}
Service Type:  user mode service
Service Start Type:  demand start
Service Account:  NT AUTHORITY\LocalService","2024-12-21T01:21:36.000+0200",1,21,21,december,36,saturday,2024,local,,"DESKTOP-57BANIQ",main,21,"//_::_====-==---==--__=====___.=______.\r\r_:____\r__","WinEventLog:System","WinEventLog:System","DESKTOP-57BANIQ",,23,0
"NT AUTHORITY",,SYSTEM,,,,,,,,,,,,,,,,,"DESKTOP-57BANIQ",,,,,,,4672,0,,,,,,,,,,,,,,,,,,,,,"Audit Success",,,,Security,,,0x3E7,,,,,"Special privileges assigned to new logon.

Subject:
	Security ID:		S-1-5-18
	Account Name:		SYSTEM
	Account Domain:		NT AUTHORITY
	Logon ID:		0x3E7

Privileges:		SeAssignPrimaryTokenPrivilege
			SeTcbPrivilege
			SeSecurityPrivilege
			SeTakeOwnershipPrivilege
			SeLoadDriverPrivilege
			SeBackupPrivilege
			SeRestorePrivilege
			SeDebugPrivilege
			SeAuditPrivilege
			SeSystemEnvironmentPrivilege
			SeImpersonatePrivilege
			SeDelegateSessionUserImpersonatePrivilege",,,,,,,,,,,,,,,,,,,,,,,Info,,,,,,,,,,,,,,,,,,,,SeAssignPrimaryTokenPrivilege,,,,,,,,,,,,,900,,,,,,,,,,,"S-1-5-18",,,,,,,,,,"Microsoft Windows security auditing.",,,,,,,,,,,"Special Logon",,,,Information,,,,,,,,,"12/21/2024 01:21:35 AM
LogName=Security
EventCode=4672
EventType=0
ComputerName=DESKTOP-57BANIQ
SourceName=Microsoft Windows security auditing.
Type=Information
RecordNumber=900
Keywords=Audit Success
TaskCategory=Special Logon
OpCode=Info
Message=Special privileges assigned to new logon.

Subject:
	Security ID:		S-1-5-18
	Account Name:		SYSTEM
	Account Domain:		NT AUTHORITY
	Logon ID:		0x3E7

Privileges:		SeAssignPrimaryTokenPrivilege
			SeTcbPrivilege
			SeSecurityPrivilege
			SeTakeOwnershipPrivilege
			SeLoadDriverPrivilege
			SeBackupPrivilege
			SeRestorePrivilege
			SeDebugPrivilege
			SeAuditPrivilege
			SeSystemEnvironmentPrivilege
			SeImpersonatePrivilege
			SeDelegateSessionUserImpersonatePrivilege","2024-12-21T01:21:35.000+0200",1,21,21,december,35,saturday,2024,local,,"DESKTOP-57BANIQ",main,31,"//_::_====-=___.===_=_==_____.\r\r:\rt_:tt---\rt_:tt\rt","WinEventLog:Security","WinEventLog:Security","DESKTOP-57BANIQ",,23,0
"WORKGROUP
NT AUTHORITY",,"DESKTOP-57BANIQ$
SYSTEM",,,,,,,,Negotiate,,,,,,,,,"DESKTOP-57BANIQ",,,,,,Yes,4624,0,,,,,,,,,,,,,,,Impersonation,,,0,,,"Audit Success",,0x0,,Security,"{00000000-0000-0000-0000-000000000000}",,"0x3E7
0x3E7",Advapi,5,,,"An account was successfully logged on.

Subject:
	Security ID:		S-1-5-18
	Account Name:		DESKTOP-57BANIQ$
	Account Domain:		WORKGROUP
	Logon ID:		0x3E7

Logon Information:
	Logon Type:		5
	Restricted Admin Mode:	-
	Virtual Account:		No
	Elevated Token:		Yes

Impersonation Level:		Impersonation

New Logon:
	Security ID:		S-1-5-18
	Account Name:		SYSTEM
	Account Domain:		NT AUTHORITY
	Logon ID:		0x3E7
	Linked Logon ID:		0x0
	Network Account Name:	-
	Network Account Domain:	-
	Logon GUID:		{00000000-0000-0000-0000-000000000000}

Process Information:
	Process ID:		0x294
	Process Name:		C:\Windows\System32\services.exe

Network Information:
	Workstation Name:	-
	Source Network Address:	-
	Source Port:		-

Detailed Authentication Information:
	Logon Process:		Advapi  
	Authentication Package:	Negotiate
	Transited Services:	-
	Package Name (NTLM only):	-
	Key Length:		0

This event is generated when a logon session is created. It is generated on the computer that was accessed.

The subject fields indicate the account on the local system which requested the logon. This is most commonly a service such as the Server service, or a local process such as Winlogon.exe or Services.exe.

The logon type field indicates the kind of logon that occurred. The most common types are 2 (interactive) and 3 (network).

The New Logon fields indicate the account for whom the new logon was created, i.e. the account that was logged on.

The network fields indicate where a remote logon request originated. Workstation name is not always available and may be left blank in some cases.

The impersonation level field indicates the extent to which a process in the logon session can impersonate.

The authentication information fields provide detailed information about this specific logon request.
	- Logon GUID is a unique identifier that can be used to correlate this event with a KDC event.
	- Transited services indicate which intermediate services have participated in this logon request.
	- Package name indicates which sub-protocol was used among the NTLM protocols.
	- Key length indicates the length of the generated session key. This will be 0 if no session key was requested.",,,,,,"-","-",,,,,,,,,,,,,,,,Info,,,,,,,,,,,,,"-",,,,,,,,,,,0x294,"C:\Windows\System32\services.exe",,,,,,,,899,,,,,"-",,,,,,"S-1-5-18
S-1-5-18",,,,,,,,,,"Microsoft Windows security auditing.","-","-",,,,,,,,,Logon,,,"-",Information,,,,,,,No,"-","12/21/2024 01:21:35 AM
LogName=Security
EventCode=4624
EventType=0
ComputerName=DESKTOP-57BANIQ
SourceName=Microsoft Windows security auditing.
Type=Information
RecordNumber=899
Keywords=Audit Success
TaskCategory=Logon
OpCode=Info
Message=An account was successfully logged on.

Subject:
	Security ID:		S-1-5-18
	Account Name:		DESKTOP-57BANIQ$
	Account Domain:		WORKGROUP
	Logon ID:		0x3E7

Logon Information:
	Logon Type:		5
	Restricted Admin Mode:	-
	Virtual Account:		No
	Elevated Token:		Yes

Impersonation Level:		Impersonation

New Logon:
	Security ID:		S-1-5-18
	Account Name:		SYSTEM
	Account Domain:		NT AUTHORITY
	Logon ID:		0x3E7
	Linked Logon ID:		0x0
	Network Account Name:	-
	Network Account Domain:	-
	Logon GUID:		{00000000-0000-0000-0000-000000000000}

Process Information:
	Process ID:		0x294
	Process Name:		C:\Windows\System32\services.exe

Network Information:
	Workstation Name:	-
	Source Network Address:	-
	Source Port:		-

Detailed Authentication Information:
	Logon Process:		Advapi  
	Authentication Package:	Negotiate
	Transited Services:	-
	Package Name (NTLM only):	-
	Key Length:		0

This event is generated when a logon session is created. It is generated on the computer that was accessed.

The subject fields indicate the account on the local system which requested the logon. This is most commonly a service such as the Server service, or a local process such as Winlogon.exe or Services.exe.

The logon type field indicates the kind of logon that occurred. The most common types are 2 (interactive) and 3 (network).

The New Logon fields indicate the account for whom the new logon was created, i.e. the account that was logged on.

The network fields indicate where a remote logon request originated. Workstation name is not always available and may be left blank in some cases.

The impersonation level field indicates the extent to which a process in the logon session can impersonate.

The authentication information fields provide detailed information about this specific logon request.
	- Logon GUID is a unique identifier that can be used to correlate this event with a KDC event.
	- Transited services indicate which intermediate services have participated in this logon request.
	- Package name indicates which sub-protocol was used among the NTLM protocols.
	- Key length indicates the length of the generated session key. This will be 0 if no session key was requested.","2024-12-21T01:21:35.000+0200",1,21,21,december,35,saturday,2024,local,,"DESKTOP-57BANIQ",main,70,"//_::_====-=___.===_===_____.\r\r:\rt_:tt---\rt_:tt-$\r","WinEventLog:Security","WinEventLog:Security","DESKTOP-57BANIQ",,23,0
,,,,,,,,,,,,,,,,,,,"DESKTOP-57BANIQ",,,,,,,4202,4,,,,,,,,,,,,,,,,,,,,,Classic,,,,Application,,,,,,,,"MSDTC started with the following settings: Security Configuration (OFF = 0 and ON = 1): Allow Remote Administrator = 0, Network Clients = 0, Transaction Manager Communication:  Allow Inbound Transactions = 0, Allow Outbound Transactions = 0, Transaction Internet Protocol (TIP) = 0,  Enable XA Transactions = 0,  Enable SNA LU 6.2 Transactions = 1,  MSDTC Communications Security = Mutual Authentication Required, Account = NT AUTHORITY\NetworkService,  Firewall Exclusion Detected = 0 Transaction Bridge Installed = 0 Filtering Duplicate Events = 1",,,,,,,,,,,,,,,,,,,,,,,None,,,,,,,,,,,,,,,,,,,,,,,,,,,,,,,,,408,,,,,,,,,,,,,,,,,,,,,"Microsoft-Windows-MSDTC 2",,,,,,,,,,,TM,,,,Information,,,,,,,,,"12/21/2024 01:21:35 AM
