LogName=Security
EventCode=4624
EventType=0
ComputerName=DESKTOP-57BANIQ
SourceName=Microsoft Windows security auditing.
Type=Information
RecordNumber=1076
Keywords=Audit Success
TaskCategory=Logon
OpCode=Info
Message=An account was successfully logged on.

Subject:
	Security ID:		S-1-5-18
	Account Name:		DESKTOP-57BANIQ$
	Account Domain:		WORKGROUP
	Logon ID:		0x3E7

Logon Information:
	Logon Type:		5
	Restricted Admin Mode:	-
	Virtual Account:		No
	Elevated Token:		Yes

Impersonation Level:		Impersonation

New Logon:
	Security ID:		S-1-5-18
	Account Name:		SYSTEM
	Account Domain:		NT AUTHORITY
	Logon ID:		0x3E7
	Linked Logon ID:		0x0
	Network Account Name:	-
	Network Account Domain:	-
	Logon GUID:		{00000000-0000-0000-0000-000000000000}

Process Information:
	Process ID:		0x2b4
	Process Name:		C:\Windows\System32\services.exe

Network Information:
	Workstation Name:	-
	Source Network Address:	-
	Source Port:		-

Detailed Authentication Information:
	Logon Process:		Advapi  
	Authentication Package:	Negotiate
	Transited Services:	-
	Package Name (NTLM only):	-
	Key Length:		0

This event is generated when a logon session is created. It is generated on the computer that was accessed.

The subject fields indicate the account on the local system which requested the logon. This is most commonly a service such as the Server service, or a local process such as Winlogon.exe or Services.exe.

The logon type field indicates the kind of logon that occurred. The most common types are 2 (interactive) and 3 (network).

The New Logon fields indicate the account for whom the new logon was created, i.e. the account that was logged on.

The network fields indicate where a remote logon request originated. Workstation name is not always available and may be left blank in some cases.

The impersonation level field indicates the extent to which a process in the logon session can impersonate.

The authentication information fields provide detailed information about this specific logon request.
	- Logon GUID is a unique identifier that can be used to correlate this event with a KDC event.
	- Transited services indicate which intermediate services have participated in this logon request.
	- Package name indicates which sub-protocol was used among the NTLM protocols.
	- Key length indicates the length of the generated session key. This will be 0 if no session key was requested.","2024-12-21T01:23:49.000+0200",1,21,23,december,49,saturday,2024,local,,"DESKTOP-57BANIQ",main,70,"//_::_====-=___.===_===_____.\r\r:\rt_:tt---\rt_:tt-$\r","WinEventLog:Security","WinEventLog:Security","DESKTOP-57BANIQ",,23,0
"NT AUTHORITY",,SYSTEM,,,,,,,,,,,,,,,,,"DESKTOP-57BANIQ",,,,,,,4672,0,,,,,,,,,,,,,,,,,,,,,"Audit Success",,,,Security,,,0x3E7,,,,,"Special privileges assigned to new logon.

Subject:
	Security ID:		S-1-5-18
	Account Name:		SYSTEM
	Account Domain:		NT AUTHORITY
	Logon ID:		0x3E7

Privileges:		SeAssignPrimaryTokenPrivilege
			SeTcbPrivilege
			SeSecurityPrivilege
			SeTakeOwnershipPrivilege
			SeLoadDriverPrivilege
			SeBackupPrivilege
			SeRestorePrivilege
			SeDebugPrivilege
			SeAuditPrivilege
			SeSystemEnvironmentPrivilege
			SeImpersonatePrivilege
			SeDelegateSessionUserImpersonatePrivilege",,,,,,,,,,,,,,,,,,,,,,,Info,,,,,,,,,,,,,,,,,,,,SeAssignPrimaryTokenPrivilege,,,,,,,,,,,,,1075,,,,,,,,,,,"S-1-5-18",,,,,,,,,,"Microsoft Windows security auditing.",,,,,,,,,,,"Special Logon",,,,Information,,,,,,,,,"12/21/2024 01:23:48 AM
LogName=Security
EventCode=4672
EventType=0
ComputerName=DESKTOP-57BANIQ
SourceName=Microsoft Windows security auditing.
Type=Information
RecordNumber=1075
Keywords=Audit Success
TaskCategory=Special Logon
OpCode=Info
Message=Special privileges assigned to new logon.

Subject:
	Security ID:		S-1-5-18
	Account Name:		SYSTEM
	Account Domain:		NT AUTHORITY
	Logon ID:		0x3E7

Privileges:		SeAssignPrimaryTokenPrivilege
			SeTcbPrivilege
			SeSecurityPrivilege
			SeTakeOwnershipPrivilege
			SeLoadDriverPrivilege
			SeBackupPrivilege
			SeRestorePrivilege
			SeDebugPrivilege
			SeAuditPrivilege
			SeSystemEnvironmentPrivilege
			SeImpersonatePrivilege
			SeDelegateSessionUserImpersonatePrivilege","2024-12-21T01:23:48.000+0200",1,21,23,december,48,saturday,2024,local,,"DESKTOP-57BANIQ",main,31,"//_::_====-=___.===_=_==_____.\r\r:\rt_:tt---\rt_:tt\rt","WinEventLog:Security","WinEventLog:Security","DESKTOP-57BANIQ",,23,0
"WORKGROUP
NT AUTHORITY",,"DESKTOP-57BANIQ$
SYSTEM",,,,,,,,Negotiate,,,,,,,,,"DESKTOP-57BANIQ",,,,,,Yes,4624,0,,,,,,,,,,,,,,,Impersonation,,,0,,,"Audit Success",,0x0,,Security,"{00000000-0000-0000-0000-000000000000}",,"0x3E7
0x3E7",Advapi,5,,,"An account was successfully logged on.

Subject:
	Security ID:		S-1-5-18
	Account Name:		DESKTOP-57BANIQ$
	Account Domain:		WORKGROUP
	Logon ID:		0x3E7

Logon Information:
	Logon Type:		5
	Restricted Admin Mode:	-
	Virtual Account:		No
	Elevated Token:		Yes

Impersonation Level:		Impersonation

New Logon:
	Security ID:		S-1-5-18
	Account Name:		SYSTEM
	Account Domain:		NT AUTHORITY
	Logon ID:		0x3E7
	Linked Logon ID:		0x0
	Network Account Name:	-
	Network Account Domain:	-
	Logon GUID:		{00000000-0000-0000-0000-000000000000}

Process Information:
	Process ID:		0x2b4
	Process Name:		C:\Windows\System32\services.exe

Network Information:
	Workstation Name:	-
	Source Network Address:	-
	Source Port:		-

Detailed Authentication Information:
	Logon Process:		Advapi  
	Authentication Package:	Negotiate
	Transited Services:	-
	Package Name (NTLM only):	-
	Key Length:		0

This event is generated when a logon session is created. It is generated on the computer that was accessed.

The subject fields indicate the account on the local system which requested the logon. This is most commonly a service such as the Server service, or a local process such as Winlogon.exe or Services.exe.

The logon type field indicates the kind of logon that occurred. The most common types are 2 (interactive) and 3 (network).

The New Logon fields indicate the account for whom the new logon was created, i.e. the account that was logged on.

The network fields indicate where a remote logon request originated. Workstation name is not always available and may be left blank in some cases.

The impersonation level field indicates the extent to which a process in the logon session can impersonate.

The authentication information fields provide detailed information about this specific logon request.
	- Logon GUID is a unique identifier that can be used to correlate this event with a KDC event.
	- Transited services indicate which intermediate services have participated in this logon request.
	- Package name indicates which sub-protocol was used among the NTLM protocols.
	- Key length indicates the length of the generated session key. This will be 0 if no session key was requested.",,,,,,"-","-",,,,,,,,,,,,,,,,Info,,,,,,,,,,,,,"-",,,,,,,,,,,0x2b4,"C:\Windows\System32\services.exe",,,,,,,,1074,,,,,"-",,,,,,"S-1-5-18
S-1-5-18",,,,,,,,,,"Microsoft Windows security auditing.","-","-",,,,,,,,,Logon,,,"-",Information,,,,,,,No,"-","12/21/2024 01:23:48 AM
LogName=Security
EventCode=4624
EventType=0
ComputerName=DESKTOP-57BANIQ
SourceName=Microsoft Windows security auditing.
Type=Information
RecordNumber=1074
Keywords=Audit Success
TaskCategory=Logon
OpCode=Info
Message=An account was successfully logged on.

Subject:
	Security ID:		S-1-5-18
	Account Name:		DESKTOP-57BANIQ$
	Account Domain:		WORKGROUP
	Logon ID:		0x3E7

Logon Information:
	Logon Type:		5
	Restricted Admin Mode:	-
	Virtual Account:		No
	Elevated Token:		Yes

Impersonation Level:		Impersonation

New Logon:
	Security ID:		S-1-5-18
	Account Name:		SYSTEM
	Account Domain:		NT AUTHORITY
	Logon ID:		0x3E7
	Linked Logon ID:		0x0
	Network Account Name:	-
	Network Account Domain:	-
	Logon GUID:		{00000000-0000-0000-0000-000000000000}

Process Information:
	Process ID:		0x2b4
	Process Name:		C:\Windows\System32\services.exe

Network Information:
	Workstation Name:	-
	Source Network Address:	-
	Source Port:		-

Detailed Authentication Information:
	Logon Process:		Advapi  
	Authentication Package:	Negotiate
	Transited Services:	-
	Package Name (NTLM only):	-
	Key Length:		0

This event is generated when a logon session is created. It is generated on the computer that was accessed.

The subject fields indicate the account on the local system which requested the logon. This is most commonly a service such as the Server service, or a local process such as Winlogon.exe or Services.exe.

The logon type field indicates the kind of logon that occurred. The most common types are 2 (interactive) and 3 (network).

The New Logon fields indicate the account for whom the new logon was created, i.e. the account that was logged on.

The network fields indicate where a remote logon request originated. Workstation name is not always available and may be left blank in some cases.

The impersonation level field indicates the extent to which a process in the logon session can impersonate.

The authentication information fields provide detailed information about this specific logon request.
	- Logon GUID is a unique identifier that can be used to correlate this event with a KDC event.
	- Transited services indicate which intermediate services have participated in this logon request.
	- Package name indicates which sub-protocol was used among the NTLM protocols.
	- Key length indicates the length of the generated session key. This will be 0 if no session key was requested.","2024-12-21T01:23:48.000+0200",1,21,23,december,48,saturday,2024,local,,"DESKTOP-57BANIQ",main,70,"//_::_====-=___.===_===_____.\r\r:\rt_:tt---\rt_:tt-$\r","WinEventLog:Security","WinEventLog:Security","DESKTOP-57BANIQ",,23,0
"NT AUTHORITY",,SYSTEM,,,,,,,,,,,,,,,,,"DESKTOP-57BANIQ",,,,,,,4672,0,,,,,,,,,,,,,,,,,,,,,"Audit Success",,,,Security,,,0x3E7,,,,,"Special privileges assigned to new logon.

Subject:
	Security ID:		S-1-5-18
	Account Name:		SYSTEM
	Account Domain:		NT AUTHORITY
	Logon ID:		0x3E7

Privileges:		SeAssignPrimaryTokenPrivilege
			SeTcbPrivilege
			SeSecurityPrivilege
			SeTakeOwnershipPrivilege
			SeLoadDriverPrivilege
			SeBackupPrivilege
			SeRestorePrivilege
			SeDebugPrivilege
			SeAuditPrivilege
			SeSystemEnvironmentPrivilege
			SeImpersonatePrivilege
			SeDelegateSessionUserImpersonatePrivilege",,,,,,,,,,,,,,,,,,,,,,,Info,,,,,,,,,,,,,,,,,,,,SeAssignPrimaryTokenPrivilege,,,,,,,,,,,,,1073,,,,,,,,,,,"S-1-5-18",,,,,,,,,,"Microsoft Windows security auditing.",,,,,,,,,,,"Special Logon",,,,Information,,,,,,,,,"12/21/2024 01:23:48 AM
LogName=Security
EventCode=4672
EventType=0
ComputerName=DESKTOP-57BANIQ
SourceName=Microsoft Windows security auditing.
Type=Information
RecordNumber=1073
Keywords=Audit Success
TaskCategory=Special Logon
OpCode=Info
Message=Special privileges assigned to new logon.

Subject:
	Security ID:		S-1-5-18
	Account Name:		SYSTEM
	Account Domain:		NT AUTHORITY
	Logon ID:		0x3E7

Privileges:		SeAssignPrimaryTokenPrivilege
			SeTcbPrivilege
			SeSecurityPrivilege
			SeTakeOwnershipPrivilege
			SeLoadDriverPrivilege
			SeBackupPrivilege
			SeRestorePrivilege
			SeDebugPrivilege
			SeAuditPrivilege
			SeSystemEnvironmentPrivilege
			SeImpersonatePrivilege
			SeDelegateSessionUserImpersonatePrivilege","2024-12-21T01:23:48.000+0200",1,21,23,december,48,saturday,2024,local,,"DESKTOP-57BANIQ",main,31,"//_::_====-=___.===_=_==_____.\r\r:\rt_:tt---\rt_:tt\rt","WinEventLog:Security","WinEventLog:Security","DESKTOP-57BANIQ",,23,0
"WORKGROUP
NT AUTHORITY",,"DESKTOP-57BANIQ$
SYSTEM",,,,,,,,Negotiate,,,,,,,,,"DESKTOP-57BANIQ",,,,,,Yes,4624,0,,,,,,,,,,,,,,,Impersonation,,,0,,,"Audit Success",,0x0,,Security,"{00000000-0000-0000-0000-000000000000}",,"0x3E7
0x3E7",Advapi,5,,,"An account was successfully logged on.

Subject:
	Security ID:		S-1-5-18
	Account Name:		DESKTOP-57BANIQ$
	Account Domain:		WORKGROUP
	Logon ID:		0x3E7

Logon Information:
	Logon Type:		5
	Restricted Admin Mode:	-
	Virtual Account:		No
	Elevated Token:		Yes

Impersonation Level:		Impersonation

New Logon:
	Security ID:		S-1-5-18
	Account Name:		SYSTEM
	Account Domain:		NT AUTHORITY
	Logon ID:		0x3E7
	Linked Logon ID:		0x0
	Network Account Name:	-
	Network Account Domain:	-
	Logon GUID:		{00000000-0000-0000-0000-000000000000}

Process Information:
	Process ID:		0x2b4
	Process Name:		C:\Windows\System32\services.exe

Network Information:
	Workstation Name:	-
	Source Network Address:	-
	Source Port:		-

Detailed Authentication Information:
	Logon Process:		Advapi  
	Authentication Package:	Negotiate
	Transited Services:	-
	Package Name (NTLM only):	-
	Key Length:		0

This event is generated when a logon session is created. It is generated on the computer that was accessed.

The subject fields indicate the account on the local system which requested the logon. This is most commonly a service such as the Server service, or a local process such as Winlogon.exe or Services.exe.

The logon type field indicates the kind of logon that occurred. The most common types are 2 (interactive) and 3 (network).

The New Logon fields indicate the account for whom the new logon was created, i.e. the account that was logged on.

The network fields indicate where a remote logon request originated. Workstation name is not always available and may be left blank in some cases.

The impersonation level field indicates the extent to which a process in the logon session can impersonate.

The authentication information fields provide detailed information about this specific logon request.
	- Logon GUID is a unique identifier that can be used to correlate this event with a KDC event.
	- Transited services indicate which intermediate services have participated in this logon request.
	- Package name indicates which sub-protocol was used among the NTLM protocols.
	- Key length indicates the length of the generated session key. This will be 0 if no session key was requested.",,,,,,"-","-",,,,,,,,,,,,,,,,Info,,,,,,,,,,,,,"-",,,,,,,,,,,0x2b4,"C:\Windows\System32\services.exe",,,,,,,,1072,,,,,"-",,,,,,"S-1-5-18
S-1-5-18",,,,,,,,,,"Microsoft Windows security auditing.","-","-",,,,,,,,,Logon,,,"-",Information,,,,,,,No,"-","12/21/2024 01:23:48 AM
LogName=Security
EventCode=4624
EventType=0
ComputerName=DESKTOP-57BANIQ
SourceName=Microsoft Windows security auditing.
Type=Information
RecordNumber=1072
Keywords=Audit Success
TaskCategory=Logon
OpCode=Info
Message=An account was successfully logged on.

Subject:
	Security ID:		S-1-5-18
	Account Name:		DESKTOP-57BANIQ$
	Account Domain:		WORKGROUP
	Logon ID:		0x3E7

Logon Information:
	Logon Type:		5
	Restricted Admin Mode:	-
	Virtual Account:		No
	Elevated Token:		Yes

Impersonation Level:		Impersonation

New Logon:
	Security ID:		S-1-5-18
	Account Name:		SYSTEM
	Account Domain:		NT AUTHORITY
	Logon ID:		0x3E7
	Linked Logon ID:		0x0
	Network Account Name:	-
	Network Account Domain:	-
	Logon GUID:		{00000000-0000-0000-0000-000000000000}

Process Information:
	Process ID:		0x2b4
	Process Name:		C:\Windows\System32\services.exe

Network Information:
	Workstation Name:	-
	Source Network Address:	-
	Source Port:		-

Detailed Authentication Information:
	Logon Process:		Advapi  
	Authentication Package:	Negotiate
	Transited Services:	-
	Package Name (NTLM only):	-
	Key Length:		0

This event is generated when a logon session is created. It is generated on the computer that was accessed.

The subject fields indicate the account on the local system which requested the logon. This is most commonly a service such as the Server service, or a local process such as Winlogon.exe or Services.exe.

The logon type field indicates the kind of logon that occurred. The most common types are 2 (interactive) and 3 (network).

The New Logon fields indicate the account for whom the new logon was created, i.e. the account that was logged on.

The network fields indicate where a remote logon request originated. Workstation name is not always available and may be left blank in some cases.

The impersonation level field indicates the extent to which a process in the logon session can impersonate.

The authentication information fields provide detailed information about this specific logon request.
	- Logon GUID is a unique identifier that can be used to correlate this event with a KDC event.
	- Transited services indicate which intermediate services have participated in this logon request.
	- Package name indicates which sub-protocol was used among the NTLM protocols.
	- Key length indicates the length of the generated session key. This will be 0 if no session key was requested.","2024-12-21T01:23:48.000+0200",1,21,23,december,48,saturday,2024,local,,"DESKTOP-57BANIQ",main,70,"//_::_====-=___.===_===_____.\r\r:\rt_:tt---\rt_:tt-$\r","WinEventLog:Security","WinEventLog:Security","DESKTOP-57BANIQ",,23,0
"DESKTOP-57BANIQ
DESKTOP-57BANIQ",,"yms_26
yms_26",,,,,,,,Negotiate,,,,0x1ecc,"C:\Program Files (x86)\Microsoft\Edge\Application\msedge.exe",,,,"DESKTOP-57BANIQ",,,,,,,4625,0,,"Unknown user name or bad password.",,,,,,,,,,,,,,,,0,,,"Audit Failure",,,,Security,,,0x5945B,Advapi,2,,,"An account failed to log on.

Subject:
	Security ID:		S-1-5-21-443749481-124601364-2758766465-1001
	Account Name:		yms_26
	Account Domain:		DESKTOP-57BANIQ
	Logon ID:		0x5945B

Logon Type:			2

Account For Which Logon Failed:
	Security ID:		S-1-0-0
	Account Name:		yms_26
	Account Domain:		DESKTOP-57BANIQ

Failure Information:
	Failure Reason:		Unknown user name or bad password.
	Status:			0xC000006D
	Sub Status:		0xC000006A

Process Information:
	Caller Process ID:	0x1ecc
	Caller Process Name:	C:\Program Files (x86)\Microsoft\Edge\Application\msedge.exe

Network Information:
	Workstation Name:	DESKTOP-57BANIQ
	Source Network Address:	-
	Source Port:		-

Detailed Authentication Information:
	Logon Process:		Advapi  
	Authentication Package:	Negotiate
	Transited Services:	-
	Package Name (NTLM only):	-
	Key Length:		0

This event is generated when a logon request fails. It is generated on the computer where access was attempted.

The Subject fields indicate the account on the local system which requested the logon. This is most commonly a service such as the Server service, or a local process such as Winlogon.exe or Services.exe.

The Logon Type field indicates the kind of logon that was requested. The most common types are 2 (interactive) and 3 (network).

The Process Information fields indicate which account and process on the system requested the logon.

The Network Information fields indicate where a remote logon request originated. Workstation name is not always available and may be left blank in some cases.

The authentication information fields provide detailed information about this specific logon request.
	- Transited services indicate which intermediate services have participated in this logon request.
	- Package name indicates which sub-protocol was used among the NTLM protocols.
	- Key length indicates the length of the generated session key. This will be 0 if no session key was requested.",,,,,,,,,,,,,,,,,,,,,,,Info,,,,,,,,,,,,,"-",,,,,,,,,,,,,,,,,,,,1071,,,,,,,,,,,"S-1-5-21-443749481-124601364-2758766465-1001
S-1-0-0",,,,,,,,,,"Microsoft Windows security auditing.","-","-",0xC000006D,0xC000006A,,,,,,,Logon,,,"-",Information,,,,,,,,"DESKTOP-57BANIQ","12/21/2024 01:23:30 AM
LogName=Security
EventCode=4625
EventType=0
ComputerName=DESKTOP-57BANIQ
SourceName=Microsoft Windows security auditing.
Type=Information
RecordNumber=1071
Keywords=Audit Failure
TaskCategory=Logon
OpCode=Info
Message=An account failed to log on.

Subject:
	Security ID:		S-1-5-21-443749481-124601364-2758766465-1001
	Account Name:		yms_26
	Account Domain:		DESKTOP-57BANIQ
	Logon ID:		0x5945B

Logon Type:			2

Account For Which Logon Failed:
	Security ID:		S-1-0-0
	Account Name:		yms_26
	Account Domain:		DESKTOP-57BANIQ

Failure Information:
	Failure Reason:		Unknown user name or bad password.
	Status:			0xC000006D
	Sub Status:		0xC000006A

Process Information:
	Caller Process ID:	0x1ecc
	Caller Process Name:	C:\Program Files (x86)\Microsoft\Edge\Application\msedge.exe

Network Information:
	Workstation Name:	DESKTOP-57BANIQ
	Source Network Address:	-
	Source Port:		-

Detailed Authentication Information:
	Logon Process:		Advapi  
	Authentication Package:	Negotiate
	Transited Services:	-
	Package Name (NTLM only):	-
	Key Length:		0

This event is generated when a logon request fails. It is generated on the computer where access was attempted.

The Subject fields indicate the account on the local system which requested the logon. This is most commonly a service such as the Server service, or a local process such as Winlogon.exe or Services.exe.

The Logon Type field indicates the kind of logon that was requested. The most common types are 2 (interactive) and 3 (network).

The Process Information fields indicate which account and process on the system requested the logon.

The Network Information fields indicate where a remote logon request originated. Workstation name is not always available and may be left blank in some cases.

The authentication information fields provide detailed information about this specific logon request.
	- Transited services indicate which intermediate services have participated in this logon request.
	- Package name indicates which sub-protocol was used among the NTLM protocols.
	- Key length indicates the length of the generated session key. This will be 0 if no session key was requested.","2024-12-21T01:23:30.000+0200",1,21,23,december,30,saturday,2024,local,,"DESKTOP-57BANIQ",main,61,"//_::_====-=___.===_===_____.\r\r:\rt_:tt-------\rt_:t","WinEventLog:Security","WinEventLog:Security","DESKTOP-57BANIQ",,23,0
"DESKTOP-57BANIQ
DESKTOP-57BANIQ",,"yms_26
yms_26",,,,,,,,,,,,,,,,,"DESKTOP-57BANIQ",,,,,,,4798,0,,,,,,,,,,,,,,,,,,,,,"Audit Success",,,,Security,,,0x5945B,,,,,"A user's local group membership was enumerated.

Subject:
	Security ID:		S-1-5-21-443749481-124601364-2758766465-1001
	Account Name:		yms_26
	Account Domain:		DESKTOP-57BANIQ
	Logon ID:		0x5945B

User:
	Security ID:		S-1-5-21-443749481-124601364-2758766465-1001
	Account Name:		yms_26
	Account Domain:		DESKTOP-57BANIQ

Process Information:
	Process ID:		0x1ecc
	Process Name:		C:\Program Files (x86)\Microsoft\Edge\Application\msedge.exe",,,,,,,,,,,,,,,,,,,,,,,Info,,,,,,,,,,,,,,,,,,,,,,,,0x1ecc,"C:\Program Files (x86)\Microsoft\Edge\Application\msedge.exe",,,,,,,,1070,,,,,,,,,,,"S-1-5-21-443749481-124601364-2758766465-1001
S-1-5-21-443749481-124601364-2758766465-1001",,,,,,,,,,"Microsoft Windows security auditing.",,,,,,,,,,,"User Account Management",,,,Information,,,,,,,,,"12/21/2024 01:23:30 AM
LogName=Security
EventCode=4798
EventType=0
ComputerName=DESKTOP-57BANIQ
SourceName=Microsoft Windows security auditing.
Type=Information
RecordNumber=1070
Keywords=Audit Success
TaskCategory=User Account Management
OpCode=Info
Message=A user's local group membership was enumerated.

Subject:
	Security ID:		S-1-5-21-443749481-124601364-2758766465-1001
	Account Name:		yms_26
	Account Domain:		DESKTOP-57BANIQ
	Logon ID:		0x5945B

User:
	Security ID:		S-1-5-21-443749481-124601364-2758766465-1001
	Account Name:		yms_26
	Account Domain:		DESKTOP-57BANIQ

Process Information:
	Process ID:		0x1ecc
	Process Name:		C:\Program Files (x86)\Microsoft\Edge\Application\msedge.exe","2024-12-21T01:23:30.000+0200",1,21,23,december,30,saturday,2024,local,,"DESKTOP-57BANIQ",main,27,"//_::_====-=___.===_=__==_'_____.\r\r:\rt_:tt-------\r","WinEventLog:Security","WinEventLog:Security","DESKTOP-57BANIQ",,23,0
,,,,,,,,,,,,,,,,,,,"DESKTOP-57BANIQ",,,,,,,4097,4,,,,,,,,,,,,,,,,,,,,,Classic,,,,Application,,,,,,,,"Successful auto update of third-party root certificate:: Subject: <CN=ISRG Root X1, O=Internet Security Research Group, C=US> Sha1 thumbprint: <CABD2A79A1076A31F21D253635CB039D4329A5E8>.",,,,,,,,,,,,,,,,,,,,,,,Info,,,,,,,,,,,,,,,,,,,,,,,,,,,,,,,,,457,,,,,,,,,,,,,,,,,,,,,"Microsoft-Windows-CAPI2",,,,,,,,,,,None,,,,Information,,,,,,,,,"12/21/2024 01:22:57 AM
LogName=Application
EventCode=4097
EventType=4
ComputerName=DESKTOP-57BANIQ
SourceName=Microsoft-Windows-CAPI2
Type=Information
RecordNumber=457
Keywords=Classic
TaskCategory=None
OpCode=Info
Message=Successful auto update of third-party root certificate:: Subject: <CN=ISRG Root X1, O=Internet Security Research Group, C=US> Sha1 thumbprint: <CABD2A79A1076A31F21D253635CB039D4329A5E8>.","2024-12-21T01:22:57.000+0200",1,21,22,december,57,saturday,2024,local,,"DESKTOP-57BANIQ",main,12,"//_::_====-=--======____-__::_:_<=__,_=___,_=>__:_","WinEventLog:Application","WinEventLog:Application","DESKTOP-57BANIQ",,23,0
"DESKTOP-57BANIQ",,"yms_26",,,,,,,,,,,,,,,,,"DESKTOP-57BANIQ",,,,,,,5379,0,,,,,,,,,,,,,,,,,,,,,"Audit Success",,,,Security,,,0x5945B,,,,,"Credential Manager credentials were read.

Subject:
	Security ID:		S-1-5-21-443749481-124601364-2758766465-1001
	Account Name:		yms_26
	Account Domain:		DESKTOP-57BANIQ
	Logon ID:		0x5945B
	Read Operation:		Enumerate Credentials

This event occurs when a user performs a read operation on stored credentials in Credential Manager.",,,,,,,,,,,,,,,,,,,,,,,Info,,,,,,,,,,,,,,,,,,,,,,,,,,,,,"Enumerate Credentials",,,,1069,,,,,,,,,,,"S-1-5-21-443749481-124601364-2758766465-1001",,,,,,,,,,"Microsoft Windows security auditing.",,,,,,,,,,,"User Account Management",,,,Information,,,,,,,,,"12/21/2024 01:22:56 AM
LogName=Security
EventCode=5379
EventType=0
ComputerName=DESKTOP-57BANIQ
SourceName=Microsoft Windows security auditing.
Type=Information
RecordNumber=1069
Keywords=Audit Success
TaskCategory=User Account Management
OpCode=Info
Message=Credential Manager credentials were read.

Subject:
	Security ID:		S-1-5-21-443749481-124601364-2758766465-1001
	Account Name:		yms_26
	Account Domain:		DESKTOP-57BANIQ
	Logon ID:		0x5945B
	Read Operation:		Enumerate Credentials

This event occurs when a user performs a read operation on stored credentials in Credential Manager.","2024-12-21T01:22:56.000+0200",1,21,22,december,56,saturday,2024,local,,"DESKTOP-57BANIQ",main,21,"//_::_====-=___.===_=__==____.\r\r:\rt_:tt-------\rt_:","WinEventLog:Security","WinEventLog:Security","DESKTOP-57BANIQ",,23,0
"DESKTOP-57BANIQ",,"yms_26",,,,,,,,,,,,,,,,,"DESKTOP-57BANIQ",,,,,,,5379,0,,,,,,,,,,,,,,,,,,,,,"Audit Success",,,,Security,,,0x5945B,,,,,"Credential Manager credentials were read.

Subject:
	Security ID:		S-1-5-21-443749481-124601364-2758766465-1001
	Account Name:		yms_26
	Account Domain:		DESKTOP-57BANIQ
	Logon ID:		0x5945B
	Read Operation:		Enumerate Credentials

This event occurs when a user performs a read operation on stored credentials in Credential Manager.",,,,,,,,,,,,,,,,,,,,,,,Info,,,,,,,,,,,,,,,,,,,,,,,,,,,,,"Enumerate Credentials",,,,1068,,,,,,,,,,,"S-1-5-21-443749481-124601364-2758766465-1001",,,,,,,,,,"Microsoft Windows security auditing.",,,,,,,,,,,"User Account Management",,,,Information,,,,,,,,,"12/21/2024 01:22:56 AM
LogName=Security
EventCode=5379
EventType=0
ComputerName=DESKTOP-57BANIQ
SourceName=Microsoft Windows security auditing.
Type=Information
RecordNumber=1068
Keywords=Audit Success
TaskCategory=User Account Management
OpCode=Info
Message=Credential Manager credentials were read.

Subject:
	Security ID:		S-1-5-21-443749481-124601364-2758766465-1001
	Account Name:		yms_26
	Account Domain:		DESKTOP-57BANIQ
	Logon ID:		0x5945B
	Read Operation:		Enumerate Credentials

This event occurs when a user performs a read operation on stored credentials in Credential Manager.","2024-12-21T01:22:56.000+0200",1,21,22,december,56,saturday,2024,local,,"DESKTOP-57BANIQ",main,21,"//_::_====-=___.===_=__==____.\r\r:\rt_:tt-------\rt_:","WinEventLog:Security","WinEventLog:Security","DESKTOP-57BANIQ",,23,0
"DESKTOP-57BANIQ",,"yms_26",,,,,,,,,,,,,,,,,"DESKTOP-57BANIQ",,,,,,,5379,0,,,,,,,,,,,,,,,,,,,,,"Audit Success",,,,Security,,,0x5945B,,,,,"Credential Manager credentials were read.

Subject:
	Security ID:		S-1-5-21-443749481-124601364-2758766465-1001
	Account Name:		yms_26
	Account Domain:		DESKTOP-57BANIQ
	Logon ID:		0x5945B
	Read Operation:		Enumerate Credentials

This event occurs when a user performs a read operation on stored credentials in Credential Manager.",,,,,,,,,,,,,,,,,,,,,,,Info,,,,,,,,,,,,,,,,,,,,,,,,,,,,,"Enumerate Credentials",,,,1067,,,,,,,,,,,"S-1-5-21-443749481-124601364-2758766465-1001",,,,,,,,,,"Microsoft Windows security auditing.",,,,,,,,,,,"User Account Management",,,,Information,,,,,,,,,"12/21/2024 01:22:56 AM
LogName=Security
EventCode=5379
EventType=0
ComputerName=DESKTOP-57BANIQ
SourceName=Microsoft Windows security auditing.
Type=Information
RecordNumber=1067
Keywords=Audit Success
TaskCategory=User Account Management
OpCode=Info
Message=Credential Manager credentials were read.

Subject:
	Security ID:		S-1-5-21-443749481-124601364-2758766465-1001
	Account Name:		yms_26
	Account Domain:		DESKTOP-57BANIQ
	Logon ID:		0x5945B
	Read Operation:		Enumerate Credentials

This event occurs when a user performs a read operation on stored credentials in Credential Manager.","2024-12-21T01:22:56.000+0200",1,21,22,december,56,saturday,2024,local,,"DESKTOP-57BANIQ",main,21,"//_::_====-=___.===_=__==____.\r\r:\rt_:tt-------\rt_:","WinEventLog:Security","WinEventLog:Security","DESKTOP-57BANIQ",,23,0
"DESKTOP-57BANIQ",,"yms_26",,,,,,,,,,,,,,,,,"DESKTOP-57BANIQ",,,,,,,5379,0,,,,,,,,,,,,,,,,,,,,,"Audit Success",,,,Security,,,0x5945B,,,,,"Credential Manager credentials were read.

Subject:
	Security ID:		S-1-5-21-443749481-124601364-2758766465-1001
	Account Name:		yms_26
	Account Domain:		DESKTOP-57BANIQ
	Logon ID:		0x5945B
	Read Operation:		Enumerate Credentials

This event occurs when a user performs a read operation on stored credentials in Credential Manager.",,,,,,,,,,,,,,,,,,,,,,,Info,,,,,,,,,,,,,,,,,,,,,,,,,,,,,"Enumerate Credentials",,,,1066,,,,,,,,,,,"S-1-5-21-443749481-124601364-2758766465-1001",,,,,,,,,,"Microsoft Windows security auditing.",,,,,,,,,,,"User Account Management",,,,Information,,,,,,,,,"12/21/2024 01:22:56 AM
LogName=Security
EventCode=5379
EventType=0
ComputerName=DESKTOP-57BANIQ
SourceName=Microsoft Windows security auditing.
Type=Information
RecordNumber=1066
Keywords=Audit Success
TaskCategory=User Account Management
OpCode=Info
Message=Credential Manager credentials were read.

Subject:
	Security ID:		S-1-5-21-443749481-124601364-2758766465-1001
	Account Name:		yms_26
	Account Domain:		DESKTOP-57BANIQ
	Logon ID:		0x5945B
	Read Operation:		Enumerate Credentials

This event occurs when a user performs a read operation on stored credentials in Credential Manager.","2024-12-21T01:22:56.000+0200",1,21,22,december,56,saturday,2024,local,,"DESKTOP-57BANIQ",main,21,"//_::_====-=___.===_=__==____.\r\r:\rt_:tt-------\rt_:","WinEventLog:Security","WinEventLog:Security","DESKTOP-57BANIQ",,23,0
,,,,,,,,,,,,,,,,,,,"DESKTOP-57BANIQ",,,,,,,4097,4,,,,,,,,,,,,,,,,,,,,,Classic,,,,Application,,,,,,,,"Successful auto update of third-party root certificate:: Subject: <CN=DST Root CA X3, O=Digital Signature Trust Co.> Sha1 thumbprint: <DAC9024F54D8F6DF94935FB1732638CA6AD77C13>.",,,,,,,,,,,,,,,,,,,,,,,Info,,,,,,,,,,,,,,,,,,,,,,,,,,,,,,,,,456,,,,,,,,,,,,,,,,,,,,,"Microsoft-Windows-CAPI2",,,,,,,,,,,None,,,,Information,,,,,,,,,"12/21/2024 01:22:56 AM
LogName=Application
EventCode=4097
EventType=4
ComputerName=DESKTOP-57BANIQ
SourceName=Microsoft-Windows-CAPI2
Type=Information
RecordNumber=456
Keywords=Classic
TaskCategory=None
OpCode=Info
Message=Successful auto update of third-party root certificate:: Subject: <CN=DST Root CA X3, O=Digital Signature Trust Co.> Sha1 thumbprint: <DAC9024F54D8F6DF94935FB1732638CA6AD77C13>.","2024-12-21T01:22:56.000+0200",1,21,22,december,56,saturday,2024,local,,"DESKTOP-57BANIQ",main,12,"//_::_====-=--======____-__::_:_<=___,_=___.>__:_<","WinEventLog:Application","WinEventLog:Application","DESKTOP-57BANIQ",,23,0
,,,,,,,,,,,,,,,,,,,"DESKTOP-57BANIQ",,,,,,,4097,4,,,,,,,,,,,,,,,,,,,,,Classic,,,,Application,,,,,,,,"Successful auto update of third-party root certificate:: Subject: <OU=Starfield Class 2 Certification Authority, O=""Starfield Technologies, Inc."", C=US> Sha1 thumbprint: <AD7E1C28B064EF8F6003402014C3D0E3370EB58A>.",,,,,,,,,,,,,,,,,,,,,,,Info,,,,,,,,,,,,,,,,,,,,,,,,,,,,,,,,,455,,,,,,,,,,,,,,,,,,,,,"Microsoft-Windows-CAPI2",,,,,,,,,,,None,,,,Information,,,,,,,,,"12/21/2024 01:22:56 AM
LogName=Application
EventCode=4097
EventType=4
ComputerName=DESKTOP-57BANIQ
SourceName=Microsoft-Windows-CAPI2
Type=Information
RecordNumber=455
Keywords=Classic
TaskCategory=None
OpCode=Info
Message=Successful auto update of third-party root certificate:: Subject: <OU=Starfield Class 2 Certification Authority, O=""Starfield Technologies, Inc."", C=US> Sha1 thumbprint: <AD7E1C28B064EF8F6003402014C3D0E3370EB58A>.","2024-12-21T01:22:56.000+0200",1,21,22,december,56,saturday,2024,local,,"DESKTOP-57BANIQ",main,12,"//_::_====-=--======____-__::_:_<=____,_=""_,_."",_=","WinEventLog:Application","WinEventLog:Application","DESKTOP-57BANIQ",,23,0
,,,,,,,,,,,,,,,,,,,"DESKTOP-57BANIQ",,,,,,,4097,4,,,,,,,,,,,,,,,,,,,,,Classic,,,,Application,,,,,,,,"Successful auto update of third-party root certificate:: Subject: <CN=DigiCert High Assurance EV Root CA, OU=www.digicert.com, O=DigiCert Inc, C=US> Sha1 thumbprint: <5FB7EE0633E259DBAD0C4C9AE6D38F1A61C7DC25>.",,,,,,,,,,,,,,,,,,,,,,,Info,,,,,,,,,,,,,,,,,,,,,,,,,,,,,,,,,454,,,,,,,,,,,,,,,,,,,,,"Microsoft-Windows-CAPI2",,,,,,,,,,,None,,,,Information,,,,,,,,,"12/21/2024 01:22:56 AM
LogName=Application
EventCode=4097
EventType=4
ComputerName=DESKTOP-57BANIQ
SourceName=Microsoft-Windows-CAPI2
Type=Information
RecordNumber=454
Keywords=Classic
TaskCategory=None
OpCode=Info
Message=Successful auto update of third-party root certificate:: Subject: <CN=DigiCert High Assurance EV Root CA, OU=www.digicert.com, O=DigiCert Inc, C=US> Sha1 thumbprint: <5FB7EE0633E259DBAD0C4C9AE6D38F1A61C7DC25>.","2024-12-21T01:22:56.000+0200",1,21,22,december,56,saturday,2024,local,,"DESKTOP-57BANIQ",main,12,"//_::_====-=--======____-__::_:_<=_____,_=..,_=_,_","WinEventLog:Application","WinEventLog:Application","DESKTOP-57BANIQ",,23,0
,,,,,,,,,,,,,,,,,,,"DESKTOP-57BANIQ",,,,,,,903,0,,,,,,,,,,,,,,,,,,,,,Classic,,,,Application,,,,,,,,"The Software Protection service has stopped.",,,,,,,,,,,,,,,,,,,,,,,None,,,,,,,,,,,,,,,,,,,,,,,,,,,,,,,,,453,,,,,,,,,,,,,,,,,,,,,"Microsoft-Windows-Security-SPP",,,,,,,,,,,None,,,,Information,,,,,,,,,"12/21/2024 01:22:56 AM
LogName=Application
EventCode=903
EventType=0
ComputerName=DESKTOP-57BANIQ
SourceName=Microsoft-Windows-Security-SPP
Type=Information
RecordNumber=453
Keywords=Classic
TaskCategory=None
OpCode=None
Message=The Software Protection service has stopped.","2024-12-21T01:22:56.000+0200",1,21,22,december,56,saturday,2024,local,,"DESKTOP-57BANIQ",main,12,"//_::_====-=---======_____.","WinEventLog:Application","WinEventLog:Application","DESKTOP-57BANIQ",,23,0
,,,,,,,,,,,,,,,,,,,"DESKTOP-57BANIQ",,,,,,,16384,4,,,,,,,,,,,,,,,,,,,,,Classic,,,,Application,,,,,,,,"Successfully scheduled Software Protection service for re-start at 2024-12-21T23:21:56Z. Reason: RulesEngine.",,,,,,,,,,,,,,,,,,,,,,,None,,,,,,,,,,,,,,,,,,,,,,,,,,,,,,,,,452,,,,,,,,,,,,,,,,,,,,,"Microsoft-Windows-Security-SPP",,,,,,,,,,,None,,,,Information,,,,,,,,,"12/21/2024 01:22:56 AM
LogName=Application
EventCode=16384
EventType=4
ComputerName=DESKTOP-57BANIQ
SourceName=Microsoft-Windows-Security-SPP
Type=Information
RecordNumber=452
Keywords=Classic
TaskCategory=None
OpCode=None
Message=Successfully scheduled Software Protection service for re-start at 2024-12-21T23:21:56Z. Reason: RulesEngine.","2024-12-21T01:22:56.000+0200",1,21,22,december,56,saturday,2024,local,,"DESKTOP-57BANIQ",main,12,"//_::_====-=---======______-__--::._:_.","WinEventLog:Application","WinEventLog:Application","DESKTOP-57BANIQ",,23,0
"DESKTOP-57BANIQ",,"yms_26",,,,,,,,,,,,,,,,,"DESKTOP-57BANIQ",,,,,,,5379,0,,,,,,,,,,,,,,,,,,,,,"Audit Success",,,,Security,,,0x5945B,,,,,"Credential Manager credentials were read.

Subject:
	Security ID:		S-1-5-21-443749481-124601364-2758766465-1001
	Account Name:		yms_26
	Account Domain:		DESKTOP-57BANIQ
	Logon ID:		0x5945B
	Read Operation:		Enumerate Credentials

This event occurs when a user performs a read operation on stored credentials in Credential Manager.",,,,,,,,,,,,,,,,,,,,,,,Info,,,,,,,,,,,,,,,,,,,,,,,,,,,,,"Enumerate Credentials",,,,1065,,,,,,,,,,,"S-1-5-21-443749481-124601364-2758766465-1001",,,,,,,,,,"Microsoft Windows security auditing.",,,,,,,,,,,"User Account Management",,,,Information,,,,,,,,,"12/21/2024 01:22:55 AM
LogName=Security
EventCode=5379
EventType=0
ComputerName=DESKTOP-57BANIQ
SourceName=Microsoft Windows security auditing.
Type=Information
RecordNumber=1065
Keywords=Audit Success
TaskCategory=User Account Management
OpCode=Info
Message=Credential Manager credentials were read.

Subject:
	Security ID:		S-1-5-21-443749481-124601364-2758766465-1001
	Account Name:		yms_26
	Account Domain:		DESKTOP-57BANIQ
	Logon ID:		0x5945B
	Read Operation:		Enumerate Credentials

This event occurs when a user performs a read operation on stored credentials in Credential Manager.","2024-12-21T01:22:55.000+0200",1,21,22,december,55,saturday,2024,local,,"DESKTOP-57BANIQ",main,21,"//_::_====-=___.===_=__==____.\r\r:\rt_:tt-------\rt_:","WinEventLog:Security","WinEventLog:Security","DESKTOP-57BANIQ",,23,0
"DESKTOP-57BANIQ",,"yms_26",,,,,,,,,,,,,,,,,"DESKTOP-57BANIQ",,,,,,,5379,0,,,,,,,,,,,,,,,,,,,,,"Audit Success",,,,Security,,,0x5945B,,,,,"Credential Manager credentials were read.

Subject:
	Security ID:		S-1-5-21-443749481-124601364-2758766465-1001
	Account Name:		yms_26
	Account Domain:		DESKTOP-57BANIQ
	Logon ID:		0x5945B
	Read Operation:		Enumerate Credentials

This event occurs when a user performs a read operation on stored credentials in Credential Manager.",,,,,,,,,,,,,,,,,,,,,,,Info,,,,,,,,,,,,,,,,,,,,,,,,,,,,,"Enumerate Credentials",,,,1064,,,,,,,,,,,"S-1-5-21-443749481-124601364-2758766465-1001",,,,,,,,,,"Microsoft Windows security auditing.",,,,,,,,,,,"User Account Management",,,,Information,,,,,,,,,"12/21/2024 01:22:55 AM
LogName=Security
EventCode=5379
EventType=0
ComputerName=DESKTOP-57BANIQ
SourceName=Microsoft Windows security auditing.
Type=Information
RecordNumber=1064
Keywords=Audit Success
TaskCategory=User Account Management
OpCode=Info
Message=Credential Manager credentials were read.

Subject:
	Security ID:		S-1-5-21-443749481-124601364-2758766465-1001
	Account Name:		yms_26
	Account Domain:		DESKTOP-57BANIQ
	Logon ID:		0x5945B
	Read Operation:		Enumerate Credentials

This event occurs when a user performs a read operation on stored credentials in Credential Manager.","2024-12-21T01:22:55.000+0200",1,21,22,december,55,saturday,2024,local,,"DESKTOP-57BANIQ",main,21,"//_::_====-=___.===_=__==____.\r\r:\rt_:tt-------\rt_:","WinEventLog:Security","WinEventLog:Security","DESKTOP-57BANIQ",,23,0
"DESKTOP-57BANIQ",,"yms_26",,,,,,,,,,,,,,,,,"DESKTOP-57BANIQ",,,,,,,5379,0,,,,,,,,,,,,,,,,,,,,,"Audit Success",,,,Security,,,0x5945B,,,,,"Credential Manager credentials were read.

Subject:
	Security ID:		S-1-5-21-443749481-124601364-2758766465-1001
	Account Name:		yms_26
	Account Domain:		DESKTOP-57BANIQ
	Logon ID:		0x5945B
	Read Operation:		Enumerate Credentials

This event occurs when a user performs a read operation on stored credentials in Credential Manager.",,,,,,,,,,,,,,,,,,,,,,,Info,,,,,,,,,,,,,,,,,,,,,,,,,,,,,"Enumerate Credentials",,,,1063,,,,,,,,,,,"S-1-5-21-443749481-124601364-2758766465-1001",,,,,,,,,,"Microsoft Windows security auditing.",,,,,,,,,,,"User Account Management",,,,Information,,,,,,,,,"12/21/2024 01:22:55 AM
LogName=Security
EventCode=5379
EventType=0
ComputerName=DESKTOP-57BANIQ
SourceName=Microsoft Windows security auditing.
Type=Information
RecordNumber=1063
Keywords=Audit Success
TaskCategory=User Account Management
OpCode=Info
Message=Credential Manager credentials were read.

Subject:
	Security ID:		S-1-5-21-443749481-124601364-2758766465-1001
	Account Name:		yms_26
	Account Domain:		DESKTOP-57BANIQ
	Logon ID:		0x5945B
	Read Operation:		Enumerate Credentials

This event occurs when a user performs a read operation on stored credentials in Credential Manager.","2024-12-21T01:22:55.000+0200",1,21,22,december,55,saturday,2024,local,,"DESKTOP-57BANIQ",main,21,"//_::_====-=___.===_=__==____.\r\r:\rt_:tt-------\rt_:","WinEventLog:Security","WinEventLog:Security","DESKTOP-57BANIQ",,23,0
,,,,,,,,,,,,,,,,,,,"DESKTOP-57BANIQ",,,,,,,4097,4,,,,,,,,,,,,,,,,,,,,,Classic,,,,Application,,,,,,,,"Successful auto update of third-party root certificate:: Subject: <CN=AAA Certificate Services, O=Comodo CA Limited, L=Salford, S=Greater Manchester, C=GB> Sha1 thumbprint: <D1EB23A46D17D68FD92564C2F1F1601764D8E349>.",,,,,,,,,,,,,,,,,,,,,,,Info,,,,,,,,,,,,,,,,,,,,,,,,,,,,,,,,,451,,,,,,,,,,,,,,,,,,,,,"Microsoft-Windows-CAPI2",,,,,,,,,,,None,,,,Information,,,,,,,,,"12/21/2024 01:22:53 AM
LogName=Application
EventCode=4097
EventType=4
ComputerName=DESKTOP-57BANIQ
SourceName=Microsoft-Windows-CAPI2
Type=Information
RecordNumber=451
Keywords=Classic
TaskCategory=None
OpCode=Info
Message=Successful auto update of third-party root certificate:: Subject: <CN=AAA Certificate Services, O=Comodo CA Limited, L=Salford, S=Greater Manchester, C=GB> Sha1 thumbprint: <D1EB23A46D17D68FD92564C2F1F1601764D8E349>.","2024-12-21T01:22:53.000+0200",1,21,22,december,53,saturday,2024,local,,"DESKTOP-57BANIQ",main,12,"//_::_====-=--======____-__::_:_<=__,_=__,_=,_=_,_","WinEventLog:Application","WinEventLog:Application","DESKTOP-57BANIQ",,23,0
,,,,,,,,,,,,,,,,,,,"DESKTOP-57BANIQ",,,,,,,4111,4,,,,,,,,,,,,,,,,,,,,,Classic,,,,Application,,,,,,,,"Successful auto update of third-party root list with effective date: Tuesday, May 14, 2024 6:23:18 PM.",,,,,,,,,,,,,,,,,,,,,,,Info,,,,,,,,,,,,,,,,,,,,,,,,,,,,,,,,,450,,,,,,,,,,,,,,,,,,,,,"Microsoft-Windows-CAPI2",,,,,,,,,,,None,,,,Information,,,,,,,,,"12/21/2024 01:22:53 AM
LogName=Application
EventCode=4111
EventType=4
ComputerName=DESKTOP-57BANIQ
SourceName=Microsoft-Windows-CAPI2
Type=Information
RecordNumber=450
Keywords=Classic
TaskCategory=None
OpCode=Info
Message=Successful auto update of third-party root list with effective date: Tuesday, May 14, 2024 6:23:18 PM.","2024-12-21T01:22:53.000+0200",1,21,22,december,53,saturday,2024,local,,"DESKTOP-57BANIQ",main,12,"//_::_====-=--======____-_____:_,__,__::_.","WinEventLog:Application","WinEventLog:Application","DESKTOP-57BANIQ",,23,0
,,,,,,,,,,,,,,,,,,,"DESKTOP-57BANIQ",,,,,,,4108,4,,,,,,,,,,,,,,,,,,,,,Classic,,,,Application,,,,,,,,"Successful auto delete of third-party root certificate:: Subject: <OU=Class 3 Public Primary Certification Authority, O=""VeriSign, Inc."", C=US> Sha1 thumbprint: <4F65566336DB6598581D584A596C87934D5F2AB4>.",,,,,,,,,,,,,,,,,,,,,,,Info,,,,,,,,,,,,,,,,,,,,,,,,,,,,,,,,,449,,,,,,,,,,,,,,,,,,,,,"Microsoft-Windows-CAPI2",,,,,,,,,,,None,,,,Information,,,,,,,,,"12/21/2024 01:22:53 AM
LogName=Application
EventCode=4108
EventType=4
ComputerName=DESKTOP-57BANIQ
SourceName=Microsoft-Windows-CAPI2
Type=Information
RecordNumber=449
Keywords=Classic
TaskCategory=None
OpCode=Info
Message=Successful auto delete of third-party root certificate:: Subject: <OU=Class 3 Public Primary Certification Authority, O=""VeriSign, Inc."", C=US> Sha1 thumbprint: <4F65566336DB6598581D584A596C87934D5F2AB4>.","2024-12-21T01:22:53.000+0200",1,21,22,december,53,saturday,2024,local,,"DESKTOP-57BANIQ",main,12,"//_::_====-=--======____-__::_:_<=_____,_="",_."",_=","WinEventLog:Application","WinEventLog:Application","DESKTOP-57BANIQ",,23,0
,,,,,,,,,,,,,,,,,,,"DESKTOP-57BANIQ",,,,,,,4109,4,,,,,,,,,,,,,,,,,,,,,Classic,,,,Application,,,,,,,,"Successful auto property update of third-party root certificate:: Subject: <CN=Hotspot 2.0 Trust Root CA - 03, O=WFA Hotspot 2.0, C=US> Sha1 thumbprint: <51501FBFCE69189D609CFAF140C576755DCC1FDF>.",,,,,,,,,,,,,,,,,,,,,,,Info,,,,,,,,,,,,,,,,,,,,,,,,,,,,,,,,,448,,,,,,,,,,,,,,,,,,,,,"Microsoft-Windows-CAPI2",,,,,,,,,,,None,,,,Information,,,,,,,,,"12/21/2024 01:22:53 AM
LogName=Application
EventCode=4109
EventType=4
ComputerName=DESKTOP-57BANIQ
SourceName=Microsoft-Windows-CAPI2
Type=Information
RecordNumber=448
Keywords=Classic
TaskCategory=None
OpCode=Info
Message=Successful auto property update of third-party root certificate:: Subject: <CN=Hotspot 2.0 Trust Root CA - 03, O=WFA Hotspot 2.0, C=US> Sha1 thumbprint: <51501FBFCE69189D609CFAF140C576755DCC1FDF>.","2024-12-21T01:22:53.000+0200",1,21,22,december,53,saturday,2024,local,,"DESKTOP-57BANIQ",main,12,"//_::_====-=--======_____-__::_:_<=_.____-_,_=__.,","WinEventLog:Application","WinEventLog:Application","DESKTOP-57BANIQ",,23,0
,,,,,,,,,,,,,,,,,,,"DESKTOP-57BANIQ",,,,,,,4109,4,,,,,,,,,,,,,,,,,,,,,Classic,,,,Application,,,,,,,,"Successful auto property update of third-party root certificate:: Subject: <OU=Class 3 Public Primary Certification Authority, O=""VeriSign, Inc."", C=US> Sha1 thumbprint: <742C3192E607E424EB4549542BE1BBC53E6174E2>.",,,,,,,,,,,,,,,,,,,,,,,Info,,,,,,,,,,,,,,,,,,,,,,,,,,,,,,,,,447,,,,,,,,,,,,,,,,,,,,,"Microsoft-Windows-CAPI2",,,,,,,,,,,None,,,,Information,,,,,,,,,"12/21/2024 01:22:53 AM
LogName=Application
EventCode=4109
EventType=4
ComputerName=DESKTOP-57BANIQ
SourceName=Microsoft-Windows-CAPI2
Type=Information
RecordNumber=447
Keywords=Classic
TaskCategory=None
OpCode=Info
Message=Successful auto property update of third-party root certificate:: Subject: <OU=Class 3 Public Primary Certification Authority, O=""VeriSign, Inc."", C=US> Sha1 thumbprint: <742C3192E607E424EB4549542BE1BBC53E6174E2>.","2024-12-21T01:22:53.000+0200",1,21,22,december,53,saturday,2024,local,,"DESKTOP-57BANIQ",main,12,"//_::_====-=--======_____-__::_:_<=_____,_="",_."",_","WinEventLog:Application","WinEventLog:Application","DESKTOP-57BANIQ",,23,0
,,,,,,,,,,,,,,,,,,,"DESKTOP-57BANIQ",,,,,,,10016,3,,,,,,,,,,,,,,,,,,,,,Classic,,,,System,,,,,,,,"The application-specific permission settings do not grant Local Activation permission for the COM Server application with CLSID 
{2593F8B9-4EAF-457C-B68A-50F6B8EA6B54}
 and APPID 
{15C20B67-12E7-4BB6-92BB-7AFF07997402}
 to the user DESKTOP-57BANIQ\yms_26 SID (S-1-5-21-443749481-124601364-2758766465-1001) from address LocalHost (Using LRPC) running in the application container Unavailable SID (Unavailable). This security permission can be modified using the Component Services administrative tool.",,,,,,,,,,,,,,,,,,,,,,,Info,,,,,,,,,,,,,,,,,,,,,,,,,,,,,,,,,424,,,,,,,,,,,,,,,,,,,"S-1-5-21-443749481-124601364-2758766465-1001",0,"Microsoft-Windows-DistributedCOM",,,,,,,,,,,None,,,,Warning,"NOT_TRANSLATED",,,,,,,,"12/21/2024 01:22:50 AM
LogName=System
EventCode=10016
EventType=3
ComputerName=DESKTOP-57BANIQ
User=NOT_TRANSLATED
Sid=S-1-5-21-443749481-124601364-2758766465-1001
SidType=0
SourceName=Microsoft-Windows-DistributedCOM
Type=Warning
RecordNumber=424
Keywords=Classic
TaskCategory=None
OpCode=Info
Message=The application-specific permission settings do not grant Local Activation permission for the COM Server application with CLSID 
{2593F8B9-4EAF-457C-B68A-50F6B8EA6B54}
 and APPID 
{15C20B67-12E7-4BB6-92BB-7AFF07997402}
 to the user DESKTOP-57BANIQ\yms_26 SID (S-1-5-21-443749481-124601364-2758766465-1001) from address LocalHost (Using LRPC) running in the application container Unavailable SID (Unavailable). This security permission can be modified using the Component Services administrative tool.","2024-12-21T01:22:50.000+0200",1,21,22,december,50,saturday,2024,local,,"DESKTOP-57BANIQ",main,19,"//_::_====-==-------==--======_-________________\r{","WinEventLog:System","WinEventLog:System","DESKTOP-57BANIQ",,23,0
"NT AUTHORITY",,SYSTEM,,,,,,,,,,,,,,,,,"DESKTOP-57BANIQ",,,,,,,4672,0,,,,,,,,,,,,,,,,,,,,,"Audit Success",,,,Security,,,0x3E7,,,,,"Special privileges assigned to new logon.

Subject:
	Security ID:		S-1-5-18
	Account Name:		SYSTEM
	Account Domain:		NT AUTHORITY
	Logon ID:		0x3E7

Privileges:		SeAssignPrimaryTokenPrivilege
			SeTcbPrivilege
			SeSecurityPrivilege
			SeTakeOwnershipPrivilege
			SeLoadDriverPrivilege
			SeBackupPrivilege
			SeRestorePrivilege
			SeDebugPrivilege
			SeAuditPrivilege
			SeSystemEnvironmentPrivilege
			SeImpersonatePrivilege
			SeDelegateSessionUserImpersonatePrivilege",,,,,,,,,,,,,,,,,,,,,,,Info,,,,,,,,,,,,,,,,,,,,SeAssignPrimaryTokenPrivilege,,,,,,,,,,,,,1062,,,,,,,,,,,"S-1-5-18",,,,,,,,,,"Microsoft Windows security auditing.",,,,,,,,,,,"Special Logon",,,,Information,,,,,,,,,"12/21/2024 01:22:49 AM
